simulating 6000 events with energy 130

**************************************************************
 Geant4 version Name: geant4-10-04-patch-03 [MT]   (8-February-2019)
                       Copyright : Geant4 Collaboration
                      References : NIM A 506 (2003), 250-303
                                 : IEEE-TNS 53 (2006), 270-278
                                 : NIM A 835 (2016), 186-225
                             WWW : http://geant4.org/
**************************************************************

Instantiating DetectorConstruction ...
... Done
Construct incoming and outgoing beams
... Done
Event Action
... Done
Primary Generator
... Done
Run Action
... Done
Tracking Action
... Done
Stepping Action
... Done
Stacking Action
... Done
Starting visualization...*** Initializing runManager
### G4EmStandard_opt4 Construct Processes 
*** Initialized runManager
newValue 
newValue 
 ----> The capsules will be generated.
setting beam pipe -------------------------------------------------------
0---------------------------->1
1---------------------------->1
construct target

Reading description of crystals from file asolid ...
6 polyhedra for a total of 72 vertex points read.

Reading description of clusters from file aclust ...
 Read 4 cluster description for a total of 13 individual solids.

Reading description of walls from file awalls ...
58 polyhedra for a total of 544 vertex points read.

Reading Euler angles from file aeuler ...
11 Euler angles read.
 Reading slice planes from file aslice

Reading slicing planes from data file aslice

----> The crystals material is Germanium

----> The wall material is Al

----> The back wall material is BackWallMaterial

----> The hole material is G4_Galactic

----> The cryostat material is Al

Generating crystals ... 
0, colx 1, coly 1, colz 0

  Total Ge volume (geCapsPolyPcone00)     = 369.516 cm3
    Back dead layer volume (gePassB00)     = 4.95043 cm3
    Coaxial dead layer volume (geTubsC00) = 11.7814 cm3

1, colx 1, coly 0, colz 1

  Total Ge volume (geCapsPolyPcone01)     = 385.488 cm3
    Back dead layer volume (gePassB01)     = 4.94789 cm3
    Coaxial dead layer volume (geTubsC01) = 11.7655 cm3

2, colx 1, coly 0, colz 0

  Total Ge volume (geCapsPolyPcone02)     = 378.326 cm3
    Back dead layer volume (gePassB02)     = 2.47678 cm3
    Coaxial dead layer volume (geTubsC02) = 1.59236 cm3

3, colx 0, coly 1, colz 0

  Total Ge volume (geCapsPolyPcone03)     = 384.936 cm3
    Back dead layer volume (gePassB03)     = 2.47381 cm3
    Coaxial dead layer volume (geTubsC03) = 1.58711 cm3

WARNING - gePoly04 point [ 1 +  1]/2 is   0.165765 mm outside plane  2
WARNING - gePoly04 point [ 1 +  1]/2 is   0.004058 mm outside plane  3
WARNING - gePoly04 point [ 1 +  6]/2 is   0.165765 mm outside plane  2
WARNING - gePoly04 point [ 1 +  8]/2 is   0.004058 mm outside plane  3
WARNING - gePoly04 point [ 3 +  3]/2 is   0.019978 mm outside plane  4
WARNING - gePoly04 point [ 3 +  3]/2 is   0.049876 mm outside plane  5
WARNING - gePoly04 point [ 3 +  8]/2 is   0.019978 mm outside plane  4
WARNING - gePoly04 point [ 3 + 10]/2 is   0.049876 mm outside plane  5
WARNING - gePoly04 point [ 5 +  5]/2 is   0.097001 mm outside plane  7
WARNING - gePoly04 point [ 5 +  6]/2 is   0.097001 mm outside plane  7
WARNING - gePoly04 point [ 6 +  6]/2 is   0.165765 mm outside plane  2
WARNING - gePoly04 point [ 6 +  6]/2 is   0.097001 mm outside plane  7
WARNING - gePoly04 point [ 8 +  8]/2 is   0.004058 mm outside plane  3
WARNING - gePoly04 point [ 8 +  8]/2 is   0.019978 mm outside plane  4
WARNING - gePoly04 point [10 + 10]/2 is   0.049876 mm outside plane  5
4, colx 0, coly 0, colz 1

  Total Ge volume (geCapsPolyPcone04)     = 380.837304 cm3
    Back dead layer volume (gePassB04)     = 2.477019 cm3
    Coaxial dead layer volume (geTubsC04) = 1.588971 cm3

5, colx 1, coly 1, colz 1

  Total Ge volume (geCapsPolyPcone05)     = 255.816077 cm3
    Back dead layer volume (gePassB05)     = 1.846901 cm3
    Coaxial dead layer volume (geTubsC05) = 1.753152 cm3

Number of generated crystals is 6

Generating walls ... 
WARNING - wlPoly00 point [ 0 +  0]/2 is   0.003914 mm outside plane  2
WARNING - wlPoly00 point [ 0 +  7]/2 is   0.003914 mm outside plane  2
WARNING - wlPoly00 point [ 1 +  1]/2 is   0.003618 mm outside plane  3
WARNING - wlPoly00 point [ 1 +  8]/2 is   0.003618 mm outside plane  3
WARNING - wlPoly00 point [ 2 +  2]/2 is   0.000863 mm outside plane  4
WARNING - wlPoly00 point [ 2 +  9]/2 is   0.000863 mm outside plane  4
WARNING - wlPoly00 point [ 3 +  3]/2 is   0.000611 mm outside plane  5
WARNING - wlPoly00 point [ 3 + 10]/2 is   0.000611 mm outside plane  5
WARNING - wlPoly00 point [ 5 +  5]/2 is   0.002633 mm outside plane  6
WARNING - wlPoly00 point [ 5 +  5]/2 is   0.002535 mm outside plane  7
WARNING - wlPoly00 point [ 5 +  6]/2 is   0.002535 mm outside plane  7
WARNING - wlPoly00 point [ 5 + 10]/2 is   0.002633 mm outside plane  6
WARNING - wlPoly00 point [ 6 +  6]/2 is   0.002535 mm outside plane  7
WARNING - wlPoly00 point [ 6 +  8]/2 is   0.014201 mm outside plane  1
WARNING - wlPoly00 point [ 6 + 10]/2 is   0.014201 mm outside plane  1
WARNING - wlPoly00 point [ 7 +  7]/2 is   0.003914 mm outside plane  2
WARNING - wlPoly00 point [ 7 +  8]/2 is   0.026083 mm outside plane  1
WARNING - wlPoly00 point [ 7 + 10]/2 is   0.026084 mm outside plane  1
WARNING - wlPoly00 point [ 8 +  8]/2 is   0.056427 mm outside plane  1
WARNING - wlPoly00 point [ 8 +  8]/2 is   0.003618 mm outside plane  3
WARNING - wlPoly00 point [ 8 + 10]/2 is   0.056428 mm outside plane  1
WARNING - wlPoly00 point [ 8 + 11]/2 is   0.028139 mm outside plane  1
WARNING - wlPoly00 point [ 9 +  9]/2 is   0.000863 mm outside plane  4
WARNING - wlPoly00 point [10 + 10]/2 is   0.056429 mm outside plane  1
WARNING - wlPoly00 point [10 + 10]/2 is   0.000611 mm outside plane  5
WARNING - wlPoly00 point [10 + 10]/2 is   0.002633 mm outside plane  6
WARNING - wlPoly00 point [10 + 11]/2 is   0.028139 mm outside plane  1
WARNING - wlPoly00 point [ 1 +  1]/2 is   0.004389 mm outside plane  2
WARNING - wlPoly00 point [ 1 +  6]/2 is   0.004389 mm outside plane  2
WARNING - wlPoly00 point [ 2 +  2]/2 is   0.006061 mm outside plane  3
WARNING - wlPoly00 point [ 2 +  7]/2 is   0.006061 mm outside plane  3
WARNING - wlPoly00 point [ 3 +  3]/2 is   0.003541 mm outside plane  4
WARNING - wlPoly00 point [ 3 +  3]/2 is   0.000101 mm outside plane  5
WARNING - wlPoly00 point [ 3 +  8]/2 is   0.003541 mm outside plane  4
WARNING - wlPoly00 point [ 3 + 10]/2 is   0.000101 mm outside plane  5
WARNING - wlPoly00 point [ 4 +  4]/2 is   0.003430 mm outside plane  6
WARNING - wlPoly00 point [ 4 + 11]/2 is   0.003430 mm outside plane  6
WARNING - wlPoly00 point [ 5 +  5]/2 is   0.003232 mm outside plane  7
WARNING - wlPoly00 point [ 5 +  6]/2 is   0.003232 mm outside plane  7
WARNING - wlPoly00 point [ 6 +  6]/2 is   0.004389 mm outside plane  2
WARNING - wlPoly00 point [ 6 +  6]/2 is   0.003232 mm outside plane  7
WARNING - wlPoly00 point [ 7 +  7]/2 is   0.006061 mm outside plane  3
WARNING - wlPoly00 point [ 8 +  8]/2 is   0.003541 mm outside plane  4
WARNING - wlPoly00 point [10 + 10]/2 is   0.000101 mm outside plane  5
WARNING - wlPoly00 point [11 + 11]/2 is   0.003430 mm outside plane  6
WARNING - wlPoly00 point [ 1 +  1]/2 is   0.000844 mm outside plane  2
WARNING - wlPoly00 point [ 1 +  6]/2 is   0.000844 mm outside plane  2
WARNING - wlPoly00 point [ 2 +  2]/2 is   0.004245 mm outside plane  3
WARNING - wlPoly00 point [ 2 +  7]/2 is   0.004245 mm outside plane  3
WARNING - wlPoly00 point [ 3 +  3]/2 is   0.003645 mm outside plane  4
WARNING - wlPoly00 point [ 3 +  3]/2 is   0.000100 mm outside plane  5
WARNING - wlPoly00 point [ 3 +  8]/2 is   0.003645 mm outside plane  4
WARNING - wlPoly00 point [ 3 + 10]/2 is   0.000100 mm outside plane  5
WARNING - wlPoly00 point [ 4 +  4]/2 is   0.003330 mm outside plane  6
WARNING - wlPoly00 point [ 4 + 11]/2 is   0.003330 mm outside plane  6
WARNING - wlPoly00 point [ 5 +  5]/2 is   0.005238 mm outside plane  7
WARNING - wlPoly00 point [ 5 +  6]/2 is   0.005238 mm outside plane  7
WARNING - wlPoly00 point [ 6 +  6]/2 is   0.000844 mm outside plane  2
WARNING - wlPoly00 point [ 6 +  6]/2 is   0.005238 mm outside plane  7
WARNING - wlPoly00 point [ 7 +  7]/2 is   0.004245 mm outside plane  3
WARNING - wlPoly00 point [ 8 +  8]/2 is   0.003645 mm outside plane  4
WARNING - wlPoly00 point [10 + 10]/2 is   0.000100 mm outside plane  5
WARNING - wlPoly00 point [11 + 11]/2 is   0.003330 mm outside plane  6
WARNING - wlPoly00 point [ 0 +  0]/2 is   0.001022 mm outside plane  2
WARNING - wlPoly00 point [ 0 +  7]/2 is   0.001022 mm outside plane  2
WARNING - wlPoly00 point [ 1 +  1]/2 is   0.003617 mm outside plane  3
WARNING - wlPoly00 point [ 1 +  8]/2 is   0.003617 mm outside plane  3
WARNING - wlPoly00 point [ 2 +  2]/2 is   0.000907 mm outside plane  4
WARNING - wlPoly00 point [ 2 +  9]/2 is   0.000907 mm outside plane  4
WARNING - wlPoly00 point [ 4 +  4]/2 is   0.003634 mm outside plane  5
WARNING - wlPoly00 point [ 4 +  9]/2 is   0.003634 mm outside plane  5
WARNING - wlPoly00 point [ 5 +  5]/2 is   0.002632 mm outside plane  6
WARNING - wlPoly00 point [ 5 +  5]/2 is   0.000592 mm outside plane  7
WARNING - wlPoly00 point [ 5 +  6]/2 is   0.000592 mm outside plane  7
WARNING - wlPoly00 point [ 5 + 10]/2 is   0.002632 mm outside plane  6
WARNING - wlPoly00 point [ 6 +  6]/2 is   0.000592 mm outside plane  7
WARNING - wlPoly00 point [ 7 +  7]/2 is   0.001022 mm outside plane  2
WARNING - wlPoly00 point [ 8 +  8]/2 is   0.003617 mm outside plane  3
WARNING - wlPoly00 point [ 9 +  9]/2 is   0.000907 mm outside plane  4
WARNING - wlPoly00 point [ 9 +  9]/2 is   0.003634 mm outside plane  5
WARNING - wlPoly00 point [10 + 10]/2 is   0.002632 mm outside plane  6
Number of generated walls is 58

Generating the capsules ... 
WARNING - vaPoly04 point [ 1 +  1]/2 is   0.165765 mm outside plane  2
WARNING - vaPoly04 point [ 1 +  1]/2 is   0.004058 mm outside plane  3
WARNING - vaPoly04 point [ 1 +  6]/2 is   0.165765 mm outside plane  2
WARNING - vaPoly04 point [ 1 +  8]/2 is   0.004058 mm outside plane  3
WARNING - vaPoly04 point [ 3 +  3]/2 is   0.019978 mm outside plane  4
WARNING - vaPoly04 point [ 3 +  3]/2 is   0.049876 mm outside plane  5
WARNING - vaPoly04 point [ 3 +  8]/2 is   0.019978 mm outside plane  4
WARNING - vaPoly04 point [ 3 + 10]/2 is   0.049876 mm outside plane  5
WARNING - vaPoly04 point [ 5 +  5]/2 is   0.097001 mm outside plane  7
WARNING - vaPoly04 point [ 5 +  6]/2 is   0.097001 mm outside plane  7
WARNING - vaPoly04 point [ 6 +  6]/2 is   0.165765 mm outside plane  2
WARNING - vaPoly04 point [ 6 +  6]/2 is   0.097001 mm outside plane  7
WARNING - vaPoly04 point [ 8 +  8]/2 is   0.004058 mm outside plane  3
WARNING - vaPoly04 point [ 8 +  8]/2 is   0.019978 mm outside plane  4
WARNING - vaPoly04 point [10 + 10]/2 is   0.049876 mm outside plane  5
WARNING - caPoly04 point [ 1 +  1]/2 is   0.165765 mm outside plane  2
WARNING - caPoly04 point [ 1 +  1]/2 is   0.004058 mm outside plane  3
WARNING - caPoly04 point [ 1 +  6]/2 is   0.165765 mm outside plane  2
WARNING - caPoly04 point [ 1 +  8]/2 is   0.004058 mm outside plane  3
WARNING - caPoly04 point [ 3 +  3]/2 is   0.019978 mm outside plane  4
WARNING - caPoly04 point [ 3 +  3]/2 is   0.049876 mm outside plane  5
WARNING - caPoly04 point [ 3 +  8]/2 is   0.019978 mm outside plane  4
WARNING - caPoly04 point [ 3 + 10]/2 is   0.049876 mm outside plane  5
WARNING - caPoly04 point [ 5 +  5]/2 is   0.097001 mm outside plane  7
WARNING - caPoly04 point [ 5 +  6]/2 is   0.097001 mm outside plane  7
WARNING - caPoly04 point [ 6 +  6]/2 is   0.165765 mm outside plane  2
WARNING - caPoly04 point [ 6 +  6]/2 is   0.097001 mm outside plane  7
WARNING - caPoly04 point [ 8 +  8]/2 is   0.004058 mm outside plane  3
WARNING - caPoly04 point [ 8 +  8]/2 is   0.019978 mm outside plane  4
WARNING - caPoly04 point [10 + 10]/2 is   0.049876 mm outside plane  5
Number of generated capsules is 6

Building the clusters ...
 Cluster #0
  Solid    1          61.75      9.72    -75.44      0.79     -3.02     18.23
  Solid    0         147.07     16.37     16.70      4.99      1.50     17.75
  Solid    1          61.75      9.72    104.56     -0.79      3.02     18.23
  Solid    0         147.07     16.37   -163.30     -4.99     -1.50     17.75
  Wall     0           0.00      0.00      0.00      0.00      0.00      0.00
  Wall     1           0.00      0.00      0.00      0.00      0.00      0.00
  Wall     2           0.00      0.00      0.00      0.00      0.00      0.00
  Wall     3           0.00      0.00      0.00      0.00      0.00      0.00
  Wall     4           0.00      0.00      0.00      0.00      0.00      0.00
  Wall     5           0.00      0.00      0.00      0.00      0.00      0.00
  Wall     6           0.00      0.00      0.00      0.00      0.00      0.00
  Wall     7           0.00      0.00      0.00      0.00      0.00      0.00
  Wall     8           0.00      0.00      0.00      0.00      0.00      0.00
  Wall     9           0.00      0.00      0.00      0.00      0.00      0.00
  Wall    10           0.00      0.00      0.00      0.00      0.00      0.00
  Wall    11           0.00      0.00      0.00      0.00      0.00      0.00
  Wall    12           0.00      0.00      0.00      0.00      0.00      0.00
  Wall    13           0.00      0.00      0.00      0.00      0.00      0.00
  Wall    14           0.00      0.00      0.00      0.00      0.00      0.00
  Wall    15           0.00      0.00      0.00      0.00      0.00      0.00
  Wall    16           0.00      0.00      0.00      0.00      0.00      0.00
  Wall    17           0.00      0.00      0.00      0.00      0.00      0.00
  Wall    18           0.00      0.00      0.00      0.00      0.00      0.00
  Wall    19           0.00      0.00      0.00      0.00      0.00      0.00
  Wall    20           0.00      0.00      0.00      0.00      0.00      0.00
  Wall    21           0.00      0.00      0.00      0.00      0.00      0.00
 Cluster #1
  Solid    1          61.75      9.72    -75.44      0.79     -3.02     18.23
  Solid    0         147.07     16.37     16.70      4.99      1.50     17.75
  Solid    1          61.75      9.72    104.56     -0.79      3.02     18.23
 Cluster #2
  Solid    2        -179.73      9.42     -2.94      3.49     -0.16     -4.41
  Solid    3         177.23      9.42    115.42     -1.39      3.30     -4.42
  Solid    4        -178.71      9.42   -120.42     -1.73     -3.09     -4.42
  Wall     3           0.00      0.00      0.00      0.00      0.00      0.00
  Wall     4           0.00      0.00      0.00      0.00      0.00      0.00
  Wall     5           0.00      0.00      0.00      0.00      0.00      0.00
  Wall     6           0.00      0.00      0.00      0.00      0.00      0.00
  Wall     7           0.00      0.00      0.00      0.00      0.00      0.00
  Wall     8           0.00      0.00      0.00      0.00      0.00      0.00
  Wall     9           0.00      0.00      0.00      0.00      0.00      0.00
  Wall    10           0.00      0.00      0.00      0.00      0.00      0.00
  Wall    11           0.00      0.00      0.00      0.00      0.00      0.00
  Wall    12           0.00      0.00      0.00      0.00      0.00      0.00
  Wall    13           0.00      0.00      0.00      0.00      0.00      0.00
  Wall    14           0.00      0.00      0.00      0.00      0.00      0.00
  Wall    15           0.00      0.00      0.00      0.00      0.00      0.00
  Wall    16           0.00      0.00      0.00      0.00      0.00      0.00
  Wall    17           0.00      0.00      0.00      0.00      0.00      0.00
  Wall    18           0.00      0.00      0.00      0.00      0.00      0.00
  Wall    19           0.00      0.00      0.00      0.00      0.00      0.00
  Wall    20           0.00      0.00      0.00      0.00      0.00      0.00
 Cluster #3
  Solid    5           0.00      4.51      0.00      3.59      0.00     -0.28
  Solid    5           0.00      4.51    120.00     -1.79      3.10     -0.28
  Solid    5           0.00      4.51    240.00     -1.79     -3.10     -0.28
  Wall     2           0.00      0.00      0.00      0.00      0.00      0.00
  Wall     3           0.00      0.00      0.00      0.00      0.00      0.00
  Wall     4           0.00      0.00      0.00      0.00      0.00      0.00
  Wall     5           0.00      0.00      0.00      0.00      0.00      0.00
  Wall    10           0.00      0.00      0.00      0.00      0.00      0.00
  Wall    11           0.00      0.00      0.00      0.00      0.00      0.00
  Wall    12           0.00      0.00      0.00      0.00      0.00      0.00
  Wall    13           0.00      0.00      0.00      0.00      0.00      0.00
  Wall    18           0.00      0.00      0.00      0.00      0.00      0.00
  Wall    19           0.00      0.00      0.00      0.00      0.00      0.00
  Wall    20           0.00      0.00      0.00      0.00      0.00      0.00
  Wall    21           0.00      0.00      0.00      0.00      0.00      0.00
  Wall     0           0.00      0.00      0.00      0.00      0.00      0.00
  Wall     1           0.00      0.00      0.00      0.00      0.00      0.00
  Wall     8           0.00      0.00      0.00      0.00      0.00      0.00
  Wall     9           0.00      0.00      0.00      0.00      0.00      0.00
  Wall    16           0.00      0.00      0.00      0.00      0.00      0.00
  Wall    17           0.00      0.00      0.00      0.00      0.00      0.00

Placing clusters ... 
0 nEuler = 11 pCa whichClus = 0
indexP 0
   0    0    0        0     90.00     65.00    -20.00     -4.26      1.55     -2.11
1 nEuler = 11 pCa whichClus = 1
indexP 1004
   1    1    1     1004      0.00     65.00    -90.00      0.00      4.53     -2.11
2 nEuler = 11 pCa whichClus = 2
indexP 100400
   2  100    2   100400     60.00     65.00   -150.00    -15.70     -9.06      8.45
3 nEuler = 11 pCa whichClus = 3
indexP 200800
   3  200    3   200800      0.00     30.00      0.00     11.00      0.00     19.05
4 nEuler = 11 pCa whichClus = 3
indexP 201804
   4  201    3   201804     60.00     30.00     60.00      5.50      9.53     19.05
5 nEuler = 11 pCa whichClus = 3
indexP 202808
   5  202    3   202808    120.00     30.00    120.00     -5.50      9.53     19.05
6 nEuler = 11 pCa whichClus = 3
indexP 203812
   6  203    3   203812    180.00     30.00    180.00    -11.00      0.00     19.05
7 nEuler = 11 pCa whichClus = 3
indexP 204816
   7  204    3   204816    240.00     30.00    240.00     -5.50     -9.53     19.05
8 nEuler = 11 pCa whichClus = 3
indexP 205820
   8  205    3   205820    300.00     30.00    300.00      5.50     -9.53     19.05
9 nEuler = 11 pCa whichClus = 3
indexP 206824
   9  206    3   206824      0.00     65.00     60.00      9.06     15.70      8.45
10 nEuler = 11 pCa whichClus = 3
indexP 207828
  10  207    3   207828    150.00     65.00    150.00    -15.70      9.06      8.45
Number of placed clusters is 11  [ 1 1 1 8 ]
Cluster  Index ranging from 0 to 207
Detector Index ranging from 0 to 831

Number of placed walls is 184

The equivalent shell extends from 13.592083 cm to 30.020266 cm


Generating segments for the ReadOut geometry... 
 144 segments
 144 segments
 144 segments
 144 segments
 144 segments
 24 segments
 --> Total number of generated sub-segments (4 sub-segments per segment) is 744 [ 144 144 144 144 144 24 ]

Checking consistency of segments ...
all OK
newValue 
----> Target material set to     MINOS
----> Target thickness is set to 5.000000 cm 
----> Target position is set to 0.000000 fm , 0.000000 fm , -10.000000 cm , 
----> Beam Tube outer radius set to 9.600000 cm 
----> Beam Tube inner radius set to 9.100000 cm 
----> Beam Tube length set to 30.000000 cm 
----> Beam Tube shift set to -10.000000 cm 
----> setting Thickness of shield
----> Thickness of shield0 set to -1.000000 mm 
----> setting Thickness of shield
----> Thickness of shield1 set to -1.000000 mm 
----> Z of the incoming beam set to  42
----> A of the incoming beam set to  84
----> Kin. En. of the incoming beam set to 17.892000 GeV
----> KE per nucleon of the incoming beam set to 213.000000 MeV
----> momentum acceptance for the incoming beam set to  0.000000
----> focal point X position for the incoming beam set to  0.000000 fm 
----> focal point DX size for the incoming beam set to  0.000000 fm 
----> focal point Y position for the incoming beam set to  0.000000 fm 
----> focal point DY size for the incoming beam set to  0.000000 fm 
----> focal point Z position for the incoming beam set to  -50.000000 cm 
----> dispersive direction angular divergence for the incoming beam set to  0.000000 mrad = 0.000000 deg
----> non dispersive direction angular divergence for the incoming beam set to  0.000000 mrad = 0.000000 deg
AddPrivateData done
----> Delta A for the outgoing beam-like product set to -1
----> Delta Z for the outgoing beam-like product set to 0
----> Target A (for kinematics calculations) is set to 1
----> Target Z (for kinematics calculations) is set to 1
----> Excitation energy of the outgoing beam set to 130.000000 keV
----> Target excitation energy set to 0.000000 eV 
----> Mass of the incoming beam is 78169.644564 MeV
----> Mass of the target is 938.272013 MeV
----> Mass of the outgoing beam-like reaction product is 77245.966536 MeV
----> Mass of the outgoing target-like reaction product is 1875.613000 MeV
----> Sigma for ata distribution set to 0.000000
----> Sigma for bta distribution set to 0.000000

--- G4ParticleDefinition ---
 Particle Name : proton
 PDG particle code : 2212 [PDG anti-particle code: -2212]
 Mass [GeV/c2] : 0.938272     Width : 0.000000
 Lifetime [nsec] : -1.000000
 Charge [e]: 1.000000
 Spin : 1/2
 Parity : 1
 Charge conjugation : 0
 Isospin : (I,Iz): (1/2 , 1/2 ) 
 GParity : 0
 MagneticMoment [MeV/T] : 0.000000
 Quark contents     (d,u,s,c,b,t) : 1, 2, 0, 0, 0, 0
 AntiQuark contents               : 0, 0, 0, 0, 0, 0
 Lepton number : 0 Baryon number : 1
 Particle type : baryon [nucleon]
 Atomic Number : 1  Atomic Mass : 1
 Stable : stable

--- G4ParticleDefinition ---
 Particle Name : GenericIon
 PDG particle code : 0 [PDG anti-particle code: 0]
 Mass [GeV/c2] : 0.938272     Width : 0.000000
 Lifetime [nsec] : -1.000000
 Charge [e]: 1.000000
 Spin : 1/2
 Parity : 1
 Charge conjugation : 0
 Isospin : (I,Iz): (1/2 , 1/2 ) 
 GParity : 0
 Quark contents     (d,u,s,c,b,t) : 0, 0, 0, 0, 0, 0
 AntiQuark contents               : 0, 0, 0, 0, 0, 0
 Lepton number : 0 Baryon number : 1
 Particle type : nucleus [generic]
 Atomic Number : 1  Atomic Mass : 1
 Stable : stable

--- G4ParticleDefinition ---
 Particle Name : deuteron
 PDG particle code : 1000010020 [PDG anti-particle code: -1000010020]
 Mass [GeV/c2] : 1.875613     Width : 0.000000
 Lifetime [nsec] : -1.000000
 Charge [e]: 1.000000
 Spin : 2/2
 Parity : 1
 Charge conjugation : 0
 Isospin : (I,Iz): (0/2 , 0/2 ) 
 GParity : 0
 MagneticMoment [MeV/T] : 0.000000
 Quark contents     (d,u,s,c,b,t) : 3, 3, 0, 0, 0, 0
 AntiQuark contents               : 0, 0, 0, 0, 0, 0
 Lepton number : 0 Baryon number : 2
 Particle type : nucleus [static]
 Atomic Number : 1  Atomic Mass : 2
 Stable : stable

--- G4ParticleDefinition ---
 Particle Name : triton
 PDG particle code : 1000010030 [PDG anti-particle code: -1000010030]
 Mass [GeV/c2] : 2.808921     Width : 0.000000
 Lifetime [nsec] : 388523520000000000.000000
 Charge [e]: 1.000000
 Spin : 1/2
 Parity : 1
 Charge conjugation : 0
 Isospin : (I,Iz): (0/2 , 0/2 ) 
 GParity : 0
 MagneticMoment [MeV/T] : 0.000000
 Quark contents     (d,u,s,c,b,t) : 4, 5, 0, 0, 0, 0
 AntiQuark contents               : 0, 0, 0, 0, 0, 0
 Lepton number : 0 Baryon number : 3
 Particle type : nucleus [static]
 Atomic Number : 1  Atomic Mass : 3
 Stable : stable

--- G4ParticleDefinition ---
 Particle Name : He3
 PDG particle code : 1000020030 [PDG anti-particle code: -1000020030]
 Mass [GeV/c2] : 2.808391     Width : 0.000000
 Lifetime [nsec] : -1.000000
 Charge [e]: 2.000000
 Spin : 1/2
 Parity : 1
 Charge conjugation : 0
 Isospin : (I,Iz): (0/2 , 0/2 ) 
 GParity : 0
 MagneticMoment [MeV/T] : -0.000000
 Quark contents     (d,u,s,c,b,t) : 5, 4, 0, 0, 0, 0
 AntiQuark contents               : 0, 0, 0, 0, 0, 0
 Lepton number : 0 Baryon number : 3
 Particle type : nucleus [static]
 Atomic Number : 2  Atomic Mass : 3
 Stable : stable

--- G4ParticleDefinition ---
 Particle Name : alpha
 PDG particle code : 1000020040 [PDG anti-particle code: -1000020040]
 Mass [GeV/c2] : 3.727379     Width : 0.000000
 Lifetime [nsec] : -1.000000
 Charge [e]: 2.000000
 Spin : 0/2
 Parity : 1
 Charge conjugation : 0
 Isospin : (I,Iz): (0/2 , 0/2 ) 
 GParity : 0
 Quark contents     (d,u,s,c,b,t) : 6, 6, 0, 0, 0, 0
 AntiQuark contents               : 0, 0, 0, 0, 0, 0
 Lepton number : 0 Baryon number : 4
 Particle type : nucleus [static]
 Atomic Number : 2  Atomic Mass : 4
 Stable : stable

--- G4ParticleDefinition ---
 Particle Name : Mo83
 PDG particle code : 1000420830 [PDG anti-particle code: 0]
 Mass [GeV/c2] : 77.245967     Width : 0.000000
 Lifetime [nsec] : 577078000.000000
 Charge [e]: 42.000000
 Spin : 99/2
 Parity : 1
 Charge conjugation : 0
 Isospin : (I,Iz): (0/2 , 0/2 ) 
 GParity : 0
 Quark contents     (d,u,s,c,b,t) : 125, 124, 0, 0, 0, 0
 AntiQuark contents               : 0, 0, 0, 0, 0, 0
 Lepton number : 0 Baryon number : 83
 Particle type : nucleus [generic]
 Atomic Number : 42  Atomic Mass : 83
 Stable : unstable -- lifetime = 577.078000 ms
  Decay table should be consulted to G4RadioactiveDecayProcess.

--- G4ParticleDefinition ---
 Particle Name : Mo83[130.000]
 PDG particle code : 1000420839 [PDG anti-particle code: 0]
 Mass [GeV/c2] : 77.246097     Width : 0.000000
 Lifetime [nsec] : 0.000000
 Charge [e]: 42.000000
 Spin : 0/2
 Parity : 1
 Charge conjugation : 0
 Isospin : (I,Iz): (0/2 , 0/2 ) 
 GParity : 0
 Quark contents     (d,u,s,c,b,t) : 125, 124, 0, 0, 0, 0
 AntiQuark contents               : 0, 0, 0, 0, 0, 0
 Lepton number : 0 Baryon number : 83
 Particle type : nucleus [generic]
 Atomic Number : 42  Atomic Mass : 83
 Stable : unstable -- lifetime = 0.000000 ps
  Decay table should be consulted to G4RadioactiveDecayProcess.

--- G4ParticleDefinition ---
 Particle Name : Mo83[229.000]
 PDG particle code : 1000420839 [PDG anti-particle code: 0]
 Mass [GeV/c2] : 77.246196     Width : 0.000000
 Lifetime [nsec] : 0.000000
 Charge [e]: 42.000000
 Spin : 0/2
 Parity : 1
 Charge conjugation : 0
 Isospin : (I,Iz): (0/2 , 0/2 ) 
 GParity : 0
 Quark contents     (d,u,s,c,b,t) : 125, 124, 0, 0, 0, 0
 AntiQuark contents               : 0, 0, 0, 0, 0, 0
 Lepton number : 0 Baryon number : 83
 Particle type : nucleus [generic]
 Atomic Number : 42  Atomic Mass : 83
 Stable : unstable -- lifetime = 0.000000 ps
  Decay table should be consulted to G4RadioactiveDecayProcess.

--- G4ParticleDefinition ---
 Particle Name : Mo83[251.000]
 PDG particle code : 1000420839 [PDG anti-particle code: 0]
 Mass [GeV/c2] : 77.246218     Width : 0.000000
 Lifetime [nsec] : 0.000000
 Charge [e]: 42.000000
 Spin : 0/2
 Parity : 1
 Charge conjugation : 0
 Isospin : (I,Iz): (0/2 , 0/2 ) 
 GParity : 0
 Quark contents     (d,u,s,c,b,t) : 125, 124, 0, 0, 0, 0
 AntiQuark contents               : 0, 0, 0, 0, 0, 0
 Lepton number : 0 Baryon number : 83
 Particle type : nucleus [generic]
 Atomic Number : 42  Atomic Mass : 83
 Stable : unstable -- lifetime = 0.000000 ps
  Decay table should be consulted to G4RadioactiveDecayProcess.

--- G4ParticleDefinition ---
 Particle Name : Mo83[380.000]
 PDG particle code : 1000420839 [PDG anti-particle code: 0]
 Mass [GeV/c2] : 77.246347     Width : 0.000000
 Lifetime [nsec] : 0.000000
 Charge [e]: 42.000000
 Spin : 0/2
 Parity : 1
 Charge conjugation : 0
 Isospin : (I,Iz): (0/2 , 0/2 ) 
 GParity : 0
 Quark contents     (d,u,s,c,b,t) : 125, 124, 0, 0, 0, 0
 AntiQuark contents               : 0, 0, 0, 0, 0, 0
 Lepton number : 0 Baryon number : 83
 Particle type : nucleus [generic]
 Atomic Number : 42  Atomic Mass : 83
 Stable : unstable -- lifetime = 0.000000 ps
  Decay table should be consulted to G4RadioactiveDecayProcess.

--- G4ParticleDefinition ---
 Particle Name : Mo83[642.000]
 PDG particle code : 1000420839 [PDG anti-particle code: 0]
 Mass [GeV/c2] : 77.246609     Width : 0.000000
 Lifetime [nsec] : 0.000000
 Charge [e]: 42.000000
 Spin : 0/2
 Parity : 1
 Charge conjugation : 0
 Isospin : (I,Iz): (0/2 , 0/2 ) 
 GParity : 0
 Quark contents     (d,u,s,c,b,t) : 125, 124, 0, 0, 0, 0
 AntiQuark contents               : 0, 0, 0, 0, 0, 0
 Lepton number : 0 Baryon number : 83
 Particle type : nucleus [generic]
 Atomic Number : 42  Atomic Mass : 83
 Stable : unstable -- lifetime = 0.000000 ps
  Decay table should be consulted to G4RadioactiveDecayProcess.

--- G4ParticleDefinition ---
 Particle Name : Mo84
 PDG particle code : 1000420840 [PDG anti-particle code: 0]
 Mass [GeV/c2] : 78.169645     Width : 0.000000
 Lifetime [nsec] : 3318199000.000000
 Charge [e]: 42.000000
 Spin : 0/2
 Parity : 1
 Charge conjugation : 0
 Isospin : (I,Iz): (0/2 , 0/2 ) 
 GParity : 0
 Quark contents     (d,u,s,c,b,t) : 126, 126, 0, 0, 0, 0
 AntiQuark contents               : 0, 0, 0, 0, 0, 0
 Lepton number : 0 Baryon number : 84
 Particle type : nucleus [generic]
 Atomic Number : 42  Atomic Mass : 84
 Stable : unstable -- lifetime = 3.318199 s 
  Decay table should be consulted to G4RadioactiveDecayProcess.
----> Target material set to  MINOS
----> Target density:         0.076140 g/cm3
----> Target radius is set to 2.500000 cm 
----> Target thickness is set to 5.000000 cm 
----> Number of simulation steps in the target is set to 20
----> Exp. Hall material set to     G4_Galactic
----> Exp. Hall X length is set to 8.000000 m  
----> Exp. Hall Y length is set to 8.000000 m  
----> Exp. Hall Z length is set to 8.000000 m  

Opened mode 2 Output file: data/mo83_130keV_6000evt_lowlevel.dat

### ===  Deexcitation model UAtomDeexcitation is activated for 1 region:
          DefaultRegionForTheWorld  1  1  0
### ===  Auger cascade flag: 1
### ===  Ignore cuts flag:   0

phot:   for  gamma    SubType= 12  BuildTable= 0
      LambdaPrime table from 200.000000 keV to 10.000000 TeV in 154 bins 
      ===== EM models for the G4Region  DefaultRegionForTheWorld ======
 LivermorePhElectric :  Emin= 0.000000 eV    Emax= 10.000000 TeV   AngularGenSauterGavrila  FluoActive

compt:   for  gamma    SubType= 13  BuildTable= 1
      Lambda table from 100.000000 eV  to 1.000000 MeV, 20 bins per decade, spline: 1
      LambdaPrime table from 1.000000 MeV to 10.000000 TeV in 140 bins 
      ===== EM models for the G4Region  DefaultRegionForTheWorld ======
   LowEPComptonModel :  Emin= 0.000000 eV    Emax= 20.000000 MeV  FluoActive
        KleinNishina :  Emin= 20.000000 MeV   Emax= 10.000000 TeV  FluoActive

conv:   for  gamma    SubType= 14  BuildTable= 1
      Lambda table from 1.021998 MeV to 10.000000 TeV, 20 bins per decade, spline: 1
      ===== EM models for the G4Region  DefaultRegionForTheWorld ======
       PenConversion :  Emin= 0.000000 eV    Emax= 80.000000 GeV
     BetheHeitlerLPM :  Emin= 80.000000 GeV   Emax= 10.000000 TeV

Rayl:   for  gamma    SubType= 11  BuildTable= 1
      Lambda table from 100.000000 eV  to 100.000000 keV, 20 bins per decade, spline: 0
      LambdaPrime table from 100.000000 keV to 10.000000 TeV in 160 bins 
      ===== EM models for the G4Region  DefaultRegionForTheWorld ======
   LivermoreRayleigh :  Emin= 0.000000 eV    Emax= 10.000000 TeV   CullenGenerator

msc:   for e-    SubType= 10
      RangeFactor= 0.200000, stepLimitType: 2, latDisplacement: 1
      ===== EM models for the G4Region  DefaultRegionForTheWorld ======
  GoudsmitSaunderson :  Emin= 0.000000 eV    Emax= 100.000000 MeV  Table with 120 bins Emin= 100.000000 eV    Emax= 100.000000 MeV
        WentzelVIUni :  Emin= 100.000000 MeV   Emax= 10.000000 TeV  Table with 100 bins Emin= 100.000000 MeV   Emax= 10.000000 TeV

eIoni:   for  e-    SubType= 2
      dE/dx and range tables from 100.000000 eV  to 10.000000 TeV in 220 bins
      Lambda tables from threshold to 10.000000 TeV, 20 bins per decade, spline: 1
      finalRange(mm)= 0.010000, dRoverRange= 0.200000, integral: 1, fluct: 1, linLossLimit= 0.010000
      ===== EM models for the G4Region  DefaultRegionForTheWorld ======
             PenIoni :  Emin= 0.000000 eV    Emax= 1.000000 MeV
        MollerBhabha :  Emin= 1.000000 MeV   Emax= 10.000000 TeV   deltaVI
      ===== Limit on energy threshold has been applied 

eBrem:   for  e-    SubType= 3
      dE/dx and range tables from 100.000000 eV  to 10.000000 TeV in 220 bins
      Lambda tables from threshold to 10.000000 TeV, 20 bins per decade, spline: 1
      LPM flag: 1 for E > 1.000000 GeV,  VertexHighEnergyTh(GeV)= 100000.000000
      ===== EM models for the G4Region  DefaultRegionForTheWorld ======
             eBremSB :  Emin= 0.000000 eV    Emax= 1.000000 GeV   AngularGen2BS
            eBremLPM :  Emin= 1.000000 GeV   Emax= 10.000000 TeV   AngularGen2BS

ePairProd:   for  e-    SubType= 4
      dE/dx and range tables from 100.000000 eV  to 10.000000 TeV in 220 bins
      Lambda tables from threshold to 10.000000 TeV, 20 bins per decade, spline: 1
      Sampling table 21x1001; from 0.100000 GeV to 10.000000 TeV 
      ===== EM models for the G4Region  DefaultRegionForTheWorld ======
          muPairProd :  Emin= 0.000000 eV    Emax= 10.000000 TeV

CoulombScat:   for  e-, integral: 1     SubType= 1  BuildTable= 1
      Lambda table from 100.000000 MeV to 10.000000 TeV, 20 bins per decade, spline: 1
      ThetaMin(p) < Theta(degree) < 180; pLimit(GeV^1)= 0.139531
      ===== EM models for the G4Region  DefaultRegionForTheWorld ======
  eCoulombScattering :  Emin= 100.000000 MeV   Emax= 10.000000 TeV

msc:   for e+    SubType= 10
      RangeFactor= 0.200000, stepLimitType: 2, latDisplacement: 1
      ===== EM models for the G4Region  DefaultRegionForTheWorld ======
  GoudsmitSaunderson :  Emin= 0.000000 eV    Emax= 100.000000 MeV  Table with 120 bins Emin= 100.000000 eV    Emax= 100.000000 MeV
        WentzelVIUni :  Emin= 100.000000 MeV   Emax= 10.000000 TeV  Table with 100 bins Emin= 100.000000 MeV   Emax= 10.000000 TeV

eIoni:   for  e+    SubType= 2
      dE/dx and range tables from 100.000000 eV  to 10.000000 TeV in 220 bins
      Lambda tables from threshold to 10.000000 TeV, 20 bins per decade, spline: 1
      finalRange(mm)= 0.010000, dRoverRange= 0.200000, integral: 1, fluct: 1, linLossLimit= 0.010000
      ===== EM models for the G4Region  DefaultRegionForTheWorld ======
             PenIoni :  Emin= 0.000000 eV    Emax= 1.000000 MeV
        MollerBhabha :  Emin= 1.000000 MeV   Emax= 10.000000 TeV   deltaVI
      ===== Limit on energy threshold has been applied 

eBrem:   for  e+    SubType= 3
      dE/dx and range tables from 100.000000 eV  to 10.000000 TeV in 220 bins
      Lambda tables from threshold to 10.000000 TeV, 20 bins per decade, spline: 1
      LPM flag: 1 for E > 1.000000 GeV,  VertexHighEnergyTh(GeV)= 100000.000000
      ===== EM models for the G4Region  DefaultRegionForTheWorld ======
             eBremSB :  Emin= 0.000000 eV    Emax= 1.000000 GeV   AngularGen2BS
            eBremLPM :  Emin= 1.000000 GeV   Emax= 10.000000 TeV   AngularGen2BS

ePairProd:   for  e+    SubType= 4
      dE/dx and range tables from 100.000000 eV  to 10.000000 TeV in 220 bins
      Lambda tables from threshold to 10.000000 TeV, 20 bins per decade, spline: 1
      Sampling table 21x1001; from 0.100000 GeV to 10.000000 TeV 
      ===== EM models for the G4Region  DefaultRegionForTheWorld ======
          muPairProd :  Emin= 0.000000 eV    Emax= 10.000000 TeV

annihil:   for  e+, integral: 1     SubType= 5  BuildTable= 0
      ===== EM models for the G4Region  DefaultRegionForTheWorld ======
            eplus2gg :  Emin= 0.000000 eV    Emax= 10.000000 TeV

CoulombScat:   for  e+, integral: 1     SubType= 1  BuildTable= 1
      Lambda table from 100.000000 MeV to 10.000000 TeV, 20 bins per decade, spline: 1
      ThetaMin(p) < Theta(degree) < 180; pLimit(GeV^1)= 0.139531
      ===== EM models for the G4Region  DefaultRegionForTheWorld ======
  eCoulombScattering :  Emin= 100.000000 MeV   Emax= 10.000000 TeV

msc:   for proton    SubType= 10
      RangeFactor= 0.200000, stepLimitType: 0, latDisplacement: 1
      ===== EM models for the G4Region  DefaultRegionForTheWorld ======
        WentzelVIUni :  Emin= 0.000000 eV    Emax= 10.000000 TeV  Table with 220 bins Emin= 100.000000 eV    Emax= 10.000000 TeV

hIoni:   for  proton    SubType= 2
      dE/dx and range tables from 100.000000 eV  to 10.000000 TeV in 220 bins
      Lambda tables from threshold to 10.000000 TeV, 20 bins per decade, spline: 1
      finalRange(mm)= 0.010000, dRoverRange= 0.100000, integral: 1, fluct: 1, linLossLimit= 0.010000
      ===== EM models for the G4Region  DefaultRegionForTheWorld ======
               Bragg :  Emin= 0.000000 eV    Emax= 2.000000 MeV   deltaVI
          BetheBloch :  Emin= 2.000000 MeV   Emax= 10.000000 TeV   deltaVI
      ===== Limit on energy threshold has been applied 

hBrems:   for  proton    SubType= 3
      dE/dx and range tables from 100.000000 eV  to 10.000000 TeV in 220 bins
      Lambda tables from threshold to 10.000000 TeV, 20 bins per decade, spline: 1
      ===== EM models for the G4Region  DefaultRegionForTheWorld ======
               hBrem :  Emin= 0.000000 eV    Emax= 10.000000 TeV
      ===== Limit on energy threshold has been applied 

hPairProd:   for  proton    SubType= 4
      dE/dx and range tables from 100.000000 eV  to 10.000000 TeV in 220 bins
      Lambda tables from threshold to 10.000000 TeV, 20 bins per decade, spline: 1
      Sampling table 13x1001; from 7.506176 GeV to 10.000000 TeV 
      ===== EM models for the G4Region  DefaultRegionForTheWorld ======
           hPairProd :  Emin= 0.000000 eV    Emax= 10.000000 TeV

CoulombScat:   for  proton, integral: 1     SubType= 1  BuildTable= 1
      Lambda table from threshold  to 10.000000 TeV, 20 bins per decade, spline: 1
      ThetaMin(p) < Theta(degree) < 180; pLimit(GeV^1)= 0.139531
      ===== EM models for the G4Region  DefaultRegionForTheWorld ======
  eCoulombScattering :  Emin= 0.000000 eV    Emax= 10.000000 TeV

nuclearStopping:   for  proton    SubType= 8  BuildTable= 0
      ===== EM models for the G4Region  DefaultRegionForTheWorld ======
   ICRU49NucStopping :  Emin= 0.000000 eV    Emax= 1.000000 MeV

msc:   for GenericIon    SubType= 10
      RangeFactor= 0.200000, stepLimitType: 0, latDisplacement: 0
      ===== EM models for the G4Region  DefaultRegionForTheWorld ======
            UrbanMsc :  Emin= 0.000000 eV    Emax= 10.000000 TeV

ionIoni:   for  GenericIon    SubType= 2
      dE/dx and range tables from 100.000000 eV  to 10.000000 TeV in 220 bins
      Lambda tables from threshold to 10.000000 TeV, 20 bins per decade, spline: 1
      finalRange(mm)= 0.001000, dRoverRange= 0.100000, integral: 1, fluct: 1, linLossLimit= 0.020000
      ===== EM models for the G4Region  DefaultRegionForTheWorld ======
         ParamICRU73 :  Emin= 0.000000 eV    Emax= 10.000000 TeV   deltaVI
      ===== Limit on energy threshold has been applied 

nuclearStopping:   for  GenericIon    SubType= 8  BuildTable= 0
      ===== EM models for the G4Region  DefaultRegionForTheWorld ======
   ICRU49NucStopping :  Emin= 0.000000 eV    Emax= 1.000000 MeV
=======================================================================
======       Radioactive Decay Physics Parameters              ========
=======================================================================
Max life time                                     1000000000000000.00000 ps
Internal e- conversion flag                       1
Stored internal conversion coefficients           0
Enable correlated gamma emission                  0
Max 2J for sampling of angular correlations       10
Atomic de-excitation enabled                      1
Auger electron emission enabled                   1
Auger cascade enabled                             1
Check EM cuts disabled for atomic de-excitation   0
Use Bearden atomic level energies                 0
=======================================================================

msc:   for alpha    SubType= 10
      RangeFactor= 0.200000, stepLimitType: 0, latDisplacement: 1
      ===== EM models for the G4Region  DefaultRegionForTheWorld ======
            UrbanMsc :  Emin= 0.000000 eV    Emax= 10.000000 TeV  Table with 220 bins Emin= 100.000000 eV    Emax= 10.000000 TeV

ionIoni:   for  alpha    SubType= 2
      dE/dx and range tables from 100.000000 eV  to 10.000000 TeV in 220 bins
      Lambda tables from threshold to 10.000000 TeV, 20 bins per decade, spline: 1
      finalRange(mm)= 0.010000, dRoverRange= 0.100000, integral: 1, fluct: 1, linLossLimit= 0.020000
      ===== EM models for the G4Region  DefaultRegionForTheWorld ======
            BraggIon :  Emin= 0.000000 eV    Emax= 7.945199 MeV   deltaVI
          BetheBloch :  Emin= 7.945199 MeV   Emax= 10.000000 TeV   deltaVI
      ===== Limit on energy threshold has been applied 

nuclearStopping:   for  alpha    SubType= 8  BuildTable= 0
      ===== EM models for the G4Region  DefaultRegionForTheWorld ======
   ICRU49NucStopping :  Emin= 0.000000 eV    Emax= 1.000000 MeV

msc:   for anti_proton    SubType= 10
      RangeFactor= 0.200000, stepLimitType: 0, latDisplacement: 1
      ===== EM models for the G4Region  DefaultRegionForTheWorld ======
        WentzelVIUni :  Emin= 0.000000 eV    Emax= 10.000000 TeV  Table with 220 bins Emin= 100.000000 eV    Emax= 10.000000 TeV

hIoni:   for  anti_proton    SubType= 2
      dE/dx and range tables from 100.000000 eV  to 10.000000 TeV in 220 bins
      Lambda tables from threshold to 10.000000 TeV, 20 bins per decade, spline: 1
      finalRange(mm)= 0.010000, dRoverRange= 0.100000, integral: 1, fluct: 1, linLossLimit= 0.010000
      ===== EM models for the G4Region  DefaultRegionForTheWorld ======
            ICRU73QO :  Emin= 0.000000 eV    Emax= 2.000000 MeV   deltaVI
          BetheBloch :  Emin= 2.000000 MeV   Emax= 10.000000 TeV   deltaVI
      ===== Limit on energy threshold has been applied 

hBrems:   for  anti_proton    SubType= 3
      dE/dx and range tables from 100.000000 eV  to 10.000000 TeV in 220 bins
      Lambda tables from threshold to 10.000000 TeV, 20 bins per decade, spline: 1
      ===== EM models for the G4Region  DefaultRegionForTheWorld ======
               hBrem :  Emin= 0.000000 eV    Emax= 10.000000 TeV
      ===== Limit on energy threshold has been applied 

hPairProd:   for  anti_proton    SubType= 4
      dE/dx and range tables from 100.000000 eV  to 10.000000 TeV in 220 bins
      Lambda tables from threshold to 10.000000 TeV, 20 bins per decade, spline: 1
      Sampling table 13x1001; from 7.506176 GeV to 10.000000 TeV 
      ===== EM models for the G4Region  DefaultRegionForTheWorld ======
           hPairProd :  Emin= 0.000000 eV    Emax= 10.000000 TeV

CoulombScat:   for  anti_proton, integral: 1     SubType= 1  BuildTable= 1
      Lambda table from threshold  to 10.000000 TeV, 20 bins per decade, spline: 1
      ThetaMin(p) < Theta(degree) < 180; pLimit(GeV^1)= 0.139531
      ===== EM models for the G4Region  DefaultRegionForTheWorld ======
  eCoulombScattering :  Emin= 0.000000 eV    Emax= 10.000000 TeV

nuclearStopping:   for  anti_proton    SubType= 8  BuildTable= 0
      ===== EM models for the G4Region  DefaultRegionForTheWorld ======
   ICRU49NucStopping :  Emin= 0.000000 eV    Emax= 1.000000 MeV

msc:   for kaon+    SubType= 10
      RangeFactor= 0.200000, stepLimitType: 0, latDisplacement: 1
      ===== EM models for the G4Region  DefaultRegionForTheWorld ======
        WentzelVIUni :  Emin= 0.000000 eV    Emax= 10.000000 TeV  Table with 220 bins Emin= 100.000000 eV    Emax= 10.000000 TeV

hIoni:   for  kaon+    SubType= 2
      dE/dx and range tables from 100.000000 eV  to 10.000000 TeV in 220 bins
      Lambda tables from threshold to 10.000000 TeV, 20 bins per decade, spline: 1
      finalRange(mm)= 0.010000, dRoverRange= 0.200000, integral: 1, fluct: 1, linLossLimit= 0.010000
      ===== EM models for the G4Region  DefaultRegionForTheWorld ======
               Bragg :  Emin= 0.000000 eV    Emax= 1.052311 MeV   deltaVI
          BetheBloch :  Emin= 1.052311 MeV   Emax= 10.000000 TeV   deltaVI
      ===== Limit on energy threshold has been applied 

hBrems:   for  kaon+    SubType= 3
      dE/dx and range tables from 100.000000 eV  to 10.000000 TeV in 220 bins
      Lambda tables from threshold to 10.000000 TeV, 20 bins per decade, spline: 1
      ===== EM models for the G4Region  DefaultRegionForTheWorld ======
               hBrem :  Emin= 0.000000 eV    Emax= 10.000000 TeV
      ===== Limit on energy threshold has been applied 

hPairProd:   for  kaon+    SubType= 4
      dE/dx and range tables from 100.000000 eV  to 10.000000 TeV in 220 bins
      Lambda tables from threshold to 10.000000 TeV, 20 bins per decade, spline: 1
      Sampling table 14x1001; from 3.949416 GeV to 10.000000 TeV 
      ===== EM models for the G4Region  DefaultRegionForTheWorld ======
           hPairProd :  Emin= 0.000000 eV    Emax= 10.000000 TeV

CoulombScat:   for  kaon+, integral: 1     SubType= 1  BuildTable= 1
      Lambda table from threshold  to 10.000000 TeV, 20 bins per decade, spline: 1
      ThetaMin(p) < Theta(degree) < 180; pLimit(GeV^1)= 0.139531
      ===== EM models for the G4Region  DefaultRegionForTheWorld ======
  eCoulombScattering :  Emin= 0.000000 eV    Emax= 10.000000 TeV

msc:   for kaon-    SubType= 10
      RangeFactor= 0.200000, stepLimitType: 0, latDisplacement: 1
      ===== EM models for the G4Region  DefaultRegionForTheWorld ======
        WentzelVIUni :  Emin= 0.000000 eV    Emax= 10.000000 TeV  Table with 220 bins Emin= 100.000000 eV    Emax= 10.000000 TeV

hIoni:   for  kaon-    SubType= 2
      dE/dx and range tables from 100.000000 eV  to 10.000000 TeV in 220 bins
      Lambda tables from threshold to 10.000000 TeV, 20 bins per decade, spline: 1
      finalRange(mm)= 0.010000, dRoverRange= 0.200000, integral: 1, fluct: 1, linLossLimit= 0.010000
      ===== EM models for the G4Region  DefaultRegionForTheWorld ======
            ICRU73QO :  Emin= 0.000000 eV    Emax= 1.052311 MeV   deltaVI
          BetheBloch :  Emin= 1.052311 MeV   Emax= 10.000000 TeV   deltaVI
      ===== Limit on energy threshold has been applied 

hBrems:   for  kaon-    SubType= 3
      dE/dx and range tables from 100.000000 eV  to 10.000000 TeV in 220 bins
      Lambda tables from threshold to 10.000000 TeV, 20 bins per decade, spline: 1
      ===== EM models for the G4Region  DefaultRegionForTheWorld ======
               hBrem :  Emin= 0.000000 eV    Emax= 10.000000 TeV
      ===== Limit on energy threshold has been applied 

hPairProd:   for  kaon-    SubType= 4
      dE/dx and range tables from 100.000000 eV  to 10.000000 TeV in 220 bins
      Lambda tables from threshold to 10.000000 TeV, 20 bins per decade, spline: 1
      Sampling table 14x1001; from 3.949416 GeV to 10.000000 TeV 
      ===== EM models for the G4Region  DefaultRegionForTheWorld ======
           hPairProd :  Emin= 0.000000 eV    Emax= 10.000000 TeV

CoulombScat:   for  kaon-, integral: 1     SubType= 1  BuildTable= 1
      Used Lambda table of kaon+
      ThetaMin(p) < Theta(degree) < 180; pLimit(GeV^1)= 0.139531
      ===== EM models for the G4Region  DefaultRegionForTheWorld ======
  eCoulombScattering :  Emin= 0.000000 eV    Emax= 10.000000 TeV

msc:   for mu+    SubType= 10
      RangeFactor= 0.200000, step limit type: 0, lateralDisplacement: 1, polarAngleLimit(deg)= 180.000000
      ===== EM models for the G4Region  DefaultRegionForTheWorld ======
        WentzelVIUni :  Emin= 0.000000 eV    Emax= 10.000000 TeV  Table with 220 bins Emin= 100.000000 eV    Emax= 10.000000 TeV

muIoni:   for  mu+    SubType= 2
      dE/dx and range tables from 100.000000 eV  to 10.000000 TeV in 220 bins
      Lambda tables from threshold to 10.000000 TeV, 20 bins per decade, spline: 1
      finalRange(mm)= 0.010000, dRoverRange= 0.200000, integral: 1, fluct: 1, linLossLimit= 0.010000
      ===== EM models for the G4Region  DefaultRegionForTheWorld ======
               Bragg :  Emin= 0.000000 eV    Emax= 200.000000 keV   deltaVI
          BetheBloch :  Emin= 200.000000 keV   Emax= 1.000000 GeV   deltaVI
        MuBetheBloch :  Emin= 1.000000 GeV   Emax= 10.000000 TeV
      ===== Limit on energy threshold has been applied 

muBrems:   for  mu+    SubType= 3
      dE/dx and range tables from 100.000000 eV  to 10.000000 TeV in 220 bins
      Lambda tables from threshold to 10.000000 TeV, 20 bins per decade, spline: 1
      ===== EM models for the G4Region  DefaultRegionForTheWorld ======
              MuBrem :  Emin= 0.000000 eV    Emax= 10.000000 TeV
      ===== Limit on energy threshold has been applied 

muPairProd:   for  mu+    SubType= 4
      dE/dx and range tables from 100.000000 eV  to 10.000000 TeV in 220 bins
      Lambda tables from threshold to 10.000000 TeV, 20 bins per decade, spline: 1
      Sampling table 17x1001; from 1.000000 GeV to 10.000000 TeV 
      ===== EM models for the G4Region  DefaultRegionForTheWorld ======
          muPairProd :  Emin= 0.000000 eV    Emax= 10.000000 TeV

CoulombScat:   for  mu+, integral: 1     SubType= 1  BuildTable= 1
      Lambda table from threshold  to 10.000000 TeV, 20 bins per decade, spline: 1
      ThetaMin(p) < Theta(degree) < 180; pLimit(GeV^1)= 0.139531
      ===== EM models for the G4Region  DefaultRegionForTheWorld ======
  eCoulombScattering :  Emin= 0.000000 eV    Emax= 10.000000 TeV

msc:   for mu-    SubType= 10
      RangeFactor= 0.200000, step limit type: 0, lateralDisplacement: 1, polarAngleLimit(deg)= 180.000000
      ===== EM models for the G4Region  DefaultRegionForTheWorld ======
        WentzelVIUni :  Emin= 0.000000 eV    Emax= 10.000000 TeV  Table with 220 bins Emin= 100.000000 eV    Emax= 10.000000 TeV

muIoni:   for  mu-    SubType= 2
      dE/dx and range tables from 100.000000 eV  to 10.000000 TeV in 220 bins
      Lambda tables from threshold to 10.000000 TeV, 20 bins per decade, spline: 1
      finalRange(mm)= 0.010000, dRoverRange= 0.200000, integral: 1, fluct: 1, linLossLimit= 0.010000
      ===== EM models for the G4Region  DefaultRegionForTheWorld ======
            ICRU73QO :  Emin= 0.000000 eV    Emax= 200.000000 keV   deltaVI
          BetheBloch :  Emin= 200.000000 keV   Emax= 1.000000 GeV   deltaVI
        MuBetheBloch :  Emin= 1.000000 GeV   Emax= 10.000000 TeV
      ===== Limit on energy threshold has been applied 

muBrems:   for  mu-    SubType= 3
      dE/dx and range tables from 100.000000 eV  to 10.000000 TeV in 220 bins
      Lambda tables from threshold to 10.000000 TeV, 20 bins per decade, spline: 1
      ===== EM models for the G4Region  DefaultRegionForTheWorld ======
              MuBrem :  Emin= 0.000000 eV    Emax= 10.000000 TeV
      ===== Limit on energy threshold has been applied 

muPairProd:   for  mu-    SubType= 4
      dE/dx and range tables from 100.000000 eV  to 10.000000 TeV in 220 bins
      Lambda tables from threshold to 10.000000 TeV, 20 bins per decade, spline: 1
      Sampling table 17x1001; from 1.000000 GeV to 10.000000 TeV 
      ===== EM models for the G4Region  DefaultRegionForTheWorld ======
          muPairProd :  Emin= 0.000000 eV    Emax= 10.000000 TeV

CoulombScat:   for  mu-, integral: 1     SubType= 1  BuildTable= 1
      Used Lambda table of mu+
      ThetaMin(p) < Theta(degree) < 180; pLimit(GeV^1)= 0.139531
      ===== EM models for the G4Region  DefaultRegionForTheWorld ======
  eCoulombScattering :  Emin= 0.000000 eV    Emax= 10.000000 TeV

msc:   for pi+    SubType= 10
      RangeFactor= 0.200000, stepLimitType: 0, latDisplacement: 1
      ===== EM models for the G4Region  DefaultRegionForTheWorld ======
        WentzelVIUni :  Emin= 0.000000 eV    Emax= 10.000000 TeV  Table with 220 bins Emin= 100.000000 eV    Emax= 10.000000 TeV

hIoni:   for  pi+    SubType= 2
      dE/dx and range tables from 100.000000 eV  to 10.000000 TeV in 220 bins
      Lambda tables from threshold to 10.000000 TeV, 20 bins per decade, spline: 1
      finalRange(mm)= 0.010000, dRoverRange= 0.200000, integral: 1, fluct: 1, linLossLimit= 0.010000
      ===== EM models for the G4Region  DefaultRegionForTheWorld ======
               Bragg :  Emin= 0.000000 eV    Emax= 297.504557 keV   deltaVI
          BetheBloch :  Emin= 297.504557 keV   Emax= 10.000000 TeV   deltaVI
      ===== Limit on energy threshold has been applied 

hBrems:   for  pi+    SubType= 3
      dE/dx and range tables from 100.000000 eV  to 10.000000 TeV in 220 bins
      Lambda tables from threshold to 10.000000 TeV, 20 bins per decade, spline: 1
      ===== EM models for the G4Region  DefaultRegionForTheWorld ======
               hBrem :  Emin= 0.000000 eV    Emax= 10.000000 TeV
      ===== Limit on energy threshold has been applied 

hPairProd:   for  pi+    SubType= 4
      dE/dx and range tables from 100.000000 eV  to 10.000000 TeV in 220 bins
      Lambda tables from threshold to 10.000000 TeV, 20 bins per decade, spline: 1
      Sampling table 16x1001; from 1.116561 GeV to 10.000000 TeV 
      ===== EM models for the G4Region  DefaultRegionForTheWorld ======
           hPairProd :  Emin= 0.000000 eV    Emax= 10.000000 TeV

CoulombScat:   for  pi+, integral: 1     SubType= 1  BuildTable= 1
      Lambda table from threshold  to 10.000000 TeV, 20 bins per decade, spline: 1
      ThetaMin(p) < Theta(degree) < 180; pLimit(GeV^1)= 0.139531
      ===== EM models for the G4Region  DefaultRegionForTheWorld ======
  eCoulombScattering :  Emin= 0.000000 eV    Emax= 10.000000 TeV

msc:   for pi-    SubType= 10
      RangeFactor= 0.200000, stepLimitType: 0, latDisplacement: 1
      ===== EM models for the G4Region  DefaultRegionForTheWorld ======
        WentzelVIUni :  Emin= 0.000000 eV    Emax= 10.000000 TeV  Table with 220 bins Emin= 100.000000 eV    Emax= 10.000000 TeV

hIoni:   for  pi-    SubType= 2
      dE/dx and range tables from 100.000000 eV  to 10.000000 TeV in 220 bins
      Lambda tables from threshold to 10.000000 TeV, 20 bins per decade, spline: 1
      finalRange(mm)= 0.010000, dRoverRange= 0.200000, integral: 1, fluct: 1, linLossLimit= 0.010000
      ===== EM models for the G4Region  DefaultRegionForTheWorld ======
            ICRU73QO :  Emin= 0.000000 eV    Emax= 297.504557 keV   deltaVI
          BetheBloch :  Emin= 297.504557 keV   Emax= 10.000000 TeV   deltaVI
      ===== Limit on energy threshold has been applied 

hBrems:   for  pi-    SubType= 3
      dE/dx and range tables from 100.000000 eV  to 10.000000 TeV in 220 bins
      Lambda tables from threshold to 10.000000 TeV, 20 bins per decade, spline: 1
      ===== EM models for the G4Region  DefaultRegionForTheWorld ======
               hBrem :  Emin= 0.000000 eV    Emax= 10.000000 TeV
      ===== Limit on energy threshold has been applied 

hPairProd:   for  pi-    SubType= 4
      dE/dx and range tables from 100.000000 eV  to 10.000000 TeV in 220 bins
      Lambda tables from threshold to 10.000000 TeV, 20 bins per decade, spline: 1
      Sampling table 16x1001; from 1.116561 GeV to 10.000000 TeV 
      ===== EM models for the G4Region  DefaultRegionForTheWorld ======
           hPairProd :  Emin= 0.000000 eV    Emax= 10.000000 TeV

CoulombScat:   for  pi-, integral: 1     SubType= 1  BuildTable= 1
      Used Lambda table of pi+
      ThetaMin(p) < Theta(degree) < 180; pLimit(GeV^1)= 0.139531
      ===== EM models for the G4Region  DefaultRegionForTheWorld ======
  eCoulombScattering :  Emin= 0.000000 eV    Emax= 10.000000 TeV
 Beginning of run 
 Simulating 6000 beam ions
 Writing Mode 2 output to data/mo83_130keV_6000evt_lowlevel.dat
 17 %   101 events/s 50 remaining        33 %   131 events/s 30 remaining        50 %   141 events/s 21 remaining        67 %   146 events/s 14 remaining        83 %   150 events/s  7 remaining                                                            
Real time: 37.25   System time:  0.05   User time: 37.18   161.07 events/s

#average beta at reaction (ctr=6000):
Target.Beta:	0.539363
#average beta at emission (ctr=6000):
Target.Beta:	0.539347
#average beta after the target (ctr=6000):
Average.Beta.After:	0.482093
input file: data/mo83_130keV_6000evt_lowlevel.dat
writing to output file: root/mo83_130keV_6000evt_lowlevel.root
------------------------------------
fSett->MINOSBetaCoefficient(0) = -1539
fSett->MINOSBetaCoefficient(1) = 1105.88
fSett->MINOSBetaCoefficient(2) = -247.941
generated 1 permutations for N = 0
generated 1 permutations for N = 1
generated 2 permutations for N = 2
generated 6 permutations for N = 3
generated 24 permutations for N = 4
generated 120 permutations for N = 5
generated 720 permutations for N = 6
generated 5040 permutations for N = 7
generated 40320 permutations for N = 8
setting up calibrated tree 
setting up simulation tree 
10000 buffers read... 2 MB... 42867.9 buffers/scannot read data/mo83_130keV_6000evt_lowlevel.dat (anymore)
Total of 11206 data buffers (2 MB) and
Total of 1691 cal events (0 MB) written.
Total of 6000 sim events (0 MB) written.
Program Run time 0.236092 s.
Unpacked 47464.6 buffers/s.

 CPU time: 0.22	Real time: 0.23609
input file(s):
root/mo83_130keV_6000evt_lowlevel.root
output file: hist/mo83_130keV_6000evt_lowlevel.root
creating outputfile 
6000 entries in sim tree 
1691 entries in cal tree 
New 1-d histogram: egam_emitted
New 1-d histogram: posx_emitted
New 1-d histogram: posy_emitted
New 2-d histogram: posxy_emitted
New 1-d histogram: posz_emitted
New 1-d histogram: phi_emitted
New 1-d histogram: theta_emitted
New 2-d histogram: phi_theta_emitted
New 1-d histogram: mult_emitted
New 2-d histogram: mult_emitted_detected
New 2-d histogram: MBmult_emitted_detected
New 1-d histogram: ata
New 1-d histogram: yta
New 1-d histogram: bta
New 2-d histogram: ata_vs_bta
New 1-d histogram: betata
New 1-d histogram: azita
New 1-d histogram: scatter
New 1-d histogram: ptot
New 1-d histogram: ppar
New 1-d histogram: ptra
New 1-d histogram: etot
New 1-d histogram: egam
New 1-d histogram: egamdc
New 2-d histogram: egam_mult
New 2-d histogram: egamdc_mult
New 1-d histogram: egam_emitted_diff
New 2-d histogram: egam_emitted_detected
New 2-d histogram: egam_dettheta
New 2-d histogram: egamdc_dettheta
New 2-d histogram: egam_summary
New 2-d histogram: egam_detector
New 2-d histogram: egamdc_summary
New 2-d histogram: egamdc_detector
New 1-d histogram: MBegam
New 1-d histogram: MBegamdc
New 2-d histogram: MBegam_mult
New 2-d histogram: MBegamdc_mult
New 1-d histogram: MBegam_emitted_diff
New 2-d histogram: MBegam_emitted_detected
New 2-d histogram: MBegam_dettheta
New 2-d histogram: MBegamdc_dettheta
New 2-d histogram: posxy
New 2-d histogram: posxz
New 2-d histogram: posyz
New 1-d histogram: pos_phi
New 1-d histogram: pos_theta
New 2-d histogram: pos_phi_theta
New 2-d histogram: MBposxy
New 2-d histogram: MBposxz
New 2-d histogram: MBposyz
New 1-d histogram: MBpos_phi
New 1-d histogram: MBpos_theta
New 2-d histogram: MBpos_phi_theta
New 1-d histogram: egamAB
New 1-d histogram: egamABdc
New 2-d histogram: egamAB_mult
New 2-d histogram: egamABdc_mult
New 1-d histogram: egamAB_emitted_diff
New 2-d histogram: egamAB_emitted_detected
New 2-d histogram: egamAB_dettheta
New 2-d histogram: egamABdc_dettheta
New 2-d histogram: egamAB_summary
New 2-d histogram: egamAB_detector
New 2-d histogram: egamABdc_summary
New 2-d histogram: egamABdc_detector
New 1-d histogram: MBegamAB
New 1-d histogram: MBegamABdc
New 2-d histogram: MBegamAB_mult
New 2-d histogram: MBegamABdc_mult
New 1-d histogram: MBegamAB_emitted_diff
New 2-d histogram: MBegamAB_emitted_detected
New 2-d histogram: MBegamAB_dettheta
New 2-d histogram: MBegamABdc_dettheta
New 1-d histogram: mult
New 1-d histogram: mult_ab
New 1-d histogram: MBmult
New 1-d histogram: MBmult_ab
  0.0 % done	0.0 events/s infs to go New 2-d histogram: GRmult_emitted_detected
New 1-d histogram: GRegam
New 1-d histogram: GRegamdc
New 2-d histogram: GRegam_mult
New 2-d histogram: GRegamdc_mult
New 1-d histogram: GRegam_emitted_diff
New 2-d histogram: GRegam_emitted_detected
New 2-d histogram: GRegam_dettheta
New 2-d histogram: GRegamdc_dettheta
New 2-d histogram: GRposxy
New 2-d histogram: GRposxz
New 2-d histogram: GRposyz
New 1-d histogram: GRpos_phi
New 1-d histogram: GRpos_theta
New 2-d histogram: GRpos_phi_theta
New 1-d histogram: GRegamAB
New 1-d histogram: GRegamABdc
New 2-d histogram: GRegamAB_mult
New 2-d histogram: GRegamABdc_mult
New 1-d histogram: GRegamAB_emitted_diff
New 2-d histogram: GRegamAB_emitted_detected
New 2-d histogram: GRegamAB_dettheta
New 2-d histogram: GRegamABdc_dettheta
New 1-d histogram: GRmult
New 1-d histogram: GRmult_ab
New 2-d histogram: egamegam
New 2-d histogram: MBegamMBegam
New 2-d histogram: egamegamdc
New 2-d histogram: MBegamMBegamdc
New 2-d histogram: GRegamMBegam
New 2-d histogram: GRegamMBegamdc
New 2-d histogram: egamegamAB
New 2-d histogram: GRegamMBegamAB
New 2-d histogram: egamegamABdc
New 2-d histogram: GRegamMBegamABdc
New 2-d histogram: MBegamMBegamAB
New 2-d histogram: MBegamMBegamABdc
New 2-d histogram: GRegamGRegam
New 2-d histogram: GRegamGRegamdc
New 2-d histogram: GRegamGRegamAB
New 2-d histogram: GRegamGRegamABdc

writing histograms to file
Run time 0.8 s.
input file(s):
root/mo83_130keV_6000evt_lowlevel.root
output file: coin/mo83_130keV_6000evt_lowlevel.root
creating outputfile 
MB : 128.453
MB : 127.932
MB : 134.228
MB : 130.992
GR : 129.878
GR : 129.11
MB : 124.653
MB : 126.941
MB : 130.971
GR : 130.382
MB : 0
GR : 85.6655
GR : 103.146
GR : 129.178
MB : 56.2635
MB : 126.28
GR : 126.468
MB : 131.021
GR : 130.872
GR : 98.2691
MB : 131.357
MB : 126.791
MB : 129.757
GR : 129.501
GR : 132.1
GR : 130.997
MB : 134.599
MB : 129.083
MB : 130.166
GR : 128.706
GR : 67.9108
GR : 130.837
GR : 101.296
MB : 130.516
MB : 128.91
MB : 135.507
GR : 103.398
MB : 129.686
MB : 131.295
MB : 129.134
MB : 129.209
MB : 0
MB : 95.2431
MB : 130.516
MB : 130.173
MB : 127.494
GR : 129.933
MB : 0
MB : 127.664
MB : 131.438
GR : 128.88
GR : 129.975
MB : 127.614
GR : 129.737
GR : 128.474
MB : 126.645
GR : 129.767
GR : 128.298
MB : 131.808
MB : 128.451
GR : 0
GR : 0
GR : 0
MB : 0
MB : 131.559
MB : 128.791
MB : 130.504
MB : 132.794
MB : 53.307
GR : 130.334
MB : 74.7165
MB : 128.735
GR : 130.07
MB : 130.682
MB : 131.931
GR : 131.473
GR : 129.759
MB : 128.344
MB : 132.502
MB : 131.653
MB : 126.777
MB : 131.299
MB : 0
GR : 0
GR : 132.761
MB : 126.974
MB : 131.135
MB : 113.35
GR : 126.612
GR : 88.893
GR : 129.671
GR : 128.689
MB : 132.05
MB : 135.314
MB : 129.916
MB : 130.166
MB : 0
MB : 99.9619
MB : 128.895
MB : 126.85
MB : 133.442
GR : 130.172
MB : 128.484
MB : 127.696
MB : 130.191
GR : 101.75
MB : 127.288
GR : 132.3
MB : 0
MB : 131.404
MB : 126.286
MB : 129.749
MB : 133.711
GR : 0
MB : 0
GR : 130.264
GR : 110.735
GR : 67.5049
MB : 54.9913
GR : 100.669
MB : 127.085
GR : 127.385
GR : 133.02
MB : 130.3
MB : 126.63
GR : 0
MB : 0
MB : 129.8
MB : 100.74
MB : 132.376
GR : 132.017
MB : 0
MB : 0
MB : 102.767
MB : 131.548
GR : 128.856
MB : 123.762
MB : 53.5989
GR : 129.508
GR : 130.258
MB : 91.9589
MB : 130.742
GR : 121.555
MB : 130.088
MB : 128.526
GR : 112.54
GR : 0
GR : 131.903
MB : 130.609
MB : 129.449
GR : 102.552
MB : 131.358
GR : 131.516
MB : 86.8348
MB : 130.203
MB : 133.233
GR : 91.4011
GR : 129.26
MB : 128.219
GR : 127.159
GR : 129.293
GR : 121.301
MB : 129.997
GR : 0
GR : 131.11
MB : 129.037
GR : 129.718
MB : 128.784
GR : 95.1965
MB : 129.735
MB : 131.66
MB : 0
GR : 130.429
MB : 128.221
MB : 130.458
GR : 130.387
MB : 130.608
MB : 111.025
GR : 128.694
MB : 133.317
GR : 133.09
MB : 127.063
MB : 129.366
MB : 0
GR : 129.157
GR : 131.581
GR : 129.851
GR : 132.293
MB : 130.228
GR : 130.747
GR : 128.036
MB : 130.873
MB : 134.901
MB : 130.518
GR : 0
GR : 87.7961
GR : 0
MB : 127.607
GR : 59.5415
MB : 102.161
MB : 95.5097
MB : 120.3
MB : 0
GR : 127.79
GR : 129.634
MB : 131.007
GR : 128.943
GR : 128.044
GR : 129.363
GR : 103.353
MB : 128.611
GR : 130.619
GR : 0
GR : 93.4597
MB : 0
MB : 85.4277
MB : 138.569
MB : 128.651
MB : 128.516
GR : 131.794
MB : 128.072
MB : 129.626
MB : 74.8454
GR : 133.393
GR : 130.316
GR : 75.1008
MB : 0
MB : 130.86
GR : 129.746
GR : 78.5261
MB : 0
MB : 126.408
GR : 100.958
MB : 0
MB : 111.958
MB : 0
MB : 76.5787
MB : 53.5421
MB : 131.312
MB : 129.549
GR : 129.32
GR : 132.222
MB : 128.403
MB : 130.717
GR : 127.931
MB : 129.3
MB : 0
MB : 129.402
GR : 131.713
MB : 0
MB : 131.027
MB : 133.466
MB : 126.816
MB : 86.1437
MB : 128.078
GR : 123.973
MB : 0
MB : 106.597
MB : 130.418
MB : 129.377
MB : 84.8066
GR : 128.259
MB : 0
MB : 130.082
GR : 131.545
GR : 0
MB : 0
MB : 61.0343
GR : 130.35
GR : 129.877
GR : 128.819
MB : 132.266
GR : 128.891
MB : 128.244
MB : 137.786
GR : 131.661
MB : 118.096
GR : 127.729
GR : 128.364
GR : 126.649
MB : 95.8602
GR : 0
MB : 128.514
MB : 129.398
MB : 84.6077
GR : 0
MB : 128.373
GR : 128.585
GR : 80.584
MB : 55.1572
GR : 132.131
MB : 130.467
MB : 52.4901
MB : 129.855
GR : 128.654
MB : 50.1562
MB : 127.63
MB : 128.657
MB : 77.9469
MB : 127.939
MB : 131.993
GR : 131.244
GR : 134.441
GR : 108.387
MB : 78.3901
GR : 87.5424
MB : 128.057
GR : 132.525
MB : 129.079
MB : 131.764
GR : 130.04
MB : 123.769
MB : 132.572
GR : 128.663
MB : 90.1512
MB : 130.083
GR : 129.069
MB : 119.694
MB : 129.301
MB : 130.989
MB : 0
MB : 75.8403
GR : 97.9953
MB : 132.778
GR : 108.778
MB : 0
MB : 126.701
MB : 129.161
MB : 80.4916
GR : 127.856
MB : 0
MB : 130.34
MB : 129.505
MB : 130.811
GR : 129.393
GR : 127.895
MB : 130.883
MB : 130.174
GR : 109.993
GR : 90.9443
MB : 132.161
MB : 131.665
GR : 131.832
MB : 69.7789
MB : 127.409
GR : 129.545
MB : 0
GR : 129.588
GR : 87.5335
MB : 129.835
GR : 0
MB : 93.3992
MB : 128.29
GR : 131.343
GR : 108.571
MB : 0
MB : 0
MB : 128.606
MB : 65.2099
MB : 67.5033
MB : 66.9607
MB : 63.0128
MB : 131.317
MB : 60.375
MB : 131.515
GR : 132.864
GR : 89.842
MB : 0
GR : 130.139
MB : 129.592
GR : 128.707
MB : 128.595
GR : 127.046
MB : 94.8382
GR : 131.068
MB : 132.444
MB : 130.569
MB : 127.444
MB : 130.812
MB : 131.145
MB : 0
MB : 100.498
GR : 127.844
GR : 126.136
GR : 0
GR : 132.556
GR : 131.35
GR : 127.105
GR : 130.072
GR : 118.049
MB : 128.778
GR : 129.626
GR : 129.369
GR : 84.3125
MB : 128.668
GR : 131.464
MB : 130.285
MB : 131.194
MB : 125.781
GR : 131.03
MB : 130.745
GR : 129.162
MB : 129.799
MB : 126.661
GR : 0
MB : 133.29
GR : 0
MB : 132.192
MB : 132.684
GR : 0
GR : 0
MB : 75.2968
MB : 132.859
MB : 130.638
GR : 130.325
GR : 128.272
MB : 130.716
MB : 123.99
GR : 132.151
GR : 130.178
GR : 121.653
GR : 129.374
GR : 0
MB : 129.406
MB : 130.367
GR : 132.282
MB : 126.616
MB : 128.778
MB : 124.744
GR : 132.124
MB : 130.965
GR : 134.706
GR : 129.326
MB : 116.989
MB : 127.502
MB : 124.754
GR : 131.28
MB : 126.607
GR : 128.689
GR : 109.377
MB : 129.696
GR : 130.598
MB : 128.596
MB : 109.756
MB : 128.795
GR : 132.527
GR : 129.262
GR : 128.79
MB : 131.586
MB : 128.837
MB : 130.534
GR : 128.964
MB : 131.509
MB : 133.837
GR : 0
MB : 119.503
MB : 131.345
MB : 129.19
GR : 130.616
GR : 0
GR : 129.587
MB : 131.349
GR : 0
GR : 128.572
MB : 129.268
GR : 126.106
GR : 85.3862
MB : 87.879
MB : 70.4959
MB : 128.834
MB : 53.4104
MB : 85.4156
MB : 129.884
MB : 129.266
GR : 129.324
GR : 0
MB : 57.7767
GR : 0
MB : 130.165
MB : 129.111
MB : 124.913
GR : 127.066
MB : 79.8352
MB : 129.465
MB : 132.12
MB : 128.397
GR : 130.425
MB : 0
GR : 130.479
GR : 127.196
GR : 0
GR : 77.2774
GR : 0
MB : 130.021
MB : 130.698
MB : 125.23
MB : 130.013
GR : 129.578
MB : 136.724
MB : 130.72
MB : 0
MB : 73.812
GR : 131.142
GR : 131.428
MB : 131.193
MB : 62.2401
GR : 127.758
MB : 0
GR : 115.768
MB : 61.9897
GR : 129.45
GR : 131.656
MB : 128.455
MB : 130.286
GR : 113.384
MB : 0
GR : 0
GR : 0
MB : 131.709
MB : 127.783
MB : 130.784
MB : 130.262
GR : 133.388
MB : 132.553
MB : 132.332
GR : 88.8454
GR : 0
MB : 130.923
GR : 112.685
MB : 80.9313
MB : 122.01
GR : 131.342
GR : 71.7641
GR : 134.937
MB : 129.272
MB : 0
MB : 130.438
MB : 77.8283
MB : 129.229
GR : 139.491
GR : 129.523
MB : 129.939
GR : 131.904
GR : 131.996
GR : 131.314
MB : 130.27
GR : 130.591
GR : 130.882
MB : 0
MB : 115.201
MB : 0
GR : 129.395
GR : 129.841
MB : 0
MB : 130.376
MB : 107.689
MB : 112.532
MB : 112.957
MB : 73.5015
GR : 96.4972
GR : 128.19
MB : 131.852
MB : 128.305
GR : 132.093
MB : 0
MB : 134.901
MB : 132.119
MB : 132.337
GR : 127.074
MB : 51.7891
GR : 85.3984
MB : 134.711
MB : 96.4222
MB : 128.669
GR : 129.486
MB : 128.93
GR : 129.765
GR : 130.299
GR : 137.323
MB : 130.956
MB : 131.454
GR : 130.288
GR : 126.885
MB : 128.978
MB : 131.298
MB : 130.967
MB : 132.687
MB : 84.8225
GR : 82.7128
GR : 65.4298
MB : 69.3979
MB : 137.938
GR : 0
MB : 128.275
GR : 128.67
MB : 130.447
MB : 127.848
MB : 135.575
GR : 129.386
MB : 55.0281
MB : 127.901
MB : 126.744
GR : 124.812
MB : 127.912
GR : 55.582
GR : 132.645
GR : 0
GR : 133.244
MB : 0
GR : 135.92
MB : 129.103
GR : 130.929
MB : 132.433
MB : 126.463
MB : 131.039
GR : 0
GR : 111.969
GR : 90.8247
GR : 79.3504
GR : 130.658
GR : 127.895
GR : 130.365
MB : 111.872
GR : 130.376
MB : 130.11
MB : 129.525
GR : 0
MB : 128.584
MB : 0
GR : 0
GR : 0
MB : 127.069
GR : 130.905
GR : 0
MB : 126.854
MB : 0
GR : 130.536
GR : 131.172
MB : 135.308
MB : 132.518
MB : 129.321
MB : 87.1185
GR : 0
MB : 128.406
MB : 0
MB : 128.075
MB : 131.8
GR : 128.249
GR : 130.181
MB : 128.289
MB : 0
GR : 129.197
GR : 129.257
MB : 129.696
MB : 128.539
GR : 133.471
MB : 0
GR : 129.888
GR : 130.834
MB : 132.958
MB : 131.077
GR : 0
MB : 131.517
MB : 129.913
GR : 0
MB : 72.723
MB : 71.3308
MB : 0
MB : 135.181
MB : 68.2406
MB : 0
GR : 128.938
GR : 130.084
GR : 130.492
GR : 0
MB : 118.754
MB : 127.628
GR : 131.312
GR : 89.7559
MB : 0
GR : 85.2229
MB : 129.698
MB : 129.442
GR : 128.933
MB : 127.574
MB : 108.279
GR : 57.5023
GR : 86.7136
GR : 64.8822
GR : 131.035
MB : 132.377
MB : 130.728
GR : 132.72
GR : 129.65
MB : 131.283
MB : 130.89
GR : 0
GR : 128.681
MB : 129.143
GR : 129.963
MB : 129.975
GR : 134.848
GR : 130.353
MB : 90.4506
GR : 129.583
MB : 131.114
GR : 131.553
GR : 127.989
MB : 109.297
GR : 131.51
MB : 131.106
GR : 99.1454
MB : 0
MB : 132.919
GR : 128.224
MB : 129.636
MB : 131.609
MB : 129.251
GR : 0
MB : 49.846
GR : 128.609
GR : 59.9652
MB : 127.973
MB : 131.07
MB : 84.6545
MB : 131.378
MB : 70.4089
GR : 130.728
GR : 128.528
MB : 122.681
GR : 131.608
MB : 131.886
GR : 130.374
MB : 87.6822
GR : 107.007
GR : 76.4879
MB : 88.2652
MB : 91.5612
MB : 129.705
MB : 130.51
MB : 97.3791
GR : 0
MB : 128.664
GR : 0
MB : 89.4355
GR : 129.374
MB : 82.8467
MB : 131.441
MB : 130
MB : 126.276
MB : 113.094
GR : 129.864
GR : 129.438
GR : 80.4266
MB : 130.615
GR : 129.167
GR : 79.8187
GR : 101.275
GR : 129.268
MB : 95.029
GR : 129.243
GR : 132.492
MB : 130.497
GR : 128.836
MB : 128.018
GR : 127.804
MB : 79.9894
MB : 130.32
MB : 99.9839
MB : 128.111
MB : 130.077
GR : 129.901
MB : 86.409
MB : 0
MB : 0
MB : 113.85
GR : 0
MB : 94.8165
MB : 132.328
GR : 0
MB : 128.853
MB : 116.114
GR : 0
GR : 90.9137
MB : 51.3201
MB : 133.721
MB : 128.095
GR : 82.4568
MB : 132.837
MB : 0
MB : 0
GR : 111.703
MB : 68.7228
GR : 105.403
GR : 60.9969
GR : 128.652
MB : 72.0712
MB : 81.9697
MB : 128.982
MB : 127.486
MB : 129.414
MB : 130.824
MB : 66.6487
GR : 130.378
MB : 128.168
MB : 83.1147
MB : 129.01
GR : 0
GR : 0
MB : 119.773
GR : 130.205
MB : 0
MB : 84.1696
GR : 128.96
GR : 130.873
GR : 0
MB : 129.038
GR : 129.918
GR : 129.97
MB : 97.9637
GR : 127.814
GR : 128.255
GR : 131.619
GR : 127.014
MB : 131.053
MB : 129.258
MB : 127.294
GR : 0
GR : 134.375
MB : 80.5074
MB : 111.09
GR : 130.865
MB : 133.133
MB : 67.1947
MB : 129.308
MB : 121.597
GR : 107.873
MB : 74.3616
MB : 0
GR : 129.281
MB : 68.2956
GR : 129.143
MB : 129.776
MB : 133.811
GR : 128.373
GR : 128.919
MB : 0
MB : 50.9101
GR : 90.5627
MB : 129.201
MB : 129.998
GR : 130.755
GR : 132.383
MB : 127.95
MB : 129.161
GR : 128.807
MB : 130.387
MB : 132.426
GR : 129.518
MB : 126.367
GR : 132.326
MB : 130.03
MB : 129.564
MB : 126.724
MB : 131.208
MB : 69.5451
MB : 102.926
GR : 129.547
MB : 131.128
MB : 0
MB : 95.1443
MB : 121.707
MB : 135.824
MB : 133.797
GR : 130.636
MB : 128.627
MB : 0
MB : 60.5154
MB : 0
GR : 129.439
MB : 131.495
MB : 130.069
MB : 107.061
MB : 130.272
MB : 129.353
MB : 130.378
GR : 121.795
GR : 130.128
MB : 130.272
GR : 128.126
MB : 72.4337
MB : 130.24
MB : 82.7651
GR : 132.404
MB : 127.995
GR : 130.867
GR : 129.354
GR : 129.39
MB : 132.834
MB : 127.359
GR : 87.9494
MB : 131.272
GR : 100.108
GR : 129.353
MB : 133.604
GR : 0
GR : 127.341
GR : 117.083
GR : 101.815
GR : 129.951
MB : 115.265
GR : 66.4568
MB : 130.778
MB : 125.854
GR : 128.7
MB : 56.2973
GR : 130.921
GR : 129.457
GR : 0
MB : 131.36
GR : 131.358
MB : 110.792
MB : 131.483
MB : 128.142
GR : 64.0004
MB : 56.6079
MB : 130.481
GR : 97.6737
MB : 0
MB : 129.019
GR : 130.764
MB : 0
MB : 127.545
MB : 129.512
MB : 69.7321
MB : 130.337
GR : 130.896
MB : 130.763
GR : 132.987
MB : 0
MB : 70.1677
MB : 127.114
GR : 131.62
MB : 0
MB : 101.827
GR : 128.157
GR : 130.375
GR : 0
GR : 136.662
MB : 131.729
GR : 136.964
MB : 133.049
MB : 130.562
MB : 131.056
MB : 76.9848
GR : 130.196
GR : 90.3988
MB : 131.586
MB : 132.502
GR : 0
GR : 128.684
MB : 130.61
MB : 128.209
MB : 125.663
GR : 130.996
MB : 0
GR : 129.347
MB : 110.232
MB : 132.959
GR : 130.965
MB : 125.459
GR : 131.839
MB : 130.183
MB : 0
MB : 116.287
GR : 69.2242
GR : 138.666
MB : 129.875
GR : 129.684
MB : 0
MB : 0
MB : 130.268
MB : 0
MB : 130.658
MB : 0
MB : 0
MB : 131.022
GR : 130.679
MB : 116.68
GR : 101.756
GR : 129.084
MB : 128.679
MB : 128.648
GR : 0
MB : 126.334
MB : 0
MB : 128.008
GR : 130.017
MB : 131.625
MB : 129.962
GR : 130.715
MB : 128.887
MB : 124.737
GR : 0
GR : 131.391
MB : 76.3658
GR : 129.8
MB : 71.2711
GR : 78.5246
MB : 81.549
MB : 132.218
MB : 131.422
GR : 76.8308
GR : 135.202
GR : 130.053
MB : 53.1842
GR : 136.801
GR : 128.174
GR : 0
GR : 130.298
MB : 0
MB : 73.0226
GR : 129.739
GR : 130.279
MB : 129.977
GR : 127.239
MB : 128.056
GR : 131.496
GR : 129.763
MB : 0
GR : 129.528
GR : 131.335
GR : 131.427
GR : 129.799
MB : 130.944
GR : 130.586
MB : 0
MB : 0
MB : 129.41
MB : 125.726
MB : 85.075
MB : 0
MB : 131.631
GR : 81.788
MB : 126.339
GR : 122.054
GR : 130.758
MB : 127.082
MB : 131.271
MB : 130.545
GR : 134.17
GR : 129.492
GR : 134.253
MB : 129.357
MB : 131.866
GR : 131.583
MB : 129.287
GR : 130.887
GR : 0
GR : 132.296
GR : 130.197
MB : 0
MB : 129.827
MB : 0
MB : 128.967
MB : 130.746
GR : 128.892
GR : 125.96
GR : 134.263
MB : 0
MB : 100.966
MB : 129.238
MB : 128.515
MB : 129.155
MB : 78.4171
MB : 46.0284
MB : 84.3569
GR : 113.148
MB : 90.0707
GR : 130.751
GR : 129.369
MB : 129.919
MB : 131.866
GR : 130.173
GR : 131.234
MB : 108.194
GR : 0
GR : 131.665
GR : 85.3975
GR : 133.26
MB : 128.965
MB : 126.825
MB : 76.0879
GR : 68.9455
GR : 128.994
GR : 127.204
GR : 127.994
MB : 129.194
MB : 129.261
MB : 130.525
MB : 130.686
MB : 127.899
GR : 92.6338
MB : 76.9316
GR : 129.858
MB : 129.745
GR : 0
MB : 97.1079
GR : 129.63
GR : 95.0058
MB : 131.409
GR : 131.839
GR : 128.458
MB : 127.373
GR : 0
MB : 88.7388
MB : 125.454
GR : 67.3769
MB : 131.262
GR : 130.858
GR : 131.75
MB : 0
MB : 130.656
MB : 106.713
MB : 0
MB : 121.502
GR : 0
GR : 129.808
GR : 128.552
MB : 127.528
MB : 130.5
GR : 132.305
GR : 130.504
GR : 127.831
MB : 132.337
GR : 0
MB : 61.6346
GR : 63.2051
MB : 120.121
MB : 72.5596
MB : 127.093
MB : 130.036
GR : 77.5298
GR : 129.355
GR : 130.584
MB : 129.978
MB : 0
MB : 65.6211
MB : 71.2447
GR : 0
MB : 100.558
MB : 119.017
MB : 0
MB : 133.606
GR : 128.41
MB : 131.532
MB : 0
MB : 131.156
MB : 49.3062
MB : 80.1754
GR : 129.345
MB : 102.887
MB : 129.944
MB : 131.217
MB : 127.217
GR : 0
GR : 83.5505
MB : 130.945
MB : 131.974
MB : 133.238
MB : 130.219
GR : 0
GR : 88.5323
GR : 126.782
MB : 131.472
MB : 64.8937
GR : 130.857
MB : 128.689
MB : 128.875
GR : 130.646
MB : 128.807
MB : 60.7173
MB : 130.963
MB : 128.055
GR : 0
MB : 131.253
MB : 132.133
MB : 129.517
MB : 129.576
GR : 135.838
MB : 62.9239
MB : 130.387
MB : 131.035
MB : 110.264
GR : 130.855
MB : 130.107
GR : 129.566
GR : 128.855
MB : 131.056
GR : 62.9133
MB : 129.128
MB : 59.516
GR : 127.145
GR : 131.453
MB : 0
MB : 133.705
GR : 131.195
GR : 54.2377
MB : 133.068
MB : 90.691
GR : 131.575
MB : 128.963
GR : 104.956
GR : 129.178
MB : 129.723
GR : 132.967
MB : 131.231
MB : 127.174
MB : 72.2902
MB : 0
GR : 112.439
MB : 131.474
MB : 131.739
GR : 129.746
GR : 0
GR : 127.983
MB : 103.125
GR : 134.337
GR : 128.077
MB : 131.952
MB : 86.8945
GR : 130.939
GR : 105.226
GR : 133.712
MB : 129.851
MB : 130.645
MB : 128.869
GR : 130.069
MB : 95.2895
GR : 135.039
MB : 0
GR : 128.748
GR : 129.622
GR : 131.047
MB : 129.271
MB : 128.882
GR : 0
MB : 130.595
MB : 126.478
MB : 134.171
GR : 132.498
GR : 129.292
MB : 0
MB : 101.469
MB : 131.258
GR : 129.158
GR : 62.297
GR : 109.624
MB : 132.671
MB : 122.286
MB : 130.549
MB : 127.641
MB : 132.34
GR : 126.704
GR : 129.672
MB : 63.1656
MB : 59.7626
GR : 88.8735
GR : 126.581
GR : 131.704
MB : 131.592
MB : 128.945
MB : 127.387
MB : 129.637
GR : 128.159
MB : 129.536
MB : 133.631
GR : 123.399
MB : 99.5705
GR : 0
MB : 129.924
MB : 0
MB : 110.163
GR : 99.4711
MB : 130.446
MB : 132.376
MB : 129.86
MB : 131.492
MB : 123.814
MB : 0
MB : 82.1598
MB : 124.71
MB : 129.262
MB : 96.6815
MB : 128.54
MB : 131.143
MB : 128.18
MB : 131.157
MB : 126.115
MB : 118.397
MB : 87.7891
GR : 0
MB : 65.5222
MB : 0
GR : 130.992
MB : 91.0868
GR : 129.744
MB : 128.912
GR : 0
GR : 129.653
MB : 130.932
MB : 111.264
GR : 129.73
MB : 126.056
MB : 129.446
MB : 129.879
MB : 130.797
GR : 0
MB : 127.445
MB : 98.0202
MB : 132.942
MB : 128.565
GR : 79.1554
MB : 98.9174
GR : 129.856
GR : 119.658
MB : 113.828
GR : 133.998
GR : 127.821
GR : 129.671
GR : 131.748
MB : 133.065
MB : 131.917
GR : 129.242
MB : 94.302
MB : 129.818
MB : 129.359
GR : 129.638
MB : 131.642
GR : 130.133
GR : 0
GR : 129.32
MB : 127.653
MB : 128.999
MB : 128.094
MB : 0
MB : 130.472
MB : 131.941
MB : 105.725
GR : 87.715
MB : 57.8784
MB : 126.922
MB : 0
GR : 131.742
GR : 69.5239
MB : 130.964
MB : 131.759
MB : 129.203
GR : 132.194
GR : 131.071
MB : 129.327
MB : 129.78
GR : 0
GR : 96.1574
GR : 118.468
GR : 83.9571
MB : 76.1627
GR : 91.2038
MB : 0
GR : 0
GR : 92.3507
MB : 128.785
GR : 131.272
GR : 134.189
GR : 130.781
MB : 0
MB : 0
MB : 132.31
MB : 68.5892
MB : 130.154
MB : 128.615
GR : 132.255
MB : 130.919
GR : 128.468
GR : 128.759
MB : 133.048
MB : 93.5207
GR : 129.032
GR : 129.797
GR : 0
MB : 130.719
MB : 129.913
MB : 83.9612
MB : 128.957
GR : 129.842
MB : 95.8683
MB : 130.255
MB : 127.61
GR : 0
GR : 0
GR : 125.487
GR : 127.24
MB : 51.631
MB : 124.248
GR : 130.79
MB : 0
GR : 0
MB : 46.9144
MB : 102.023
MB : 133.483
GR : 129.337
MB : 50.6293
GR : 90.538
MB : 0
MB : 131.221
GR : 128.375
MB : 131.272
GR : 133.97
MB : 89.4787
MB : 130.339
MB : 137.19
GR : 101.108
MB : 132.702
GR : 61.9566
GR : 127.298
GR : 0
MB : 130.707
MB : 129.037
MB : 71.3038
GR : 136.556
GR : 88.6323
MB : 131.133
MB : 126.273
MB : 57.6927
GR : 129.677
GR : 0
MB : 0
MB : 82.5668
GR : 130.391
MB : 128.2
GR : 114.378
MB : 127.287
MB : 0
MB : 131.557
MB : 127.873
MB : 129.142
MB : 124.71
GR : 108.854
GR : 0
MB : 82.6101
MB : 128.115
MB : 130.136
MB : 57.491
MB : 129.259
GR : 127.982
MB : 129.915
GR : 133.044
MB : 132.665
MB : 0
GR : 125.993
MB : 126.692
MB : 129.686
MB : 130.472
GR : 128.987
MB : 130.095
MB : 66.8397
MB : 115.136
MB : 0
GR : 130.9
MB : 128.229
MB : 80.6837
GR : 130.834
MB : 131.63
MB : 127.913
MB : 61.0859
MB : 130.248
GR : 129.825
GR : 129.444
MB : 125.083
GR : 133.215
MB : 60.1161
MB : 126.749
MB : 0
MB : 128.091
GR : 131.349
GR : 129.636
MB : 0
GR : 0
MB : 0
MB : 120.566
MB : 94.7987
MB : 130.563
GR : 0
MB : 87.1834
MB : 106.684
GR : 130.537
MB : 91.1395
GR : 128.254
GR : 129.809
GR : 0
GR : 99.8984
GR : 71.1135
MB : 130.152
GR : 132.04
GR : 128.988
GR : 130.118
GR : 129.168
MB : 128.156
GR : 127.56
MB : 0
MB : 107.162
GR : 129.166
GR : 126.062
MB : 0
MB : 95.2006
MB : 138.306
GR : 130.208
MB : 129.073
MB : 129.081
GR : 128.534
MB : 130.566
GR : 129.105
MB : 130.193
MB : 132.929
MB : 130.764
GR : 128.83
MB : 128.789
MB : 131.922
MB : 130.93
MB : 125.593
MB : 131.738
GR : 105.963
GR : 126.026
MB : 128.343
MB : 99.2048
GR : 129.618
MB : 127.538
MB : 108.35
MB : 127.171
GR : 126.804
MB : 130.805
MB : 130.248
MB : 131.058
GR : 130.454
MB : 129.53
MB : 0
GR : 130.948
MB : 90.4825
MB : 0
MB : 128.948
MB : 133.517
GR : 131.892
MB : 0
MB : 130.066
GR : 0
MB : 87.9159
MB : 124.292
GR : 127.819
GR : 116.204
MB : 131.925
GR : 82.6244
MB : 0
MB : 131.27
MB : 127.572
MB : 129.49
MB : 133.162
MB : 80.4765
GR : 130.484
MB : 130.173
GR : 98.3902
MB : 86.2051
GR : 131.719
GR : 129.179
MB : 102.386
GR : 130.908
GR : 129.142
GR : 0
MB : 70.8635
MB : 132.083
MB : 80.2858
MB : 42.0371
GR : 130.439
MB : 131.315
MB : 75.3532
GR : 132.757
MB : 133.399
GR : 99.5158
MB : 0
MB : 85.6598
GR : 131.076
GR : 132.912
GR : 132.367
MB : 129.126
MB : 130.255
MB : 132.27
MB : 91.6929
GR : 132.183
GR : 0
MB : 105.53
MB : 0
GR : 133.156
GR : 101.582
MB : 129.398
MB : 133.125
MB : 0
MB : 128.072
GR : 128.663
GR : 0
GR : 129.984
MB : 0
MB : 129.875
MB : 100.443
GR : 135.021
MB : 0
MB : 116.858
MB : 120.221
GR : 130.025
MB : 130.23
MB : 132.843
MB : 131.37
GR : 127.565
MB : 55.5561
MB : 129.257
GR : 116.053
MB : 126.595
MB : 93.3059
MB : 128.036
GR : 133.457
MB : 0
GR : 122.146
GR : 127.947
GR : 130.851
GR : 130.033
MB : 131.845
GR : 132.127
GR : 126.821
GR : 129.134
MB : 101.932
MB : 132.038
GR : 0
GR : 89.5851
MB : 127.787
GR : 132.737
MB : 65.1509
MB : 129.541
GR : 110.753
MB : 132.188
MB : 117.351
MB : 128.066
MB : 0
MB : 90.5504
MB : 130.354
GR : 128.639
MB : 127.051
GR : 128.193
MB : 47.8114
MB : 92.218
MB : 113.869
GR : 130.222
MB : 129.039
MB : 105.937
MB : 131.447
GR : 0
GR : 75.6168
MB : 129.59
MB : 106.834
MB : 126.437
GR : 128.566
MB : 130.092
GR : 98.3357
GR : 130.344
MB : 126.62
GR : 64.6643
GR : 63.7872
GR : 110.734
MB : 131.754
GR : 128.028
GR : 128.498
GR : 120.523
MB : 57.1071
GR : 128.749
MB : 129.949
MB : 129.062
GR : 129.575
GR : 112.963
MB : 93.5038
MB : 131.094
MB : 129.245
MB : 92.847
MB : 50.7294
GR : 0
GR : 136.807
MB : 0
MB : 127.833
GR : 130.332
GR : 131.811
MB : 128.782
MB : 129.732
MB : 0
MB : 89.7463
MB : 128.494
MB : 132.368
GR : 128.174
MB : 128.779
GR : 75.381
MB : 95.0571
MB : 130.053
GR : 125.824
MB : 65.0006
GR : 0
MB : 128.431
GR : 123.673
GR : 128.557
MB : 127.3
MB : 129.657
GR : 128.679
MB : 130.13
MB : 0
GR : 133.941
MB : 126.152
MB : 120.162
MB : 130.43
MB : 129.764
GR : 102.285
GR : 116.514
GR : 131.728
MB : 128.601
GR : 129.617
MB : 55.6441
GR : 132.263
MB : 0
MB : 110.508
GR : 129.986
MB : 129.361
GR : 130.578
MB : 127.571
MB : 0
MB : 129.243
MB : 128.18
MB : 0
GR : 130.949
MB : 102.657
MB : 77.2179
MB : 128.367
MB : 0
MB : 130.601
MB : 128.354
GR : 129.402
MB : 128.589
MB : 133.652
MB : 132.101
MB : 129.79
MB : 131.33
GR : 68.7405
MB : 0
MB : 90.8061
