simulating 6000 events with energy 251

**************************************************************
 Geant4 version Name: geant4-10-04-patch-03 [MT]   (8-February-2019)
                       Copyright : Geant4 Collaboration
                      References : NIM A 506 (2003), 250-303
                                 : IEEE-TNS 53 (2006), 270-278
                                 : NIM A 835 (2016), 186-225
                             WWW : http://geant4.org/
**************************************************************

Instantiating DetectorConstruction ...
... Done
Construct incoming and outgoing beams
... Done
Event Action
... Done
Primary Generator
... Done
Run Action
... Done
Tracking Action
... Done
Stepping Action
... Done
Stacking Action
... Done
Starting visualization...*** Initializing runManager
### G4EmStandard_opt4 Construct Processes 
*** Initialized runManager
newValue 
newValue 
 ----> The capsules will be generated.
setting beam pipe -------------------------------------------------------
0---------------------------->1
1---------------------------->1
construct target

Reading description of crystals from file asolid ...
6 polyhedra for a total of 72 vertex points read.

Reading description of clusters from file aclust ...
 Read 4 cluster description for a total of 13 individual solids.

Reading description of walls from file awalls ...
58 polyhedra for a total of 544 vertex points read.

Reading Euler angles from file aeuler ...
11 Euler angles read.
 Reading slice planes from file aslice

Reading slicing planes from data file aslice

----> The crystals material is Germanium

----> The wall material is Al

----> The back wall material is BackWallMaterial

----> The hole material is G4_Galactic

----> The cryostat material is Al

Generating crystals ... 
0, colx 1, coly 1, colz 0

  Total Ge volume (geCapsPolyPcone00)     = 369.516 cm3
    Back dead layer volume (gePassB00)     = 4.95043 cm3
    Coaxial dead layer volume (geTubsC00) = 11.7814 cm3

1, colx 1, coly 0, colz 1

  Total Ge volume (geCapsPolyPcone01)     = 385.488 cm3
    Back dead layer volume (gePassB01)     = 4.94789 cm3
    Coaxial dead layer volume (geTubsC01) = 11.7655 cm3

2, colx 1, coly 0, colz 0

  Total Ge volume (geCapsPolyPcone02)     = 378.326 cm3
    Back dead layer volume (gePassB02)     = 2.47678 cm3
    Coaxial dead layer volume (geTubsC02) = 1.59236 cm3

3, colx 0, coly 1, colz 0

  Total Ge volume (geCapsPolyPcone03)     = 384.936 cm3
    Back dead layer volume (gePassB03)     = 2.47381 cm3
    Coaxial dead layer volume (geTubsC03) = 1.58711 cm3

WARNING - gePoly04 point [ 1 +  1]/2 is   0.165765 mm outside plane  2
WARNING - gePoly04 point [ 1 +  1]/2 is   0.004058 mm outside plane  3
WARNING - gePoly04 point [ 1 +  6]/2 is   0.165765 mm outside plane  2
WARNING - gePoly04 point [ 1 +  8]/2 is   0.004058 mm outside plane  3
WARNING - gePoly04 point [ 3 +  3]/2 is   0.019978 mm outside plane  4
WARNING - gePoly04 point [ 3 +  3]/2 is   0.049876 mm outside plane  5
WARNING - gePoly04 point [ 3 +  8]/2 is   0.019978 mm outside plane  4
WARNING - gePoly04 point [ 3 + 10]/2 is   0.049876 mm outside plane  5
WARNING - gePoly04 point [ 5 +  5]/2 is   0.097001 mm outside plane  7
WARNING - gePoly04 point [ 5 +  6]/2 is   0.097001 mm outside plane  7
WARNING - gePoly04 point [ 6 +  6]/2 is   0.165765 mm outside plane  2
WARNING - gePoly04 point [ 6 +  6]/2 is   0.097001 mm outside plane  7
WARNING - gePoly04 point [ 8 +  8]/2 is   0.004058 mm outside plane  3
WARNING - gePoly04 point [ 8 +  8]/2 is   0.019978 mm outside plane  4
WARNING - gePoly04 point [10 + 10]/2 is   0.049876 mm outside plane  5
4, colx 0, coly 0, colz 1

  Total Ge volume (geCapsPolyPcone04)     = 380.837304 cm3
    Back dead layer volume (gePassB04)     = 2.477019 cm3
    Coaxial dead layer volume (geTubsC04) = 1.588971 cm3

5, colx 1, coly 1, colz 1

  Total Ge volume (geCapsPolyPcone05)     = 255.816077 cm3
    Back dead layer volume (gePassB05)     = 1.846901 cm3
    Coaxial dead layer volume (geTubsC05) = 1.753152 cm3

Number of generated crystals is 6

Generating walls ... 
WARNING - wlPoly00 point [ 0 +  0]/2 is   0.003914 mm outside plane  2
WARNING - wlPoly00 point [ 0 +  7]/2 is   0.003914 mm outside plane  2
WARNING - wlPoly00 point [ 1 +  1]/2 is   0.003618 mm outside plane  3
WARNING - wlPoly00 point [ 1 +  8]/2 is   0.003618 mm outside plane  3
WARNING - wlPoly00 point [ 2 +  2]/2 is   0.000863 mm outside plane  4
WARNING - wlPoly00 point [ 2 +  9]/2 is   0.000863 mm outside plane  4
WARNING - wlPoly00 point [ 3 +  3]/2 is   0.000611 mm outside plane  5
WARNING - wlPoly00 point [ 3 + 10]/2 is   0.000611 mm outside plane  5
WARNING - wlPoly00 point [ 5 +  5]/2 is   0.002633 mm outside plane  6
WARNING - wlPoly00 point [ 5 +  5]/2 is   0.002535 mm outside plane  7
WARNING - wlPoly00 point [ 5 +  6]/2 is   0.002535 mm outside plane  7
WARNING - wlPoly00 point [ 5 + 10]/2 is   0.002633 mm outside plane  6
WARNING - wlPoly00 point [ 6 +  6]/2 is   0.002535 mm outside plane  7
WARNING - wlPoly00 point [ 6 +  8]/2 is   0.014201 mm outside plane  1
WARNING - wlPoly00 point [ 6 + 10]/2 is   0.014201 mm outside plane  1
WARNING - wlPoly00 point [ 7 +  7]/2 is   0.003914 mm outside plane  2
WARNING - wlPoly00 point [ 7 +  8]/2 is   0.026083 mm outside plane  1
WARNING - wlPoly00 point [ 7 + 10]/2 is   0.026084 mm outside plane  1
WARNING - wlPoly00 point [ 8 +  8]/2 is   0.056427 mm outside plane  1
WARNING - wlPoly00 point [ 8 +  8]/2 is   0.003618 mm outside plane  3
WARNING - wlPoly00 point [ 8 + 10]/2 is   0.056428 mm outside plane  1
WARNING - wlPoly00 point [ 8 + 11]/2 is   0.028139 mm outside plane  1
WARNING - wlPoly00 point [ 9 +  9]/2 is   0.000863 mm outside plane  4
WARNING - wlPoly00 point [10 + 10]/2 is   0.056429 mm outside plane  1
WARNING - wlPoly00 point [10 + 10]/2 is   0.000611 mm outside plane  5
WARNING - wlPoly00 point [10 + 10]/2 is   0.002633 mm outside plane  6
WARNING - wlPoly00 point [10 + 11]/2 is   0.028139 mm outside plane  1
WARNING - wlPoly00 point [ 1 +  1]/2 is   0.004389 mm outside plane  2
WARNING - wlPoly00 point [ 1 +  6]/2 is   0.004389 mm outside plane  2
WARNING - wlPoly00 point [ 2 +  2]/2 is   0.006061 mm outside plane  3
WARNING - wlPoly00 point [ 2 +  7]/2 is   0.006061 mm outside plane  3
WARNING - wlPoly00 point [ 3 +  3]/2 is   0.003541 mm outside plane  4
WARNING - wlPoly00 point [ 3 +  3]/2 is   0.000101 mm outside plane  5
WARNING - wlPoly00 point [ 3 +  8]/2 is   0.003541 mm outside plane  4
WARNING - wlPoly00 point [ 3 + 10]/2 is   0.000101 mm outside plane  5
WARNING - wlPoly00 point [ 4 +  4]/2 is   0.003430 mm outside plane  6
WARNING - wlPoly00 point [ 4 + 11]/2 is   0.003430 mm outside plane  6
WARNING - wlPoly00 point [ 5 +  5]/2 is   0.003232 mm outside plane  7
WARNING - wlPoly00 point [ 5 +  6]/2 is   0.003232 mm outside plane  7
WARNING - wlPoly00 point [ 6 +  6]/2 is   0.004389 mm outside plane  2
WARNING - wlPoly00 point [ 6 +  6]/2 is   0.003232 mm outside plane  7
WARNING - wlPoly00 point [ 7 +  7]/2 is   0.006061 mm outside plane  3
WARNING - wlPoly00 point [ 8 +  8]/2 is   0.003541 mm outside plane  4
WARNING - wlPoly00 point [10 + 10]/2 is   0.000101 mm outside plane  5
WARNING - wlPoly00 point [11 + 11]/2 is   0.003430 mm outside plane  6
WARNING - wlPoly00 point [ 1 +  1]/2 is   0.000844 mm outside plane  2
WARNING - wlPoly00 point [ 1 +  6]/2 is   0.000844 mm outside plane  2
WARNING - wlPoly00 point [ 2 +  2]/2 is   0.004245 mm outside plane  3
WARNING - wlPoly00 point [ 2 +  7]/2 is   0.004245 mm outside plane  3
WARNING - wlPoly00 point [ 3 +  3]/2 is   0.003645 mm outside plane  4
WARNING - wlPoly00 point [ 3 +  3]/2 is   0.000100 mm outside plane  5
WARNING - wlPoly00 point [ 3 +  8]/2 is   0.003645 mm outside plane  4
WARNING - wlPoly00 point [ 3 + 10]/2 is   0.000100 mm outside plane  5
WARNING - wlPoly00 point [ 4 +  4]/2 is   0.003330 mm outside plane  6
WARNING - wlPoly00 point [ 4 + 11]/2 is   0.003330 mm outside plane  6
WARNING - wlPoly00 point [ 5 +  5]/2 is   0.005238 mm outside plane  7
WARNING - wlPoly00 point [ 5 +  6]/2 is   0.005238 mm outside plane  7
WARNING - wlPoly00 point [ 6 +  6]/2 is   0.000844 mm outside plane  2
WARNING - wlPoly00 point [ 6 +  6]/2 is   0.005238 mm outside plane  7
WARNING - wlPoly00 point [ 7 +  7]/2 is   0.004245 mm outside plane  3
WARNING - wlPoly00 point [ 8 +  8]/2 is   0.003645 mm outside plane  4
WARNING - wlPoly00 point [10 + 10]/2 is   0.000100 mm outside plane  5
WARNING - wlPoly00 point [11 + 11]/2 is   0.003330 mm outside plane  6
WARNING - wlPoly00 point [ 0 +  0]/2 is   0.001022 mm outside plane  2
WARNING - wlPoly00 point [ 0 +  7]/2 is   0.001022 mm outside plane  2
WARNING - wlPoly00 point [ 1 +  1]/2 is   0.003617 mm outside plane  3
WARNING - wlPoly00 point [ 1 +  8]/2 is   0.003617 mm outside plane  3
WARNING - wlPoly00 point [ 2 +  2]/2 is   0.000907 mm outside plane  4
WARNING - wlPoly00 point [ 2 +  9]/2 is   0.000907 mm outside plane  4
WARNING - wlPoly00 point [ 4 +  4]/2 is   0.003634 mm outside plane  5
WARNING - wlPoly00 point [ 4 +  9]/2 is   0.003634 mm outside plane  5
WARNING - wlPoly00 point [ 5 +  5]/2 is   0.002632 mm outside plane  6
WARNING - wlPoly00 point [ 5 +  5]/2 is   0.000592 mm outside plane  7
WARNING - wlPoly00 point [ 5 +  6]/2 is   0.000592 mm outside plane  7
WARNING - wlPoly00 point [ 5 + 10]/2 is   0.002632 mm outside plane  6
WARNING - wlPoly00 point [ 6 +  6]/2 is   0.000592 mm outside plane  7
WARNING - wlPoly00 point [ 7 +  7]/2 is   0.001022 mm outside plane  2
WARNING - wlPoly00 point [ 8 +  8]/2 is   0.003617 mm outside plane  3
WARNING - wlPoly00 point [ 9 +  9]/2 is   0.000907 mm outside plane  4
WARNING - wlPoly00 point [ 9 +  9]/2 is   0.003634 mm outside plane  5
WARNING - wlPoly00 point [10 + 10]/2 is   0.002632 mm outside plane  6
Number of generated walls is 58

Generating the capsules ... 
WARNING - vaPoly04 point [ 1 +  1]/2 is   0.165765 mm outside plane  2
WARNING - vaPoly04 point [ 1 +  1]/2 is   0.004058 mm outside plane  3
WARNING - vaPoly04 point [ 1 +  6]/2 is   0.165765 mm outside plane  2
WARNING - vaPoly04 point [ 1 +  8]/2 is   0.004058 mm outside plane  3
WARNING - vaPoly04 point [ 3 +  3]/2 is   0.019978 mm outside plane  4
WARNING - vaPoly04 point [ 3 +  3]/2 is   0.049876 mm outside plane  5
WARNING - vaPoly04 point [ 3 +  8]/2 is   0.019978 mm outside plane  4
WARNING - vaPoly04 point [ 3 + 10]/2 is   0.049876 mm outside plane  5
WARNING - vaPoly04 point [ 5 +  5]/2 is   0.097001 mm outside plane  7
WARNING - vaPoly04 point [ 5 +  6]/2 is   0.097001 mm outside plane  7
WARNING - vaPoly04 point [ 6 +  6]/2 is   0.165765 mm outside plane  2
WARNING - vaPoly04 point [ 6 +  6]/2 is   0.097001 mm outside plane  7
WARNING - vaPoly04 point [ 8 +  8]/2 is   0.004058 mm outside plane  3
WARNING - vaPoly04 point [ 8 +  8]/2 is   0.019978 mm outside plane  4
WARNING - vaPoly04 point [10 + 10]/2 is   0.049876 mm outside plane  5
WARNING - caPoly04 point [ 1 +  1]/2 is   0.165765 mm outside plane  2
WARNING - caPoly04 point [ 1 +  1]/2 is   0.004058 mm outside plane  3
WARNING - caPoly04 point [ 1 +  6]/2 is   0.165765 mm outside plane  2
WARNING - caPoly04 point [ 1 +  8]/2 is   0.004058 mm outside plane  3
WARNING - caPoly04 point [ 3 +  3]/2 is   0.019978 mm outside plane  4
WARNING - caPoly04 point [ 3 +  3]/2 is   0.049876 mm outside plane  5
WARNING - caPoly04 point [ 3 +  8]/2 is   0.019978 mm outside plane  4
WARNING - caPoly04 point [ 3 + 10]/2 is   0.049876 mm outside plane  5
WARNING - caPoly04 point [ 5 +  5]/2 is   0.097001 mm outside plane  7
WARNING - caPoly04 point [ 5 +  6]/2 is   0.097001 mm outside plane  7
WARNING - caPoly04 point [ 6 +  6]/2 is   0.165765 mm outside plane  2
WARNING - caPoly04 point [ 6 +  6]/2 is   0.097001 mm outside plane  7
WARNING - caPoly04 point [ 8 +  8]/2 is   0.004058 mm outside plane  3
WARNING - caPoly04 point [ 8 +  8]/2 is   0.019978 mm outside plane  4
WARNING - caPoly04 point [10 + 10]/2 is   0.049876 mm outside plane  5
Number of generated capsules is 6

Building the clusters ...
 Cluster #0
  Solid    1          61.75      9.72    -75.44      0.79     -3.02     18.23
  Solid    0         147.07     16.37     16.70      4.99      1.50     17.75
  Solid    1          61.75      9.72    104.56     -0.79      3.02     18.23
  Solid    0         147.07     16.37   -163.30     -4.99     -1.50     17.75
  Wall     0           0.00      0.00      0.00      0.00      0.00      0.00
  Wall     1           0.00      0.00      0.00      0.00      0.00      0.00
  Wall     2           0.00      0.00      0.00      0.00      0.00      0.00
  Wall     3           0.00      0.00      0.00      0.00      0.00      0.00
  Wall     4           0.00      0.00      0.00      0.00      0.00      0.00
  Wall     5           0.00      0.00      0.00      0.00      0.00      0.00
  Wall     6           0.00      0.00      0.00      0.00      0.00      0.00
  Wall     7           0.00      0.00      0.00      0.00      0.00      0.00
  Wall     8           0.00      0.00      0.00      0.00      0.00      0.00
  Wall     9           0.00      0.00      0.00      0.00      0.00      0.00
  Wall    10           0.00      0.00      0.00      0.00      0.00      0.00
  Wall    11           0.00      0.00      0.00      0.00      0.00      0.00
  Wall    12           0.00      0.00      0.00      0.00      0.00      0.00
  Wall    13           0.00      0.00      0.00      0.00      0.00      0.00
  Wall    14           0.00      0.00      0.00      0.00      0.00      0.00
  Wall    15           0.00      0.00      0.00      0.00      0.00      0.00
  Wall    16           0.00      0.00      0.00      0.00      0.00      0.00
  Wall    17           0.00      0.00      0.00      0.00      0.00      0.00
  Wall    18           0.00      0.00      0.00      0.00      0.00      0.00
  Wall    19           0.00      0.00      0.00      0.00      0.00      0.00
  Wall    20           0.00      0.00      0.00      0.00      0.00      0.00
  Wall    21           0.00      0.00      0.00      0.00      0.00      0.00
 Cluster #1
  Solid    1          61.75      9.72    -75.44      0.79     -3.02     18.23
  Solid    0         147.07     16.37     16.70      4.99      1.50     17.75
  Solid    1          61.75      9.72    104.56     -0.79      3.02     18.23
 Cluster #2
  Solid    2        -179.73      9.42     -2.94      3.49     -0.16     -4.41
  Solid    3         177.23      9.42    115.42     -1.39      3.30     -4.42
  Solid    4        -178.71      9.42   -120.42     -1.73     -3.09     -4.42
  Wall     3           0.00      0.00      0.00      0.00      0.00      0.00
  Wall     4           0.00      0.00      0.00      0.00      0.00      0.00
  Wall     5           0.00      0.00      0.00      0.00      0.00      0.00
  Wall     6           0.00      0.00      0.00      0.00      0.00      0.00
  Wall     7           0.00      0.00      0.00      0.00      0.00      0.00
  Wall     8           0.00      0.00      0.00      0.00      0.00      0.00
  Wall     9           0.00      0.00      0.00      0.00      0.00      0.00
  Wall    10           0.00      0.00      0.00      0.00      0.00      0.00
  Wall    11           0.00      0.00      0.00      0.00      0.00      0.00
  Wall    12           0.00      0.00      0.00      0.00      0.00      0.00
  Wall    13           0.00      0.00      0.00      0.00      0.00      0.00
  Wall    14           0.00      0.00      0.00      0.00      0.00      0.00
  Wall    15           0.00      0.00      0.00      0.00      0.00      0.00
  Wall    16           0.00      0.00      0.00      0.00      0.00      0.00
  Wall    17           0.00      0.00      0.00      0.00      0.00      0.00
  Wall    18           0.00      0.00      0.00      0.00      0.00      0.00
  Wall    19           0.00      0.00      0.00      0.00      0.00      0.00
  Wall    20           0.00      0.00      0.00      0.00      0.00      0.00
 Cluster #3
  Solid    5           0.00      4.51      0.00      3.59      0.00     -0.28
  Solid    5           0.00      4.51    120.00     -1.79      3.10     -0.28
  Solid    5           0.00      4.51    240.00     -1.79     -3.10     -0.28
  Wall     2           0.00      0.00      0.00      0.00      0.00      0.00
  Wall     3           0.00      0.00      0.00      0.00      0.00      0.00
  Wall     4           0.00      0.00      0.00      0.00      0.00      0.00
  Wall     5           0.00      0.00      0.00      0.00      0.00      0.00
  Wall    10           0.00      0.00      0.00      0.00      0.00      0.00
  Wall    11           0.00      0.00      0.00      0.00      0.00      0.00
  Wall    12           0.00      0.00      0.00      0.00      0.00      0.00
  Wall    13           0.00      0.00      0.00      0.00      0.00      0.00
  Wall    18           0.00      0.00      0.00      0.00      0.00      0.00
  Wall    19           0.00      0.00      0.00      0.00      0.00      0.00
  Wall    20           0.00      0.00      0.00      0.00      0.00      0.00
  Wall    21           0.00      0.00      0.00      0.00      0.00      0.00
  Wall     0           0.00      0.00      0.00      0.00      0.00      0.00
  Wall     1           0.00      0.00      0.00      0.00      0.00      0.00
  Wall     8           0.00      0.00      0.00      0.00      0.00      0.00
  Wall     9           0.00      0.00      0.00      0.00      0.00      0.00
  Wall    16           0.00      0.00      0.00      0.00      0.00      0.00
  Wall    17           0.00      0.00      0.00      0.00      0.00      0.00

Placing clusters ... 
0 nEuler = 11 pCa whichClus = 0
indexP 0
   0    0    0        0     90.00     65.00    -20.00     -4.26      1.55     -2.11
1 nEuler = 11 pCa whichClus = 1
indexP 1004
   1    1    1     1004      0.00     65.00    -90.00      0.00      4.53     -2.11
2 nEuler = 11 pCa whichClus = 2
indexP 100400
   2  100    2   100400     60.00     65.00   -150.00    -15.70     -9.06      8.45
3 nEuler = 11 pCa whichClus = 3
indexP 200800
   3  200    3   200800      0.00     30.00      0.00     11.00      0.00     19.05
4 nEuler = 11 pCa whichClus = 3
indexP 201804
   4  201    3   201804     60.00     30.00     60.00      5.50      9.53     19.05
5 nEuler = 11 pCa whichClus = 3
indexP 202808
   5  202    3   202808    120.00     30.00    120.00     -5.50      9.53     19.05
6 nEuler = 11 pCa whichClus = 3
indexP 203812
   6  203    3   203812    180.00     30.00    180.00    -11.00      0.00     19.05
7 nEuler = 11 pCa whichClus = 3
indexP 204816
   7  204    3   204816    240.00     30.00    240.00     -5.50     -9.53     19.05
8 nEuler = 11 pCa whichClus = 3
indexP 205820
   8  205    3   205820    300.00     30.00    300.00      5.50     -9.53     19.05
9 nEuler = 11 pCa whichClus = 3
indexP 206824
   9  206    3   206824      0.00     65.00     60.00      9.06     15.70      8.45
10 nEuler = 11 pCa whichClus = 3
indexP 207828
  10  207    3   207828    150.00     65.00    150.00    -15.70      9.06      8.45
Number of placed clusters is 11  [ 1 1 1 8 ]
Cluster  Index ranging from 0 to 207
Detector Index ranging from 0 to 831

Number of placed walls is 184

The equivalent shell extends from 13.592083 cm to 30.020266 cm


Generating segments for the ReadOut geometry... 
 144 segments
 144 segments
 144 segments
 144 segments
 144 segments
 24 segments
 --> Total number of generated sub-segments (4 sub-segments per segment) is 744 [ 144 144 144 144 144 24 ]

Checking consistency of segments ...
all OK
newValue 
----> Target material set to     MINOS
----> Target thickness is set to 5.000000 cm 
----> Target position is set to 0.000000 fm , 0.000000 fm , -10.000000 cm , 
----> Beam Tube outer radius set to 9.600000 cm 
----> Beam Tube inner radius set to 9.100000 cm 
----> Beam Tube length set to 30.000000 cm 
----> Beam Tube shift set to -10.000000 cm 
----> setting Thickness of shield
----> Thickness of shield0 set to -1.000000 mm 
----> setting Thickness of shield
----> Thickness of shield1 set to -1.000000 mm 
----> Z of the incoming beam set to  42
----> A of the incoming beam set to  84
----> Kin. En. of the incoming beam set to 17.892000 GeV
----> KE per nucleon of the incoming beam set to 213.000000 MeV
----> momentum acceptance for the incoming beam set to  0.000000
----> focal point X position for the incoming beam set to  0.000000 fm 
----> focal point DX size for the incoming beam set to  0.000000 fm 
----> focal point Y position for the incoming beam set to  0.000000 fm 
----> focal point DY size for the incoming beam set to  0.000000 fm 
----> focal point Z position for the incoming beam set to  -50.000000 cm 
----> dispersive direction angular divergence for the incoming beam set to  0.000000 mrad = 0.000000 deg
----> non dispersive direction angular divergence for the incoming beam set to  0.000000 mrad = 0.000000 deg
AddPrivateData done
----> Delta A for the outgoing beam-like product set to -1
----> Delta Z for the outgoing beam-like product set to 0
----> Target A (for kinematics calculations) is set to 1
----> Target Z (for kinematics calculations) is set to 1
----> Excitation energy of the outgoing beam set to 251.000000 keV
----> Target excitation energy set to 0.000000 eV 
----> Mass of the incoming beam is 78169.644564 MeV
----> Mass of the target is 938.272013 MeV
----> Mass of the outgoing beam-like reaction product is 77245.966536 MeV
----> Mass of the outgoing target-like reaction product is 1875.613000 MeV
----> Sigma for ata distribution set to 0.000000
----> Sigma for bta distribution set to 0.000000

--- G4ParticleDefinition ---
 Particle Name : proton
 PDG particle code : 2212 [PDG anti-particle code: -2212]
 Mass [GeV/c2] : 0.938272     Width : 0.000000
 Lifetime [nsec] : -1.000000
 Charge [e]: 1.000000
 Spin : 1/2
 Parity : 1
 Charge conjugation : 0
 Isospin : (I,Iz): (1/2 , 1/2 ) 
 GParity : 0
 MagneticMoment [MeV/T] : 0.000000
 Quark contents     (d,u,s,c,b,t) : 1, 2, 0, 0, 0, 0
 AntiQuark contents               : 0, 0, 0, 0, 0, 0
 Lepton number : 0 Baryon number : 1
 Particle type : baryon [nucleon]
 Atomic Number : 1  Atomic Mass : 1
 Stable : stable

--- G4ParticleDefinition ---
 Particle Name : GenericIon
 PDG particle code : 0 [PDG anti-particle code: 0]
 Mass [GeV/c2] : 0.938272     Width : 0.000000
 Lifetime [nsec] : -1.000000
 Charge [e]: 1.000000
 Spin : 1/2
 Parity : 1
 Charge conjugation : 0
 Isospin : (I,Iz): (1/2 , 1/2 ) 
 GParity : 0
 Quark contents     (d,u,s,c,b,t) : 0, 0, 0, 0, 0, 0
 AntiQuark contents               : 0, 0, 0, 0, 0, 0
 Lepton number : 0 Baryon number : 1
 Particle type : nucleus [generic]
 Atomic Number : 1  Atomic Mass : 1
 Stable : stable

--- G4ParticleDefinition ---
 Particle Name : deuteron
 PDG particle code : 1000010020 [PDG anti-particle code: -1000010020]
 Mass [GeV/c2] : 1.875613     Width : 0.000000
 Lifetime [nsec] : -1.000000
 Charge [e]: 1.000000
 Spin : 2/2
 Parity : 1
 Charge conjugation : 0
 Isospin : (I,Iz): (0/2 , 0/2 ) 
 GParity : 0
 MagneticMoment [MeV/T] : 0.000000
 Quark contents     (d,u,s,c,b,t) : 3, 3, 0, 0, 0, 0
 AntiQuark contents               : 0, 0, 0, 0, 0, 0
 Lepton number : 0 Baryon number : 2
 Particle type : nucleus [static]
 Atomic Number : 1  Atomic Mass : 2
 Stable : stable

--- G4ParticleDefinition ---
 Particle Name : triton
 PDG particle code : 1000010030 [PDG anti-particle code: -1000010030]
 Mass [GeV/c2] : 2.808921     Width : 0.000000
 Lifetime [nsec] : 388523520000000000.000000
 Charge [e]: 1.000000
 Spin : 1/2
 Parity : 1
 Charge conjugation : 0
 Isospin : (I,Iz): (0/2 , 0/2 ) 
 GParity : 0
 MagneticMoment [MeV/T] : 0.000000
 Quark contents     (d,u,s,c,b,t) : 4, 5, 0, 0, 0, 0
 AntiQuark contents               : 0, 0, 0, 0, 0, 0
 Lepton number : 0 Baryon number : 3
 Particle type : nucleus [static]
 Atomic Number : 1  Atomic Mass : 3
 Stable : stable

--- G4ParticleDefinition ---
 Particle Name : He3
 PDG particle code : 1000020030 [PDG anti-particle code: -1000020030]
 Mass [GeV/c2] : 2.808391     Width : 0.000000
 Lifetime [nsec] : -1.000000
 Charge [e]: 2.000000
 Spin : 1/2
 Parity : 1
 Charge conjugation : 0
 Isospin : (I,Iz): (0/2 , 0/2 ) 
 GParity : 0
 MagneticMoment [MeV/T] : -0.000000
 Quark contents     (d,u,s,c,b,t) : 5, 4, 0, 0, 0, 0
 AntiQuark contents               : 0, 0, 0, 0, 0, 0
 Lepton number : 0 Baryon number : 3
 Particle type : nucleus [static]
 Atomic Number : 2  Atomic Mass : 3
 Stable : stable

--- G4ParticleDefinition ---
 Particle Name : alpha
 PDG particle code : 1000020040 [PDG anti-particle code: -1000020040]
 Mass [GeV/c2] : 3.727379     Width : 0.000000
 Lifetime [nsec] : -1.000000
 Charge [e]: 2.000000
 Spin : 0/2
 Parity : 1
 Charge conjugation : 0
 Isospin : (I,Iz): (0/2 , 0/2 ) 
 GParity : 0
 Quark contents     (d,u,s,c,b,t) : 6, 6, 0, 0, 0, 0
 AntiQuark contents               : 0, 0, 0, 0, 0, 0
 Lepton number : 0 Baryon number : 4
 Particle type : nucleus [static]
 Atomic Number : 2  Atomic Mass : 4
 Stable : stable

--- G4ParticleDefinition ---
 Particle Name : Mo83
 PDG particle code : 1000420830 [PDG anti-particle code: 0]
 Mass [GeV/c2] : 77.245967     Width : 0.000000
 Lifetime [nsec] : 577078000.000000
 Charge [e]: 42.000000
 Spin : 99/2
 Parity : 1
 Charge conjugation : 0
 Isospin : (I,Iz): (0/2 , 0/2 ) 
 GParity : 0
 Quark contents     (d,u,s,c,b,t) : 125, 124, 0, 0, 0, 0
 AntiQuark contents               : 0, 0, 0, 0, 0, 0
 Lepton number : 0 Baryon number : 83
 Particle type : nucleus [generic]
 Atomic Number : 42  Atomic Mass : 83
 Stable : unstable -- lifetime = 577.078000 ms
  Decay table should be consulted to G4RadioactiveDecayProcess.

--- G4ParticleDefinition ---
 Particle Name : Mo83[130.000]
 PDG particle code : 1000420839 [PDG anti-particle code: 0]
 Mass [GeV/c2] : 77.246097     Width : 0.000000
 Lifetime [nsec] : 0.000000
 Charge [e]: 42.000000
 Spin : 0/2
 Parity : 1
 Charge conjugation : 0
 Isospin : (I,Iz): (0/2 , 0/2 ) 
 GParity : 0
 Quark contents     (d,u,s,c,b,t) : 125, 124, 0, 0, 0, 0
 AntiQuark contents               : 0, 0, 0, 0, 0, 0
 Lepton number : 0 Baryon number : 83
 Particle type : nucleus [generic]
 Atomic Number : 42  Atomic Mass : 83
 Stable : unstable -- lifetime = 0.000000 ps
  Decay table should be consulted to G4RadioactiveDecayProcess.

--- G4ParticleDefinition ---
 Particle Name : Mo83[229.000]
 PDG particle code : 1000420839 [PDG anti-particle code: 0]
 Mass [GeV/c2] : 77.246196     Width : 0.000000
 Lifetime [nsec] : 0.000000
 Charge [e]: 42.000000
 Spin : 0/2
 Parity : 1
 Charge conjugation : 0
 Isospin : (I,Iz): (0/2 , 0/2 ) 
 GParity : 0
 Quark contents     (d,u,s,c,b,t) : 125, 124, 0, 0, 0, 0
 AntiQuark contents               : 0, 0, 0, 0, 0, 0
 Lepton number : 0 Baryon number : 83
 Particle type : nucleus [generic]
 Atomic Number : 42  Atomic Mass : 83
 Stable : unstable -- lifetime = 0.000000 ps
  Decay table should be consulted to G4RadioactiveDecayProcess.

--- G4ParticleDefinition ---
 Particle Name : Mo83[251.000]
 PDG particle code : 1000420839 [PDG anti-particle code: 0]
 Mass [GeV/c2] : 77.246218     Width : 0.000000
 Lifetime [nsec] : 0.000000
 Charge [e]: 42.000000
 Spin : 0/2
 Parity : 1
 Charge conjugation : 0
 Isospin : (I,Iz): (0/2 , 0/2 ) 
 GParity : 0
 Quark contents     (d,u,s,c,b,t) : 125, 124, 0, 0, 0, 0
 AntiQuark contents               : 0, 0, 0, 0, 0, 0
 Lepton number : 0 Baryon number : 83
 Particle type : nucleus [generic]
 Atomic Number : 42  Atomic Mass : 83
 Stable : unstable -- lifetime = 0.000000 ps
  Decay table should be consulted to G4RadioactiveDecayProcess.

--- G4ParticleDefinition ---
 Particle Name : Mo83[380.000]
 PDG particle code : 1000420839 [PDG anti-particle code: 0]
 Mass [GeV/c2] : 77.246347     Width : 0.000000
 Lifetime [nsec] : 0.000000
 Charge [e]: 42.000000
 Spin : 0/2
 Parity : 1
 Charge conjugation : 0
 Isospin : (I,Iz): (0/2 , 0/2 ) 
 GParity : 0
 Quark contents     (d,u,s,c,b,t) : 125, 124, 0, 0, 0, 0
 AntiQuark contents               : 0, 0, 0, 0, 0, 0
 Lepton number : 0 Baryon number : 83
 Particle type : nucleus [generic]
 Atomic Number : 42  Atomic Mass : 83
 Stable : unstable -- lifetime = 0.000000 ps
  Decay table should be consulted to G4RadioactiveDecayProcess.

--- G4ParticleDefinition ---
 Particle Name : Mo83[642.000]
 PDG particle code : 1000420839 [PDG anti-particle code: 0]
 Mass [GeV/c2] : 77.246609     Width : 0.000000
 Lifetime [nsec] : 0.000000
 Charge [e]: 42.000000
 Spin : 0/2
 Parity : 1
 Charge conjugation : 0
 Isospin : (I,Iz): (0/2 , 0/2 ) 
 GParity : 0
 Quark contents     (d,u,s,c,b,t) : 125, 124, 0, 0, 0, 0
 AntiQuark contents               : 0, 0, 0, 0, 0, 0
 Lepton number : 0 Baryon number : 83
 Particle type : nucleus [generic]
 Atomic Number : 42  Atomic Mass : 83
 Stable : unstable -- lifetime = 0.000000 ps
  Decay table should be consulted to G4RadioactiveDecayProcess.

--- G4ParticleDefinition ---
 Particle Name : Mo84
 PDG particle code : 1000420840 [PDG anti-particle code: 0]
 Mass [GeV/c2] : 78.169645     Width : 0.000000
 Lifetime [nsec] : 3318199000.000000
 Charge [e]: 42.000000
 Spin : 0/2
 Parity : 1
 Charge conjugation : 0
 Isospin : (I,Iz): (0/2 , 0/2 ) 
 GParity : 0
 Quark contents     (d,u,s,c,b,t) : 126, 126, 0, 0, 0, 0
 AntiQuark contents               : 0, 0, 0, 0, 0, 0
 Lepton number : 0 Baryon number : 84
 Particle type : nucleus [generic]
 Atomic Number : 42  Atomic Mass : 84
 Stable : unstable -- lifetime = 3.318199 s 
  Decay table should be consulted to G4RadioactiveDecayProcess.
----> Target material set to  MINOS
----> Target density:         0.076140 g/cm3
----> Target radius is set to 2.500000 cm 
----> Target thickness is set to 5.000000 cm 
----> Number of simulation steps in the target is set to 20
----> Exp. Hall material set to     G4_Galactic
----> Exp. Hall X length is set to 8.000000 m  
----> Exp. Hall Y length is set to 8.000000 m  
----> Exp. Hall Z length is set to 8.000000 m  

Opened mode 2 Output file: data/mo83_251keV_6000evt_lowlevel.dat

### ===  Deexcitation model UAtomDeexcitation is activated for 1 region:
          DefaultRegionForTheWorld  1  1  0
### ===  Auger cascade flag: 1
### ===  Ignore cuts flag:   0

phot:   for  gamma    SubType= 12  BuildTable= 0
      LambdaPrime table from 200.000000 keV to 10.000000 TeV in 154 bins 
      ===== EM models for the G4Region  DefaultRegionForTheWorld ======
 LivermorePhElectric :  Emin= 0.000000 eV    Emax= 10.000000 TeV   AngularGenSauterGavrila  FluoActive

compt:   for  gamma    SubType= 13  BuildTable= 1
      Lambda table from 100.000000 eV  to 1.000000 MeV, 20 bins per decade, spline: 1
      LambdaPrime table from 1.000000 MeV to 10.000000 TeV in 140 bins 
      ===== EM models for the G4Region  DefaultRegionForTheWorld ======
   LowEPComptonModel :  Emin= 0.000000 eV    Emax= 20.000000 MeV  FluoActive
        KleinNishina :  Emin= 20.000000 MeV   Emax= 10.000000 TeV  FluoActive

conv:   for  gamma    SubType= 14  BuildTable= 1
      Lambda table from 1.021998 MeV to 10.000000 TeV, 20 bins per decade, spline: 1
      ===== EM models for the G4Region  DefaultRegionForTheWorld ======
       PenConversion :  Emin= 0.000000 eV    Emax= 80.000000 GeV
     BetheHeitlerLPM :  Emin= 80.000000 GeV   Emax= 10.000000 TeV

Rayl:   for  gamma    SubType= 11  BuildTable= 1
      Lambda table from 100.000000 eV  to 100.000000 keV, 20 bins per decade, spline: 0
      LambdaPrime table from 100.000000 keV to 10.000000 TeV in 160 bins 
      ===== EM models for the G4Region  DefaultRegionForTheWorld ======
   LivermoreRayleigh :  Emin= 0.000000 eV    Emax= 10.000000 TeV   CullenGenerator

msc:   for e-    SubType= 10
      RangeFactor= 0.200000, stepLimitType: 2, latDisplacement: 1
      ===== EM models for the G4Region  DefaultRegionForTheWorld ======
  GoudsmitSaunderson :  Emin= 0.000000 eV    Emax= 100.000000 MeV  Table with 120 bins Emin= 100.000000 eV    Emax= 100.000000 MeV
        WentzelVIUni :  Emin= 100.000000 MeV   Emax= 10.000000 TeV  Table with 100 bins Emin= 100.000000 MeV   Emax= 10.000000 TeV

eIoni:   for  e-    SubType= 2
      dE/dx and range tables from 100.000000 eV  to 10.000000 TeV in 220 bins
      Lambda tables from threshold to 10.000000 TeV, 20 bins per decade, spline: 1
      finalRange(mm)= 0.010000, dRoverRange= 0.200000, integral: 1, fluct: 1, linLossLimit= 0.010000
      ===== EM models for the G4Region  DefaultRegionForTheWorld ======
             PenIoni :  Emin= 0.000000 eV    Emax= 1.000000 MeV
        MollerBhabha :  Emin= 1.000000 MeV   Emax= 10.000000 TeV   deltaVI
      ===== Limit on energy threshold has been applied 

eBrem:   for  e-    SubType= 3
      dE/dx and range tables from 100.000000 eV  to 10.000000 TeV in 220 bins
      Lambda tables from threshold to 10.000000 TeV, 20 bins per decade, spline: 1
      LPM flag: 1 for E > 1.000000 GeV,  VertexHighEnergyTh(GeV)= 100000.000000
      ===== EM models for the G4Region  DefaultRegionForTheWorld ======
             eBremSB :  Emin= 0.000000 eV    Emax= 1.000000 GeV   AngularGen2BS
            eBremLPM :  Emin= 1.000000 GeV   Emax= 10.000000 TeV   AngularGen2BS

ePairProd:   for  e-    SubType= 4
      dE/dx and range tables from 100.000000 eV  to 10.000000 TeV in 220 bins
      Lambda tables from threshold to 10.000000 TeV, 20 bins per decade, spline: 1
      Sampling table 21x1001; from 0.100000 GeV to 10.000000 TeV 
      ===== EM models for the G4Region  DefaultRegionForTheWorld ======
          muPairProd :  Emin= 0.000000 eV    Emax= 10.000000 TeV

CoulombScat:   for  e-, integral: 1     SubType= 1  BuildTable= 1
      Lambda table from 100.000000 MeV to 10.000000 TeV, 20 bins per decade, spline: 1
      ThetaMin(p) < Theta(degree) < 180; pLimit(GeV^1)= 0.139531
      ===== EM models for the G4Region  DefaultRegionForTheWorld ======
  eCoulombScattering :  Emin= 100.000000 MeV   Emax= 10.000000 TeV

msc:   for e+    SubType= 10
      RangeFactor= 0.200000, stepLimitType: 2, latDisplacement: 1
      ===== EM models for the G4Region  DefaultRegionForTheWorld ======
  GoudsmitSaunderson :  Emin= 0.000000 eV    Emax= 100.000000 MeV  Table with 120 bins Emin= 100.000000 eV    Emax= 100.000000 MeV
        WentzelVIUni :  Emin= 100.000000 MeV   Emax= 10.000000 TeV  Table with 100 bins Emin= 100.000000 MeV   Emax= 10.000000 TeV

eIoni:   for  e+    SubType= 2
      dE/dx and range tables from 100.000000 eV  to 10.000000 TeV in 220 bins
      Lambda tables from threshold to 10.000000 TeV, 20 bins per decade, spline: 1
      finalRange(mm)= 0.010000, dRoverRange= 0.200000, integral: 1, fluct: 1, linLossLimit= 0.010000
      ===== EM models for the G4Region  DefaultRegionForTheWorld ======
             PenIoni :  Emin= 0.000000 eV    Emax= 1.000000 MeV
        MollerBhabha :  Emin= 1.000000 MeV   Emax= 10.000000 TeV   deltaVI
      ===== Limit on energy threshold has been applied 

eBrem:   for  e+    SubType= 3
      dE/dx and range tables from 100.000000 eV  to 10.000000 TeV in 220 bins
      Lambda tables from threshold to 10.000000 TeV, 20 bins per decade, spline: 1
      LPM flag: 1 for E > 1.000000 GeV,  VertexHighEnergyTh(GeV)= 100000.000000
      ===== EM models for the G4Region  DefaultRegionForTheWorld ======
             eBremSB :  Emin= 0.000000 eV    Emax= 1.000000 GeV   AngularGen2BS
            eBremLPM :  Emin= 1.000000 GeV   Emax= 10.000000 TeV   AngularGen2BS

ePairProd:   for  e+    SubType= 4
      dE/dx and range tables from 100.000000 eV  to 10.000000 TeV in 220 bins
      Lambda tables from threshold to 10.000000 TeV, 20 bins per decade, spline: 1
      Sampling table 21x1001; from 0.100000 GeV to 10.000000 TeV 
      ===== EM models for the G4Region  DefaultRegionForTheWorld ======
          muPairProd :  Emin= 0.000000 eV    Emax= 10.000000 TeV

annihil:   for  e+, integral: 1     SubType= 5  BuildTable= 0
      ===== EM models for the G4Region  DefaultRegionForTheWorld ======
            eplus2gg :  Emin= 0.000000 eV    Emax= 10.000000 TeV

CoulombScat:   for  e+, integral: 1     SubType= 1  BuildTable= 1
      Lambda table from 100.000000 MeV to 10.000000 TeV, 20 bins per decade, spline: 1
      ThetaMin(p) < Theta(degree) < 180; pLimit(GeV^1)= 0.139531
      ===== EM models for the G4Region  DefaultRegionForTheWorld ======
  eCoulombScattering :  Emin= 100.000000 MeV   Emax= 10.000000 TeV

msc:   for proton    SubType= 10
      RangeFactor= 0.200000, stepLimitType: 0, latDisplacement: 1
      ===== EM models for the G4Region  DefaultRegionForTheWorld ======
        WentzelVIUni :  Emin= 0.000000 eV    Emax= 10.000000 TeV  Table with 220 bins Emin= 100.000000 eV    Emax= 10.000000 TeV

hIoni:   for  proton    SubType= 2
      dE/dx and range tables from 100.000000 eV  to 10.000000 TeV in 220 bins
      Lambda tables from threshold to 10.000000 TeV, 20 bins per decade, spline: 1
      finalRange(mm)= 0.010000, dRoverRange= 0.100000, integral: 1, fluct: 1, linLossLimit= 0.010000
      ===== EM models for the G4Region  DefaultRegionForTheWorld ======
               Bragg :  Emin= 0.000000 eV    Emax= 2.000000 MeV   deltaVI
          BetheBloch :  Emin= 2.000000 MeV   Emax= 10.000000 TeV   deltaVI
      ===== Limit on energy threshold has been applied 

hBrems:   for  proton    SubType= 3
      dE/dx and range tables from 100.000000 eV  to 10.000000 TeV in 220 bins
      Lambda tables from threshold to 10.000000 TeV, 20 bins per decade, spline: 1
      ===== EM models for the G4Region  DefaultRegionForTheWorld ======
               hBrem :  Emin= 0.000000 eV    Emax= 10.000000 TeV
      ===== Limit on energy threshold has been applied 

hPairProd:   for  proton    SubType= 4
      dE/dx and range tables from 100.000000 eV  to 10.000000 TeV in 220 bins
      Lambda tables from threshold to 10.000000 TeV, 20 bins per decade, spline: 1
      Sampling table 13x1001; from 7.506176 GeV to 10.000000 TeV 
      ===== EM models for the G4Region  DefaultRegionForTheWorld ======
           hPairProd :  Emin= 0.000000 eV    Emax= 10.000000 TeV

CoulombScat:   for  proton, integral: 1     SubType= 1  BuildTable= 1
      Lambda table from threshold  to 10.000000 TeV, 20 bins per decade, spline: 1
      ThetaMin(p) < Theta(degree) < 180; pLimit(GeV^1)= 0.139531
      ===== EM models for the G4Region  DefaultRegionForTheWorld ======
  eCoulombScattering :  Emin= 0.000000 eV    Emax= 10.000000 TeV

nuclearStopping:   for  proton    SubType= 8  BuildTable= 0
      ===== EM models for the G4Region  DefaultRegionForTheWorld ======
   ICRU49NucStopping :  Emin= 0.000000 eV    Emax= 1.000000 MeV

msc:   for GenericIon    SubType= 10
      RangeFactor= 0.200000, stepLimitType: 0, latDisplacement: 0
      ===== EM models for the G4Region  DefaultRegionForTheWorld ======
            UrbanMsc :  Emin= 0.000000 eV    Emax= 10.000000 TeV

ionIoni:   for  GenericIon    SubType= 2
      dE/dx and range tables from 100.000000 eV  to 10.000000 TeV in 220 bins
      Lambda tables from threshold to 10.000000 TeV, 20 bins per decade, spline: 1
      finalRange(mm)= 0.001000, dRoverRange= 0.100000, integral: 1, fluct: 1, linLossLimit= 0.020000
      ===== EM models for the G4Region  DefaultRegionForTheWorld ======
         ParamICRU73 :  Emin= 0.000000 eV    Emax= 10.000000 TeV   deltaVI
      ===== Limit on energy threshold has been applied 

nuclearStopping:   for  GenericIon    SubType= 8  BuildTable= 0
      ===== EM models for the G4Region  DefaultRegionForTheWorld ======
   ICRU49NucStopping :  Emin= 0.000000 eV    Emax= 1.000000 MeV
=======================================================================
======       Radioactive Decay Physics Parameters              ========
=======================================================================
Max life time                                     1000000000000000.00000 ps
Internal e- conversion flag                       1
Stored internal conversion coefficients           0
Enable correlated gamma emission                  0
Max 2J for sampling of angular correlations       10
Atomic de-excitation enabled                      1
Auger electron emission enabled                   1
Auger cascade enabled                             1
Check EM cuts disabled for atomic de-excitation   0
Use Bearden atomic level energies                 0
=======================================================================

msc:   for alpha    SubType= 10
      RangeFactor= 0.200000, stepLimitType: 0, latDisplacement: 1
      ===== EM models for the G4Region  DefaultRegionForTheWorld ======
            UrbanMsc :  Emin= 0.000000 eV    Emax= 10.000000 TeV  Table with 220 bins Emin= 100.000000 eV    Emax= 10.000000 TeV

ionIoni:   for  alpha    SubType= 2
      dE/dx and range tables from 100.000000 eV  to 10.000000 TeV in 220 bins
      Lambda tables from threshold to 10.000000 TeV, 20 bins per decade, spline: 1
      finalRange(mm)= 0.010000, dRoverRange= 0.100000, integral: 1, fluct: 1, linLossLimit= 0.020000
      ===== EM models for the G4Region  DefaultRegionForTheWorld ======
            BraggIon :  Emin= 0.000000 eV    Emax= 7.945199 MeV   deltaVI
          BetheBloch :  Emin= 7.945199 MeV   Emax= 10.000000 TeV   deltaVI
      ===== Limit on energy threshold has been applied 

nuclearStopping:   for  alpha    SubType= 8  BuildTable= 0
      ===== EM models for the G4Region  DefaultRegionForTheWorld ======
   ICRU49NucStopping :  Emin= 0.000000 eV    Emax= 1.000000 MeV

msc:   for anti_proton    SubType= 10
      RangeFactor= 0.200000, stepLimitType: 0, latDisplacement: 1
      ===== EM models for the G4Region  DefaultRegionForTheWorld ======
        WentzelVIUni :  Emin= 0.000000 eV    Emax= 10.000000 TeV  Table with 220 bins Emin= 100.000000 eV    Emax= 10.000000 TeV

hIoni:   for  anti_proton    SubType= 2
      dE/dx and range tables from 100.000000 eV  to 10.000000 TeV in 220 bins
      Lambda tables from threshold to 10.000000 TeV, 20 bins per decade, spline: 1
      finalRange(mm)= 0.010000, dRoverRange= 0.100000, integral: 1, fluct: 1, linLossLimit= 0.010000
      ===== EM models for the G4Region  DefaultRegionForTheWorld ======
            ICRU73QO :  Emin= 0.000000 eV    Emax= 2.000000 MeV   deltaVI
          BetheBloch :  Emin= 2.000000 MeV   Emax= 10.000000 TeV   deltaVI
      ===== Limit on energy threshold has been applied 

hBrems:   for  anti_proton    SubType= 3
      dE/dx and range tables from 100.000000 eV  to 10.000000 TeV in 220 bins
      Lambda tables from threshold to 10.000000 TeV, 20 bins per decade, spline: 1
      ===== EM models for the G4Region  DefaultRegionForTheWorld ======
               hBrem :  Emin= 0.000000 eV    Emax= 10.000000 TeV
      ===== Limit on energy threshold has been applied 

hPairProd:   for  anti_proton    SubType= 4
      dE/dx and range tables from 100.000000 eV  to 10.000000 TeV in 220 bins
      Lambda tables from threshold to 10.000000 TeV, 20 bins per decade, spline: 1
      Sampling table 13x1001; from 7.506176 GeV to 10.000000 TeV 
      ===== EM models for the G4Region  DefaultRegionForTheWorld ======
           hPairProd :  Emin= 0.000000 eV    Emax= 10.000000 TeV

CoulombScat:   for  anti_proton, integral: 1     SubType= 1  BuildTable= 1
      Lambda table from threshold  to 10.000000 TeV, 20 bins per decade, spline: 1
      ThetaMin(p) < Theta(degree) < 180; pLimit(GeV^1)= 0.139531
      ===== EM models for the G4Region  DefaultRegionForTheWorld ======
  eCoulombScattering :  Emin= 0.000000 eV    Emax= 10.000000 TeV

nuclearStopping:   for  anti_proton    SubType= 8  BuildTable= 0
      ===== EM models for the G4Region  DefaultRegionForTheWorld ======
   ICRU49NucStopping :  Emin= 0.000000 eV    Emax= 1.000000 MeV

msc:   for kaon+    SubType= 10
      RangeFactor= 0.200000, stepLimitType: 0, latDisplacement: 1
      ===== EM models for the G4Region  DefaultRegionForTheWorld ======
        WentzelVIUni :  Emin= 0.000000 eV    Emax= 10.000000 TeV  Table with 220 bins Emin= 100.000000 eV    Emax= 10.000000 TeV

hIoni:   for  kaon+    SubType= 2
      dE/dx and range tables from 100.000000 eV  to 10.000000 TeV in 220 bins
      Lambda tables from threshold to 10.000000 TeV, 20 bins per decade, spline: 1
      finalRange(mm)= 0.010000, dRoverRange= 0.200000, integral: 1, fluct: 1, linLossLimit= 0.010000
      ===== EM models for the G4Region  DefaultRegionForTheWorld ======
               Bragg :  Emin= 0.000000 eV    Emax= 1.052311 MeV   deltaVI
          BetheBloch :  Emin= 1.052311 MeV   Emax= 10.000000 TeV   deltaVI
      ===== Limit on energy threshold has been applied 

hBrems:   for  kaon+    SubType= 3
      dE/dx and range tables from 100.000000 eV  to 10.000000 TeV in 220 bins
      Lambda tables from threshold to 10.000000 TeV, 20 bins per decade, spline: 1
      ===== EM models for the G4Region  DefaultRegionForTheWorld ======
               hBrem :  Emin= 0.000000 eV    Emax= 10.000000 TeV
      ===== Limit on energy threshold has been applied 

hPairProd:   for  kaon+    SubType= 4
      dE/dx and range tables from 100.000000 eV  to 10.000000 TeV in 220 bins
      Lambda tables from threshold to 10.000000 TeV, 20 bins per decade, spline: 1
      Sampling table 14x1001; from 3.949416 GeV to 10.000000 TeV 
      ===== EM models for the G4Region  DefaultRegionForTheWorld ======
           hPairProd :  Emin= 0.000000 eV    Emax= 10.000000 TeV

CoulombScat:   for  kaon+, integral: 1     SubType= 1  BuildTable= 1
      Lambda table from threshold  to 10.000000 TeV, 20 bins per decade, spline: 1
      ThetaMin(p) < Theta(degree) < 180; pLimit(GeV^1)= 0.139531
      ===== EM models for the G4Region  DefaultRegionForTheWorld ======
  eCoulombScattering :  Emin= 0.000000 eV    Emax= 10.000000 TeV

msc:   for kaon-    SubType= 10
      RangeFactor= 0.200000, stepLimitType: 0, latDisplacement: 1
      ===== EM models for the G4Region  DefaultRegionForTheWorld ======
        WentzelVIUni :  Emin= 0.000000 eV    Emax= 10.000000 TeV  Table with 220 bins Emin= 100.000000 eV    Emax= 10.000000 TeV

hIoni:   for  kaon-    SubType= 2
      dE/dx and range tables from 100.000000 eV  to 10.000000 TeV in 220 bins
      Lambda tables from threshold to 10.000000 TeV, 20 bins per decade, spline: 1
      finalRange(mm)= 0.010000, dRoverRange= 0.200000, integral: 1, fluct: 1, linLossLimit= 0.010000
      ===== EM models for the G4Region  DefaultRegionForTheWorld ======
            ICRU73QO :  Emin= 0.000000 eV    Emax= 1.052311 MeV   deltaVI
          BetheBloch :  Emin= 1.052311 MeV   Emax= 10.000000 TeV   deltaVI
      ===== Limit on energy threshold has been applied 

hBrems:   for  kaon-    SubType= 3
      dE/dx and range tables from 100.000000 eV  to 10.000000 TeV in 220 bins
      Lambda tables from threshold to 10.000000 TeV, 20 bins per decade, spline: 1
      ===== EM models for the G4Region  DefaultRegionForTheWorld ======
               hBrem :  Emin= 0.000000 eV    Emax= 10.000000 TeV
      ===== Limit on energy threshold has been applied 

hPairProd:   for  kaon-    SubType= 4
      dE/dx and range tables from 100.000000 eV  to 10.000000 TeV in 220 bins
      Lambda tables from threshold to 10.000000 TeV, 20 bins per decade, spline: 1
      Sampling table 14x1001; from 3.949416 GeV to 10.000000 TeV 
      ===== EM models for the G4Region  DefaultRegionForTheWorld ======
           hPairProd :  Emin= 0.000000 eV    Emax= 10.000000 TeV

CoulombScat:   for  kaon-, integral: 1     SubType= 1  BuildTable= 1
      Used Lambda table of kaon+
      ThetaMin(p) < Theta(degree) < 180; pLimit(GeV^1)= 0.139531
      ===== EM models for the G4Region  DefaultRegionForTheWorld ======
  eCoulombScattering :  Emin= 0.000000 eV    Emax= 10.000000 TeV

msc:   for mu+    SubType= 10
      RangeFactor= 0.200000, step limit type: 0, lateralDisplacement: 1, polarAngleLimit(deg)= 180.000000
      ===== EM models for the G4Region  DefaultRegionForTheWorld ======
        WentzelVIUni :  Emin= 0.000000 eV    Emax= 10.000000 TeV  Table with 220 bins Emin= 100.000000 eV    Emax= 10.000000 TeV

muIoni:   for  mu+    SubType= 2
      dE/dx and range tables from 100.000000 eV  to 10.000000 TeV in 220 bins
      Lambda tables from threshold to 10.000000 TeV, 20 bins per decade, spline: 1
      finalRange(mm)= 0.010000, dRoverRange= 0.200000, integral: 1, fluct: 1, linLossLimit= 0.010000
      ===== EM models for the G4Region  DefaultRegionForTheWorld ======
               Bragg :  Emin= 0.000000 eV    Emax= 200.000000 keV   deltaVI
          BetheBloch :  Emin= 200.000000 keV   Emax= 1.000000 GeV   deltaVI
        MuBetheBloch :  Emin= 1.000000 GeV   Emax= 10.000000 TeV
      ===== Limit on energy threshold has been applied 

muBrems:   for  mu+    SubType= 3
      dE/dx and range tables from 100.000000 eV  to 10.000000 TeV in 220 bins
      Lambda tables from threshold to 10.000000 TeV, 20 bins per decade, spline: 1
      ===== EM models for the G4Region  DefaultRegionForTheWorld ======
              MuBrem :  Emin= 0.000000 eV    Emax= 10.000000 TeV
      ===== Limit on energy threshold has been applied 

muPairProd:   for  mu+    SubType= 4
      dE/dx and range tables from 100.000000 eV  to 10.000000 TeV in 220 bins
      Lambda tables from threshold to 10.000000 TeV, 20 bins per decade, spline: 1
      Sampling table 17x1001; from 1.000000 GeV to 10.000000 TeV 
      ===== EM models for the G4Region  DefaultRegionForTheWorld ======
          muPairProd :  Emin= 0.000000 eV    Emax= 10.000000 TeV

CoulombScat:   for  mu+, integral: 1     SubType= 1  BuildTable= 1
      Lambda table from threshold  to 10.000000 TeV, 20 bins per decade, spline: 1
      ThetaMin(p) < Theta(degree) < 180; pLimit(GeV^1)= 0.139531
      ===== EM models for the G4Region  DefaultRegionForTheWorld ======
  eCoulombScattering :  Emin= 0.000000 eV    Emax= 10.000000 TeV

msc:   for mu-    SubType= 10
      RangeFactor= 0.200000, step limit type: 0, lateralDisplacement: 1, polarAngleLimit(deg)= 180.000000
      ===== EM models for the G4Region  DefaultRegionForTheWorld ======
        WentzelVIUni :  Emin= 0.000000 eV    Emax= 10.000000 TeV  Table with 220 bins Emin= 100.000000 eV    Emax= 10.000000 TeV

muIoni:   for  mu-    SubType= 2
      dE/dx and range tables from 100.000000 eV  to 10.000000 TeV in 220 bins
      Lambda tables from threshold to 10.000000 TeV, 20 bins per decade, spline: 1
      finalRange(mm)= 0.010000, dRoverRange= 0.200000, integral: 1, fluct: 1, linLossLimit= 0.010000
      ===== EM models for the G4Region  DefaultRegionForTheWorld ======
            ICRU73QO :  Emin= 0.000000 eV    Emax= 200.000000 keV   deltaVI
          BetheBloch :  Emin= 200.000000 keV   Emax= 1.000000 GeV   deltaVI
        MuBetheBloch :  Emin= 1.000000 GeV   Emax= 10.000000 TeV
      ===== Limit on energy threshold has been applied 

muBrems:   for  mu-    SubType= 3
      dE/dx and range tables from 100.000000 eV  to 10.000000 TeV in 220 bins
      Lambda tables from threshold to 10.000000 TeV, 20 bins per decade, spline: 1
      ===== EM models for the G4Region  DefaultRegionForTheWorld ======
              MuBrem :  Emin= 0.000000 eV    Emax= 10.000000 TeV
      ===== Limit on energy threshold has been applied 

muPairProd:   for  mu-    SubType= 4
      dE/dx and range tables from 100.000000 eV  to 10.000000 TeV in 220 bins
      Lambda tables from threshold to 10.000000 TeV, 20 bins per decade, spline: 1
      Sampling table 17x1001; from 1.000000 GeV to 10.000000 TeV 
      ===== EM models for the G4Region  DefaultRegionForTheWorld ======
          muPairProd :  Emin= 0.000000 eV    Emax= 10.000000 TeV

CoulombScat:   for  mu-, integral: 1     SubType= 1  BuildTable= 1
      Used Lambda table of mu+
      ThetaMin(p) < Theta(degree) < 180; pLimit(GeV^1)= 0.139531
      ===== EM models for the G4Region  DefaultRegionForTheWorld ======
  eCoulombScattering :  Emin= 0.000000 eV    Emax= 10.000000 TeV

msc:   for pi+    SubType= 10
      RangeFactor= 0.200000, stepLimitType: 0, latDisplacement: 1
      ===== EM models for the G4Region  DefaultRegionForTheWorld ======
        WentzelVIUni :  Emin= 0.000000 eV    Emax= 10.000000 TeV  Table with 220 bins Emin= 100.000000 eV    Emax= 10.000000 TeV

hIoni:   for  pi+    SubType= 2
      dE/dx and range tables from 100.000000 eV  to 10.000000 TeV in 220 bins
      Lambda tables from threshold to 10.000000 TeV, 20 bins per decade, spline: 1
      finalRange(mm)= 0.010000, dRoverRange= 0.200000, integral: 1, fluct: 1, linLossLimit= 0.010000
      ===== EM models for the G4Region  DefaultRegionForTheWorld ======
               Bragg :  Emin= 0.000000 eV    Emax= 297.504557 keV   deltaVI
          BetheBloch :  Emin= 297.504557 keV   Emax= 10.000000 TeV   deltaVI
      ===== Limit on energy threshold has been applied 

hBrems:   for  pi+    SubType= 3
      dE/dx and range tables from 100.000000 eV  to 10.000000 TeV in 220 bins
      Lambda tables from threshold to 10.000000 TeV, 20 bins per decade, spline: 1
      ===== EM models for the G4Region  DefaultRegionForTheWorld ======
               hBrem :  Emin= 0.000000 eV    Emax= 10.000000 TeV
      ===== Limit on energy threshold has been applied 

hPairProd:   for  pi+    SubType= 4
      dE/dx and range tables from 100.000000 eV  to 10.000000 TeV in 220 bins
      Lambda tables from threshold to 10.000000 TeV, 20 bins per decade, spline: 1
      Sampling table 16x1001; from 1.116561 GeV to 10.000000 TeV 
      ===== EM models for the G4Region  DefaultRegionForTheWorld ======
           hPairProd :  Emin= 0.000000 eV    Emax= 10.000000 TeV

CoulombScat:   for  pi+, integral: 1     SubType= 1  BuildTable= 1
      Lambda table from threshold  to 10.000000 TeV, 20 bins per decade, spline: 1
      ThetaMin(p) < Theta(degree) < 180; pLimit(GeV^1)= 0.139531
      ===== EM models for the G4Region  DefaultRegionForTheWorld ======
  eCoulombScattering :  Emin= 0.000000 eV    Emax= 10.000000 TeV

msc:   for pi-    SubType= 10
      RangeFactor= 0.200000, stepLimitType: 0, latDisplacement: 1
      ===== EM models for the G4Region  DefaultRegionForTheWorld ======
        WentzelVIUni :  Emin= 0.000000 eV    Emax= 10.000000 TeV  Table with 220 bins Emin= 100.000000 eV    Emax= 10.000000 TeV

hIoni:   for  pi-    SubType= 2
      dE/dx and range tables from 100.000000 eV  to 10.000000 TeV in 220 bins
      Lambda tables from threshold to 10.000000 TeV, 20 bins per decade, spline: 1
      finalRange(mm)= 0.010000, dRoverRange= 0.200000, integral: 1, fluct: 1, linLossLimit= 0.010000
      ===== EM models for the G4Region  DefaultRegionForTheWorld ======
            ICRU73QO :  Emin= 0.000000 eV    Emax= 297.504557 keV   deltaVI
          BetheBloch :  Emin= 297.504557 keV   Emax= 10.000000 TeV   deltaVI
      ===== Limit on energy threshold has been applied 

hBrems:   for  pi-    SubType= 3
      dE/dx and range tables from 100.000000 eV  to 10.000000 TeV in 220 bins
      Lambda tables from threshold to 10.000000 TeV, 20 bins per decade, spline: 1
      ===== EM models for the G4Region  DefaultRegionForTheWorld ======
               hBrem :  Emin= 0.000000 eV    Emax= 10.000000 TeV
      ===== Limit on energy threshold has been applied 

hPairProd:   for  pi-    SubType= 4
      dE/dx and range tables from 100.000000 eV  to 10.000000 TeV in 220 bins
      Lambda tables from threshold to 10.000000 TeV, 20 bins per decade, spline: 1
      Sampling table 16x1001; from 1.116561 GeV to 10.000000 TeV 
      ===== EM models for the G4Region  DefaultRegionForTheWorld ======
           hPairProd :  Emin= 0.000000 eV    Emax= 10.000000 TeV

CoulombScat:   for  pi-, integral: 1     SubType= 1  BuildTable= 1
      Used Lambda table of pi+
      ThetaMin(p) < Theta(degree) < 180; pLimit(GeV^1)= 0.139531
      ===== EM models for the G4Region  DefaultRegionForTheWorld ======
  eCoulombScattering :  Emin= 0.000000 eV    Emax= 10.000000 TeV
 Beginning of run 
 Simulating 6000 beam ions
 Writing Mode 2 output to data/mo83_251keV_6000evt_lowlevel.dat
 17 %   103 events/s 49 remaining        33 %   131 events/s 31 remaining        50 %   140 events/s 21 remaining        67 %   145 events/s 14 remaining        83 %   147 events/s  7 remaining                                                            
Real time: 37.81   System time:  0.05   User time: 37.72   158.69 events/s

#average beta at reaction (ctr=6000):
Target.Beta:	0.538902
#average beta at emission (ctr=10292):
Target.Beta:	0.538903
#average beta after the target (ctr=6000):
Average.Beta.After:	0.482101
input file: data/mo83_251keV_6000evt_lowlevel.dat
writing to output file: root/mo83_251keV_6000evt_lowlevel.root
------------------------------------
fSett->MINOSBetaCoefficient(0) = -1539
fSett->MINOSBetaCoefficient(1) = 1105.88
fSett->MINOSBetaCoefficient(2) = -247.941
generated 1 permutations for N = 0
generated 1 permutations for N = 1
generated 2 permutations for N = 2
generated 6 permutations for N = 3
generated 24 permutations for N = 4
generated 120 permutations for N = 5
generated 720 permutations for N = 6
generated 5040 permutations for N = 7
generated 40320 permutations for N = 8
setting up calibrated tree 
setting up simulation tree 
10000 buffers read... 1 MB... 41655.2 buffers/scannot read data/mo83_251keV_6000evt_lowlevel.dat (anymore)
Total of 14238 data buffers (2 MB) and
Total of 2568 cal events (0 MB) written.
Total of 6000 sim events (0 MB) written.
Program Run time 0.255061 s.
Unpacked 55822 buffers/s.

 CPU time: 0.24	Real time: 0.255061
input file(s):
root/mo83_251keV_6000evt_lowlevel.root
output file: hist/mo83_251keV_6000evt_lowlevel.root
creating outputfile 
6000 entries in sim tree 
2568 entries in cal tree 
New 1-d histogram: egam_emitted
New 1-d histogram: posx_emitted
New 1-d histogram: posy_emitted
New 2-d histogram: posxy_emitted
New 1-d histogram: posz_emitted
New 1-d histogram: phi_emitted
New 1-d histogram: theta_emitted
New 2-d histogram: phi_theta_emitted
New 1-d histogram: mult_emitted
  0.0 % done	0.0 events/s infs to go New 2-d histogram: mult_emitted_detected
New 2-d histogram: MBmult_emitted_detected
New 1-d histogram: ata
New 1-d histogram: yta
New 1-d histogram: bta
New 2-d histogram: ata_vs_bta
New 1-d histogram: betata
New 1-d histogram: azita
New 1-d histogram: scatter
New 1-d histogram: ptot
New 1-d histogram: ppar
New 1-d histogram: ptra
New 1-d histogram: etot
New 1-d histogram: egam
New 1-d histogram: egamdc
New 2-d histogram: egam_mult
New 2-d histogram: egamdc_mult
New 1-d histogram: egam_emitted_diff
New 2-d histogram: egam_emitted_detected
New 2-d histogram: egam_dettheta
New 2-d histogram: egamdc_dettheta
New 2-d histogram: egam_summary
New 2-d histogram: egam_detector
New 2-d histogram: egamdc_summary
New 2-d histogram: egamdc_detector
New 1-d histogram: MBegam
New 1-d histogram: MBegamdc
New 2-d histogram: MBegam_mult
New 2-d histogram: MBegamdc_mult
New 1-d histogram: MBegam_emitted_diff
New 2-d histogram: MBegam_emitted_detected
New 2-d histogram: MBegam_dettheta
New 2-d histogram: MBegamdc_dettheta
New 2-d histogram: posxy
New 2-d histogram: posxz
New 2-d histogram: posyz
New 1-d histogram: pos_phi
New 1-d histogram: pos_theta
New 2-d histogram: pos_phi_theta
New 2-d histogram: MBposxy
New 2-d histogram: MBposxz
New 2-d histogram: MBposyz
New 1-d histogram: MBpos_phi
New 1-d histogram: MBpos_theta
New 2-d histogram: MBpos_phi_theta
New 1-d histogram: egamAB
New 1-d histogram: egamABdc
New 2-d histogram: egamAB_mult
New 2-d histogram: egamABdc_mult
New 1-d histogram: egamAB_emitted_diff
New 2-d histogram: egamAB_emitted_detected
New 2-d histogram: egamAB_dettheta
New 2-d histogram: egamABdc_dettheta
New 2-d histogram: egamAB_summary
New 2-d histogram: egamAB_detector
New 2-d histogram: egamABdc_summary
New 2-d histogram: egamABdc_detector
New 1-d histogram: MBegamAB
New 1-d histogram: MBegamABdc
New 2-d histogram: MBegamAB_mult
New 2-d histogram: MBegamABdc_mult
New 1-d histogram: MBegamAB_emitted_diff
New 2-d histogram: MBegamAB_emitted_detected
New 2-d histogram: MBegamAB_dettheta
New 2-d histogram: MBegamABdc_dettheta
New 1-d histogram: mult
New 1-d histogram: mult_ab
New 1-d histogram: MBmult
New 1-d histogram: MBmult_ab
New 2-d histogram: GRmult_emitted_detected
New 1-d histogram: GRegam
New 1-d histogram: GRegamdc
New 2-d histogram: GRegam_mult
New 2-d histogram: GRegamdc_mult
New 1-d histogram: GRegam_emitted_diff
New 2-d histogram: GRegam_emitted_detected
New 2-d histogram: GRegam_dettheta
New 2-d histogram: GRegamdc_dettheta
New 2-d histogram: GRposxy
New 2-d histogram: GRposxz
New 2-d histogram: GRposyz
New 1-d histogram: GRpos_phi
New 1-d histogram: GRpos_theta
New 2-d histogram: GRpos_phi_theta
New 1-d histogram: GRegamAB
New 1-d histogram: GRegamABdc
New 2-d histogram: GRegamAB_mult
New 2-d histogram: GRegamABdc_mult
New 1-d histogram: GRegamAB_emitted_diff
New 2-d histogram: GRegamAB_emitted_detected
New 2-d histogram: GRegamAB_dettheta
New 2-d histogram: GRegamABdc_dettheta
New 1-d histogram: GRmult
New 1-d histogram: GRmult_ab
New 2-d histogram: egamegam
New 2-d histogram: MBegamMBegam
New 2-d histogram: egamegamdc
New 2-d histogram: MBegamMBegamdc
New 2-d histogram: egamegamAB
New 2-d histogram: MBegamMBegamAB
New 2-d histogram: egamegamABdc
New 2-d histogram: MBegamMBegamABdc
New 2-d histogram: MBegamGRegam
New 2-d histogram: GRegamMBegamdc
New 2-d histogram: MBegamGRegamAB
New 2-d histogram: GRegamMBegamABdc
New 2-d histogram: GRegamGRegam
New 2-d histogram: GRegamGRegamdc
New 2-d histogram: MBegamGRegamdc
New 2-d histogram: MBegamGRegamABdc
New 2-d histogram: GRegamGRegamAB
New 2-d histogram: GRegamGRegamABdc
New 2-d histogram: GRegamMBegam
New 2-d histogram: GRegamMBegamAB

writing histograms to file
Run time 0.8 s.
input file(s):
root/mo83_251keV_6000evt_lowlevel.root
output file: coin/mo83_251keV_6000evt_lowlevel.root
creating outputfile 
MB : 120.617
MB : 130.957
GR : 122.797
MB : 119.269
GR : 127.594
GR : 88.2067
MB : 175.17
MB : 79.6551
MB : 122.716
GR : 128.841
GR : 0
MB : 121.52
MB : 129.049
GR : 129.9
GR : 0
MB : 125.171
GR : 0
GR : 77.3922
GR : 119.472
GR : 130.418
MB : 122.997
GR : 131.509
MB : 0
MB : 129.038
GR : 93.9134
GR : 120.58
MB : 130.48
MB : 121.808
MB : 74.0429
GR : 106.157
GR : 121.753
MB : 119.392
MB : 132.45
GR : 129.692
MB : 119.07
MB : 128.129
MB : 119.381
MB : 264.887
GR : 247.977
GR : 253.769
GR : 250.552
GR : 0
MB : 80.8737
MB : 133.655
GR : 127.991
GR : 119.483
GR : 102.017
GR : 131.046
GR : 73.4584
MB : 0
MB : 0
MB : 123.53
GR : 108.038
GR : 0
MB : 75.5752
MB : 94.4055
MB : 119.527
MB : 59.5416
MB : 209.857
MB : 225.451
MB : 77.7514
MB : 120.54
GR : 227.865
MB : 128.708
GR : 129.09
GR : 131.223
MB : 120.072
MB : 130.813
MB : 125.298
MB : 0
MB : 126.97
MB : 242.179
MB : 113.377
MB : 0
MB : 133.263
MB : 79.7683
MB : 131.486
MB : 75.9325
GR : 104.835
GR : 120.521
GR : 0
GR : 120.158
GR : 122.105
GR : 130.737
GR : 120.672
MB : 130.36
GR : 0
GR : 127.874
MB : 129.137
GR : 0
MB : 57.973
MB : 130.436
MB : 127.681
MB : 94.3997
GR : 97.4816
MB : 120.131
GR : 131.168
GR : 0
GR : 0
MB : 242.688
MB : 130.619
GR : 94.2106
MB : 124.12
GR : 238.234
MB : 159.177
GR : 124.707
MB : 89.2555
GR : 0
GR : 87.0753
MB : 129.594
MB : 0
GR : 121.176
GR : 129.101
GR : 0
MB : 120.042
GR : 129.066
MB : 131.949
MB : 254.222
MB : 133.774
MB : 53.8629
GR : 244.407
MB : 117.089
GR : 226.872
MB : 85.3135
MB : 121.857
GR : 48.7375
GR : 121.579
GR : 131.551
MB : 120.298
MB : 108.405
GR : 119.633
MB : 123.485
MB : 120.474
MB : 255.72
MB : 120.395
MB : 0
GR : 0
GR : 0
MB : 65.6267
MB : 126.97
MB : 0
MB : 81.6937
MB : 105.718
MB : 123.914
MB : 132.82
MB : 0
MB : 124.646
GR : 132.173
GR : 122.62
MB : 110.495
MB : 104.863
MB : 237.93
GR : 253.664
MB : 121.69
GR : 97.9055
MB : 133.042
MB : 145.472
GR : 126.549
MB : 121.344
GR : 130.441
MB : 0
MB : 100.905
MB : 248.303
MB : 134.1
GR : 120.145
GR : 130.201
GR : 0
MB : 123.657
GR : 120.852
GR : 130.515
GR : 120.507
GR : 79.9169
MB : 0
MB : 65.8223
MB : 119.316
MB : 120.417
MB : 105.045
MB : 0
MB : 120.384
MB : 130.686
MB : 133.393
MB : 120.769
MB : 106.093
GR : 129.84
MB : 82.5716
MB : 0
MB : 0
MB : 247.32
GR : 129.481
MB : 132.303
GR : 120.289
GR : 97.1488
MB : 120.319
GR : 128.303
MB : 0
MB : 87.7002
MB : 138.187
MB : 125.42
MB : 120.226
GR : 79.0671
MB : 96.1064
GR : 263.255
MB : 130.556
GR : 118.722
GR : 85.7645
MB : 0
GR : 121.195
GR : 0
MB : 133.175
MB : 131.736
MB : 254.691
GR : 0
MB : 129.785
MB : 80.8815
MB : 130.191
GR : 0
GR : 123.945
MB : 110.778
MB : 120.366
GR : 120.43
GR : 0
GR : 67.5076
MB : 0
GR : 125.082
MB : 0
GR : 134.671
MB : 129.534
MB : 0
MB : 0
MB : 264.125
MB : 184.309
MB : 0
GR : 0
MB : 149.266
GR : 117.933
MB : 122.818
MB : 131.998
GR : 128.409
GR : 83.2753
GR : 0
GR : 137.324
MB : 120.737
MB : 93.1207
GR : 131.746
MB : 141.558
MB : 131.128
GR : 130.877
MB : 122.302
GR : 126.134
MB : 130.584
MB : 118.422
MB : 228.53
GR : 134.338
MB : 121.32
MB : 84.5053
MB : 247.504
GR : 130.115
GR : 120.296
MB : 0
MB : 112.105
MB : 83.0799
MB : 106.399
GR : 119.627
MB : 130.896
MB : 69.9467
MB : 134.996
MB : 129.662
MB : 250.585
GR : 120.609
MB : 109.556
MB : 129.296
MB : 127.059
GR : 119.983
MB : 128.979
MB : 118.016
GR : 127.73
GR : 129.402
MB : 110.837
MB : 127.415
MB : 126.002
MB : 118.856
MB : 239.71
MB : 88.7129
MB : 127.897
GR : 128.923
MB : 123.137
MB : 121.629
GR : 256.3
MB : 133.227
GR : 132.792
MB : 127.305
MB : 111.823
GR : 120.084
MB : 248.154
MB : 132.058
MB : 119.699
GR : 141.139
GR : 132.814
MB : 120.381
MB : 123.429
GR : 69.8614
MB : 91.2026
GR : 0
MB : 82.9193
GR : 130.219
GR : 86.4685
MB : 0
MB : 131.825
MB : 122.193
MB : 248.21
MB : 128.9
GR : 0
GR : 0
MB : 253.585
MB : 87.6296
MB : 119.956
GR : 121.421
MB : 128.32
MB : 107.459
GR : 132.955
MB : 197.527
GR : 131.444
MB : 119.805
MB : 0
MB : 177.619
GR : 119.99
MB : 122.02
MB : 0
GR : 249.024
GR : 129.731
MB : 123.804
GR : 123.435
MB : 125.345
MB : 128.295
GR : 93.22
GR : 84.1269
GR : 121.425
MB : 122.639
GR : 129.516
GR : 132.652
MB : 112.849
MB : 102.358
MB : 251.591
GR : 131.674
MB : 121.528
GR : 119.59
MB : 128.03
GR : 121.012
MB : 70.5208
GR : 124.332
MB : 123.804
MB : 129.495
GR : 130.459
MB : 122.521
GR : 120.755
MB : 64.6805
GR : 77.1317
MB : 57.0234
MB : 131.381
GR : 122.929
GR : 129.318
GR : 119.545
MB : 0
GR : 120.502
GR : 79.093
MB : 171.897
MB : 64.5106
MB : 244.461
MB : 0
MB : 122.015
MB : 127.759
MB : 79.1565
GR : 86.337
GR : 135.086
MB : 127.705
GR : 261.024
GR : 249.35
MB : 129.32
MB : 122.089
GR : 124.579
GR : 61.0967
MB : 128.452
GR : 95.7315
GR : 128.683
GR : 117.423
MB : 66.4782
MB : 133.62
MB : 120.534
MB : 133.452
GR : 124.777
GR : 77.6291
MB : 0
GR : 70.1134
MB : 105.087
GR : 0
GR : 130.935
MB : 123.483
MB : 132.585
GR : 119.312
GR : 130.775
GR : 0
MB : 91.7026
MB : 130.682
GR : 129.202
GR : 130.654
GR : 0
GR : 137.735
GR : 123.264
GR : 125.276
MB : 0
MB : 0
MB : 120.859
MB : 122.672
MB : 61.7511
MB : 255.84
MB : 128.243
MB : 120.711
MB : 0
GR : 120.344
GR : 72.5643
GR : 0
MB : 120.128
MB : 250.999
MB : 134.427
GR : 119.762
MB : 131.91
MB : 72.4439
MB : 129.943
MB : 121.585
MB : 126.423
GR : 118.342
GR : 253.584
MB : 45.1005
MB : 130.575
GR : 118.858
MB : 255.431
GR : 122.437
MB : 130.676
GR : 123.989
GR : 89.9953
MB : 129.226
MB : 119.964
MB : 210.582
GR : 119.783
MB : 129.47
MB : 123.062
MB : 105.422
MB : 133.949
MB : 0
MB : 255.572
MB : 123.737
MB : 129.642
MB : 130.26
GR : 248.626
GR : 122.172
MB : 106.58
MB : 251.11
MB : 117.834
MB : 126.568
GR : 132.19
MB : 125.327
GR : 128.591
MB : 245.067
MB : 51.8846
GR : 249.776
MB : 254.595
GR : 250.289
GR : 147.364
MB : 249.327
GR : 123.768
GR : 250.997
MB : 248.791
MB : 129.468
GR : 247.874
MB : 97.3376
MB : 0
GR : 121.086
MB : 131.44
MB : 130.814
MB : 247.052
GR : 120.011
MB : 131.818
GR : 0
MB : 118.771
GR : 122.83
GR : 128.253
GR : 0
MB : 0
MB : 120.394
GR : 120.482
GR : 129.131
MB : 120.88
GR : 131.348
GR : 127.895
MB : 97.5966
GR : 253.663
MB : 84.6079
GR : 249.725
GR : 120.937
GR : 129.157
GR : 108.801
GR : 69.3082
MB : 113.757
GR : 122.303
MB : 131.53
GR : 91.5187
GR : 97.8317
MB : 130.265
GR : 129.744
MB : 121.957
GR : 120.59
MB : 130.758
MB : 250.758
GR : 120.49
MB : 64.2314
MB : 70.3108
MB : 71.3383
GR : 131.11
MB : 128.87
MB : 204.58
GR : 128.347
GR : 132.041
MB : 100.6
GR : 129.139
MB : 120.692
GR : 115.874
MB : 120.419
GR : 120.708
MB : 120.873
MB : 56.558
MB : 71.1741
MB : 74.4823
MB : 130.457
GR : 131.242
MB : 119.501
MB : 106.075
MB : 98.707
MB : 0
GR : 0
MB : 98.4501
GR : 191.493
MB : 127.31
MB : 130.615
GR : 131.691
MB : 0
MB : 129.255
MB : 0
MB : 82.1041
MB : 120.093
MB : 101.154
MB : 130.051
GR : 132.551
MB : 95.5873
GR : 120.832
GR : 253.8
GR : 128.528
GR : 120.284
GR : 135.099
MB : 0
GR : 254.135
MB : 252.367
MB : 122.808
MB : 54.102
GR : 120.837
MB : 131.094
MB : 129.331
MB : 101.848
GR : 148.956
GR : 121.462
MB : 119.417
MB : 128.555
MB : 0
MB : 80.5169
GR : 0
MB : 250.245
MB : 234.844
MB : 120.886
GR : 132.246
GR : 87.0739
MB : 118.58
MB : 121.651
GR : 116.873
MB : 151.623
GR : 122.058
MB : 53.2554
MB : 0
MB : 266.216
MB : 118.148
MB : 138.745
MB : 90.4192
GR : 256.6
GR : 104.281
MB : 128.838
MB : 249.285
MB : 128.99
GR : 0
GR : 119.678
GR : 76.8944
MB : 0
GR : 121.793
MB : 133.066
MB : 126.918
GR : 120.513
GR : 130.057
MB : 131.672
GR : 96.6046
MB : 90.5219
GR : 122.114
MB : 119.292
MB : 99.6425
MB : 132.332
GR : 57.3206
GR : 129.066
MB : 84.8542
GR : 119.813
GR : 116.143
MB : 122.322
MB : 132.768
GR : 129.12
MB : 121.15
GR : 119.684
MB : 101.489
MB : 126.128
MB : 130.816
MB : 59.5335
GR : 0
MB : 79.277
MB : 129.199
MB : 119.446
MB : 119.095
MB : 121.09
MB : 122.304
MB : 129.537
GR : 124.079
MB : 120.122
MB : 100.313
MB : 258.243
GR : 239.063
GR : 135.067
GR : 118.209
MB : 108.047
GR : 123.426
MB : 118.101
MB : 99.6302
MB : 115.864
MB : 129.032
GR : 130.891
MB : 121.017
MB : 0
MB : 127.712
GR : 120.242
MB : 90.3102
MB : 128.966
GR : 126.315
MB : 95.7379
MB : 57.2642
GR : 254.376
GR : 132.793
GR : 119.709
GR : 128.883
GR : 121.135
MB : 133.088
MB : 0
MB : 115.921
MB : 0
MB : 105.318
GR : 130.127
GR : 103.891
MB : 212.702
GR : 129.202
GR : 130.134
MB : 131.848
GR : 121.393
MB : 223.283
GR : 132.006
GR : 0
GR : 91.1581
MB : 96.0034
GR : 120.928
GR : 120.056
MB : 132.193
MB : 128.26
MB : 130.466
GR : 137.732
GR : 98.8007
MB : 91.2752
MB : 123.804
MB : 81.4332
MB : 123.054
GR : 110.665
GR : 118.661
MB : 57.7697
MB : 128.963
GR : 104.721
MB : 121.602
MB : 122.008
MB : 93.4215
MB : 122.198
MB : 90.1492
MB : 127.048
MB : 129.999
GR : 247.772
GR : 249.404
MB : 140.502
MB : 118.765
MB : 128.345
GR : 94.9028
GR : 130.01
MB : 0
GR : 211.703
GR : 129.86
GR : 121.69
GR : 131.145
MB : 111.256
MB : 0
GR : 129.969
GR : 246.965
GR : 252.481
GR : 129.855
GR : 132.55
MB : 120.582
MB : 121.483
MB : 130.419
GR : 0
MB : 130.659
MB : 119.696
GR : 0
GR : 249.904
GR : 107.343
MB : 114.362
MB : 121.864
GR : 129.392
GR : 0
MB : 124.706
MB : 126.975
MB : 134.197
MB : 119.761
MB : 130.827
GR : 0
GR : 106.338
MB : 131.433
MB : 119.515
MB : 130.124
MB : 88.0732
MB : 246.745
MB : 113.536
GR : 101.024
MB : 72.2585
MB : 66.4504
GR : 120.96
GR : 128.839
GR : 138.409
GR : 0
MB : 130.955
GR : 114.829
MB : 131.651
GR : 121.403
MB : 93.5961
GR : 93.0058
MB : 247.811
MB : 253.14
MB : 120.337
GR : 118.754
GR : 123.431
MB : 0
MB : 0
MB : 118.424
GR : 131.835
MB : 250.711
MB : 61.4222
MB : 58.2774
MB : 98.6184
MB : 120.955
MB : 121.515
GR : 129.058
MB : 249.783
MB : 159.307
MB : 0
GR : 162.992
MB : 84.4099
GR : 121.49
GR : 127.766
MB : 0
GR : 128.837
GR : 89.0727
MB : 0
MB : 125.209
GR : 92.998
MB : 0
MB : 126.632
MB : 130.916
GR : 129.998
GR : 130.246
GR : 128.592
GR : 121.693
GR : 82.7314
GR : 87.0327
MB : 129.64
GR : 93.0588
MB : 123.488
MB : 131.43
GR : 129.231
MB : 121.254
MB : 127.695
GR : 128.563
MB : 125.794
MB : 129.507
GR : 0
GR : 0
GR : 131.89
MB : 131.455
GR : 120.843
GR : 120.42
GR : 129.222
MB : 119.779
MB : 0
GR : 122.075
GR : 130.264
MB : 130.847
MB : 141.427
MB : 59.4233
MB : 132.691
GR : 120.273
MB : 132.223
MB : 245.984
MB : 97.8944
MB : 0
MB : 252.865
GR : 121.806
MB : 128.927
GR : 120.385
GR : 248.44
MB : 128.697
MB : 131.228
MB : 50.2737
MB : 120.052
MB : 235.537
MB : 249.687
GR : 127.598
MB : 0
MB : 129.271
MB : 68.2762
GR : 119.839
MB : 129.728
MB : 221.067
GR : 120.196
GR : 113.641
MB : 251.626
MB : 151.273
MB : 130.475
MB : 0
MB : 128.433
GR : 92.5542
GR : 84.7116
MB : 47.1958
MB : 0
GR : 130.295
MB : 121.18
MB : 0
MB : 83.3967
GR : 121.808
MB : 82.959
MB : 97.3647
MB : 126.795
GR : 119.067
GR : 85.8728
MB : 0
MB : 119.718
GR : 264.844
MB : 120.202
GR : 251.504
GR : 131.827
MB : 119.324
GR : 76.6705
MB : 130.214
MB : 111.266
MB : 242.735
GR : 120.322
GR : 125.284
GR : 121.736
MB : 58.6531
MB : 120.473
MB : 77.0985
GR : 120.931
MB : 120.367
MB : 114.519
MB : 65.2795
GR : 108.387
GR : 128.735
MB : 118.28
MB : 131.403
GR : 249.218
MB : 128.842
MB : 125.109
GR : 136.392
MB : 132.772
GR : 106.706
MB : 113.912
MB : 62.99
GR : 256.484
GR : 132.8
GR : 121.57
MB : 91.5288
GR : 130.555
MB : 160.475
GR : 121.72
MB : 106.132
GR : 129.693
MB : 121.17
GR : 0
GR : 89.3259
MB : 120.953
MB : 0
GR : 260.373
MB : 122.925
MB : 130.527
MB : 172.381
GR : 131.706
MB : 83.534
MB : 119.113
MB : 121.036
GR : 0
GR : 255.701
GR : 131.904
MB : 122.159
GR : 130.489
MB : 129.921
MB : 127.98
MB : 123.456
MB : 88.2164
GR : 129.291
GR : 131.485
MB : 68.7091
GR : 125.099
GR : 128.441
GR : 119.607
GR : 129.963
GR : 0
GR : 91.7219
GR : 123.639
GR : 269.303
MB : 129.75
GR : 95.801
MB : 0
GR : 74.9712
GR : 82.1045
MB : 0
MB : 131.44
MB : 116.377
MB : 121.287
MB : 117.893
MB : 121.595
MB : 128.789
MB : 112.691
MB : 93.4099
GR : 80.4605
GR : 125.639
MB : 120.311
MB : 0
GR : 0
GR : 102.927
MB : 0
GR : 116.792
MB : 120.029
GR : 132.206
GR : 117.757
GR : 106.215
GR : 212.514
MB : 131.295
MB : 245.689
GR : 55.9432
MB : 248.876
GR : 248.891
MB : 128.666
GR : 122.709
GR : 0
MB : 118.888
GR : 124.133
MB : 0
GR : 101.934
MB : 100.852
MB : 66.7239
MB : 122.811
MB : 101.74
MB : 120.419
GR : 120.898
MB : 62.7146
MB : 0
MB : 132.515
MB : 69.6122
MB : 80.7786
GR : 121.153
GR : 120.781
MB : 55.0882
GR : 75.5032
GR : 252.6
MB : 248.182
GR : 264.092
MB : 124.413
GR : 120.529
MB : 244.419
MB : 107.484
MB : 131.975
MB : 111.432
MB : 117.412
MB : 257.441
GR : 65.3938
MB : 0
MB : 131.433
MB : 0
MB : 247.662
GR : 119.296
MB : 72.2826
GR : 203.452
GR : 120.866
MB : 128.688
MB : 128.855
GR : 80.2652
GR : 120.78
GR : 122.807
MB : 128.303
GR : 120.31
GR : 130.275
GR : 258.185
GR : 119.999
MB : 130.16
GR : 124.937
GR : 118.69
MB : 131.93
GR : 249.853
MB : 131.813
GR : 243.937
MB : 121.065
MB : 116.838
MB : 121.44
MB : 119.108
MB : 130.586
MB : 49.3334
GR : 0
GR : 131.847
MB : 118.639
GR : 130.685
MB : 130.644
MB : 106.014
MB : 128.954
GR : 0
GR : 0
GR : 0
GR : 129.554
GR : 0
MB : 121.965
MB : 129.845
MB : 109.746
GR : 251.851
MB : 131.026
MB : 121.691
GR : 70.3571
MB : 123.654
MB : 121.16
MB : 127.525
MB : 132.181
GR : 121.927
MB : 130.374
GR : 120.352
GR : 132.397
MB : 0
MB : 114.814
MB : 0
GR : 96.3918
GR : 85.6709
GR : 0
MB : 183.523
GR : 119.353
MB : 129.244
MB : 182.589
MB : 59.7117
MB : 83.3808
GR : 0
MB : 127.397
GR : 245.802
GR : 131.277
MB : 121.625
GR : 129.628
GR : 90.8173
GR : 122.609
MB : 130.163
MB : 123.478
GR : 0
MB : 129.424
GR : 112.133
GR : 0
MB : 122.477
GR : 120.45
GR : 79.3732
MB : 120.575
MB : 128.124
MB : 0
MB : 110.269
MB : 129.031
GR : 132.817
GR : 0
MB : 58.35
MB : 128.982
MB : 132.885
MB : 129.439
MB : 0
MB : 86.575
GR : 120.262
GR : 119.196
MB : 82.488
GR : 129.438
GR : 83.4805
GR : 0
MB : 66.8656
GR : 223.241
MB : 121.207
GR : 130.808
MB : 122.023
MB : 120.134
GR : 123.981
MB : 122.036
MB : 129.479
MB : 131.01
GR : 87.1446
GR : 132.41
GR : 0
MB : 130.635
GR : 197.498
MB : 120.863
MB : 118.841
GR : 130.088
MB : 119.891
GR : 122.078
MB : 129.821
MB : 123.92
MB : 118.53
MB : 130.854
GR : 121.316
GR : 240.932
GR : 93.3571
MB : 0
MB : 57.2073
MB : 0
GR : 120.777
GR : 120.139
MB : 131.85
MB : 119.473
MB : 0
GR : 129.066
MB : 122.041
MB : 121.548
MB : 118.161
GR : 128.735
MB : 122.324
MB : 118.029
GR : 76.2236
MB : 0
MB : 100.607
GR : 119.928
GR : 0
MB : 121.909
MB : 121.73
MB : 120.954
GR : 95.9628
MB : 84.3556
GR : 121.482
GR : 114.303
GR : 0
MB : 253.763
MB : 0
GR : 129.666
GR : 129.538
MB : 118.593
GR : 249.05
MB : 106.003
MB : 160.526
MB : 101.378
GR : 130.461
GR : 0
GR : 121.049
GR : 0
MB : 0
GR : 0
MB : 106.545
MB : 131.967
GR : 82.6449
MB : 0
MB : 132.651
MB : 119.287
GR : 130.047
MB : 0
MB : 117.748
MB : 0
GR : 129.008
MB : 121.293
MB : 123.845
GR : 99.768
GR : 247.053
GR : 130.655
MB : 147.415
MB : 124.546
MB : 95.7638
MB : 130.026
MB : 0
GR : 95.3158
MB : 126.148
GR : 121.472
MB : 58.2796
MB : 120.837
MB : 129.323
MB : 253.341
GR : 243.739
MB : 47.6312
MB : 123.191
MB : 250.657
GR : 129.015
MB : 134.265
GR : 128.509
MB : 0
MB : 121.392
GR : 120.854
MB : 0
MB : 89.7078
MB : 129.015
GR : 125.882
GR : 130.854
MB : 0
GR : 0
GR : 130.483
GR : 248.2
GR : 122.072
GR : 124.94
MB : 122.827
GR : 249.265
MB : 121.882
GR : 122.852
GR : 132.915
GR : 111.498
MB : 159.216
GR : 123.783
MB : 84.0171
GR : 250.866
MB : 0
MB : 107.515
GR : 122.231
MB : 125.27
MB : 0
MB : 124.356
MB : 102.513
GR : 0
GR : 0
MB : 0
GR : 120.711
GR : 119.888
MB : 129.518
GR : 247.624
GR : 108.092
MB : 119.646
MB : 0
MB : 98.2049
GR : 121.556
GR : 121.808
MB : 118.804
GR : 130.36
MB : 123.101
GR : 130.493
MB : 123.414
MB : 83.9173
GR : 0
GR : 122.712
MB : 129.778
GR : 101.47
MB : 146.742
MB : 122.267
GR : 0
MB : 119.999
MB : 131.782
MB : 132.21
MB : 120.937
MB : 121.026
MB : 132.217
MB : 120.926
MB : 124.075
MB : 0
MB : 132.341
GR : 122.166
GR : 101.553
MB : 121.52
GR : 252.403
GR : 82.5361
GR : 0
GR : 128.614
GR : 128.983
MB : 123.196
MB : 122.611
MB : 119.776
MB : 132.221
MB : 0
MB : 121.071
GR : 119.226
MB : 101.117
GR : 55.7362
MB : 131.181
MB : 141.454
GR : 130.078
MB : 120.992
GR : 119.828
MB : 249.932
MB : 119.599
MB : 120.218
MB : 135.139
MB : 131.607
GR : 123.702
GR : 122.647
MB : 92.3006
GR : 120.2
MB : 118.738
GR : 132.165
MB : 121.496
MB : 249.494
GR : 128.083
GR : 249.277
GR : 131.444
MB : 0
GR : 112.889
GR : 122.67
GR : 121.056
MB : 0
MB : 129.396
MB : 248.581
GR : 235.424
GR : 131.265
MB : 86.5994
GR : 131.242
MB : 130.532
MB : 118.851
MB : 131.064
GR : 129.487
MB : 249.344
GR : 254.236
GR : 246.319
MB : 120.349
MB : 71.6215
GR : 119.348
MB : 128.31
MB : 51.0932
MB : 125.949
GR : 128.251
GR : 124.527
MB : 251.518
GR : 117.809
MB : 129.123
GR : 0
MB : 248.193
MB : 144.661
GR : 253.71
MB : 136.631
MB : 107.751
GR : 130.202
MB : 120.937
MB : 130.47
GR : 123.043
MB : 97.7262
MB : 250.894
MB : 44.8408
MB : 127.37
MB : 117.76
GR : 120.311
GR : 133.098
GR : 121.167
GR : 0
MB : 102.481
MB : 132.15
GR : 117.107
GR : 132.096
MB : 109.209
MB : 121.832
MB : 118.993
GR : 127.595
MB : 53.7366
MB : 130.112
MB : 0
MB : 0
MB : 0
MB : 121.173
GR : 130.755
MB : 61.7314
GR : 128.219
MB : 121.33
MB : 111.7
GR : 130.43
GR : 249.486
GR : 251.161
GR : 0
MB : 123.238
MB : 132.704
MB : 121.041
MB : 131.958
MB : 119.729
GR : 122.997
MB : 76.0102
GR : 120.317
MB : 121.892
MB : 129.736
MB : 255.698
MB : 130.167
MB : 248.629
MB : 122.034
MB : 120.381
MB : 177.537
MB : 247.507
GR : 124.464
GR : 0
MB : 130.22
GR : 122.857
MB : 128.92
MB : 122.705
MB : 121.911
MB : 121.473
MB : 120.509
GR : 0
GR : 94.1374
GR : 251.073
GR : 129.786
MB : 0
GR : 79.9495
GR : 117.429
GR : 254.718
MB : 118.416
GR : 122.743
MB : 132.172
MB : 0
MB : 250.728
GR : 126.679
GR : 129.764
GR : 129.633
MB : 257.244
GR : 173.232
MB : 64.6134
GR : 254.009
GR : 120.118
GR : 119.297
MB : 119.601
GR : 122.497
GR : 130.638
GR : 99.9759
GR : 109.15
MB : 120.606
MB : 119.826
GR : 242.158
GR : 87.6827
GR : 86.4207
GR : 245.642
GR : 83.3209
GR : 124.019
GR : 248.927
GR : 125.98
GR : 247.058
GR : 85.4114
MB : 124.825
MB : 0
MB : 121.485
GR : 81.9795
MB : 0
MB : 130.192
MB : 121.276
GR : 0
GR : 129.301
GR : 0
GR : 0
MB : 98.6097
MB : 122.163
MB : 142.46
GR : 83.8975
GR : 129.399
GR : 121.547
GR : 126.693
MB : 128.887
MB : 134.162
GR : 129.939
MB : 119.032
GR : 0
GR : 120.872
MB : 47.4833
MB : 79.7912
GR : 119.569
MB : 121.971
MB : 127.032
MB : 125.765
MB : 73.8017
MB : 135.844
GR : 127.822
GR : 119.733
MB : 123.873
MB : 133.046
MB : 0
MB : 135.047
GR : 0
MB : 122.571
MB : 130.083
GR : 138.084
GR : 109.361
GR : 122.424
MB : 252.661
GR : 120.553
MB : 121.591
GR : 129.324
MB : 120.544
GR : 121.507
GR : 92.5973
MB : 134.352
MB : 254.119
GR : 102.654
MB : 120.005
GR : 128.481
MB : 129.616
MB : 130.592
GR : 130.838
GR : 249.325
GR : 0
MB : 0
MB : 62.1248
MB : 54.9165
MB : 116.414
GR : 135.786
MB : 102.51
GR : 77.2198
MB : 0
MB : 93.4418
MB : 120.63
MB : 130.848
GR : 249.938
MB : 0
GR : 122.112
MB : 121.185
GR : 0
MB : 130.067
GR : 121.495
GR : 0
MB : 90.9477
MB : 118.612
MB : 0
MB : 85.1242
GR : 119.86
GR : 94.1194
MB : 124.879
MB : 130.446
GR : 62.5234
GR : 253.202
MB : 153.784
MB : 128.581
GR : 253.923
MB : 119.769
GR : 123.208
MB : 91.0426
GR : 120.464
GR : 124.248
GR : 103.506
GR : 131.788
MB : 121.637
GR : 120.16
MB : 120.606
MB : 117.113
MB : 123.322
GR : 119.367
GR : 0
MB : 92.9326
GR : 92.1376
MB : 127.851
MB : 121.208
GR : 61.4975
GR : 119.529
GR : 130.564
MB : 0
MB : 126.002
GR : 99.7141
MB : 119.922
GR : 127.984
GR : 123.729
MB : 140.55
MB : 121.981
GR : 119.091
MB : 129.317
GR : 252.151
GR : 107.721
MB : 121.949
GR : 125.085
MB : 133.803
MB : 121.925
MB : 0
GR : 246.594
MB : 121.97
GR : 0
MB : 107.669
GR : 198.796
MB : 0
MB : 133.103
GR : 121.134
MB : 0
GR : 130.5
MB : 129
MB : 120.148
GR : 0
MB : 66.857
GR : 130.527
MB : 89.0903
MB : 124.208
MB : 107.367
MB : 130.937
MB : 122.666
GR : 121.992
GR : 121.755
MB : 263.407
MB : 127.191
MB : 70.2811
MB : 64.4233
MB : 131.466
MB : 92.3286
GR : 132.187
MB : 124.437
MB : 0
MB : 143.386
MB : 118.768
MB : 0
GR : 134.595
MB : 0
MB : 134.491
GR : 260.716
MB : 0
MB : 0
MB : 90.8768
GR : 129.296
MB : 106.872
GR : 86.2655
MB : 128.634
MB : 155.182
MB : 130.127
MB : 0
GR : 129.75
MB : 120.863
GR : 0
MB : 69.6528
GR : 130.438
MB : 250.164
GR : 129.854
GR : 119.883
GR : 130.644
MB : 0
MB : 90.8076
MB : 0
MB : 247.044
GR : 133.243
GR : 112.551
GR : 246.035
GR : 130.46
MB : 56.3206
MB : 127.56
MB : 253.805
MB : 120.385
MB : 130.288
GR : 133.993
MB : 129.917
MB : 125.24
MB : 107.135
MB : 132.506
GR : 124.016
MB : 123.842
MB : 58.2951
GR : 216.485
MB : 93.0992
MB : 123.271
MB : 80.8834
MB : 139.026
MB : 242.16
MB : 121.063
GR : 133.196
MB : 101.486
MB : 0
GR : 118.477
GR : 129.188
MB : 130.326
MB : 85.9536
GR : 130.199
MB : 0
GR : 132.793
GR : 120.106
MB : 130.138
MB : 53.6046
MB : 132.282
GR : 0
MB : 61.2166
GR : 247.633
MB : 118.598
MB : 114.552
GR : 128.65
MB : 117.91
MB : 255.473
MB : 251.908
MB : 123.113
GR : 136.783
MB : 121.285
GR : 81.2476
MB : 119.293
MB : 127.453
MB : 254.221
MB : 154.894
MB : 129.823
GR : 130.197
GR : 122
MB : 82.2945
MB : 128.635
MB : 122.296
GR : 251.23
MB : 96.9692
GR : 120.87
MB : 125.236
MB : 62.1155
MB : 82.3706
GR : 186.42
MB : 119.383
MB : 129.34
GR : 0
GR : 0
GR : 128.393
MB : 250.575
MB : 123.884
MB : 128.646
MB : 113.595
MB : 253.233
MB : 120.309
GR : 119.979
MB : 133.218
GR : 132.588
MB : 124.702
MB : 119.468
GR : 132.329
MB : 123.888
GR : 130.158
MB : 121.413
MB : 252.025
GR : 131.13
GR : 89.7435
MB : 118.45
MB : 130.047
GR : 136.009
MB : 79.3971
MB : 77.1013
GR : 123.403
GR : 121.323
GR : 252.146
GR : 111.889
GR : 131.961
MB : 120.448
GR : 129.041
MB : 130.806
MB : 119.601
MB : 126.938
GR : 128.013
GR : 0
MB : 0
MB : 122.107
GR : 251.996
MB : 119.511
GR : 104.672
GR : 127.691
MB : 115.235
GR : 130.086
MB : 130.505
GR : 123.426
GR : 0
MB : 103.198
MB : 108.568
GR : 129.322
GR : 248.678
MB : 254.247
MB : 130.631
MB : 48.5803
MB : 120.315
MB : 126.87
MB : 93.1805
MB : 93.4746
GR : 81.3833
GR : 130.439
GR : 254.535
GR : 243.126
MB : 132.529
MB : 134.066
MB : 244.249
MB : 130.609
GR : 75.67
MB : 0
MB : 0
MB : 0
MB : 92.0298
GR : 119.91
MB : 56.0048
MB : 0
MB : 62.1119
GR : 110.731
GR : 0
MB : 196.975
MB : 72.1223
MB : 86.7343
MB : 249.881
MB : 129.227
GR : 122.843
MB : 251.863
MB : 131.986
GR : 127.98
MB : 123.227
MB : 76.5296
MB : 119.819
MB : 129.963
MB : 121.382
MB : 131.496
MB : 118.504
GR : 129.779
GR : 76.9553
GR : 95.0357
GR : 122.244
MB : 128.174
MB : 151.655
MB : 0
MB : 253.477
MB : 250.922
GR : 116.875
MB : 126.573
MB : 105.523
MB : 122.013
MB : 0
MB : 128.191
MB : 93.357
MB : 118.898
MB : 253.677
GR : 120.946
GR : 135.841
GR : 252.362
GR : 122.585
GR : 93.8954
GR : 113.335
GR : 0
MB : 133.566
GR : 122.105
GR : 170.241
MB : 0
GR : 124.545
GR : 130.431
MB : 64.3309
MB : 118.478
MB : 128.492
MB : 76.5815
MB : 0
GR : 252.928
GR : 131.236
GR : 91.0251
MB : 131.881
MB : 122.144
GR : 249.29
GR : 121.82
MB : 119.629
GR : 128.93
GR : 121.527
MB : 101.217
MB : 120.261
MB : 0
GR : 118.409
MB : 120.195
MB : 129.703
MB : 119.076
MB : 132
GR : 254.286
MB : 245.24
MB : 0
MB : 76.5699
MB : 129.196
GR : 122.133
MB : 0
GR : 120.822
GR : 121.631
MB : 0
MB : 70.78
MB : 130.544
MB : 91.8421
GR : 94.5556
MB : 132.161
GR : 249.745
MB : 134.046
MB : 117.792
MB : 130.937
GR : 0
MB : 130.397
GR : 120.881
MB : 121.372
MB : 120.817
GR : 129.562
GR : 138.735
MB : 136.36
MB : 56.8809
MB : 118.825
MB : 116.823
MB : 131.006
MB : 120.938
MB : 0
MB : 131.569
GR : 0
MB : 121.116
MB : 67.1519
MB : 132.156
MB : 134.369
MB : 119.472
GR : 129.31
MB : 120.528
MB : 79.823
GR : 121.046
GR : 130.291
GR : 150.332
MB : 251.71
MB : 127.884
MB : 127.838
MB : 252.946
MB : 121.747
GR : 130.45
MB : 121.833
MB : 126.95
MB : 91.4068
GR : 137.438
GR : 76.2141
GR : 124.17
MB : 100.9
GR : 0
MB : 130.778
MB : 121.403
MB : 122.124
GR : 126.967
GR : 147.811
GR : 87.6196
GR : 0
GR : 129.625
MB : 136.499
MB : 115.34
GR : 120.221
GR : 0
MB : 0
MB : 180.851
GR : 128.42
GR : 128.293
MB : 131.945
MB : 100.819
MB : 0
MB : 135.029
MB : 124.925
GR : 0
MB : 89.9877
GR : 131.285
MB : 117.903
MB : 98.2333
MB : 0
MB : 74.589
GR : 126.076
GR : 0
MB : 0
MB : 127.638
GR : 120.762
MB : 61.822
MB : 130.823
MB : 0
GR : 120.193
GR : 132.235
GR : 120.74
GR : 74.8665
MB : 0
MB : 52.8398
GR : 132.262
GR : 0
GR : 129.176
MB : 252.719
GR : 269.205
MB : 165.387
MB : 129.289
MB : 120.794
GR : 175.665
GR : 126.453
MB : 70.4631
GR : 96.454
MB : 71.0359
MB : 121.2
MB : 111.859
MB : 91.883
MB : 134.487
GR : 130.779
GR : 0
GR : 129.434
MB : 131.213
MB : 0
GR : 113.545
GR : 120.749
GR : 68.7188
MB : 117.634
GR : 254.817
GR : 231.457
MB : 57.7865
MB : 252.468
GR : 124.375
MB : 131.442
GR : 128.169
GR : 121.986
MB : 130.227
GR : 131.21
GR : 126.818
GR : 120.923
MB : 62.912
GR : 0
GR : 137.529
MB : 121.102
MB : 129.993
GR : 251.903
GR : 101.816
GR : 118.755
MB : 0
MB : 122.271
GR : 129.191
GR : 121.946
MB : 125.148
MB : 56.0718
GR : 83.39
MB : 119.565
GR : 70.1927
MB : 250.765
MB : 84.8184
MB : 250.958
MB : 119.843
GR : 0
MB : 129.408
MB : 120.382
MB : 129.701
GR : 0
MB : 0
MB : 0
MB : 100.402
MB : 133.841
MB : 131.251
MB : 129.78
MB : 130.792
MB : 57.4137
GR : 120.089
MB : 120.505
GR : 74.775
GR : 175.733
MB : 120.253
MB : 219.134
GR : 131.508
GR : 121.492
GR : 0
GR : 132.626
GR : 119.193
MB : 129.535
MB : 130.95
GR : 117.583
MB : 115.515
MB : 69.8492
GR : 120.867
MB : 130.923
MB : 120.999
MB : 109.338
GR : 129.893
GR : 129.523
MB : 129.88
GR : 0
MB : 151.385
MB : 131.2
GR : 140.837
MB : 121.785
MB : 129.859
GR : 118.727
MB : 82.0427
MB : 111.692
MB : 120.165
MB : 153.419
GR : 120.499
GR : 119.073
MB : 118.556
MB : 127.257
GR : 121.996
GR : 60.3182
MB : 79.0351
MB : 129.086
MB : 236.471
MB : 206.304
MB : 120.867
MB : 189.238
GR : 100.846
MB : 119.326
MB : 130.037
MB : 0
GR : 134.734
MB : 120.995
GR : 96.13
GR : 125.916
GR : 245.159
MB : 129.784
GR : 121.872
MB : 135.634
MB : 118.741
MB : 42.1132
MB : 84.4113
MB : 123.684
MB : 246.334
GR : 130.296
GR : 116.981
MB : 128.603
GR : 0
MB : 121.34
MB : 120.311
GR : 123.732
GR : 130.027
MB : 127.996
MB : 120.504
MB : 54.7641
GR : 0
GR : 128.822
MB : 259.855
MB : 127.114
GR : 129.817
MB : 122.459
GR : 121.277
MB : 129.534
GR : 118.17
MB : 127.567
GR : 120.896
GR : 248.116
MB : 129.855
MB : 119.289
MB : 0
MB : 0
MB : 54.1332
GR : 120
MB : 105.697
MB : 131.837
MB : 126.526
MB : 134.096
GR : 127.909
GR : 119.241
MB : 122.161
MB : 257.581
MB : 249.873
GR : 57.9709
MB : 61.4315
MB : 81.5645
MB : 132.501
MB : 129.27
GR : 73.334
GR : 130.063
MB : 122.799
GR : 156.342
MB : 248.553
MB : 126.617
MB : 245.449
MB : 118.839
MB : 130.998
GR : 156.025
MB : 134
GR : 111.164
GR : 130.784
GR : 123.054
MB : 128.643
GR : 0
MB : 121.476
GR : 252.79
GR : 128.221
MB : 258.647
GR : 0
MB : 120.335
MB : 0
GR : 255.694
GR : 132.864
MB : 211.248
GR : 0
MB : 113.129
GR : 123.228
GR : 134.01
MB : 126.714
MB : 122.43
MB : 117.635
MB : 112.564
GR : 141.23
MB : 134.037
GR : 133.197
GR : 0
MB : 112.658
MB : 252.055
GR : 130.398
GR : 0
GR : 254.009
MB : 94.1533
MB : 131.813
MB : 110.77
MB : 122.646
GR : 120.957
GR : 0
GR : 49.2932
GR : 156.756
GR : 129.962
MB : 120.608
MB : 0
MB : 175.058
GR : 0
GR : 116.046
MB : 112.7
GR : 121.516
MB : 128.192
GR : 131.76
MB : 119.93
GR : 248.574
MB : 54.0718
MB : 123.222
GR : 127.798
MB : 121.209
MB : 120.55
GR : 122.031
MB : 119.703
MB : 121.49
MB : 128.272
GR : 122.722
MB : 97.2681
MB : 154.279
GR : 125.78
MB : 0
MB : 0
GR : 0
MB : 124.632
GR : 123.096
GR : 119.382
MB : 131.316
MB : 154.558
MB : 83.2642
MB : 81.2862
MB : 238.903
GR : 101.919
MB : 123.475
GR : 124.212
GR : 123.16
MB : 51.2705
GR : 129.013
GR : 74.4169
MB : 116.764
MB : 131.049
GR : 131.133
MB : 0
GR : 120.852
GR : 99.4982
MB : 129.687
MB : 129.827
GR : 79.9904
MB : 119.129
GR : 120.243
MB : 101.17
GR : 123.461
MB : 130.321
MB : 86.441
MB : 121.851
MB : 121.982
MB : 125.369
GR : 120.807
GR : 122.559
MB : 120.763
MB : 131.147
MB : 0
MB : 108.499
MB : 120.393
MB : 0
GR : 257.252
GR : 83.3112
MB : 0
MB : 129.175
MB : 0
MB : 84.8879
MB : 121.667
MB : 106.382
MB : 79.4538
GR : 119.077
MB : 91.7083
MB : 246.444
MB : 247.192
GR : 122.451
GR : 129.055
MB : 120.284
MB : 0
MB : 89.8146
MB : 252.255
GR : 121.116
GR : 129.735
MB : 120.838
GR : 0
GR : 113.521
GR : 258.877
GR : 266.393
GR : 105.633
MB : 117.801
MB : 94.7182
MB : 118.835
MB : 131.405
MB : 119.932
GR : 0
MB : 0
MB : 129.991
MB : 118.667
GR : 121.549
MB : 129.694
MB : 129.136
MB : 119.155
MB : 128.39
GR : 119.079
MB : 130.569
GR : 127.556
MB : 60.2502
MB : 119.893
MB : 212.352
MB : 128.473
MB : 120.415
MB : 121.701
GR : 119.98
GR : 144.402
MB : 120.548
MB : 129.343
MB : 119.443
GR : 0
GR : 141.077
GR : 130.992
MB : 100.43
GR : 130.371
GR : 0
GR : 0
MB : 129.539
GR : 132.754
GR : 130.707
GR : 101.985
GR : 246.84
MB : 129.274
MB : 121.533
MB : 121.891
GR : 120.197
MB : 146.82
MB : 118.922
GR : 250.717
GR : 120.986
MB : 120.713
GR : 132.034
MB : 117.836
GR : 128.669
MB : 96.5919
MB : 129.696
GR : 122.435
MB : 0
MB : 100.607
MB : 129.157
GR : 0
MB : 121.404
GR : 0
MB : 123.37
MB : 125.077
MB : 131.662
MB : 129.732
MB : 127.973
GR : 120.62
GR : 128.746
GR : 253.206
MB : 0
GR : 130.431
MB : 121.444
GR : 120.223
GR : 129.909
MB : 137.146
MB : 0
GR : 78.6342
MB : 130.54
GR : 110.791
GR : 262.906
GR : 129.718
MB : 117
MB : 127.185
MB : 56.3271
MB : 128.396
GR : 133.161
MB : 0
MB : 130.818
MB : 250.797
MB : 68.5325
MB : 121.826
MB : 253.208
GR : 255.811
MB : 133.95
MB : 119.497
GR : 132.54
GR : 129.35
GR : 142.24
GR : 135.714
MB : 123.197
GR : 122.842
MB : 125.185
MB : 82.1705
MB : 132.126
MB : 121.914
GR : 0
MB : 120.654
GR : 121.486
MB : 125.562
GR : 120.304
MB : 248.656
GR : 121.872
MB : 131.159
GR : 78.9027
MB : 0
GR : 97.5998
GR : 110.16
MB : 152.304
MB : 173.391
MB : 73.3229
MB : 129.721
MB : 122.567
MB : 90.9565
GR : 97.4185
MB : 0
MB : 127.918
MB : 118.824
GR : 121.795
MB : 117.84
MB : 121.081
MB : 0
MB : 139.644
MB : 108.618
MB : 77.9048
GR : 131.188
GR : 130.199
MB : 193.932
MB : 131.438
MB : 128.476
GR : 120.291
GR : 132.372
MB : 121.174
MB : 0
MB : 118.668
GR : 130.738
MB : 56.6521
GR : 119.589
MB : 129.45
MB : 124.664
MB : 121.496
MB : 128.163
MB : 246.747
GR : 187.176
MB : 0
GR : 132.306
MB : 117.521
GR : 0
MB : 120.968
MB : 119.203
MB : 0
MB : 122.73
MB : 66.8232
GR : 127.709
MB : 120.506
GR : 121.109
MB : 0
MB : 83.1045
GR : 0
MB : 249.044
GR : 101.363
MB : 142.174
MB : 119.013
MB : 127.569
MB : 122.06
GR : 103.232
MB : 120.317
GR : 121.586
MB : 130.323
GR : 0
GR : 84.6247
MB : 112.737
MB : 121.322
MB : 129.237
GR : 118.498
MB : 127.794
GR : 128.686
MB : 255.999
GR : 120.89
GR : 141.228
GR : 119.933
MB : 111.858
MB : 135.599
MB : 0
MB : 125.447
GR : 121.448
GR : 120.329
GR : 129.46
MB : 120.504
MB : 0
GR : 0
MB : 250.566
GR : 253.84
MB : 106.421
MB : 120.241
GR : 55.1054
MB : 119.742
GR : 121.743
GR : 132.471
MB : 0
MB : 79.9951
GR : 0
MB : 95.9244
MB : 0
GR : 0
GR : 132.602
MB : 130.135
GR : 122.189
MB : 120.788
MB : 120.826
GR : 132.518
GR : 131.601
GR : 126.273
GR : 110.875
GR : 86.9415
GR : 252.452
MB : 128.677
GR : 0
MB : 65.9298
GR : 119.62
GR : 122.488
MB : 127.569
MB : 122.666
MB : 62.3622
MB : 99.518
MB : 163.148
MB : 110.332
MB : 56.9409
MB : 240.196
MB : 106.585
GR : 120.336
MB : 252.954
GR : 200.428
GR : 242.868
MB : 56.8486
MB : 70.2122
MB : 250.762
MB : 184.94
MB : 245.942
MB : 129.035
MB : 122.134
GR : 121.033
GR : 0
MB : 88.2562
MB : 0
MB : 69.4159
MB : 122.135
MB : 130.441
GR : 121.898
MB : 78.9509
MB : 128.398
MB : 0
MB : 111.735
MB : 129.02
GR : 122.571
GR : 121.403
GR : 234.578
GR : 96.0226
MB : 0
MB : 123.143
MB : 0
MB : 0
MB : 95.3529
MB : 130.064
GR : 120.956
GR : 129.223
GR : 104.001
GR : 119.192
MB : 0
GR : 119.749
MB : 122.753
GR : 111.448
MB : 117.558
MB : 121.106
MB : 128.524
MB : 86.8028
GR : 127.068
GR : 121.671
GR : 121.095
GR : 120.61
GR : 134.476
MB : 58.0013
MB : 0
MB : 121.412
GR : 131.767
GR : 120.657
MB : 121.259
MB : 131.345
GR : 93.6757
MB : 115.449
MB : 248.535
MB : 119.98
MB : 120.735
MB : 131.021
MB : 0
MB : 0
GR : 71.8292
MB : 128.005
MB : 82.3824
MB : 249.866
GR : 120.378
GR : 140.71
GR : 256.15
MB : 130.999
GR : 111.764
MB : 120.099
MB : 115.585
GR : 0
MB : 88.6093
MB : 0
GR : 121.05
GR : 128.903
MB : 252.415
MB : 255.967
GR : 121.325
GR : 0
MB : 59.8609
MB : 128.072
GR : 0
MB : 133.563
GR : 0
GR : 90.6343
MB : 102.581
MB : 128.76
GR : 128.488
MB : 134.092
MB : 118.808
MB : 108.639
GR : 130.255
MB : 101.577
MB : 0
MB : 110.914
MB : 120.719
GR : 123.503
MB : 0
MB : 167.667
MB : 120.68
GR : 114.147
GR : 128.191
MB : 132.039
GR : 120.85
GR : 129.154
MB : 129.893
MB : 132.236
MB : 84.5199
MB : 127.198
GR : 89.4844
GR : 69.4208
MB : 0
GR : 72.5287
GR : 119.055
MB : 119.731
MB : 252.759
GR : 121.303
GR : 121.675
GR : 89.7247
MB : 82.8127
MB : 118.704
GR : 120.808
GR : 121.656
GR : 122.315
MB : 131.354
MB : 128.141
GR : 130.551
GR : 63.6293
MB : 63.5357
MB : 131.537
GR : 94.5689
MB : 249.766
MB : 0
GR : 118.49
MB : 127.452
GR : 131.443
GR : 128.725
GR : 151.321
MB : 63.3767
MB : 123.966
MB : 118.377
MB : 132.816
MB : 120.753
GR : 119.373
MB : 124.275
MB : 127.953
GR : 119.257
GR : 122.797
GR : 119.494
MB : 128.251
MB : 89.6825
MB : 157.254
GR : 90.5055
MB : 154.03
MB : 0
MB : 95.6266
MB : 54.7214
GR : 96.7938
MB : 62.3677
MB : 122.064
GR : 128.806
GR : 121.429
GR : 118.863
MB : 129.793
MB : 110.084
MB : 121.254
GR : 135.183
GR : 120.404
MB : 122.62
MB : 129.812
MB : 111.363
MB : 123.782
GR : 0
MB : 77.9763
MB : 116.213
MB : 120.182
GR : 248.666
GR : 123.253
MB : 132.249
GR : 254.057
MB : 95.1014
MB : 128.409
MB : 121.407
MB : 120.383
MB : 81.7987
MB : 104.557
MB : 122.416
MB : 120.416
MB : 130.266
GR : 131.693
MB : 120.004
GR : 127.923
GR : 58.7355
GR : 254.146
MB : 131.175
MB : 122.431
MB : 131.35
MB : 95.3681
MB : 96.7103
MB : 0
MB : 129.999
MB : 120.438
MB : 97.5849
GR : 251.192
MB : 0
GR : 0
GR : 132.367
MB : 171.766
GR : 128.351
MB : 128.342
MB : 128.997
MB : 0
GR : 128.091
MB : 131.293
MB : 221.569
MB : 49.8709
MB : 132.224
GR : 74.9177
MB : 115.31
GR : 120.872
MB : 130.787
GR : 130.698
GR : 119.271
GR : 132.077
GR : 120.475
MB : 130.116
MB : 133.086
MB : 50.6948
MB : 120.128
MB : 240.816
GR : 132.757
MB : 104.319
MB : 246.438
GR : 131.328
GR : 0
GR : 88.8329
GR : 121.301
MB : 73.9243
GR : 239.796
GR : 108.143
MB : 101.04
MB : 250.243
MB : 131.947
MB : 128.235
MB : 65.589
GR : 107.553
MB : 0
MB : 64.9428
MB : 253.082
GR : 0
MB : 124.164
GR : 122.789
MB : 191.2
MB : 122.42
GR : 127.445
MB : 122.984
GR : 120.155
GR : 248.659
MB : 0
MB : 124.418
MB : 121.251
MB : 0
GR : 120.992
GR : 120.238
GR : 108.128
GR : 128.563
GR : 245.66
GR : 202.504
MB : 128.91
MB : 121.004
GR : 100.997
MB : 75.6976
GR : 253.202
MB : 123.384
MB : 65.1046
MB : 130.71
GR : 122.198
GR : 119.379
MB : 0
MB : 123.743
MB : 132.085
MB : 129.624
GR : 122.872
MB : 128.913
GR : 82.8005
MB : 0
MB : 133.094
MB : 120.982
MB : 122.135
GR : 127.24
GR : 73.396
MB : 129.243
MB : 91.4569
MB : 130.799
GR : 121.493
MB : 95.425
GR : 130.225
GR : 133.492
GR : 119.312
MB : 208.775
MB : 72.941
GR : 142.375
MB : 0
GR : 129.209
MB : 135.767
GR : 121.553
GR : 131.184
GR : 73.9458
MB : 119.785
GR : 74.8417
GR : 119.442
GR : 118.258
MB : 130.39
GR : 131.47
MB : 131.201
GR : 130.547
MB : 131.485
GR : 123.177
GR : 129.298
GR : 0
GR : 122.349
GR : 79.3879
GR : 265.966
MB : 50.4531
MB : 59.4957
GR : 130.275
MB : 129.115
MB : 255.41
MB : 120.764
MB : 129.149
GR : 0
MB : 119.826
GR : 130.979
MB : 0
GR : 82.164
MB : 0
GR : 123.798
GR : 130.481
GR : 126.182
GR : 121.234
MB : 121.836
MB : 130.432
MB : 120.69
GR : 120.946
GR : 122.823
MB : 121.387
GR : 87.7002
GR : 131.131
MB : 122.546
GR : 130.684
GR : 0
MB : 253.087
MB : 96.0821
MB : 122.995
MB : 132.104
GR : 125.781
MB : 130.435
MB : 132.73
MB : 191.394
MB : 63.5742
GR : 124.42
GR : 99.5805
MB : 121.654
GR : 75.1878
MB : 63.8267
GR : 120.989
MB : 117.35
MB : 121.795
MB : 96.271
GR : 129.289
GR : 0
MB : 118.721
GR : 243.405
GR : 92.9268
MB : 120.512
GR : 0
MB : 74.5263
MB : 0
GR : 130.65
GR : 121.945
MB : 0
MB : 71.0724
MB : 250.137
GR : 117.597
GR : 0
GR : 174.349
GR : 128.129
MB : 132.421
GR : 120.04
MB : 112.273
GR : 90.1723
GR : 237.571
MB : 90.2028
MB : 251.605
GR : 119.003
GR : 127.222
GR : 129.385
GR : 130.652
MB : 122.901
MB : 201.489
MB : 0
MB : 123.817
GR : 64.2251
MB : 116.39
GR : 126.357
GR : 119.751
MB : 244.358
GR : 250.595
MB : 245.079
GR : 127.182
GR : 119.906
MB : 89.4379
