simulating 6000 events with energy 229

**************************************************************
 Geant4 version Name: geant4-10-04-patch-03 [MT]   (8-February-2019)
                       Copyright : Geant4 Collaboration
                      References : NIM A 506 (2003), 250-303
                                 : IEEE-TNS 53 (2006), 270-278
                                 : NIM A 835 (2016), 186-225
                             WWW : http://geant4.org/
**************************************************************

Instantiating DetectorConstruction ...
... Done
Construct incoming and outgoing beams
... Done
Event Action
... Done
Primary Generator
... Done
Run Action
... Done
Tracking Action
... Done
Stepping Action
... Done
Stacking Action
... Done
Starting visualization...*** Initializing runManager
### G4EmStandard_opt4 Construct Processes 
*** Initialized runManager
newValue 
newValue 
 ----> The capsules will be generated.
setting beam pipe -------------------------------------------------------
0---------------------------->1
1---------------------------->1
construct target

Reading description of crystals from file asolid ...
6 polyhedra for a total of 72 vertex points read.

Reading description of clusters from file aclust ...
 Read 4 cluster description for a total of 13 individual solids.

Reading description of walls from file awalls ...
58 polyhedra for a total of 544 vertex points read.

Reading Euler angles from file aeuler ...
11 Euler angles read.
 Reading slice planes from file aslice

Reading slicing planes from data file aslice

----> The crystals material is Germanium

----> The wall material is Al

----> The back wall material is BackWallMaterial

----> The hole material is G4_Galactic

----> The cryostat material is Al

Generating crystals ... 
0, colx 1, coly 1, colz 0

  Total Ge volume (geCapsPolyPcone00)     = 369.516 cm3
    Back dead layer volume (gePassB00)     = 4.95043 cm3
    Coaxial dead layer volume (geTubsC00) = 11.7814 cm3

1, colx 1, coly 0, colz 1

  Total Ge volume (geCapsPolyPcone01)     = 385.488 cm3
    Back dead layer volume (gePassB01)     = 4.94789 cm3
    Coaxial dead layer volume (geTubsC01) = 11.7655 cm3

2, colx 1, coly 0, colz 0

  Total Ge volume (geCapsPolyPcone02)     = 378.326 cm3
    Back dead layer volume (gePassB02)     = 2.47678 cm3
    Coaxial dead layer volume (geTubsC02) = 1.59236 cm3

3, colx 0, coly 1, colz 0

  Total Ge volume (geCapsPolyPcone03)     = 384.936 cm3
    Back dead layer volume (gePassB03)     = 2.47381 cm3
    Coaxial dead layer volume (geTubsC03) = 1.58711 cm3

WARNING - gePoly04 point [ 1 +  1]/2 is   0.165765 mm outside plane  2
WARNING - gePoly04 point [ 1 +  1]/2 is   0.004058 mm outside plane  3
WARNING - gePoly04 point [ 1 +  6]/2 is   0.165765 mm outside plane  2
WARNING - gePoly04 point [ 1 +  8]/2 is   0.004058 mm outside plane  3
WARNING - gePoly04 point [ 3 +  3]/2 is   0.019978 mm outside plane  4
WARNING - gePoly04 point [ 3 +  3]/2 is   0.049876 mm outside plane  5
WARNING - gePoly04 point [ 3 +  8]/2 is   0.019978 mm outside plane  4
WARNING - gePoly04 point [ 3 + 10]/2 is   0.049876 mm outside plane  5
WARNING - gePoly04 point [ 5 +  5]/2 is   0.097001 mm outside plane  7
WARNING - gePoly04 point [ 5 +  6]/2 is   0.097001 mm outside plane  7
WARNING - gePoly04 point [ 6 +  6]/2 is   0.165765 mm outside plane  2
WARNING - gePoly04 point [ 6 +  6]/2 is   0.097001 mm outside plane  7
WARNING - gePoly04 point [ 8 +  8]/2 is   0.004058 mm outside plane  3
WARNING - gePoly04 point [ 8 +  8]/2 is   0.019978 mm outside plane  4
WARNING - gePoly04 point [10 + 10]/2 is   0.049876 mm outside plane  5
4, colx 0, coly 0, colz 1

  Total Ge volume (geCapsPolyPcone04)     = 380.837304 cm3
    Back dead layer volume (gePassB04)     = 2.477019 cm3
    Coaxial dead layer volume (geTubsC04) = 1.588971 cm3

5, colx 1, coly 1, colz 1

  Total Ge volume (geCapsPolyPcone05)     = 255.816077 cm3
    Back dead layer volume (gePassB05)     = 1.846901 cm3
    Coaxial dead layer volume (geTubsC05) = 1.753152 cm3

Number of generated crystals is 6

Generating walls ... 
WARNING - wlPoly00 point [ 0 +  0]/2 is   0.003914 mm outside plane  2
WARNING - wlPoly00 point [ 0 +  7]/2 is   0.003914 mm outside plane  2
WARNING - wlPoly00 point [ 1 +  1]/2 is   0.003618 mm outside plane  3
WARNING - wlPoly00 point [ 1 +  8]/2 is   0.003618 mm outside plane  3
WARNING - wlPoly00 point [ 2 +  2]/2 is   0.000863 mm outside plane  4
WARNING - wlPoly00 point [ 2 +  9]/2 is   0.000863 mm outside plane  4
WARNING - wlPoly00 point [ 3 +  3]/2 is   0.000611 mm outside plane  5
WARNING - wlPoly00 point [ 3 + 10]/2 is   0.000611 mm outside plane  5
WARNING - wlPoly00 point [ 5 +  5]/2 is   0.002633 mm outside plane  6
WARNING - wlPoly00 point [ 5 +  5]/2 is   0.002535 mm outside plane  7
WARNING - wlPoly00 point [ 5 +  6]/2 is   0.002535 mm outside plane  7
WARNING - wlPoly00 point [ 5 + 10]/2 is   0.002633 mm outside plane  6
WARNING - wlPoly00 point [ 6 +  6]/2 is   0.002535 mm outside plane  7
WARNING - wlPoly00 point [ 6 +  8]/2 is   0.014201 mm outside plane  1
WARNING - wlPoly00 point [ 6 + 10]/2 is   0.014201 mm outside plane  1
WARNING - wlPoly00 point [ 7 +  7]/2 is   0.003914 mm outside plane  2
WARNING - wlPoly00 point [ 7 +  8]/2 is   0.026083 mm outside plane  1
WARNING - wlPoly00 point [ 7 + 10]/2 is   0.026084 mm outside plane  1
WARNING - wlPoly00 point [ 8 +  8]/2 is   0.056427 mm outside plane  1
WARNING - wlPoly00 point [ 8 +  8]/2 is   0.003618 mm outside plane  3
WARNING - wlPoly00 point [ 8 + 10]/2 is   0.056428 mm outside plane  1
WARNING - wlPoly00 point [ 8 + 11]/2 is   0.028139 mm outside plane  1
WARNING - wlPoly00 point [ 9 +  9]/2 is   0.000863 mm outside plane  4
WARNING - wlPoly00 point [10 + 10]/2 is   0.056429 mm outside plane  1
WARNING - wlPoly00 point [10 + 10]/2 is   0.000611 mm outside plane  5
WARNING - wlPoly00 point [10 + 10]/2 is   0.002633 mm outside plane  6
WARNING - wlPoly00 point [10 + 11]/2 is   0.028139 mm outside plane  1
WARNING - wlPoly00 point [ 1 +  1]/2 is   0.004389 mm outside plane  2
WARNING - wlPoly00 point [ 1 +  6]/2 is   0.004389 mm outside plane  2
WARNING - wlPoly00 point [ 2 +  2]/2 is   0.006061 mm outside plane  3
WARNING - wlPoly00 point [ 2 +  7]/2 is   0.006061 mm outside plane  3
WARNING - wlPoly00 point [ 3 +  3]/2 is   0.003541 mm outside plane  4
WARNING - wlPoly00 point [ 3 +  3]/2 is   0.000101 mm outside plane  5
WARNING - wlPoly00 point [ 3 +  8]/2 is   0.003541 mm outside plane  4
WARNING - wlPoly00 point [ 3 + 10]/2 is   0.000101 mm outside plane  5
WARNING - wlPoly00 point [ 4 +  4]/2 is   0.003430 mm outside plane  6
WARNING - wlPoly00 point [ 4 + 11]/2 is   0.003430 mm outside plane  6
WARNING - wlPoly00 point [ 5 +  5]/2 is   0.003232 mm outside plane  7
WARNING - wlPoly00 point [ 5 +  6]/2 is   0.003232 mm outside plane  7
WARNING - wlPoly00 point [ 6 +  6]/2 is   0.004389 mm outside plane  2
WARNING - wlPoly00 point [ 6 +  6]/2 is   0.003232 mm outside plane  7
WARNING - wlPoly00 point [ 7 +  7]/2 is   0.006061 mm outside plane  3
WARNING - wlPoly00 point [ 8 +  8]/2 is   0.003541 mm outside plane  4
WARNING - wlPoly00 point [10 + 10]/2 is   0.000101 mm outside plane  5
WARNING - wlPoly00 point [11 + 11]/2 is   0.003430 mm outside plane  6
WARNING - wlPoly00 point [ 1 +  1]/2 is   0.000844 mm outside plane  2
WARNING - wlPoly00 point [ 1 +  6]/2 is   0.000844 mm outside plane  2
WARNING - wlPoly00 point [ 2 +  2]/2 is   0.004245 mm outside plane  3
WARNING - wlPoly00 point [ 2 +  7]/2 is   0.004245 mm outside plane  3
WARNING - wlPoly00 point [ 3 +  3]/2 is   0.003645 mm outside plane  4
WARNING - wlPoly00 point [ 3 +  3]/2 is   0.000100 mm outside plane  5
WARNING - wlPoly00 point [ 3 +  8]/2 is   0.003645 mm outside plane  4
WARNING - wlPoly00 point [ 3 + 10]/2 is   0.000100 mm outside plane  5
WARNING - wlPoly00 point [ 4 +  4]/2 is   0.003330 mm outside plane  6
WARNING - wlPoly00 point [ 4 + 11]/2 is   0.003330 mm outside plane  6
WARNING - wlPoly00 point [ 5 +  5]/2 is   0.005238 mm outside plane  7
WARNING - wlPoly00 point [ 5 +  6]/2 is   0.005238 mm outside plane  7
WARNING - wlPoly00 point [ 6 +  6]/2 is   0.000844 mm outside plane  2
WARNING - wlPoly00 point [ 6 +  6]/2 is   0.005238 mm outside plane  7
WARNING - wlPoly00 point [ 7 +  7]/2 is   0.004245 mm outside plane  3
WARNING - wlPoly00 point [ 8 +  8]/2 is   0.003645 mm outside plane  4
WARNING - wlPoly00 point [10 + 10]/2 is   0.000100 mm outside plane  5
WARNING - wlPoly00 point [11 + 11]/2 is   0.003330 mm outside plane  6
WARNING - wlPoly00 point [ 0 +  0]/2 is   0.001022 mm outside plane  2
WARNING - wlPoly00 point [ 0 +  7]/2 is   0.001022 mm outside plane  2
WARNING - wlPoly00 point [ 1 +  1]/2 is   0.003617 mm outside plane  3
WARNING - wlPoly00 point [ 1 +  8]/2 is   0.003617 mm outside plane  3
WARNING - wlPoly00 point [ 2 +  2]/2 is   0.000907 mm outside plane  4
WARNING - wlPoly00 point [ 2 +  9]/2 is   0.000907 mm outside plane  4
WARNING - wlPoly00 point [ 4 +  4]/2 is   0.003634 mm outside plane  5
WARNING - wlPoly00 point [ 4 +  9]/2 is   0.003634 mm outside plane  5
WARNING - wlPoly00 point [ 5 +  5]/2 is   0.002632 mm outside plane  6
WARNING - wlPoly00 point [ 5 +  5]/2 is   0.000592 mm outside plane  7
WARNING - wlPoly00 point [ 5 +  6]/2 is   0.000592 mm outside plane  7
WARNING - wlPoly00 point [ 5 + 10]/2 is   0.002632 mm outside plane  6
WARNING - wlPoly00 point [ 6 +  6]/2 is   0.000592 mm outside plane  7
WARNING - wlPoly00 point [ 7 +  7]/2 is   0.001022 mm outside plane  2
WARNING - wlPoly00 point [ 8 +  8]/2 is   0.003617 mm outside plane  3
WARNING - wlPoly00 point [ 9 +  9]/2 is   0.000907 mm outside plane  4
WARNING - wlPoly00 point [ 9 +  9]/2 is   0.003634 mm outside plane  5
WARNING - wlPoly00 point [10 + 10]/2 is   0.002632 mm outside plane  6
Number of generated walls is 58

Generating the capsules ... 
WARNING - vaPoly04 point [ 1 +  1]/2 is   0.165765 mm outside plane  2
WARNING - vaPoly04 point [ 1 +  1]/2 is   0.004058 mm outside plane  3
WARNING - vaPoly04 point [ 1 +  6]/2 is   0.165765 mm outside plane  2
WARNING - vaPoly04 point [ 1 +  8]/2 is   0.004058 mm outside plane  3
WARNING - vaPoly04 point [ 3 +  3]/2 is   0.019978 mm outside plane  4
WARNING - vaPoly04 point [ 3 +  3]/2 is   0.049876 mm outside plane  5
WARNING - vaPoly04 point [ 3 +  8]/2 is   0.019978 mm outside plane  4
WARNING - vaPoly04 point [ 3 + 10]/2 is   0.049876 mm outside plane  5
WARNING - vaPoly04 point [ 5 +  5]/2 is   0.097001 mm outside plane  7
WARNING - vaPoly04 point [ 5 +  6]/2 is   0.097001 mm outside plane  7
WARNING - vaPoly04 point [ 6 +  6]/2 is   0.165765 mm outside plane  2
WARNING - vaPoly04 point [ 6 +  6]/2 is   0.097001 mm outside plane  7
WARNING - vaPoly04 point [ 8 +  8]/2 is   0.004058 mm outside plane  3
WARNING - vaPoly04 point [ 8 +  8]/2 is   0.019978 mm outside plane  4
WARNING - vaPoly04 point [10 + 10]/2 is   0.049876 mm outside plane  5
WARNING - caPoly04 point [ 1 +  1]/2 is   0.165765 mm outside plane  2
WARNING - caPoly04 point [ 1 +  1]/2 is   0.004058 mm outside plane  3
WARNING - caPoly04 point [ 1 +  6]/2 is   0.165765 mm outside plane  2
WARNING - caPoly04 point [ 1 +  8]/2 is   0.004058 mm outside plane  3
WARNING - caPoly04 point [ 3 +  3]/2 is   0.019978 mm outside plane  4
WARNING - caPoly04 point [ 3 +  3]/2 is   0.049876 mm outside plane  5
WARNING - caPoly04 point [ 3 +  8]/2 is   0.019978 mm outside plane  4
WARNING - caPoly04 point [ 3 + 10]/2 is   0.049876 mm outside plane  5
WARNING - caPoly04 point [ 5 +  5]/2 is   0.097001 mm outside plane  7
WARNING - caPoly04 point [ 5 +  6]/2 is   0.097001 mm outside plane  7
WARNING - caPoly04 point [ 6 +  6]/2 is   0.165765 mm outside plane  2
WARNING - caPoly04 point [ 6 +  6]/2 is   0.097001 mm outside plane  7
WARNING - caPoly04 point [ 8 +  8]/2 is   0.004058 mm outside plane  3
WARNING - caPoly04 point [ 8 +  8]/2 is   0.019978 mm outside plane  4
WARNING - caPoly04 point [10 + 10]/2 is   0.049876 mm outside plane  5
Number of generated capsules is 6

Building the clusters ...
 Cluster #0
  Solid    1          61.75      9.72    -75.44      0.79     -3.02     18.23
  Solid    0         147.07     16.37     16.70      4.99      1.50     17.75
  Solid    1          61.75      9.72    104.56     -0.79      3.02     18.23
  Solid    0         147.07     16.37   -163.30     -4.99     -1.50     17.75
  Wall     0           0.00      0.00      0.00      0.00      0.00      0.00
  Wall     1           0.00      0.00      0.00      0.00      0.00      0.00
  Wall     2           0.00      0.00      0.00      0.00      0.00      0.00
  Wall     3           0.00      0.00      0.00      0.00      0.00      0.00
  Wall     4           0.00      0.00      0.00      0.00      0.00      0.00
  Wall     5           0.00      0.00      0.00      0.00      0.00      0.00
  Wall     6           0.00      0.00      0.00      0.00      0.00      0.00
  Wall     7           0.00      0.00      0.00      0.00      0.00      0.00
  Wall     8           0.00      0.00      0.00      0.00      0.00      0.00
  Wall     9           0.00      0.00      0.00      0.00      0.00      0.00
  Wall    10           0.00      0.00      0.00      0.00      0.00      0.00
  Wall    11           0.00      0.00      0.00      0.00      0.00      0.00
  Wall    12           0.00      0.00      0.00      0.00      0.00      0.00
  Wall    13           0.00      0.00      0.00      0.00      0.00      0.00
  Wall    14           0.00      0.00      0.00      0.00      0.00      0.00
  Wall    15           0.00      0.00      0.00      0.00      0.00      0.00
  Wall    16           0.00      0.00      0.00      0.00      0.00      0.00
  Wall    17           0.00      0.00      0.00      0.00      0.00      0.00
  Wall    18           0.00      0.00      0.00      0.00      0.00      0.00
  Wall    19           0.00      0.00      0.00      0.00      0.00      0.00
  Wall    20           0.00      0.00      0.00      0.00      0.00      0.00
  Wall    21           0.00      0.00      0.00      0.00      0.00      0.00
 Cluster #1
  Solid    1          61.75      9.72    -75.44      0.79     -3.02     18.23
  Solid    0         147.07     16.37     16.70      4.99      1.50     17.75
  Solid    1          61.75      9.72    104.56     -0.79      3.02     18.23
 Cluster #2
  Solid    2        -179.73      9.42     -2.94      3.49     -0.16     -4.41
  Solid    3         177.23      9.42    115.42     -1.39      3.30     -4.42
  Solid    4        -178.71      9.42   -120.42     -1.73     -3.09     -4.42
  Wall     3           0.00      0.00      0.00      0.00      0.00      0.00
  Wall     4           0.00      0.00      0.00      0.00      0.00      0.00
  Wall     5           0.00      0.00      0.00      0.00      0.00      0.00
  Wall     6           0.00      0.00      0.00      0.00      0.00      0.00
  Wall     7           0.00      0.00      0.00      0.00      0.00      0.00
  Wall     8           0.00      0.00      0.00      0.00      0.00      0.00
  Wall     9           0.00      0.00      0.00      0.00      0.00      0.00
  Wall    10           0.00      0.00      0.00      0.00      0.00      0.00
  Wall    11           0.00      0.00      0.00      0.00      0.00      0.00
  Wall    12           0.00      0.00      0.00      0.00      0.00      0.00
  Wall    13           0.00      0.00      0.00      0.00      0.00      0.00
  Wall    14           0.00      0.00      0.00      0.00      0.00      0.00
  Wall    15           0.00      0.00      0.00      0.00      0.00      0.00
  Wall    16           0.00      0.00      0.00      0.00      0.00      0.00
  Wall    17           0.00      0.00      0.00      0.00      0.00      0.00
  Wall    18           0.00      0.00      0.00      0.00      0.00      0.00
  Wall    19           0.00      0.00      0.00      0.00      0.00      0.00
  Wall    20           0.00      0.00      0.00      0.00      0.00      0.00
 Cluster #3
  Solid    5           0.00      4.51      0.00      3.59      0.00     -0.28
  Solid    5           0.00      4.51    120.00     -1.79      3.10     -0.28
  Solid    5           0.00      4.51    240.00     -1.79     -3.10     -0.28
  Wall     2           0.00      0.00      0.00      0.00      0.00      0.00
  Wall     3           0.00      0.00      0.00      0.00      0.00      0.00
  Wall     4           0.00      0.00      0.00      0.00      0.00      0.00
  Wall     5           0.00      0.00      0.00      0.00      0.00      0.00
  Wall    10           0.00      0.00      0.00      0.00      0.00      0.00
  Wall    11           0.00      0.00      0.00      0.00      0.00      0.00
  Wall    12           0.00      0.00      0.00      0.00      0.00      0.00
  Wall    13           0.00      0.00      0.00      0.00      0.00      0.00
  Wall    18           0.00      0.00      0.00      0.00      0.00      0.00
  Wall    19           0.00      0.00      0.00      0.00      0.00      0.00
  Wall    20           0.00      0.00      0.00      0.00      0.00      0.00
  Wall    21           0.00      0.00      0.00      0.00      0.00      0.00
  Wall     0           0.00      0.00      0.00      0.00      0.00      0.00
  Wall     1           0.00      0.00      0.00      0.00      0.00      0.00
  Wall     8           0.00      0.00      0.00      0.00      0.00      0.00
  Wall     9           0.00      0.00      0.00      0.00      0.00      0.00
  Wall    16           0.00      0.00      0.00      0.00      0.00      0.00
  Wall    17           0.00      0.00      0.00      0.00      0.00      0.00

Placing clusters ... 
0 nEuler = 11 pCa whichClus = 0
indexP 0
   0    0    0        0     90.00     65.00    -20.00     -4.26      1.55     -2.11
1 nEuler = 11 pCa whichClus = 1
indexP 1004
   1    1    1     1004      0.00     65.00    -90.00      0.00      4.53     -2.11
2 nEuler = 11 pCa whichClus = 2
indexP 100400
   2  100    2   100400     60.00     65.00   -150.00    -15.70     -9.06      8.45
3 nEuler = 11 pCa whichClus = 3
indexP 200800
   3  200    3   200800      0.00     30.00      0.00     11.00      0.00     19.05
4 nEuler = 11 pCa whichClus = 3
indexP 201804
   4  201    3   201804     60.00     30.00     60.00      5.50      9.53     19.05
5 nEuler = 11 pCa whichClus = 3
indexP 202808
   5  202    3   202808    120.00     30.00    120.00     -5.50      9.53     19.05
6 nEuler = 11 pCa whichClus = 3
indexP 203812
   6  203    3   203812    180.00     30.00    180.00    -11.00      0.00     19.05
7 nEuler = 11 pCa whichClus = 3
indexP 204816
   7  204    3   204816    240.00     30.00    240.00     -5.50     -9.53     19.05
8 nEuler = 11 pCa whichClus = 3
indexP 205820
   8  205    3   205820    300.00     30.00    300.00      5.50     -9.53     19.05
9 nEuler = 11 pCa whichClus = 3
indexP 206824
   9  206    3   206824      0.00     65.00     60.00      9.06     15.70      8.45
10 nEuler = 11 pCa whichClus = 3
indexP 207828
  10  207    3   207828    150.00     65.00    150.00    -15.70      9.06      8.45
Number of placed clusters is 11  [ 1 1 1 8 ]
Cluster  Index ranging from 0 to 207
Detector Index ranging from 0 to 831

Number of placed walls is 184

The equivalent shell extends from 13.592083 cm to 30.020266 cm


Generating segments for the ReadOut geometry... 
 144 segments
 144 segments
 144 segments
 144 segments
 144 segments
 24 segments
 --> Total number of generated sub-segments (4 sub-segments per segment) is 744 [ 144 144 144 144 144 24 ]

Checking consistency of segments ...
all OK
newValue 
----> Target material set to     MINOS
----> Target thickness is set to 5.000000 cm 
----> Target position is set to 0.000000 fm , 0.000000 fm , -10.000000 cm , 
----> Beam Tube outer radius set to 9.600000 cm 
----> Beam Tube inner radius set to 9.100000 cm 
----> Beam Tube length set to 30.000000 cm 
----> Beam Tube shift set to -10.000000 cm 
----> setting Thickness of shield
----> Thickness of shield0 set to -1.000000 mm 
----> setting Thickness of shield
----> Thickness of shield1 set to -1.000000 mm 
----> Z of the incoming beam set to  42
----> A of the incoming beam set to  84
----> Kin. En. of the incoming beam set to 17.892000 GeV
----> KE per nucleon of the incoming beam set to 213.000000 MeV
----> momentum acceptance for the incoming beam set to  0.000000
----> focal point X position for the incoming beam set to  0.000000 fm 
----> focal point DX size for the incoming beam set to  0.000000 fm 
----> focal point Y position for the incoming beam set to  0.000000 fm 
----> focal point DY size for the incoming beam set to  0.000000 fm 
----> focal point Z position for the incoming beam set to  -50.000000 cm 
----> dispersive direction angular divergence for the incoming beam set to  0.000000 mrad = 0.000000 deg
----> non dispersive direction angular divergence for the incoming beam set to  0.000000 mrad = 0.000000 deg
AddPrivateData done
----> Delta A for the outgoing beam-like product set to -1
----> Delta Z for the outgoing beam-like product set to 0
----> Target A (for kinematics calculations) is set to 1
----> Target Z (for kinematics calculations) is set to 1
----> Excitation energy of the outgoing beam set to 229.000000 keV
----> Target excitation energy set to 0.000000 eV 
----> Mass of the incoming beam is 78169.644564 MeV
----> Mass of the target is 938.272013 MeV
----> Mass of the outgoing beam-like reaction product is 77245.966536 MeV
----> Mass of the outgoing target-like reaction product is 1875.613000 MeV
----> Sigma for ata distribution set to 0.000000
----> Sigma for bta distribution set to 0.000000

--- G4ParticleDefinition ---
 Particle Name : proton
 PDG particle code : 2212 [PDG anti-particle code: -2212]
 Mass [GeV/c2] : 0.938272     Width : 0.000000
 Lifetime [nsec] : -1.000000
 Charge [e]: 1.000000
 Spin : 1/2
 Parity : 1
 Charge conjugation : 0
 Isospin : (I,Iz): (1/2 , 1/2 ) 
 GParity : 0
 MagneticMoment [MeV/T] : 0.000000
 Quark contents     (d,u,s,c,b,t) : 1, 2, 0, 0, 0, 0
 AntiQuark contents               : 0, 0, 0, 0, 0, 0
 Lepton number : 0 Baryon number : 1
 Particle type : baryon [nucleon]
 Atomic Number : 1  Atomic Mass : 1
 Stable : stable

--- G4ParticleDefinition ---
 Particle Name : GenericIon
 PDG particle code : 0 [PDG anti-particle code: 0]
 Mass [GeV/c2] : 0.938272     Width : 0.000000
 Lifetime [nsec] : -1.000000
 Charge [e]: 1.000000
 Spin : 1/2
 Parity : 1
 Charge conjugation : 0
 Isospin : (I,Iz): (1/2 , 1/2 ) 
 GParity : 0
 Quark contents     (d,u,s,c,b,t) : 0, 0, 0, 0, 0, 0
 AntiQuark contents               : 0, 0, 0, 0, 0, 0
 Lepton number : 0 Baryon number : 1
 Particle type : nucleus [generic]
 Atomic Number : 1  Atomic Mass : 1
 Stable : stable

--- G4ParticleDefinition ---
 Particle Name : deuteron
 PDG particle code : 1000010020 [PDG anti-particle code: -1000010020]
 Mass [GeV/c2] : 1.875613     Width : 0.000000
 Lifetime [nsec] : -1.000000
 Charge [e]: 1.000000
 Spin : 2/2
 Parity : 1
 Charge conjugation : 0
 Isospin : (I,Iz): (0/2 , 0/2 ) 
 GParity : 0
 MagneticMoment [MeV/T] : 0.000000
 Quark contents     (d,u,s,c,b,t) : 3, 3, 0, 0, 0, 0
 AntiQuark contents               : 0, 0, 0, 0, 0, 0
 Lepton number : 0 Baryon number : 2
 Particle type : nucleus [static]
 Atomic Number : 1  Atomic Mass : 2
 Stable : stable

--- G4ParticleDefinition ---
 Particle Name : triton
 PDG particle code : 1000010030 [PDG anti-particle code: -1000010030]
 Mass [GeV/c2] : 2.808921     Width : 0.000000
 Lifetime [nsec] : 388523520000000000.000000
 Charge [e]: 1.000000
 Spin : 1/2
 Parity : 1
 Charge conjugation : 0
 Isospin : (I,Iz): (0/2 , 0/2 ) 
 GParity : 0
 MagneticMoment [MeV/T] : 0.000000
 Quark contents     (d,u,s,c,b,t) : 4, 5, 0, 0, 0, 0
 AntiQuark contents               : 0, 0, 0, 0, 0, 0
 Lepton number : 0 Baryon number : 3
 Particle type : nucleus [static]
 Atomic Number : 1  Atomic Mass : 3
 Stable : stable

--- G4ParticleDefinition ---
 Particle Name : He3
 PDG particle code : 1000020030 [PDG anti-particle code: -1000020030]
 Mass [GeV/c2] : 2.808391     Width : 0.000000
 Lifetime [nsec] : -1.000000
 Charge [e]: 2.000000
 Spin : 1/2
 Parity : 1
 Charge conjugation : 0
 Isospin : (I,Iz): (0/2 , 0/2 ) 
 GParity : 0
 MagneticMoment [MeV/T] : -0.000000
 Quark contents     (d,u,s,c,b,t) : 5, 4, 0, 0, 0, 0
 AntiQuark contents               : 0, 0, 0, 0, 0, 0
 Lepton number : 0 Baryon number : 3
 Particle type : nucleus [static]
 Atomic Number : 2  Atomic Mass : 3
 Stable : stable

--- G4ParticleDefinition ---
 Particle Name : alpha
 PDG particle code : 1000020040 [PDG anti-particle code: -1000020040]
 Mass [GeV/c2] : 3.727379     Width : 0.000000
 Lifetime [nsec] : -1.000000
 Charge [e]: 2.000000
 Spin : 0/2
 Parity : 1
 Charge conjugation : 0
 Isospin : (I,Iz): (0/2 , 0/2 ) 
 GParity : 0
 Quark contents     (d,u,s,c,b,t) : 6, 6, 0, 0, 0, 0
 AntiQuark contents               : 0, 0, 0, 0, 0, 0
 Lepton number : 0 Baryon number : 4
 Particle type : nucleus [static]
 Atomic Number : 2  Atomic Mass : 4
 Stable : stable

--- G4ParticleDefinition ---
 Particle Name : Mo83
 PDG particle code : 1000420830 [PDG anti-particle code: 0]
 Mass [GeV/c2] : 77.245967     Width : 0.000000
 Lifetime [nsec] : 577078000.000000
 Charge [e]: 42.000000
 Spin : 99/2
 Parity : 1
 Charge conjugation : 0
 Isospin : (I,Iz): (0/2 , 0/2 ) 
 GParity : 0
 Quark contents     (d,u,s,c,b,t) : 125, 124, 0, 0, 0, 0
 AntiQuark contents               : 0, 0, 0, 0, 0, 0
 Lepton number : 0 Baryon number : 83
 Particle type : nucleus [generic]
 Atomic Number : 42  Atomic Mass : 83
 Stable : unstable -- lifetime = 577.078000 ms
  Decay table should be consulted to G4RadioactiveDecayProcess.

--- G4ParticleDefinition ---
 Particle Name : Mo83[130.000]
 PDG particle code : 1000420839 [PDG anti-particle code: 0]
 Mass [GeV/c2] : 77.246097     Width : 0.000000
 Lifetime [nsec] : 0.000000
 Charge [e]: 42.000000
 Spin : 0/2
 Parity : 1
 Charge conjugation : 0
 Isospin : (I,Iz): (0/2 , 0/2 ) 
 GParity : 0
 Quark contents     (d,u,s,c,b,t) : 125, 124, 0, 0, 0, 0
 AntiQuark contents               : 0, 0, 0, 0, 0, 0
 Lepton number : 0 Baryon number : 83
 Particle type : nucleus [generic]
 Atomic Number : 42  Atomic Mass : 83
 Stable : unstable -- lifetime = 0.000000 ps
  Decay table should be consulted to G4RadioactiveDecayProcess.

--- G4ParticleDefinition ---
 Particle Name : Mo83[229.000]
 PDG particle code : 1000420839 [PDG anti-particle code: 0]
 Mass [GeV/c2] : 77.246196     Width : 0.000000
 Lifetime [nsec] : 0.000000
 Charge [e]: 42.000000
 Spin : 0/2
 Parity : 1
 Charge conjugation : 0
 Isospin : (I,Iz): (0/2 , 0/2 ) 
 GParity : 0
 Quark contents     (d,u,s,c,b,t) : 125, 124, 0, 0, 0, 0
 AntiQuark contents               : 0, 0, 0, 0, 0, 0
 Lepton number : 0 Baryon number : 83
 Particle type : nucleus [generic]
 Atomic Number : 42  Atomic Mass : 83
 Stable : unstable -- lifetime = 0.000000 ps
  Decay table should be consulted to G4RadioactiveDecayProcess.

--- G4ParticleDefinition ---
 Particle Name : Mo83[251.000]
 PDG particle code : 1000420839 [PDG anti-particle code: 0]
 Mass [GeV/c2] : 77.246218     Width : 0.000000
 Lifetime [nsec] : 0.000000
 Charge [e]: 42.000000
 Spin : 0/2
 Parity : 1
 Charge conjugation : 0
 Isospin : (I,Iz): (0/2 , 0/2 ) 
 GParity : 0
 Quark contents     (d,u,s,c,b,t) : 125, 124, 0, 0, 0, 0
 AntiQuark contents               : 0, 0, 0, 0, 0, 0
 Lepton number : 0 Baryon number : 83
 Particle type : nucleus [generic]
 Atomic Number : 42  Atomic Mass : 83
 Stable : unstable -- lifetime = 0.000000 ps
  Decay table should be consulted to G4RadioactiveDecayProcess.

--- G4ParticleDefinition ---
 Particle Name : Mo83[380.000]
 PDG particle code : 1000420839 [PDG anti-particle code: 0]
 Mass [GeV/c2] : 77.246347     Width : 0.000000
 Lifetime [nsec] : 0.000000
 Charge [e]: 42.000000
 Spin : 0/2
 Parity : 1
 Charge conjugation : 0
 Isospin : (I,Iz): (0/2 , 0/2 ) 
 GParity : 0
 Quark contents     (d,u,s,c,b,t) : 125, 124, 0, 0, 0, 0
 AntiQuark contents               : 0, 0, 0, 0, 0, 0
 Lepton number : 0 Baryon number : 83
 Particle type : nucleus [generic]
 Atomic Number : 42  Atomic Mass : 83
 Stable : unstable -- lifetime = 0.000000 ps
  Decay table should be consulted to G4RadioactiveDecayProcess.

--- G4ParticleDefinition ---
 Particle Name : Mo83[642.000]
 PDG particle code : 1000420839 [PDG anti-particle code: 0]
 Mass [GeV/c2] : 77.246609     Width : 0.000000
 Lifetime [nsec] : 0.000000
 Charge [e]: 42.000000
 Spin : 0/2
 Parity : 1
 Charge conjugation : 0
 Isospin : (I,Iz): (0/2 , 0/2 ) 
 GParity : 0
 Quark contents     (d,u,s,c,b,t) : 125, 124, 0, 0, 0, 0
 AntiQuark contents               : 0, 0, 0, 0, 0, 0
 Lepton number : 0 Baryon number : 83
 Particle type : nucleus [generic]
 Atomic Number : 42  Atomic Mass : 83
 Stable : unstable -- lifetime = 0.000000 ps
  Decay table should be consulted to G4RadioactiveDecayProcess.

--- G4ParticleDefinition ---
 Particle Name : Mo84
 PDG particle code : 1000420840 [PDG anti-particle code: 0]
 Mass [GeV/c2] : 78.169645     Width : 0.000000
 Lifetime [nsec] : 3318199000.000000
 Charge [e]: 42.000000
 Spin : 0/2
 Parity : 1
 Charge conjugation : 0
 Isospin : (I,Iz): (0/2 , 0/2 ) 
 GParity : 0
 Quark contents     (d,u,s,c,b,t) : 126, 126, 0, 0, 0, 0
 AntiQuark contents               : 0, 0, 0, 0, 0, 0
 Lepton number : 0 Baryon number : 84
 Particle type : nucleus [generic]
 Atomic Number : 42  Atomic Mass : 84
 Stable : unstable -- lifetime = 3.318199 s 
  Decay table should be consulted to G4RadioactiveDecayProcess.
----> Target material set to  MINOS
----> Target density:         0.076140 g/cm3
----> Target radius is set to 2.500000 cm 
----> Target thickness is set to 5.000000 cm 
----> Number of simulation steps in the target is set to 20
----> Exp. Hall material set to     G4_Galactic
----> Exp. Hall X length is set to 8.000000 m  
----> Exp. Hall Y length is set to 8.000000 m  
----> Exp. Hall Z length is set to 8.000000 m  

Opened mode 2 Output file: data/mo83_229keV_6000evt_lowlevel.dat

### ===  Deexcitation model UAtomDeexcitation is activated for 1 region:
          DefaultRegionForTheWorld  1  1  0
### ===  Auger cascade flag: 1
### ===  Ignore cuts flag:   0

phot:   for  gamma    SubType= 12  BuildTable= 0
      LambdaPrime table from 200.000000 keV to 10.000000 TeV in 154 bins 
      ===== EM models for the G4Region  DefaultRegionForTheWorld ======
 LivermorePhElectric :  Emin= 0.000000 eV    Emax= 10.000000 TeV   AngularGenSauterGavrila  FluoActive

compt:   for  gamma    SubType= 13  BuildTable= 1
      Lambda table from 100.000000 eV  to 1.000000 MeV, 20 bins per decade, spline: 1
      LambdaPrime table from 1.000000 MeV to 10.000000 TeV in 140 bins 
      ===== EM models for the G4Region  DefaultRegionForTheWorld ======
   LowEPComptonModel :  Emin= 0.000000 eV    Emax= 20.000000 MeV  FluoActive
        KleinNishina :  Emin= 20.000000 MeV   Emax= 10.000000 TeV  FluoActive

conv:   for  gamma    SubType= 14  BuildTable= 1
      Lambda table from 1.021998 MeV to 10.000000 TeV, 20 bins per decade, spline: 1
      ===== EM models for the G4Region  DefaultRegionForTheWorld ======
       PenConversion :  Emin= 0.000000 eV    Emax= 80.000000 GeV
     BetheHeitlerLPM :  Emin= 80.000000 GeV   Emax= 10.000000 TeV

Rayl:   for  gamma    SubType= 11  BuildTable= 1
      Lambda table from 100.000000 eV  to 100.000000 keV, 20 bins per decade, spline: 0
      LambdaPrime table from 100.000000 keV to 10.000000 TeV in 160 bins 
      ===== EM models for the G4Region  DefaultRegionForTheWorld ======
   LivermoreRayleigh :  Emin= 0.000000 eV    Emax= 10.000000 TeV   CullenGenerator

msc:   for e-    SubType= 10
      RangeFactor= 0.200000, stepLimitType: 2, latDisplacement: 1
      ===== EM models for the G4Region  DefaultRegionForTheWorld ======
  GoudsmitSaunderson :  Emin= 0.000000 eV    Emax= 100.000000 MeV  Table with 120 bins Emin= 100.000000 eV    Emax= 100.000000 MeV
        WentzelVIUni :  Emin= 100.000000 MeV   Emax= 10.000000 TeV  Table with 100 bins Emin= 100.000000 MeV   Emax= 10.000000 TeV

eIoni:   for  e-    SubType= 2
      dE/dx and range tables from 100.000000 eV  to 10.000000 TeV in 220 bins
      Lambda tables from threshold to 10.000000 TeV, 20 bins per decade, spline: 1
      finalRange(mm)= 0.010000, dRoverRange= 0.200000, integral: 1, fluct: 1, linLossLimit= 0.010000
      ===== EM models for the G4Region  DefaultRegionForTheWorld ======
             PenIoni :  Emin= 0.000000 eV    Emax= 1.000000 MeV
        MollerBhabha :  Emin= 1.000000 MeV   Emax= 10.000000 TeV   deltaVI
      ===== Limit on energy threshold has been applied 

eBrem:   for  e-    SubType= 3
      dE/dx and range tables from 100.000000 eV  to 10.000000 TeV in 220 bins
      Lambda tables from threshold to 10.000000 TeV, 20 bins per decade, spline: 1
      LPM flag: 1 for E > 1.000000 GeV,  VertexHighEnergyTh(GeV)= 100000.000000
      ===== EM models for the G4Region  DefaultRegionForTheWorld ======
             eBremSB :  Emin= 0.000000 eV    Emax= 1.000000 GeV   AngularGen2BS
            eBremLPM :  Emin= 1.000000 GeV   Emax= 10.000000 TeV   AngularGen2BS

ePairProd:   for  e-    SubType= 4
      dE/dx and range tables from 100.000000 eV  to 10.000000 TeV in 220 bins
      Lambda tables from threshold to 10.000000 TeV, 20 bins per decade, spline: 1
      Sampling table 21x1001; from 0.100000 GeV to 10.000000 TeV 
      ===== EM models for the G4Region  DefaultRegionForTheWorld ======
          muPairProd :  Emin= 0.000000 eV    Emax= 10.000000 TeV

CoulombScat:   for  e-, integral: 1     SubType= 1  BuildTable= 1
      Lambda table from 100.000000 MeV to 10.000000 TeV, 20 bins per decade, spline: 1
      ThetaMin(p) < Theta(degree) < 180; pLimit(GeV^1)= 0.139531
      ===== EM models for the G4Region  DefaultRegionForTheWorld ======
  eCoulombScattering :  Emin= 100.000000 MeV   Emax= 10.000000 TeV

msc:   for e+    SubType= 10
      RangeFactor= 0.200000, stepLimitType: 2, latDisplacement: 1
      ===== EM models for the G4Region  DefaultRegionForTheWorld ======
  GoudsmitSaunderson :  Emin= 0.000000 eV    Emax= 100.000000 MeV  Table with 120 bins Emin= 100.000000 eV    Emax= 100.000000 MeV
        WentzelVIUni :  Emin= 100.000000 MeV   Emax= 10.000000 TeV  Table with 100 bins Emin= 100.000000 MeV   Emax= 10.000000 TeV

eIoni:   for  e+    SubType= 2
      dE/dx and range tables from 100.000000 eV  to 10.000000 TeV in 220 bins
      Lambda tables from threshold to 10.000000 TeV, 20 bins per decade, spline: 1
      finalRange(mm)= 0.010000, dRoverRange= 0.200000, integral: 1, fluct: 1, linLossLimit= 0.010000
      ===== EM models for the G4Region  DefaultRegionForTheWorld ======
             PenIoni :  Emin= 0.000000 eV    Emax= 1.000000 MeV
        MollerBhabha :  Emin= 1.000000 MeV   Emax= 10.000000 TeV   deltaVI
      ===== Limit on energy threshold has been applied 

eBrem:   for  e+    SubType= 3
      dE/dx and range tables from 100.000000 eV  to 10.000000 TeV in 220 bins
      Lambda tables from threshold to 10.000000 TeV, 20 bins per decade, spline: 1
      LPM flag: 1 for E > 1.000000 GeV,  VertexHighEnergyTh(GeV)= 100000.000000
      ===== EM models for the G4Region  DefaultRegionForTheWorld ======
             eBremSB :  Emin= 0.000000 eV    Emax= 1.000000 GeV   AngularGen2BS
            eBremLPM :  Emin= 1.000000 GeV   Emax= 10.000000 TeV   AngularGen2BS

ePairProd:   for  e+    SubType= 4
      dE/dx and range tables from 100.000000 eV  to 10.000000 TeV in 220 bins
      Lambda tables from threshold to 10.000000 TeV, 20 bins per decade, spline: 1
      Sampling table 21x1001; from 0.100000 GeV to 10.000000 TeV 
      ===== EM models for the G4Region  DefaultRegionForTheWorld ======
          muPairProd :  Emin= 0.000000 eV    Emax= 10.000000 TeV

annihil:   for  e+, integral: 1     SubType= 5  BuildTable= 0
      ===== EM models for the G4Region  DefaultRegionForTheWorld ======
            eplus2gg :  Emin= 0.000000 eV    Emax= 10.000000 TeV

CoulombScat:   for  e+, integral: 1     SubType= 1  BuildTable= 1
      Lambda table from 100.000000 MeV to 10.000000 TeV, 20 bins per decade, spline: 1
      ThetaMin(p) < Theta(degree) < 180; pLimit(GeV^1)= 0.139531
      ===== EM models for the G4Region  DefaultRegionForTheWorld ======
  eCoulombScattering :  Emin= 100.000000 MeV   Emax= 10.000000 TeV

msc:   for proton    SubType= 10
      RangeFactor= 0.200000, stepLimitType: 0, latDisplacement: 1
      ===== EM models for the G4Region  DefaultRegionForTheWorld ======
        WentzelVIUni :  Emin= 0.000000 eV    Emax= 10.000000 TeV  Table with 220 bins Emin= 100.000000 eV    Emax= 10.000000 TeV

hIoni:   for  proton    SubType= 2
      dE/dx and range tables from 100.000000 eV  to 10.000000 TeV in 220 bins
      Lambda tables from threshold to 10.000000 TeV, 20 bins per decade, spline: 1
      finalRange(mm)= 0.010000, dRoverRange= 0.100000, integral: 1, fluct: 1, linLossLimit= 0.010000
      ===== EM models for the G4Region  DefaultRegionForTheWorld ======
               Bragg :  Emin= 0.000000 eV    Emax= 2.000000 MeV   deltaVI
          BetheBloch :  Emin= 2.000000 MeV   Emax= 10.000000 TeV   deltaVI
      ===== Limit on energy threshold has been applied 

hBrems:   for  proton    SubType= 3
      dE/dx and range tables from 100.000000 eV  to 10.000000 TeV in 220 bins
      Lambda tables from threshold to 10.000000 TeV, 20 bins per decade, spline: 1
      ===== EM models for the G4Region  DefaultRegionForTheWorld ======
               hBrem :  Emin= 0.000000 eV    Emax= 10.000000 TeV
      ===== Limit on energy threshold has been applied 

hPairProd:   for  proton    SubType= 4
      dE/dx and range tables from 100.000000 eV  to 10.000000 TeV in 220 bins
      Lambda tables from threshold to 10.000000 TeV, 20 bins per decade, spline: 1
      Sampling table 13x1001; from 7.506176 GeV to 10.000000 TeV 
      ===== EM models for the G4Region  DefaultRegionForTheWorld ======
           hPairProd :  Emin= 0.000000 eV    Emax= 10.000000 TeV

CoulombScat:   for  proton, integral: 1     SubType= 1  BuildTable= 1
      Lambda table from threshold  to 10.000000 TeV, 20 bins per decade, spline: 1
      ThetaMin(p) < Theta(degree) < 180; pLimit(GeV^1)= 0.139531
      ===== EM models for the G4Region  DefaultRegionForTheWorld ======
  eCoulombScattering :  Emin= 0.000000 eV    Emax= 10.000000 TeV

nuclearStopping:   for  proton    SubType= 8  BuildTable= 0
      ===== EM models for the G4Region  DefaultRegionForTheWorld ======
   ICRU49NucStopping :  Emin= 0.000000 eV    Emax= 1.000000 MeV

msc:   for GenericIon    SubType= 10
      RangeFactor= 0.200000, stepLimitType: 0, latDisplacement: 0
      ===== EM models for the G4Region  DefaultRegionForTheWorld ======
            UrbanMsc :  Emin= 0.000000 eV    Emax= 10.000000 TeV

ionIoni:   for  GenericIon    SubType= 2
      dE/dx and range tables from 100.000000 eV  to 10.000000 TeV in 220 bins
      Lambda tables from threshold to 10.000000 TeV, 20 bins per decade, spline: 1
      finalRange(mm)= 0.001000, dRoverRange= 0.100000, integral: 1, fluct: 1, linLossLimit= 0.020000
      ===== EM models for the G4Region  DefaultRegionForTheWorld ======
         ParamICRU73 :  Emin= 0.000000 eV    Emax= 10.000000 TeV   deltaVI
      ===== Limit on energy threshold has been applied 

nuclearStopping:   for  GenericIon    SubType= 8  BuildTable= 0
      ===== EM models for the G4Region  DefaultRegionForTheWorld ======
   ICRU49NucStopping :  Emin= 0.000000 eV    Emax= 1.000000 MeV
=======================================================================
======       Radioactive Decay Physics Parameters              ========
=======================================================================
Max life time                                     1000000000000000.00000 ps
Internal e- conversion flag                       1
Stored internal conversion coefficients           0
Enable correlated gamma emission                  0
Max 2J for sampling of angular correlations       10
Atomic de-excitation enabled                      1
Auger electron emission enabled                   1
Auger cascade enabled                             1
Check EM cuts disabled for atomic de-excitation   0
Use Bearden atomic level energies                 0
=======================================================================

msc:   for alpha    SubType= 10
      RangeFactor= 0.200000, stepLimitType: 0, latDisplacement: 1
      ===== EM models for the G4Region  DefaultRegionForTheWorld ======
            UrbanMsc :  Emin= 0.000000 eV    Emax= 10.000000 TeV  Table with 220 bins Emin= 100.000000 eV    Emax= 10.000000 TeV

ionIoni:   for  alpha    SubType= 2
      dE/dx and range tables from 100.000000 eV  to 10.000000 TeV in 220 bins
      Lambda tables from threshold to 10.000000 TeV, 20 bins per decade, spline: 1
      finalRange(mm)= 0.010000, dRoverRange= 0.100000, integral: 1, fluct: 1, linLossLimit= 0.020000
      ===== EM models for the G4Region  DefaultRegionForTheWorld ======
            BraggIon :  Emin= 0.000000 eV    Emax= 7.945199 MeV   deltaVI
          BetheBloch :  Emin= 7.945199 MeV   Emax= 10.000000 TeV   deltaVI
      ===== Limit on energy threshold has been applied 

nuclearStopping:   for  alpha    SubType= 8  BuildTable= 0
      ===== EM models for the G4Region  DefaultRegionForTheWorld ======
   ICRU49NucStopping :  Emin= 0.000000 eV    Emax= 1.000000 MeV

msc:   for anti_proton    SubType= 10
      RangeFactor= 0.200000, stepLimitType: 0, latDisplacement: 1
      ===== EM models for the G4Region  DefaultRegionForTheWorld ======
        WentzelVIUni :  Emin= 0.000000 eV    Emax= 10.000000 TeV  Table with 220 bins Emin= 100.000000 eV    Emax= 10.000000 TeV

hIoni:   for  anti_proton    SubType= 2
      dE/dx and range tables from 100.000000 eV  to 10.000000 TeV in 220 bins
      Lambda tables from threshold to 10.000000 TeV, 20 bins per decade, spline: 1
      finalRange(mm)= 0.010000, dRoverRange= 0.100000, integral: 1, fluct: 1, linLossLimit= 0.010000
      ===== EM models for the G4Region  DefaultRegionForTheWorld ======
            ICRU73QO :  Emin= 0.000000 eV    Emax= 2.000000 MeV   deltaVI
          BetheBloch :  Emin= 2.000000 MeV   Emax= 10.000000 TeV   deltaVI
      ===== Limit on energy threshold has been applied 

hBrems:   for  anti_proton    SubType= 3
      dE/dx and range tables from 100.000000 eV  to 10.000000 TeV in 220 bins
      Lambda tables from threshold to 10.000000 TeV, 20 bins per decade, spline: 1
      ===== EM models for the G4Region  DefaultRegionForTheWorld ======
               hBrem :  Emin= 0.000000 eV    Emax= 10.000000 TeV
      ===== Limit on energy threshold has been applied 

hPairProd:   for  anti_proton    SubType= 4
      dE/dx and range tables from 100.000000 eV  to 10.000000 TeV in 220 bins
      Lambda tables from threshold to 10.000000 TeV, 20 bins per decade, spline: 1
      Sampling table 13x1001; from 7.506176 GeV to 10.000000 TeV 
      ===== EM models for the G4Region  DefaultRegionForTheWorld ======
           hPairProd :  Emin= 0.000000 eV    Emax= 10.000000 TeV

CoulombScat:   for  anti_proton, integral: 1     SubType= 1  BuildTable= 1
      Lambda table from threshold  to 10.000000 TeV, 20 bins per decade, spline: 1
      ThetaMin(p) < Theta(degree) < 180; pLimit(GeV^1)= 0.139531
      ===== EM models for the G4Region  DefaultRegionForTheWorld ======
  eCoulombScattering :  Emin= 0.000000 eV    Emax= 10.000000 TeV

nuclearStopping:   for  anti_proton    SubType= 8  BuildTable= 0
      ===== EM models for the G4Region  DefaultRegionForTheWorld ======
   ICRU49NucStopping :  Emin= 0.000000 eV    Emax= 1.000000 MeV

msc:   for kaon+    SubType= 10
      RangeFactor= 0.200000, stepLimitType: 0, latDisplacement: 1
      ===== EM models for the G4Region  DefaultRegionForTheWorld ======
        WentzelVIUni :  Emin= 0.000000 eV    Emax= 10.000000 TeV  Table with 220 bins Emin= 100.000000 eV    Emax= 10.000000 TeV

hIoni:   for  kaon+    SubType= 2
      dE/dx and range tables from 100.000000 eV  to 10.000000 TeV in 220 bins
      Lambda tables from threshold to 10.000000 TeV, 20 bins per decade, spline: 1
      finalRange(mm)= 0.010000, dRoverRange= 0.200000, integral: 1, fluct: 1, linLossLimit= 0.010000
      ===== EM models for the G4Region  DefaultRegionForTheWorld ======
               Bragg :  Emin= 0.000000 eV    Emax= 1.052311 MeV   deltaVI
          BetheBloch :  Emin= 1.052311 MeV   Emax= 10.000000 TeV   deltaVI
      ===== Limit on energy threshold has been applied 

hBrems:   for  kaon+    SubType= 3
      dE/dx and range tables from 100.000000 eV  to 10.000000 TeV in 220 bins
      Lambda tables from threshold to 10.000000 TeV, 20 bins per decade, spline: 1
      ===== EM models for the G4Region  DefaultRegionForTheWorld ======
               hBrem :  Emin= 0.000000 eV    Emax= 10.000000 TeV
      ===== Limit on energy threshold has been applied 

hPairProd:   for  kaon+    SubType= 4
      dE/dx and range tables from 100.000000 eV  to 10.000000 TeV in 220 bins
      Lambda tables from threshold to 10.000000 TeV, 20 bins per decade, spline: 1
      Sampling table 14x1001; from 3.949416 GeV to 10.000000 TeV 
      ===== EM models for the G4Region  DefaultRegionForTheWorld ======
           hPairProd :  Emin= 0.000000 eV    Emax= 10.000000 TeV

CoulombScat:   for  kaon+, integral: 1     SubType= 1  BuildTable= 1
      Lambda table from threshold  to 10.000000 TeV, 20 bins per decade, spline: 1
      ThetaMin(p) < Theta(degree) < 180; pLimit(GeV^1)= 0.139531
      ===== EM models for the G4Region  DefaultRegionForTheWorld ======
  eCoulombScattering :  Emin= 0.000000 eV    Emax= 10.000000 TeV

msc:   for kaon-    SubType= 10
      RangeFactor= 0.200000, stepLimitType: 0, latDisplacement: 1
      ===== EM models for the G4Region  DefaultRegionForTheWorld ======
        WentzelVIUni :  Emin= 0.000000 eV    Emax= 10.000000 TeV  Table with 220 bins Emin= 100.000000 eV    Emax= 10.000000 TeV

hIoni:   for  kaon-    SubType= 2
      dE/dx and range tables from 100.000000 eV  to 10.000000 TeV in 220 bins
      Lambda tables from threshold to 10.000000 TeV, 20 bins per decade, spline: 1
      finalRange(mm)= 0.010000, dRoverRange= 0.200000, integral: 1, fluct: 1, linLossLimit= 0.010000
      ===== EM models for the G4Region  DefaultRegionForTheWorld ======
            ICRU73QO :  Emin= 0.000000 eV    Emax= 1.052311 MeV   deltaVI
          BetheBloch :  Emin= 1.052311 MeV   Emax= 10.000000 TeV   deltaVI
      ===== Limit on energy threshold has been applied 

hBrems:   for  kaon-    SubType= 3
      dE/dx and range tables from 100.000000 eV  to 10.000000 TeV in 220 bins
      Lambda tables from threshold to 10.000000 TeV, 20 bins per decade, spline: 1
      ===== EM models for the G4Region  DefaultRegionForTheWorld ======
               hBrem :  Emin= 0.000000 eV    Emax= 10.000000 TeV
      ===== Limit on energy threshold has been applied 

hPairProd:   for  kaon-    SubType= 4
      dE/dx and range tables from 100.000000 eV  to 10.000000 TeV in 220 bins
      Lambda tables from threshold to 10.000000 TeV, 20 bins per decade, spline: 1
      Sampling table 14x1001; from 3.949416 GeV to 10.000000 TeV 
      ===== EM models for the G4Region  DefaultRegionForTheWorld ======
           hPairProd :  Emin= 0.000000 eV    Emax= 10.000000 TeV

CoulombScat:   for  kaon-, integral: 1     SubType= 1  BuildTable= 1
      Used Lambda table of kaon+
      ThetaMin(p) < Theta(degree) < 180; pLimit(GeV^1)= 0.139531
      ===== EM models for the G4Region  DefaultRegionForTheWorld ======
  eCoulombScattering :  Emin= 0.000000 eV    Emax= 10.000000 TeV

msc:   for mu+    SubType= 10
      RangeFactor= 0.200000, step limit type: 0, lateralDisplacement: 1, polarAngleLimit(deg)= 180.000000
      ===== EM models for the G4Region  DefaultRegionForTheWorld ======
        WentzelVIUni :  Emin= 0.000000 eV    Emax= 10.000000 TeV  Table with 220 bins Emin= 100.000000 eV    Emax= 10.000000 TeV

muIoni:   for  mu+    SubType= 2
      dE/dx and range tables from 100.000000 eV  to 10.000000 TeV in 220 bins
      Lambda tables from threshold to 10.000000 TeV, 20 bins per decade, spline: 1
      finalRange(mm)= 0.010000, dRoverRange= 0.200000, integral: 1, fluct: 1, linLossLimit= 0.010000
      ===== EM models for the G4Region  DefaultRegionForTheWorld ======
               Bragg :  Emin= 0.000000 eV    Emax= 200.000000 keV   deltaVI
          BetheBloch :  Emin= 200.000000 keV   Emax= 1.000000 GeV   deltaVI
        MuBetheBloch :  Emin= 1.000000 GeV   Emax= 10.000000 TeV
      ===== Limit on energy threshold has been applied 

muBrems:   for  mu+    SubType= 3
      dE/dx and range tables from 100.000000 eV  to 10.000000 TeV in 220 bins
      Lambda tables from threshold to 10.000000 TeV, 20 bins per decade, spline: 1
      ===== EM models for the G4Region  DefaultRegionForTheWorld ======
              MuBrem :  Emin= 0.000000 eV    Emax= 10.000000 TeV
      ===== Limit on energy threshold has been applied 

muPairProd:   for  mu+    SubType= 4
      dE/dx and range tables from 100.000000 eV  to 10.000000 TeV in 220 bins
      Lambda tables from threshold to 10.000000 TeV, 20 bins per decade, spline: 1
      Sampling table 17x1001; from 1.000000 GeV to 10.000000 TeV 
      ===== EM models for the G4Region  DefaultRegionForTheWorld ======
          muPairProd :  Emin= 0.000000 eV    Emax= 10.000000 TeV

CoulombScat:   for  mu+, integral: 1     SubType= 1  BuildTable= 1
      Lambda table from threshold  to 10.000000 TeV, 20 bins per decade, spline: 1
      ThetaMin(p) < Theta(degree) < 180; pLimit(GeV^1)= 0.139531
      ===== EM models for the G4Region  DefaultRegionForTheWorld ======
  eCoulombScattering :  Emin= 0.000000 eV    Emax= 10.000000 TeV

msc:   for mu-    SubType= 10
      RangeFactor= 0.200000, step limit type: 0, lateralDisplacement: 1, polarAngleLimit(deg)= 180.000000
      ===== EM models for the G4Region  DefaultRegionForTheWorld ======
        WentzelVIUni :  Emin= 0.000000 eV    Emax= 10.000000 TeV  Table with 220 bins Emin= 100.000000 eV    Emax= 10.000000 TeV

muIoni:   for  mu-    SubType= 2
      dE/dx and range tables from 100.000000 eV  to 10.000000 TeV in 220 bins
      Lambda tables from threshold to 10.000000 TeV, 20 bins per decade, spline: 1
      finalRange(mm)= 0.010000, dRoverRange= 0.200000, integral: 1, fluct: 1, linLossLimit= 0.010000
      ===== EM models for the G4Region  DefaultRegionForTheWorld ======
            ICRU73QO :  Emin= 0.000000 eV    Emax= 200.000000 keV   deltaVI
          BetheBloch :  Emin= 200.000000 keV   Emax= 1.000000 GeV   deltaVI
        MuBetheBloch :  Emin= 1.000000 GeV   Emax= 10.000000 TeV
      ===== Limit on energy threshold has been applied 

muBrems:   for  mu-    SubType= 3
      dE/dx and range tables from 100.000000 eV  to 10.000000 TeV in 220 bins
      Lambda tables from threshold to 10.000000 TeV, 20 bins per decade, spline: 1
      ===== EM models for the G4Region  DefaultRegionForTheWorld ======
              MuBrem :  Emin= 0.000000 eV    Emax= 10.000000 TeV
      ===== Limit on energy threshold has been applied 

muPairProd:   for  mu-    SubType= 4
      dE/dx and range tables from 100.000000 eV  to 10.000000 TeV in 220 bins
      Lambda tables from threshold to 10.000000 TeV, 20 bins per decade, spline: 1
      Sampling table 17x1001; from 1.000000 GeV to 10.000000 TeV 
      ===== EM models for the G4Region  DefaultRegionForTheWorld ======
          muPairProd :  Emin= 0.000000 eV    Emax= 10.000000 TeV

CoulombScat:   for  mu-, integral: 1     SubType= 1  BuildTable= 1
      Used Lambda table of mu+
      ThetaMin(p) < Theta(degree) < 180; pLimit(GeV^1)= 0.139531
      ===== EM models for the G4Region  DefaultRegionForTheWorld ======
  eCoulombScattering :  Emin= 0.000000 eV    Emax= 10.000000 TeV

msc:   for pi+    SubType= 10
      RangeFactor= 0.200000, stepLimitType: 0, latDisplacement: 1
      ===== EM models for the G4Region  DefaultRegionForTheWorld ======
        WentzelVIUni :  Emin= 0.000000 eV    Emax= 10.000000 TeV  Table with 220 bins Emin= 100.000000 eV    Emax= 10.000000 TeV

hIoni:   for  pi+    SubType= 2
      dE/dx and range tables from 100.000000 eV  to 10.000000 TeV in 220 bins
      Lambda tables from threshold to 10.000000 TeV, 20 bins per decade, spline: 1
      finalRange(mm)= 0.010000, dRoverRange= 0.200000, integral: 1, fluct: 1, linLossLimit= 0.010000
      ===== EM models for the G4Region  DefaultRegionForTheWorld ======
               Bragg :  Emin= 0.000000 eV    Emax= 297.504557 keV   deltaVI
          BetheBloch :  Emin= 297.504557 keV   Emax= 10.000000 TeV   deltaVI
      ===== Limit on energy threshold has been applied 

hBrems:   for  pi+    SubType= 3
      dE/dx and range tables from 100.000000 eV  to 10.000000 TeV in 220 bins
      Lambda tables from threshold to 10.000000 TeV, 20 bins per decade, spline: 1
      ===== EM models for the G4Region  DefaultRegionForTheWorld ======
               hBrem :  Emin= 0.000000 eV    Emax= 10.000000 TeV
      ===== Limit on energy threshold has been applied 

hPairProd:   for  pi+    SubType= 4
      dE/dx and range tables from 100.000000 eV  to 10.000000 TeV in 220 bins
      Lambda tables from threshold to 10.000000 TeV, 20 bins per decade, spline: 1
      Sampling table 16x1001; from 1.116561 GeV to 10.000000 TeV 
      ===== EM models for the G4Region  DefaultRegionForTheWorld ======
           hPairProd :  Emin= 0.000000 eV    Emax= 10.000000 TeV

CoulombScat:   for  pi+, integral: 1     SubType= 1  BuildTable= 1
      Lambda table from threshold  to 10.000000 TeV, 20 bins per decade, spline: 1
      ThetaMin(p) < Theta(degree) < 180; pLimit(GeV^1)= 0.139531
      ===== EM models for the G4Region  DefaultRegionForTheWorld ======
  eCoulombScattering :  Emin= 0.000000 eV    Emax= 10.000000 TeV

msc:   for pi-    SubType= 10
      RangeFactor= 0.200000, stepLimitType: 0, latDisplacement: 1
      ===== EM models for the G4Region  DefaultRegionForTheWorld ======
        WentzelVIUni :  Emin= 0.000000 eV    Emax= 10.000000 TeV  Table with 220 bins Emin= 100.000000 eV    Emax= 10.000000 TeV

hIoni:   for  pi-    SubType= 2
      dE/dx and range tables from 100.000000 eV  to 10.000000 TeV in 220 bins
      Lambda tables from threshold to 10.000000 TeV, 20 bins per decade, spline: 1
      finalRange(mm)= 0.010000, dRoverRange= 0.200000, integral: 1, fluct: 1, linLossLimit= 0.010000
      ===== EM models for the G4Region  DefaultRegionForTheWorld ======
            ICRU73QO :  Emin= 0.000000 eV    Emax= 297.504557 keV   deltaVI
          BetheBloch :  Emin= 297.504557 keV   Emax= 10.000000 TeV   deltaVI
      ===== Limit on energy threshold has been applied 

hBrems:   for  pi-    SubType= 3
      dE/dx and range tables from 100.000000 eV  to 10.000000 TeV in 220 bins
      Lambda tables from threshold to 10.000000 TeV, 20 bins per decade, spline: 1
      ===== EM models for the G4Region  DefaultRegionForTheWorld ======
               hBrem :  Emin= 0.000000 eV    Emax= 10.000000 TeV
      ===== Limit on energy threshold has been applied 

hPairProd:   for  pi-    SubType= 4
      dE/dx and range tables from 100.000000 eV  to 10.000000 TeV in 220 bins
      Lambda tables from threshold to 10.000000 TeV, 20 bins per decade, spline: 1
      Sampling table 16x1001; from 1.116561 GeV to 10.000000 TeV 
      ===== EM models for the G4Region  DefaultRegionForTheWorld ======
           hPairProd :  Emin= 0.000000 eV    Emax= 10.000000 TeV

CoulombScat:   for  pi-, integral: 1     SubType= 1  BuildTable= 1
      Used Lambda table of pi+
      ThetaMin(p) < Theta(degree) < 180; pLimit(GeV^1)= 0.139531
      ===== EM models for the G4Region  DefaultRegionForTheWorld ======
  eCoulombScattering :  Emin= 0.000000 eV    Emax= 10.000000 TeV
 Beginning of run 
 Simulating 6000 beam ions
 Writing Mode 2 output to data/mo83_229keV_6000evt_lowlevel.dat
 17 %   105 events/s 48 remaining        33 %   134 events/s 30 remaining        50 %   143 events/s 21 remaining        67 %   148 events/s 13 remaining        83 %   151 events/s  7 remaining                                                            
Real time: 36.76   System time:  0.03   User time: 36.71   163.22 events/s

#average beta at reaction (ctr=6000):
Target.Beta:	0.538657
#average beta at emission (ctr=6000):
Target.Beta:	0.538642
#average beta after the target (ctr=6000):
Average.Beta.After:	0.482088
input file: data/mo83_229keV_6000evt_lowlevel.dat
writing to output file: root/mo83_229keV_6000evt_lowlevel.root
------------------------------------
fSett->MINOSBetaCoefficient(0) = -1539
fSett->MINOSBetaCoefficient(1) = 1105.88
fSett->MINOSBetaCoefficient(2) = -247.941
generated 1 permutations for N = 0
generated 1 permutations for N = 1
generated 2 permutations for N = 2
generated 6 permutations for N = 3
generated 24 permutations for N = 4
generated 120 permutations for N = 5
generated 720 permutations for N = 6
generated 5040 permutations for N = 7
generated 40320 permutations for N = 8
setting up calibrated tree 
setting up simulation tree 
10000 buffers read... 2 MB... 42580.2 buffers/scannot read data/mo83_229keV_6000evt_lowlevel.dat (anymore)
Total of 11350 data buffers (2 MB) and
Total of 1693 cal events (0 MB) written.
Total of 6000 sim events (0 MB) written.
Program Run time 0.238276 s.
Unpacked 47633.8 buffers/s.

 CPU time: 0.21	Real time: 0.238273
input file(s):
root/mo83_229keV_6000evt_lowlevel.root
output file: hist/mo83_229keV_6000evt_lowlevel.root
creating outputfile 
6000 entries in sim tree 
1693 entries in cal tree 
New 1-d histogram: egam_emitted
New 1-d histogram: posx_emitted
New 1-d histogram: posy_emitted
New 2-d histogram: posxy_emitted
New 1-d histogram: posz_emitted
New 1-d histogram: phi_emitted
New 1-d histogram: theta_emitted
New 2-d histogram: phi_theta_emitted
New 1-d histogram: mult_emitted
New 2-d histogram: mult_emitted_detected
New 2-d histogram: MBmult_emitted_detected
New 1-d histogram: ata
New 1-d histogram: yta
New 1-d histogram: bta
New 2-d histogram: ata_vs_bta
New 1-d histogram: betata
New 1-d histogram: azita
New 1-d histogram: scatter
New 1-d histogram: ptot
New 1-d histogram: ppar
New 1-d histogram: ptra
New 1-d histogram: etot
New 1-d histogram: egam
New 1-d histogram: egamdc
New 2-d histogram: egam_mult
New 2-d histogram: egamdc_mult
New 1-d histogram: egam_emitted_diff
New 2-d histogram: egam_emitted_detected
New 2-d histogram: egam_dettheta
New 2-d histogram: egamdc_dettheta
New 2-d histogram: egam_summary
New 2-d histogram: egam_detector
New 2-d histogram: egamdc_summary
New 2-d histogram: egamdc_detector
New 1-d histogram: MBegam
New 1-d histogram: MBegamdc
New 2-d histogram: MBegam_mult
New 2-d histogram: MBegamdc_mult
New 1-d histogram: MBegam_emitted_diff
New 2-d histogram: MBegam_emitted_detected
New 2-d histogram: MBegam_dettheta
New 2-d histogram: MBegamdc_dettheta
New 2-d histogram: posxy
New 2-d histogram: posxz
New 2-d histogram: posyz
New 1-d histogram: pos_phi
New 1-d histogram: pos_theta
New 2-d histogram: pos_phi_theta
New 2-d histogram: MBposxy
New 2-d histogram: MBposxz
New 2-d histogram: MBposyz
New 1-d histogram: MBpos_phi
New 1-d histogram: MBpos_theta
New 2-d histogram: MBpos_phi_theta
New 1-d histogram: egamAB
New 1-d histogram: egamABdc
New 2-d histogram: egamAB_mult
New 2-d histogram: egamABdc_mult
New 1-d histogram: egamAB_emitted_diff
New 2-d histogram: egamAB_emitted_detected
New 2-d histogram: egamAB_dettheta
New 2-d histogram: egamABdc_dettheta
New 2-d histogram: egamAB_summary
New 2-d histogram: egamAB_detector
New 2-d histogram: egamABdc_summary
New 2-d histogram: egamABdc_detector
New 1-d histogram: MBegamAB
New 1-d histogram: MBegamABdc
New 2-d histogram: MBegamAB_mult
New 2-d histogram: MBegamABdc_mult
New 1-d histogram: MBegamAB_emitted_diff
New 2-d histogram: MBegamAB_emitted_detected
New 2-d histogram: MBegamAB_dettheta
New 2-d histogram: MBegamABdc_dettheta
New 1-d histogram: mult
New 1-d histogram: mult_ab
New 1-d histogram: MBmult
New 1-d histogram: MBmult_ab
  0.0 % done	0.0 events/s infs to go New 2-d histogram: GRmult_emitted_detected
New 1-d histogram: GRegam
New 1-d histogram: GRegamdc
New 2-d histogram: GRegam_mult
New 2-d histogram: GRegamdc_mult
New 1-d histogram: GRegam_emitted_diff
New 2-d histogram: GRegam_emitted_detected
New 2-d histogram: GRegam_dettheta
New 2-d histogram: GRegamdc_dettheta
New 2-d histogram: GRposxy
New 2-d histogram: GRposxz
New 2-d histogram: GRposyz
New 1-d histogram: GRpos_phi
New 1-d histogram: GRpos_theta
New 2-d histogram: GRpos_phi_theta
New 1-d histogram: GRegamAB
New 1-d histogram: GRegamABdc
New 2-d histogram: GRegamAB_mult
New 2-d histogram: GRegamABdc_mult
New 1-d histogram: GRegamAB_emitted_diff
New 2-d histogram: GRegamAB_emitted_detected
New 2-d histogram: GRegamAB_dettheta
New 2-d histogram: GRegamABdc_dettheta
New 1-d histogram: GRmult
New 1-d histogram: GRmult_ab
New 2-d histogram: egamegam
New 2-d histogram: GRegamMBegam
New 2-d histogram: egamegamdc
New 2-d histogram: GRegamMBegamdc
New 2-d histogram: egamegamAB
New 2-d histogram: GRegamMBegamAB
New 2-d histogram: egamegamABdc
New 2-d histogram: GRegamMBegamABdc
New 2-d histogram: MBegamMBegam
New 2-d histogram: MBegamMBegamdc
New 2-d histogram: MBegamGRegam
New 2-d histogram: MBegamGRegamdc
New 2-d histogram: MBegamGRegamAB
New 2-d histogram: MBegamGRegamABdc
New 2-d histogram: GRegamGRegam
New 2-d histogram: GRegamGRegamdc
New 2-d histogram: MBegamMBegamAB
New 2-d histogram: MBegamMBegamABdc
New 2-d histogram: GRegamGRegamAB
New 2-d histogram: GRegamGRegamABdc

writing histograms to file
Run time 0.9 s.
input file(s):
root/mo83_229keV_6000evt_lowlevel.root
output file: coin/mo83_229keV_6000evt_lowlevel.root
creating outputfile 
MB : 228.824
GR : 117.24
MB : 116.48
GR : 0
MB : 140.631
GR : 106.957
MB : 230.289
GR : 224.774
GR : 229.607
MB : 133.738
MB : 147.932
MB : 230.274
GR : 232.968
GR : 223.435
MB : 227.991
MB : 235.427
MB : 223.241
MB : 118.002
GR : 221.852
GR : 117.222
MB : 96.3872
GR : 91.2447
MB : 113.342
MB : 142.37
MB : 111.12
MB : 221.124
MB : 110.842
MB : 77.9035
GR : 91.9223
MB : 77.6459
GR : 228.309
GR : 99.2196
MB : 136.534
GR : 225.753
MB : 236.147
GR : 231.436
GR : 227.214
GR : 227.792
GR : 0
MB : 0
GR : 0
GR : 75.2009
GR : 228.895
MB : 227.914
GR : 100.453
MB : 119.242
MB : 231.134
MB : 229.67
GR : 196.615
MB : 226.475
MB : 223.551
GR : 126.362
MB : 107.096
MB : 123.638
MB : 0
MB : 126.354
MB : 225.284
MB : 0
GR : 115.951
MB : 131.421
GR : 217.939
GR : 226.823
GR : 122.489
MB : 0
GR : 136.673
GR : 120.508
GR : 110.81
MB : 137.441
GR : 234.619
GR : 205.144
MB : 0
MB : 225.306
MB : 225.799
MB : 230.339
GR : 53.7574
MB : 111.936
MB : 97.7599
MB : 82.6969
MB : 222.721
MB : 100.071
GR : 234.902
GR : 87.7007
GR : 70.9208
MB : 232.816
MB : 91.1089
MB : 225.285
GR : 226.52
MB : 88.4287
MB : 0
GR : 235.928
MB : 226.087
GR : 217.669
GR : 238.097
MB : 227.09
MB : 169.75
GR : 224.938
MB : 224.45
MB : 146.641
MB : 229.922
GR : 229.119
GR : 0
MB : 133.871
GR : 124.458
MB : 226.892
MB : 233.313
GR : 230.658
MB : 89.0695
GR : 231.499
GR : 229.805
GR : 228.569
GR : 235.703
GR : 198.051
GR : 71.3022
GR : 228.546
MB : 228.609
MB : 231.536
GR : 241.919
MB : 232.246
GR : 113.29
MB : 0
MB : 231.127
GR : 108.71
GR : 230.934
MB : 82.4011
MB : 123.012
GR : 0
MB : 203.719
GR : 227.102
GR : 224.954
GR : 234.012
GR : 232.866
MB : 92.1167
GR : 0
MB : 230.475
GR : 161.47
MB : 224.247
MB : 232.359
GR : 84.8848
GR : 146.137
MB : 115.85
GR : 223.915
MB : 125.599
MB : 218.488
GR : 229.103
GR : 212.09
MB : 234.571
GR : 217.686
MB : 226.583
MB : 0
MB : 134.754
GR : 227.902
GR : 230.043
MB : 233.773
GR : 235.954
MB : 231.173
GR : 172.274
GR : 0
MB : 183.258
MB : 223.675
MB : 225.041
MB : 229.293
MB : 189.278
GR : 162.06
MB : 218.571
MB : 233.883
MB : 229.207
MB : 85.9211
MB : 214.492
MB : 237.453
GR : 230.25
MB : 226.941
GR : 230.165
MB : 0
MB : 56.2613
MB : 177.098
GR : 0
MB : 211.668
MB : 230.943
GR : 175.769
GR : 228.76
MB : 228.743
GR : 73.5675
GR : 230.964
MB : 0
MB : 228.514
MB : 232.036
GR : 120.752
MB : 231.956
MB : 84.7825
MB : 170.275
GR : 207.403
GR : 0
MB : 230.305
MB : 0
GR : 254.917
MB : 67.6898
MB : 0
MB : 232.63
MB : 234.862
MB : 228.231
GR : 0
MB : 147.064
MB : 226.604
MB : 230.065
MB : 226.112
MB : 77.3294
GR : 0
MB : 227.895
GR : 146.447
GR : 229.154
MB : 228.479
MB : 226.619
GR : 252.875
GR : 0
MB : 0
MB : 231.466
MB : 232.191
MB : 234.241
GR : 221.202
GR : 156.221
MB : 167.05
MB : 169.988
MB : 228.206
MB : 230.492
GR : 251.005
GR : 201.849
MB : 237.96
GR : 158.135
MB : 111.175
GR : 0
GR : 92.9838
GR : 0
MB : 230.986
MB : 0
MB : 103.738
MB : 174.553
MB : 237.177
GR : 86.153
GR : 63.2511
MB : 233.357
GR : 180.176
GR : 182.013
GR : 230.23
MB : 210.788
GR : 228.692
GR : 80.4596
GR : 229.054
GR : 115.038
MB : 128.746
MB : 229.163
MB : 229.953
MB : 230.22
MB : 91.4265
MB : 136.649
MB : 230.237
MB : 223.723
GR : 202.575
MB : 226.88
GR : 187.306
GR : 230.37
GR : 231.662
GR : 214.102
GR : 163.758
GR : 0
MB : 0
GR : 219.633
MB : 0
GR : 103.519
MB : 225.666
MB : 227.564
MB : 234.137
MB : 231.309
MB : 69.7942
MB : 228.587
MB : 134.232
GR : 227.24
MB : 230.477
MB : 106.935
MB : 56.4505
MB : 98.4252
MB : 62.6288
GR : 0
MB : 224.221
GR : 229.792
MB : 110.341
MB : 0
GR : 229.466
MB : 231.984
MB : 102.732
MB : 125.935
MB : 140.317
GR : 139.992
GR : 223.252
GR : 0
GR : 115.148
MB : 85.4479
GR : 226.144
GR : 201.5
GR : 86.7398
GR : 122.152
GR : 226.867
MB : 230.225
GR : 81.1549
MB : 229.01
GR : 227.367
MB : 227.525
GR : 119.476
MB : 226.479
MB : 0
MB : 192.225
MB : 227.785
GR : 114.994
MB : 0
MB : 224.274
GR : 218.945
MB : 123.933
GR : 230.039
MB : 228.425
MB : 233.51
MB : 229.921
MB : 111.388
GR : 230.907
GR : 72.7964
MB : 127.137
MB : 224.305
MB : 129.686
GR : 95.5762
MB : 0
MB : 67.9498
MB : 164.049
GR : 231.171
GR : 244.367
MB : 230.796
GR : 229.354
MB : 145.616
GR : 233.136
MB : 0
GR : 111.438
MB : 125.786
GR : 226.17
MB : 236.398
GR : 99.2363
GR : 105.015
MB : 239.243
GR : 118.666
MB : 128.411
MB : 227.248
MB : 228.519
MB : 148.18
MB : 77.297
MB : 227.764
MB : 229.218
MB : 156.688
GR : 227.872
MB : 224.148
MB : 62.7324
MB : 160.257
GR : 227.166
GR : 227.388
GR : 236.482
MB : 153.342
MB : 139.696
GR : 217.301
GR : 228.878
GR : 232.645
GR : 0
MB : 227.782
MB : 0
MB : 235.921
GR : 229.628
MB : 228.751
GR : 0
GR : 227.884
GR : 128.552
GR : 221.575
MB : 116.112
GR : 191.003
GR : 77.6241
GR : 140.019
MB : 236.465
MB : 105.799
MB : 229.881
MB : 142.415
MB : 91.4734
MB : 222.386
MB : 116.776
MB : 109.347
MB : 207.799
MB : 216.571
GR : 225.197
MB : 203.089
MB : 228.395
MB : 165.171
GR : 196.305
MB : 189.453
GR : 228.568
MB : 133.631
GR : 235.235
GR : 229.609
GR : 237.022
GR : 0
GR : 114.972
MB : 231.298
MB : 229.099
GR : 226.648
MB : 229.884
MB : 229.064
MB : 228.709
GR : 229.537
GR : 141.47
MB : 228.169
MB : 0
MB : 156.383
MB : 225.232
GR : 219.729
GR : 84.8908
MB : 151.619
MB : 224.123
MB : 228.268
GR : 82.5041
MB : 104.745
MB : 112.591
MB : 60.0404
GR : 0
MB : 227.002
MB : 97.898
MB : 73.432
MB : 232.448
MB : 230.844
MB : 52.6822
GR : 90.0027
MB : 107.356
MB : 230.731
GR : 212.867
GR : 0
GR : 126.711
GR : 110.6
GR : 238.449
MB : 143.57
GR : 228.917
GR : 58.5201
GR : 228.145
GR : 207.487
GR : 0
MB : 241.865
GR : 228.744
MB : 0
GR : 155.095
MB : 122.363
GR : 244.1
GR : 118.272
GR : 225.767
MB : 130.739
GR : 223.943
GR : 230.045
MB : 227.935
MB : 104.248
MB : 227.034
MB : 219.689
MB : 119.673
MB : 233.933
GR : 105.401
MB : 218.635
MB : 223.808
GR : 228.905
MB : 121.106
MB : 74.7646
MB : 78.2448
MB : 232.055
GR : 227.51
GR : 191.233
GR : 194.269
MB : 229.142
MB : 227.084
MB : 235.457
MB : 0
MB : 227.629
GR : 0
MB : 89.8533
MB : 226.097
GR : 232.228
MB : 225.73
MB : 228.298
GR : 232.989
MB : 234.85
GR : 229.777
GR : 77.4468
GR : 229.65
GR : 0
GR : 82.9097
MB : 121.357
MB : 225.737
MB : 235.127
GR : 227.076
MB : 231.431
MB : 135.815
GR : 228.287
MB : 230.996
GR : 235.127
GR : 98.5283
MB : 229.792
MB : 66.2662
MB : 156.415
GR : 101.547
GR : 92.6217
GR : 223.526
GR : 225.789
MB : 228.187
GR : 105.592
MB : 229.287
GR : 218.058
MB : 0
MB : 115.26
GR : 90.5958
MB : 238.296
MB : 228.53
GR : 226.477
MB : 231.976
GR : 236.053
GR : 124.415
GR : 118.908
MB : 180.387
MB : 227.787
MB : 228.331
MB : 0
MB : 80.3566
MB : 227.58
MB : 59.2043
MB : 105.559
MB : 136.156
GR : 225.895
MB : 227.679
MB : 91.3806
MB : 71.8357
MB : 123.075
GR : 104.758
MB : 0
MB : 186.82
MB : 135.624
MB : 230.358
GR : 69.6151
MB : 226.107
GR : 150.245
MB : 196.346
MB : 113.807
MB : 129.153
MB : 227.446
MB : 228.901
GR : 130.83
MB : 93.4279
GR : 114.381
GR : 97.0395
MB : 59.6097
GR : 0
MB : 227.297
MB : 224.919
GR : 75.1899
MB : 123.733
MB : 58.7355
MB : 170.469
MB : 118.281
MB : 243.718
GR : 0
MB : 152.492
GR : 151.142
MB : 228.538
GR : 0
MB : 230.058
GR : 65.2827
MB : 105.647
GR : 81.4916
MB : 0
MB : 225.796
MB : 227.116
GR : 99.9242
MB : 76.8676
MB : 132.613
MB : 151.725
MB : 85.4434
GR : 97.3289
GR : 229.197
MB : 0
GR : 0
GR : 118.908
MB : 229.87
MB : 125.019
MB : 227.998
MB : 98.0753
MB : 125.896
MB : 227.941
GR : 231.056
MB : 228.395
GR : 223.247
GR : 0
GR : 201.691
GR : 231.473
MB : 68.9934
MB : 213.469
MB : 136.2
MB : 229.801
MB : 228.742
MB : 224.659
MB : 122.055
MB : 124.721
MB : 145.491
MB : 100.619
MB : 0
MB : 163.69
MB : 155.827
MB : 85.0952
MB : 121.264
GR : 114.141
GR : 0
GR : 202.449
GR : 90.7643
MB : 225.52
MB : 220.463
MB : 226.559
GR : 220.174
GR : 0
MB : 136.041
GR : 173.33
MB : 224.067
GR : 161.083
GR : 71.5649
MB : 230.927
GR : 204.064
MB : 225.228
GR : 123.988
GR : 149.352
GR : 84.1237
MB : 232.503
GR : 0
MB : 158.49
GR : 148.261
MB : 180.602
GR : 226.583
MB : 208.322
MB : 238.543
MB : 229.99
GR : 181.936
MB : 224.017
GR : 232.189
GR : 225.921
GR : 237.979
MB : 231.024
GR : 115.447
MB : 72.0784
MB : 129.528
MB : 229.351
MB : 0
MB : 96.0868
GR : 133.835
MB : 85.9221
GR : 231.632
MB : 236.351
GR : 236.436
MB : 132.936
MB : 96.7381
GR : 232.01
MB : 0
MB : 0
MB : 201.61
GR : 229.62
MB : 193.31
GR : 193.872
MB : 221.132
MB : 0
GR : 222.689
GR : 228.629
MB : 227.233
MB : 97.9281
MB : 230.17
GR : 114.82
MB : 140.203
MB : 232.519
GR : 0
MB : 75.3341
MB : 232.462
MB : 224.042
GR : 228.888
MB : 227.844
MB : 0
MB : 230.089
MB : 227.084
MB : 221.481
GR : 0
MB : 0
GR : 0
MB : 232.049
MB : 229.286
MB : 231.875
MB : 62.8652
MB : 235.471
MB : 118.18
MB : 231.608
MB : 136.478
MB : 100.216
MB : 74.2796
MB : 225.533
MB : 226.627
MB : 98.4983
GR : 63.3021
MB : 224.483
MB : 66.3953
MB : 227.445
GR : 239.661
MB : 0
GR : 235.188
MB : 224.382
GR : 130.765
GR : 0
MB : 103.64
MB : 129.953
MB : 0
MB : 228.238
MB : 100.966
MB : 227.892
MB : 167.457
GR : 226.441
MB : 0
MB : 0
MB : 227.005
MB : 151.173
MB : 73.9791
GR : 135.682
MB : 227.995
MB : 77.5168
MB : 140.903
MB : 0
MB : 106.732
MB : 69.1386
MB : 65.0622
GR : 228.339
MB : 220.946
MB : 227.986
MB : 226.231
MB : 91.8675
MB : 230.491
MB : 201.503
GR : 85.1752
GR : 224.84
MB : 226.269
GR : 112.139
MB : 89.2414
MB : 160.447
GR : 0
MB : 232.412
MB : 169.241
MB : 0
GR : 97.0447
GR : 228.923
MB : 0
GR : 108.586
MB : 136.262
GR : 232.639
MB : 229.11
MB : 142.07
MB : 230.049
MB : 76.9186
GR : 0
MB : 227.437
GR : 164.485
GR : 227.182
MB : 163.809
MB : 231.17
MB : 0
GR : 65.3948
MB : 150.738
GR : 84.134
MB : 71.3841
GR : 128.88
MB : 223.259
GR : 229.462
GR : 235.159
MB : 199.152
GR : 109.177
GR : 223.536
MB : 228.276
MB : 112.309
MB : 116.723
GR : 231.784
MB : 203.776
MB : 101.152
GR : 225.785
MB : 101.612
MB : 101.4
MB : 196.766
GR : 120.452
MB : 98.2375
GR : 142.555
GR : 229.495
MB : 177.403
GR : 170.084
MB : 228.736
MB : 231.988
GR : 119.769
GR : 59.0292
MB : 145.925
GR : 166.059
MB : 96.5447
MB : 50.05
MB : 228.432
GR : 133.322
MB : 223.394
MB : 64.1944
MB : 229.198
GR : 225.292
GR : 126.783
GR : 0
MB : 91.184
MB : 224.423
MB : 105.082
MB : 220.941
MB : 230.259
GR : 67.3656
MB : 0
MB : 234.507
MB : 66.9624
GR : 227.845
MB : 0
MB : 112.351
GR : 0
MB : 229.412
GR : 228.442
GR : 134.368
GR : 227.356
GR : 89.1799
MB : 229.924
MB : 229.812
MB : 105.723
MB : 126.229
GR : 211.055
MB : 230.043
MB : 229.325
GR : 229.709
MB : 229.483
MB : 187.589
GR : 118.162
MB : 98.1962
MB : 95.9383
MB : 132.999
GR : 234.723
MB : 209.615
MB : 0
MB : 71.8523
GR : 233.768
MB : 204.718
MB : 107.294
MB : 130.54
MB : 100.088
MB : 229.196
GR : 148.338
GR : 232.585
GR : 160.088
GR : 71.8134
GR : 158.83
MB : 224.347
MB : 227.346
MB : 98.7534
GR : 230.073
GR : 219.319
GR : 0
GR : 223.54
GR : 229.918
MB : 231.766
GR : 247.568
MB : 229.157
MB : 67.6418
MB : 76.0175
MB : 0
MB : 71.7191
GR : 131.754
MB : 104.368
MB : 231.828
MB : 230.894
MB : 112.278
MB : 235.618
MB : 0
GR : 128.388
GR : 142.879
GR : 168.034
MB : 92.7129
GR : 227.076
MB : 230.459
MB : 228.837
GR : 0
MB : 228.663
MB : 95.2085
MB : 132.294
GR : 92.7017
MB : 239.106
GR : 230.466
MB : 227.322
GR : 232.203
MB : 0
MB : 237.538
MB : 105.061
GR : 83.609
MB : 144.946
GR : 119.294
MB : 226.005
GR : 122.956
GR : 0
MB : 228.337
GR : 120.873
GR : 114.212
GR : 241.172
MB : 228.707
MB : 155.307
MB : 125.89
GR : 254.172
MB : 89.7459
GR : 243.282
GR : 97.7855
MB : 116.566
MB : 0
GR : 224.141
GR : 0
GR : 230.196
GR : 111.352
MB : 75.3053
GR : 223.348
GR : 0
MB : 231.73
MB : 225.39
MB : 225.455
MB : 99.1019
GR : 214.632
MB : 227.292
GR : 229.274
GR : 227.708
GR : 90.5788
GR : 155.914
MB : 234.682
GR : 0
GR : 160.131
GR : 227.686
MB : 225.73
GR : 227.275
MB : 230.633
MB : 185.145
MB : 124.996
MB : 227.956
GR : 227.496
GR : 228.629
GR : 173.2
MB : 126.133
GR : 86.3112
GR : 134.648
MB : 57.6353
MB : 86.3105
GR : 227.641
MB : 232.603
MB : 0
MB : 228.725
MB : 73.7533
MB : 229.919
GR : 126.049
MB : 175.404
MB : 226.74
MB : 225.745
MB : 226.392
GR : 232.552
MB : 93.4259
GR : 227.547
MB : 0
MB : 190.548
GR : 61.3443
GR : 129.702
MB : 76.2204
MB : 228.626
MB : 230.832
MB : 229.478
MB : 81.126
MB : 105.504
MB : 227.685
MB : 82.9132
GR : 228.014
MB : 229.179
GR : 214.692
GR : 0
GR : 239.548
MB : 0
MB : 234.45
MB : 230.385
MB : 232.696
MB : 212.982
MB : 228.548
GR : 115.232
GR : 219.488
MB : 232.691
GR : 234.681
GR : 262.76
MB : 67.4197
MB : 175.082
MB : 105.187
MB : 116.864
MB : 222.089
MB : 226.89
GR : 0
MB : 91.6866
GR : 145.788
GR : 230.855
MB : 140.689
GR : 195.687
MB : 220.656
MB : 127.636
GR : 0
MB : 171.57
MB : 230.809
GR : 119.945
GR : 107.409
MB : 233.976
GR : 141.099
GR : 147.882
GR : 227.711
MB : 145.01
MB : 230.335
MB : 231.876
MB : 0
GR : 228.065
MB : 85.1083
MB : 233.75
MB : 139.747
GR : 224.746
MB : 229.424
GR : 147.015
MB : 136.375
GR : 118.229
MB : 0
MB : 225.391
GR : 0
GR : 92.8513
MB : 227.121
MB : 234.077
MB : 226.22
MB : 231.81
MB : 121.056
GR : 208.703
MB : 147.473
MB : 222.351
MB : 225.654
MB : 0
GR : 175.936
MB : 146.835
GR : 105.312
GR : 237.388
MB : 117.559
GR : 228.083
MB : 0
GR : 200.109
GR : 129.434
MB : 180.157
GR : 176.819
GR : 97.0543
MB : 227.345
MB : 216.207
MB : 228.611
GR : 231.214
MB : 228.016
MB : 222.34
GR : 232.11
MB : 195.355
GR : 229.05
MB : 230.324
GR : 114.092
MB : 226.946
GR : 226.571
MB : 135.102
MB : 85.0698
GR : 0
GR : 129.533
MB : 230.171
MB : 63.8845
MB : 228.723
MB : 133.756
MB : 94.2215
MB : 88.3095
GR : 0
GR : 108.84
GR : 231.299
GR : 0
GR : 194.055
MB : 228.26
GR : 107.58
MB : 230.095
MB : 231.787
MB : 0
GR : 113.678
MB : 229.025
GR : 226.087
MB : 224.654
MB : 97.3446
GR : 229.933
GR : 226.695
MB : 156.555
MB : 0
MB : 232.527
MB : 53.0013
MB : 145.5
GR : 0
GR : 89.5223
MB : 76.9348
GR : 100.374
GR : 232.624
GR : 105.442
MB : 226.887
MB : 232.943
GR : 195.753
MB : 223.257
GR : 233.372
GR : 222.873
MB : 228.963
GR : 229.973
GR : 90.3785
MB : 120.869
GR : 105.269
MB : 100.895
GR : 234.16
MB : 0
GR : 93.6071
MB : 166.174
MB : 230.624
GR : 219.782
GR : 198.98
MB : 108.751
MB : 231.796
MB : 230.526
MB : 102.322
GR : 0
MB : 63.5144
MB : 102.327
MB : 208.703
MB : 228.595
MB : 120.462
GR : 242.868
GR : 191.219
GR : 227.459
GR : 218.4
MB : 230.937
MB : 230.906
GR : 249.733
MB : 105.881
GR : 223.02
MB : 94.8381
MB : 228.039
MB : 228.548
MB : 73.8625
MB : 116.188
MB : 232.044
GR : 225.477
MB : 0
MB : 83.2327
GR : 144.604
MB : 232.359
MB : 129.877
GR : 227.016
GR : 205.817
MB : 235.129
MB : 174.676
MB : 211.249
GR : 228.944
GR : 209.493
MB : 0
MB : 142.159
GR : 83.7026
MB : 122.44
GR : 162.248
GR : 231.653
GR : 232.716
MB : 229.148
GR : 229.208
MB : 224.166
GR : 101.548
MB : 109.389
GR : 109.391
MB : 160.477
MB : 64.0926
MB : 230.09
MB : 229.99
GR : 0
MB : 0
MB : 231.111
MB : 234.399
MB : 231.265
GR : 234.144
MB : 130.387
MB : 119.454
GR : 128.03
MB : 229.234
GR : 0
GR : 0
MB : 226.746
MB : 101.856
MB : 98.6316
MB : 227.927
MB : 225.848
GR : 180.009
MB : 231.363
GR : 245.48
MB : 232.225
GR : 224.905
GR : 101.857
MB : 227.308
MB : 80.1654
MB : 147.483
GR : 224.432
MB : 70.8728
MB : 225.186
MB : 170.281
GR : 229.006
MB : 223.031
GR : 226.345
MB : 82.8601
MB : 223.353
GR : 226.978
GR : 226.83
GR : 158.206
GR : 100.122
MB : 100.497
MB : 230.658
GR : 172.059
GR : 231.129
GR : 230.245
MB : 128.006
MB : 97.4166
GR : 103.277
MB : 148.103
MB : 227.913
GR : 98.3043
MB : 86.3223
GR : 107.564
GR : 225.5
MB : 81.7801
GR : 246.534
MB : 127.501
MB : 108.517
MB : 224.939
MB : 226.903
GR : 203.139
MB : 122.28
GR : 107.953
GR : 230.897
GR : 226.213
MB : 77.8656
MB : 100.435
GR : 102.969
MB : 85.3685
GR : 228.801
MB : 133.414
MB : 99.8394
GR : 235.136
MB : 228.422
MB : 121.463
MB : 0
MB : 66.5458
MB : 215.182
MB : 137.035
MB : 226.488
MB : 228.018
GR : 182.506
MB : 229.314
MB : 227.874
MB : 117.647
GR : 157.158
MB : 110.666
MB : 236.866
GR : 227.822
MB : 235.284
MB : 235.574
MB : 220.635
MB : 230.105
GR : 196.852
MB : 56.4393
MB : 225.345
GR : 232.176
GR : 214.42
GR : 229.573
MB : 72.988
MB : 226.921
MB : 234.042
GR : 241.28
GR : 242.082
MB : 225.444
GR : 221.79
MB : 225.395
MB : 188.506
GR : 0
MB : 92.5477
MB : 122.621
MB : 224.7
GR : 229.078
GR : 231.326
MB : 220.674
MB : 229.165
GR : 254.461
MB : 0
MB : 232.944
MB : 151.781
MB : 0
GR : 0
MB : 0
MB : 166.51
GR : 227.699
GR : 154.876
MB : 90.1665
MB : 231.275
MB : 231.833
GR : 241.904
GR : 0
MB : 74.2557
MB : 93.3269
MB : 54.5615
MB : 67.6517
MB : 171.589
GR : 122.21
MB : 123.694
GR : 95.9409
MB : 226.593
GR : 0
MB : 229.786
GR : 246.16
MB : 89.2934
GR : 0
MB : 206.508
MB : 0
MB : 120.232
MB : 157.904
GR : 173.159
MB : 225.035
MB : 103.458
MB : 228.237
GR : 104.573
MB : 178.455
MB : 224.632
GR : 235.305
GR : 0
MB : 115.638
GR : 59.4544
MB : 0
MB : 228.711
MB : 98.741
MB : 159.599
MB : 249.179
MB : 224.465
GR : 112.735
GR : 132.739
GR : 230.63
MB : 228.352
GR : 221.844
MB : 169.882
MB : 225.367
MB : 95.6838
MB : 140.352
MB : 225.699
MB : 138.339
GR : 225.467
MB : 226.45
MB : 116.287
MB : 0
MB : 229.231
MB : 226.237
MB : 252.875
GR : 230.442
MB : 232.231
GR : 229.617
MB : 82.0267
MB : 125.018
MB : 80.3873
MB : 230.009
GR : 227.336
MB : 227.572
GR : 0
MB : 247.605
MB : 222.721
MB : 111.555
MB : 84.2444
GR : 227.732
GR : 242.195
MB : 231.353
GR : 69.4945
GR : 78.8102
MB : 123.481
GR : 79.2515
GR : 224.631
GR : 226.392
MB : 234.553
GR : 112.956
MB : 229.278
MB : 225.226
MB : 224.299
MB : 83.808
GR : 133.237
MB : 170.853
GR : 225.799
MB : 60.8446
GR : 230.479
MB : 0
GR : 230.4
MB : 228.848
GR : 77.8777
MB : 147.541
MB : 230.365
MB : 131.909
MB : 226.907
MB : 57.0901
GR : 124.122
MB : 237.119
MB : 0
GR : 224.649
GR : 96.5518
GR : 212.506
GR : 66.9474
MB : 224.256
MB : 228.818
MB : 229.837
GR : 224.901
GR : 121.79
GR : 0
MB : 230.966
MB : 230.008
GR : 219.767
GR : 0
MB : 202.773
GR : 228.948
MB : 0
MB : 94.4568
GR : 227.078
MB : 222.42
MB : 117.321
GR : 138.788
GR : 0
GR : 223.633
MB : 226.967
GR : 236.883
MB : 0
GR : 115.684
GR : 229.546
MB : 85.215
GR : 251.568
MB : 136.923
MB : 192.003
GR : 242.332
GR : 228.555
MB : 228.489
GR : 239.242
GR : 231.613
MB : 95.7284
GR : 231.141
MB : 0
MB : 160.316
MB : 229.551
MB : 53.7657
GR : 226.487
MB : 63.2259
MB : 70.0616
MB : 227.073
MB : 219.197
GR : 137.545
MB : 229.159
GR : 0
GR : 229.547
GR : 228.413
MB : 230.996
GR : 231.721
MB : 229.765
MB : 137.666
MB : 231.23
MB : 230.273
MB : 226.445
MB : 0
GR : 108.596
MB : 224.481
GR : 231.89
GR : 149.274
MB : 0
MB : 227.162
MB : 221.216
GR : 227.982
MB : 226.183
MB : 226.423
MB : 226.557
GR : 225.404
MB : 115.868
GR : 227.692
GR : 231.757
MB : 223.681
MB : 191.342
GR : 77.6913
MB : 134.483
MB : 117.298
GR : 161.781
MB : 234.97
MB : 72.605
MB : 0
MB : 98.2455
GR : 180.242
GR : 228.97
GR : 84.8651
GR : 184.715
GR : 81.8379
MB : 0
MB : 116.374
MB : 238.9
MB : 230.67
MB : 0
GR : 225.968
GR : 230.14
GR : 0
MB : 0
MB : 232.614
GR : 0
MB : 0
GR : 226.158
GR : 227.885
GR : 232.886
GR : 101.301
GR : 0
MB : 225.426
MB : 95.5705
MB : 136.087
GR : 232.632
MB : 224.777
MB : 115.267
MB : 96.6023
GR : 146.594
GR : 136.639
MB : 0
MB : 229.697
GR : 229.617
MB : 119.241
GR : 222.848
MB : 226.168
GR : 220.506
GR : 202.782
MB : 226.835
MB : 186.629
MB : 127.104
MB : 97.542
MB : 231.925
GR : 258.257
MB : 225.047
MB : 0
GR : 270.687
GR : 144.566
GR : 231.483
MB : 128.516
MB : 232.081
GR : 227.71
GR : 230.791
MB : 226.72
MB : 224.487
MB : 220.264
GR : 127.889
MB : 227.284
MB : 180.268
MB : 205.479
MB : 235.264
GR : 0
GR : 227.805
GR : 227.833
GR : 220.038
MB : 231.746
GR : 228.555
GR : 62.145
MB : 147.863
MB : 80.0558
MB : 225.761
GR : 231.771
GR : 110.218
MB : 230.279
MB : 223.826
MB : 96.5065
MB : 145.346
GR : 235.633
MB : 227.321
MB : 224.805
MB : 228.392
MB : 64.3048
MB : 81.266
MB : 215.055
GR : 228.96
GR : 227.719
MB : 115.504
MB : 169.85
MB : 132.307
MB : 222.055
GR : 225.57
MB : 0
MB : 230.678
GR : 225.811
MB : 230.63
MB : 116.303
MB : 95.4294
MB : 232.172
MB : 240.489
MB : 230.157
MB : 96.4711
MB : 116.479
MB : 223.274
MB : 227.11
MB : 230.752
MB : 228.655
MB : 227.775
MB : 189.271
GR : 131.811
MB : 108.377
MB : 0
MB : 0
MB : 108.328
GR : 226.702
MB : 0
GR : 231.685
MB : 227.328
GR : 193.083
MB : 133.728
GR : 231.307
MB : 227.26
GR : 226.989
MB : 190.914
GR : 0
MB : 68.0494
MB : 226.599
MB : 0
MB : 107.816
MB : 227.498
GR : 111.292
MB : 228.879
GR : 62.729
MB : 202.225
MB : 227.929
GR : 130.456
MB : 111.149
MB : 104.491
MB : 226.931
MB : 0
MB : 218.165
MB : 0
GR : 129.177
MB : 222.882
GR : 228.004
MB : 104.983
MB : 229.854
GR : 227.967
MB : 231.595
GR : 228.628
MB : 127.166
MB : 224.544
MB : 153.426
MB : 0
GR : 105.122
MB : 193.245
MB : 88.1206
GR : 232.251
GR : 75.0361
GR : 229.407
MB : 229.259
MB : 137.187
GR : 104.273
MB : 111.929
GR : 232.747
GR : 233.86
MB : 227.332
MB : 230.167
GR : 229.079
MB : 231.624
GR : 112.469
GR : 226.685
MB : 232.696
MB : 228.095
MB : 235.312
GR : 227.679
MB : 55.4229
GR : 230.803
GR : 84.2059
GR : 198.674
MB : 228.105
MB : 226.309
GR : 231.687
GR : 241.871
GR : 0
MB : 0
MB : 221.277
MB : 220.584
GR : 136.35
MB : 225.718
GR : 76.0077
MB : 190.09
MB : 226.952
GR : 227.46
MB : 236.151
GR : 109.218
GR : 227.995
GR : 90.4193
MB : 83.1887
MB : 149.793
GR : 0
GR : 230.433
GR : 57.8344
MB : 49.9456
MB : 228.36
MB : 232.506
MB : 146.443
MB : 228.126
GR : 231.379
MB : 101.486
MB : 131.275
MB : 226.85
GR : 109.995
GR : 157.153
MB : 230.46
GR : 186.46
MB : 230.047
GR : 130.99
MB : 227.931
GR : 230.277
MB : 211.055
GR : 110.292
MB : 124.533
MB : 92.6078
GR : 116.267
MB : 117.4
MB : 87.2406
MB : 159.247
GR : 196.397
MB : 222.734
GR : 238.865
MB : 224.133
GR : 247.071
GR : 115.003
MB : 136.803
MB : 82.3881
GR : 176.804
MB : 230.011
GR : 230.306
MB : 151.646
GR : 218.585
GR : 231.124
MB : 216.679
MB : 231.867
GR : 0
MB : 55.724
MB : 231.979
MB : 184.713
MB : 229.186
MB : 0
GR : 232.096
MB : 233.536
GR : 111.008
GR : 228.132
MB : 238.254
MB : 226.467
GR : 230.533
GR : 220.033
MB : 235.41
MB : 208.676
MB : 232.273
MB : 0
GR : 130.143
MB : 86.6228
MB : 120.395
GR : 116.898
MB : 93.0929
GR : 104.32
MB : 125.138
GR : 241.281
MB : 172.24
GR : 102.882
GR : 0
GR : 90.2898
MB : 123.474
GR : 232.867
MB : 0
GR : 229.287
MB : 74.2124
MB : 225.089
MB : 229.133
MB : 236.403
MB : 230.744
GR : 105.67
MB : 226.765
GR : 0
GR : 230.658
GR : 0
MB : 0
GR : 166.551
GR : 68.2509
GR : 68.2997
GR : 149.69
MB : 0
MB : 214.864
MB : 77.2287
MB : 105.319
MB : 228.173
GR : 208.288
GR : 230.75
MB : 83.4627
GR : 225.032
MB : 109.339
MB : 225.803
MB : 218.423
MB : 230.537
MB : 67.6152
MB : 190.297
GR : 175.653
GR : 230.499
MB : 229.072
GR : 203.798
GR : 0
GR : 227.779
GR : 228.08
MB : 119.591
