simulating 1800 events with energy 2080

**************************************************************
 Geant4 version Name: geant4-10-04-patch-03 [MT]   (8-February-2019)
                       Copyright : Geant4 Collaboration
                      References : NIM A 506 (2003), 250-303
                                 : IEEE-TNS 53 (2006), 270-278
                                 : NIM A 835 (2016), 186-225
                             WWW : http://geant4.org/
**************************************************************

Instantiating DetectorConstruction ...
... Done
Construct incoming and outgoing beams
... Done
Event Action
... Done
Primary Generator
... Done
Run Action
... Done
Tracking Action
... Done
Stepping Action
... Done
Stacking Action
... Done
Starting visualization...*** Initializing runManager
### G4EmStandard_opt4 Construct Processes 
*** Initialized runManager
newValue 
newValue 
 ----> The capsules will be generated.
setting beam pipe -------------------------------------------------------
0---------------------------->1
1---------------------------->1
construct target

Reading description of crystals from file asolid ...
6 polyhedra for a total of 72 vertex points read.

Reading description of clusters from file aclust ...
 Read 4 cluster description for a total of 13 individual solids.

Reading description of walls from file awalls ...
58 polyhedra for a total of 544 vertex points read.

Reading Euler angles from file aeuler ...
11 Euler angles read.
 Reading slice planes from file aslice

Reading slicing planes from data file aslice

----> The crystals material is Germanium

----> The wall material is Al

----> The back wall material is BackWallMaterial

----> The hole material is G4_Galactic

----> The cryostat material is Al

Generating crystals ... 
0, colx 1, coly 1, colz 0

  Total Ge volume (geCapsPolyPcone00)     = 369.516 cm3
    Back dead layer volume (gePassB00)     = 4.95043 cm3
    Coaxial dead layer volume (geTubsC00) = 11.7814 cm3

1, colx 1, coly 0, colz 1

  Total Ge volume (geCapsPolyPcone01)     = 385.488 cm3
    Back dead layer volume (gePassB01)     = 4.94789 cm3
    Coaxial dead layer volume (geTubsC01) = 11.7655 cm3

2, colx 1, coly 0, colz 0

  Total Ge volume (geCapsPolyPcone02)     = 378.326 cm3
    Back dead layer volume (gePassB02)     = 2.47678 cm3
    Coaxial dead layer volume (geTubsC02) = 1.59236 cm3

3, colx 0, coly 1, colz 0

  Total Ge volume (geCapsPolyPcone03)     = 384.936 cm3
    Back dead layer volume (gePassB03)     = 2.47381 cm3
    Coaxial dead layer volume (geTubsC03) = 1.58711 cm3

WARNING - gePoly04 point [ 1 +  1]/2 is   0.165765 mm outside plane  2
WARNING - gePoly04 point [ 1 +  1]/2 is   0.004058 mm outside plane  3
WARNING - gePoly04 point [ 1 +  6]/2 is   0.165765 mm outside plane  2
WARNING - gePoly04 point [ 1 +  8]/2 is   0.004058 mm outside plane  3
WARNING - gePoly04 point [ 3 +  3]/2 is   0.019978 mm outside plane  4
WARNING - gePoly04 point [ 3 +  3]/2 is   0.049876 mm outside plane  5
WARNING - gePoly04 point [ 3 +  8]/2 is   0.019978 mm outside plane  4
WARNING - gePoly04 point [ 3 + 10]/2 is   0.049876 mm outside plane  5
WARNING - gePoly04 point [ 5 +  5]/2 is   0.097001 mm outside plane  7
WARNING - gePoly04 point [ 5 +  6]/2 is   0.097001 mm outside plane  7
WARNING - gePoly04 point [ 6 +  6]/2 is   0.165765 mm outside plane  2
WARNING - gePoly04 point [ 6 +  6]/2 is   0.097001 mm outside plane  7
WARNING - gePoly04 point [ 8 +  8]/2 is   0.004058 mm outside plane  3
WARNING - gePoly04 point [ 8 +  8]/2 is   0.019978 mm outside plane  4
WARNING - gePoly04 point [10 + 10]/2 is   0.049876 mm outside plane  5
4, colx 0, coly 0, colz 1

  Total Ge volume (geCapsPolyPcone04)     = 380.837304 cm3
    Back dead layer volume (gePassB04)     = 2.477019 cm3
    Coaxial dead layer volume (geTubsC04) = 1.588971 cm3

5, colx 1, coly 1, colz 1

  Total Ge volume (geCapsPolyPcone05)     = 255.816077 cm3
    Back dead layer volume (gePassB05)     = 1.846901 cm3
    Coaxial dead layer volume (geTubsC05) = 1.753152 cm3

Number of generated crystals is 6

Generating walls ... 
WARNING - wlPoly00 point [ 0 +  0]/2 is   0.003914 mm outside plane  2
WARNING - wlPoly00 point [ 0 +  7]/2 is   0.003914 mm outside plane  2
WARNING - wlPoly00 point [ 1 +  1]/2 is   0.003618 mm outside plane  3
WARNING - wlPoly00 point [ 1 +  8]/2 is   0.003618 mm outside plane  3
WARNING - wlPoly00 point [ 2 +  2]/2 is   0.000863 mm outside plane  4
WARNING - wlPoly00 point [ 2 +  9]/2 is   0.000863 mm outside plane  4
WARNING - wlPoly00 point [ 3 +  3]/2 is   0.000611 mm outside plane  5
WARNING - wlPoly00 point [ 3 + 10]/2 is   0.000611 mm outside plane  5
WARNING - wlPoly00 point [ 5 +  5]/2 is   0.002633 mm outside plane  6
WARNING - wlPoly00 point [ 5 +  5]/2 is   0.002535 mm outside plane  7
WARNING - wlPoly00 point [ 5 +  6]/2 is   0.002535 mm outside plane  7
WARNING - wlPoly00 point [ 5 + 10]/2 is   0.002633 mm outside plane  6
WARNING - wlPoly00 point [ 6 +  6]/2 is   0.002535 mm outside plane  7
WARNING - wlPoly00 point [ 6 +  8]/2 is   0.014201 mm outside plane  1
WARNING - wlPoly00 point [ 6 + 10]/2 is   0.014201 mm outside plane  1
WARNING - wlPoly00 point [ 7 +  7]/2 is   0.003914 mm outside plane  2
WARNING - wlPoly00 point [ 7 +  8]/2 is   0.026083 mm outside plane  1
WARNING - wlPoly00 point [ 7 + 10]/2 is   0.026084 mm outside plane  1
WARNING - wlPoly00 point [ 8 +  8]/2 is   0.056427 mm outside plane  1
WARNING - wlPoly00 point [ 8 +  8]/2 is   0.003618 mm outside plane  3
WARNING - wlPoly00 point [ 8 + 10]/2 is   0.056428 mm outside plane  1
WARNING - wlPoly00 point [ 8 + 11]/2 is   0.028139 mm outside plane  1
WARNING - wlPoly00 point [ 9 +  9]/2 is   0.000863 mm outside plane  4
WARNING - wlPoly00 point [10 + 10]/2 is   0.056429 mm outside plane  1
WARNING - wlPoly00 point [10 + 10]/2 is   0.000611 mm outside plane  5
WARNING - wlPoly00 point [10 + 10]/2 is   0.002633 mm outside plane  6
WARNING - wlPoly00 point [10 + 11]/2 is   0.028139 mm outside plane  1
WARNING - wlPoly00 point [ 1 +  1]/2 is   0.004389 mm outside plane  2
WARNING - wlPoly00 point [ 1 +  6]/2 is   0.004389 mm outside plane  2
WARNING - wlPoly00 point [ 2 +  2]/2 is   0.006061 mm outside plane  3
WARNING - wlPoly00 point [ 2 +  7]/2 is   0.006061 mm outside plane  3
WARNING - wlPoly00 point [ 3 +  3]/2 is   0.003541 mm outside plane  4
WARNING - wlPoly00 point [ 3 +  3]/2 is   0.000101 mm outside plane  5
WARNING - wlPoly00 point [ 3 +  8]/2 is   0.003541 mm outside plane  4
WARNING - wlPoly00 point [ 3 + 10]/2 is   0.000101 mm outside plane  5
WARNING - wlPoly00 point [ 4 +  4]/2 is   0.003430 mm outside plane  6
WARNING - wlPoly00 point [ 4 + 11]/2 is   0.003430 mm outside plane  6
WARNING - wlPoly00 point [ 5 +  5]/2 is   0.003232 mm outside plane  7
WARNING - wlPoly00 point [ 5 +  6]/2 is   0.003232 mm outside plane  7
WARNING - wlPoly00 point [ 6 +  6]/2 is   0.004389 mm outside plane  2
WARNING - wlPoly00 point [ 6 +  6]/2 is   0.003232 mm outside plane  7
WARNING - wlPoly00 point [ 7 +  7]/2 is   0.006061 mm outside plane  3
WARNING - wlPoly00 point [ 8 +  8]/2 is   0.003541 mm outside plane  4
WARNING - wlPoly00 point [10 + 10]/2 is   0.000101 mm outside plane  5
WARNING - wlPoly00 point [11 + 11]/2 is   0.003430 mm outside plane  6
WARNING - wlPoly00 point [ 1 +  1]/2 is   0.000844 mm outside plane  2
WARNING - wlPoly00 point [ 1 +  6]/2 is   0.000844 mm outside plane  2
WARNING - wlPoly00 point [ 2 +  2]/2 is   0.004245 mm outside plane  3
WARNING - wlPoly00 point [ 2 +  7]/2 is   0.004245 mm outside plane  3
WARNING - wlPoly00 point [ 3 +  3]/2 is   0.003645 mm outside plane  4
WARNING - wlPoly00 point [ 3 +  3]/2 is   0.000100 mm outside plane  5
WARNING - wlPoly00 point [ 3 +  8]/2 is   0.003645 mm outside plane  4
WARNING - wlPoly00 point [ 3 + 10]/2 is   0.000100 mm outside plane  5
WARNING - wlPoly00 point [ 4 +  4]/2 is   0.003330 mm outside plane  6
WARNING - wlPoly00 point [ 4 + 11]/2 is   0.003330 mm outside plane  6
WARNING - wlPoly00 point [ 5 +  5]/2 is   0.005238 mm outside plane  7
WARNING - wlPoly00 point [ 5 +  6]/2 is   0.005238 mm outside plane  7
WARNING - wlPoly00 point [ 6 +  6]/2 is   0.000844 mm outside plane  2
WARNING - wlPoly00 point [ 6 +  6]/2 is   0.005238 mm outside plane  7
WARNING - wlPoly00 point [ 7 +  7]/2 is   0.004245 mm outside plane  3
WARNING - wlPoly00 point [ 8 +  8]/2 is   0.003645 mm outside plane  4
WARNING - wlPoly00 point [10 + 10]/2 is   0.000100 mm outside plane  5
WARNING - wlPoly00 point [11 + 11]/2 is   0.003330 mm outside plane  6
WARNING - wlPoly00 point [ 0 +  0]/2 is   0.001022 mm outside plane  2
WARNING - wlPoly00 point [ 0 +  7]/2 is   0.001022 mm outside plane  2
WARNING - wlPoly00 point [ 1 +  1]/2 is   0.003617 mm outside plane  3
WARNING - wlPoly00 point [ 1 +  8]/2 is   0.003617 mm outside plane  3
WARNING - wlPoly00 point [ 2 +  2]/2 is   0.000907 mm outside plane  4
WARNING - wlPoly00 point [ 2 +  9]/2 is   0.000907 mm outside plane  4
WARNING - wlPoly00 point [ 4 +  4]/2 is   0.003634 mm outside plane  5
WARNING - wlPoly00 point [ 4 +  9]/2 is   0.003634 mm outside plane  5
WARNING - wlPoly00 point [ 5 +  5]/2 is   0.002632 mm outside plane  6
WARNING - wlPoly00 point [ 5 +  5]/2 is   0.000592 mm outside plane  7
WARNING - wlPoly00 point [ 5 +  6]/2 is   0.000592 mm outside plane  7
WARNING - wlPoly00 point [ 5 + 10]/2 is   0.002632 mm outside plane  6
WARNING - wlPoly00 point [ 6 +  6]/2 is   0.000592 mm outside plane  7
WARNING - wlPoly00 point [ 7 +  7]/2 is   0.001022 mm outside plane  2
WARNING - wlPoly00 point [ 8 +  8]/2 is   0.003617 mm outside plane  3
WARNING - wlPoly00 point [ 9 +  9]/2 is   0.000907 mm outside plane  4
WARNING - wlPoly00 point [ 9 +  9]/2 is   0.003634 mm outside plane  5
WARNING - wlPoly00 point [10 + 10]/2 is   0.002632 mm outside plane  6
Number of generated walls is 58

Generating the capsules ... 
WARNING - vaPoly04 point [ 1 +  1]/2 is   0.165765 mm outside plane  2
WARNING - vaPoly04 point [ 1 +  1]/2 is   0.004058 mm outside plane  3
WARNING - vaPoly04 point [ 1 +  6]/2 is   0.165765 mm outside plane  2
WARNING - vaPoly04 point [ 1 +  8]/2 is   0.004058 mm outside plane  3
WARNING - vaPoly04 point [ 3 +  3]/2 is   0.019978 mm outside plane  4
WARNING - vaPoly04 point [ 3 +  3]/2 is   0.049876 mm outside plane  5
WARNING - vaPoly04 point [ 3 +  8]/2 is   0.019978 mm outside plane  4
WARNING - vaPoly04 point [ 3 + 10]/2 is   0.049876 mm outside plane  5
WARNING - vaPoly04 point [ 5 +  5]/2 is   0.097001 mm outside plane  7
WARNING - vaPoly04 point [ 5 +  6]/2 is   0.097001 mm outside plane  7
WARNING - vaPoly04 point [ 6 +  6]/2 is   0.165765 mm outside plane  2
WARNING - vaPoly04 point [ 6 +  6]/2 is   0.097001 mm outside plane  7
WARNING - vaPoly04 point [ 8 +  8]/2 is   0.004058 mm outside plane  3
WARNING - vaPoly04 point [ 8 +  8]/2 is   0.019978 mm outside plane  4
WARNING - vaPoly04 point [10 + 10]/2 is   0.049876 mm outside plane  5
WARNING - caPoly04 point [ 1 +  1]/2 is   0.165765 mm outside plane  2
WARNING - caPoly04 point [ 1 +  1]/2 is   0.004058 mm outside plane  3
WARNING - caPoly04 point [ 1 +  6]/2 is   0.165765 mm outside plane  2
WARNING - caPoly04 point [ 1 +  8]/2 is   0.004058 mm outside plane  3
WARNING - caPoly04 point [ 3 +  3]/2 is   0.019978 mm outside plane  4
WARNING - caPoly04 point [ 3 +  3]/2 is   0.049876 mm outside plane  5
WARNING - caPoly04 point [ 3 +  8]/2 is   0.019978 mm outside plane  4
WARNING - caPoly04 point [ 3 + 10]/2 is   0.049876 mm outside plane  5
WARNING - caPoly04 point [ 5 +  5]/2 is   0.097001 mm outside plane  7
WARNING - caPoly04 point [ 5 +  6]/2 is   0.097001 mm outside plane  7
WARNING - caPoly04 point [ 6 +  6]/2 is   0.165765 mm outside plane  2
WARNING - caPoly04 point [ 6 +  6]/2 is   0.097001 mm outside plane  7
WARNING - caPoly04 point [ 8 +  8]/2 is   0.004058 mm outside plane  3
WARNING - caPoly04 point [ 8 +  8]/2 is   0.019978 mm outside plane  4
WARNING - caPoly04 point [10 + 10]/2 is   0.049876 mm outside plane  5
Number of generated capsules is 6

Building the clusters ...
 Cluster #0
  Solid    1          61.75      9.72    -75.44      0.79     -3.02     18.23
  Solid    0         147.07     16.37     16.70      4.99      1.50     17.75
  Solid    1          61.75      9.72    104.56     -0.79      3.02     18.23
  Solid    0         147.07     16.37   -163.30     -4.99     -1.50     17.75
  Wall     0           0.00      0.00      0.00      0.00      0.00      0.00
  Wall     1           0.00      0.00      0.00      0.00      0.00      0.00
  Wall     2           0.00      0.00      0.00      0.00      0.00      0.00
  Wall     3           0.00      0.00      0.00      0.00      0.00      0.00
  Wall     4           0.00      0.00      0.00      0.00      0.00      0.00
  Wall     5           0.00      0.00      0.00      0.00      0.00      0.00
  Wall     6           0.00      0.00      0.00      0.00      0.00      0.00
  Wall     7           0.00      0.00      0.00      0.00      0.00      0.00
  Wall     8           0.00      0.00      0.00      0.00      0.00      0.00
  Wall     9           0.00      0.00      0.00      0.00      0.00      0.00
  Wall    10           0.00      0.00      0.00      0.00      0.00      0.00
  Wall    11           0.00      0.00      0.00      0.00      0.00      0.00
  Wall    12           0.00      0.00      0.00      0.00      0.00      0.00
  Wall    13           0.00      0.00      0.00      0.00      0.00      0.00
  Wall    14           0.00      0.00      0.00      0.00      0.00      0.00
  Wall    15           0.00      0.00      0.00      0.00      0.00      0.00
  Wall    16           0.00      0.00      0.00      0.00      0.00      0.00
  Wall    17           0.00      0.00      0.00      0.00      0.00      0.00
  Wall    18           0.00      0.00      0.00      0.00      0.00      0.00
  Wall    19           0.00      0.00      0.00      0.00      0.00      0.00
  Wall    20           0.00      0.00      0.00      0.00      0.00      0.00
  Wall    21           0.00      0.00      0.00      0.00      0.00      0.00
 Cluster #1
  Solid    1          61.75      9.72    -75.44      0.79     -3.02     18.23
  Solid    0         147.07     16.37     16.70      4.99      1.50     17.75
  Solid    1          61.75      9.72    104.56     -0.79      3.02     18.23
 Cluster #2
  Solid    2        -179.73      9.42     -2.94      3.49     -0.16     -4.41
  Solid    3         177.23      9.42    115.42     -1.39      3.30     -4.42
  Solid    4        -178.71      9.42   -120.42     -1.73     -3.09     -4.42
  Wall     3           0.00      0.00      0.00      0.00      0.00      0.00
  Wall     4           0.00      0.00      0.00      0.00      0.00      0.00
  Wall     5           0.00      0.00      0.00      0.00      0.00      0.00
  Wall     6           0.00      0.00      0.00      0.00      0.00      0.00
  Wall     7           0.00      0.00      0.00      0.00      0.00      0.00
  Wall     8           0.00      0.00      0.00      0.00      0.00      0.00
  Wall     9           0.00      0.00      0.00      0.00      0.00      0.00
  Wall    10           0.00      0.00      0.00      0.00      0.00      0.00
  Wall    11           0.00      0.00      0.00      0.00      0.00      0.00
  Wall    12           0.00      0.00      0.00      0.00      0.00      0.00
  Wall    13           0.00      0.00      0.00      0.00      0.00      0.00
  Wall    14           0.00      0.00      0.00      0.00      0.00      0.00
  Wall    15           0.00      0.00      0.00      0.00      0.00      0.00
  Wall    16           0.00      0.00      0.00      0.00      0.00      0.00
  Wall    17           0.00      0.00      0.00      0.00      0.00      0.00
  Wall    18           0.00      0.00      0.00      0.00      0.00      0.00
  Wall    19           0.00      0.00      0.00      0.00      0.00      0.00
  Wall    20           0.00      0.00      0.00      0.00      0.00      0.00
 Cluster #3
  Solid    5           0.00      4.51      0.00      3.59      0.00     -0.28
  Solid    5           0.00      4.51    120.00     -1.79      3.10     -0.28
  Solid    5           0.00      4.51    240.00     -1.79     -3.10     -0.28
  Wall     2           0.00      0.00      0.00      0.00      0.00      0.00
  Wall     3           0.00      0.00      0.00      0.00      0.00      0.00
  Wall     4           0.00      0.00      0.00      0.00      0.00      0.00
  Wall     5           0.00      0.00      0.00      0.00      0.00      0.00
  Wall    10           0.00      0.00      0.00      0.00      0.00      0.00
  Wall    11           0.00      0.00      0.00      0.00      0.00      0.00
  Wall    12           0.00      0.00      0.00      0.00      0.00      0.00
  Wall    13           0.00      0.00      0.00      0.00      0.00      0.00
  Wall    18           0.00      0.00      0.00      0.00      0.00      0.00
  Wall    19           0.00      0.00      0.00      0.00      0.00      0.00
  Wall    20           0.00      0.00      0.00      0.00      0.00      0.00
  Wall    21           0.00      0.00      0.00      0.00      0.00      0.00
  Wall     0           0.00      0.00      0.00      0.00      0.00      0.00
  Wall     1           0.00      0.00      0.00      0.00      0.00      0.00
  Wall     8           0.00      0.00      0.00      0.00      0.00      0.00
  Wall     9           0.00      0.00      0.00      0.00      0.00      0.00
  Wall    16           0.00      0.00      0.00      0.00      0.00      0.00
  Wall    17           0.00      0.00      0.00      0.00      0.00      0.00

Placing clusters ... 
0 nEuler = 11 pCa whichClus = 0
indexP 0
   0    0    0        0     90.00     65.00    -20.00     -4.26      1.55     -2.11
1 nEuler = 11 pCa whichClus = 1
indexP 1004
   1    1    1     1004      0.00     65.00    -90.00      0.00      4.53     -2.11
2 nEuler = 11 pCa whichClus = 2
indexP 100400
   2  100    2   100400     60.00     65.00   -150.00    -15.70     -9.06      8.45
3 nEuler = 11 pCa whichClus = 3
indexP 200800
   3  200    3   200800      0.00     30.00      0.00     13.50      0.00     23.38
4 nEuler = 11 pCa whichClus = 3
indexP 201804
   4  201    3   201804     60.00     30.00     60.00      6.75     11.69     23.38
5 nEuler = 11 pCa whichClus = 3
indexP 202808
   5  202    3   202808    120.00     30.00    120.00     -6.75     11.69     23.38
6 nEuler = 11 pCa whichClus = 3
indexP 203812
   6  203    3   203812    180.00     30.00    180.00    -13.50      0.00     23.38
7 nEuler = 11 pCa whichClus = 3
indexP 204816
   7  204    3   204816    240.00     30.00    240.00     -6.75    -11.69     23.38
8 nEuler = 11 pCa whichClus = 3
indexP 205820
   8  205    3   205820    300.00     30.00    300.00      6.75    -11.69     23.38
9 nEuler = 11 pCa whichClus = 3
indexP 206824
   9  206    3   206824      0.00     65.00     60.00      9.06     15.70      8.45
10 nEuler = 11 pCa whichClus = 3
indexP 207828
  10  207    3   207828    150.00     65.00    150.00    -15.70      9.06      8.45
Number of placed clusters is 11  [ 1 1 1 8 ]
Cluster  Index ranging from 0 to 207
Detector Index ranging from 0 to 831

Number of placed walls is 184

The equivalent shell extends from 13.592083 cm to 34.856338 cm


Generating segments for the ReadOut geometry... 
 144 segments
 144 segments
 144 segments
 144 segments
 144 segments
 24 segments
 --> Total number of generated sub-segments (4 sub-segments per segment) is 744 [ 144 144 144 144 144 24 ]

Checking consistency of segments ...
all OK
newValue 
----> Target material set to     Be
----> Target thickness is set to 2.706000 mm 
----> Z of the incoming beam set to  41
----> A of the incoming beam set to  82
----> Kin. En. of the incoming beam set to 12.874000 GeV
----> KE per nucleon of the incoming beam set to 157.000000 MeV
----> momentum acceptance for the incoming beam set to  0.000000
----> focal point X position for the incoming beam set to  0.000000 fm 
----> focal point DX size for the incoming beam set to  0.000000 fm 
----> focal point Y position for the incoming beam set to  0.000000 fm 
----> focal point DY size for the incoming beam set to  0.000000 fm 
----> focal point Z position for the incoming beam set to  -50.000000 cm 
----> dispersive direction angular divergence for the incoming beam set to  0.000000 mrad = 0.000000 deg
----> non dispersive direction angular divergence for the incoming beam set to  0.000000 mrad = 0.000000 deg
AddPrivateData done
----> Delta A for the outgoing beam-like product set to -2
----> Delta Z for the outgoing beam-like product set to -1
----> Target A (for kinematics calculations) is set to 9
----> Target Z (for kinematics calculations) is set to 4
----> Excitation energy of the outgoing beam set to 2.080000 MeV
----> Target excitation energy set to 0.000000 eV 
----> Mass of the incoming beam is 76309.462293 MeV
----> Mass of the target is 8392.751106 MeV
----> Mass of the outgoing beam-like reaction product is 74443.663191 MeV
----> Mass of the outgoing target-like reaction product is 10252.547873 MeV
----> Sigma for ata distribution set to 0.000000
----> Sigma for bta distribution set to 0.000000

--- G4ParticleDefinition ---
 Particle Name : proton
 PDG particle code : 2212 [PDG anti-particle code: -2212]
 Mass [GeV/c2] : 0.938272     Width : 0.000000
 Lifetime [nsec] : -1.000000
 Charge [e]: 1.000000
 Spin : 1/2
 Parity : 1
 Charge conjugation : 0
 Isospin : (I,Iz): (1/2 , 1/2 ) 
 GParity : 0
 MagneticMoment [MeV/T] : 0.000000
 Quark contents     (d,u,s,c,b,t) : 1, 2, 0, 0, 0, 0
 AntiQuark contents               : 0, 0, 0, 0, 0, 0
 Lepton number : 0 Baryon number : 1
 Particle type : baryon [nucleon]
 Atomic Number : 1  Atomic Mass : 1
 Stable : stable

--- G4ParticleDefinition ---
 Particle Name : GenericIon
 PDG particle code : 0 [PDG anti-particle code: 0]
 Mass [GeV/c2] : 0.938272     Width : 0.000000
 Lifetime [nsec] : -1.000000
 Charge [e]: 1.000000
 Spin : 1/2
 Parity : 1
 Charge conjugation : 0
 Isospin : (I,Iz): (1/2 , 1/2 ) 
 GParity : 0
 Quark contents     (d,u,s,c,b,t) : 0, 0, 0, 0, 0, 0
 AntiQuark contents               : 0, 0, 0, 0, 0, 0
 Lepton number : 0 Baryon number : 1
 Particle type : nucleus [generic]
 Atomic Number : 1  Atomic Mass : 1
 Stable : stable

--- G4ParticleDefinition ---
 Particle Name : deuteron
 PDG particle code : 1000010020 [PDG anti-particle code: -1000010020]
 Mass [GeV/c2] : 1.875613     Width : 0.000000
 Lifetime [nsec] : -1.000000
 Charge [e]: 1.000000
 Spin : 2/2
 Parity : 1
 Charge conjugation : 0
 Isospin : (I,Iz): (0/2 , 0/2 ) 
 GParity : 0
 MagneticMoment [MeV/T] : 0.000000
 Quark contents     (d,u,s,c,b,t) : 3, 3, 0, 0, 0, 0
 AntiQuark contents               : 0, 0, 0, 0, 0, 0
 Lepton number : 0 Baryon number : 2
 Particle type : nucleus [static]
 Atomic Number : 1  Atomic Mass : 2
 Stable : stable

--- G4ParticleDefinition ---
 Particle Name : triton
 PDG particle code : 1000010030 [PDG anti-particle code: -1000010030]
 Mass [GeV/c2] : 2.808921     Width : 0.000000
 Lifetime [nsec] : 388523520000000000.000000
 Charge [e]: 1.000000
 Spin : 1/2
 Parity : 1
 Charge conjugation : 0
 Isospin : (I,Iz): (0/2 , 0/2 ) 
 GParity : 0
 MagneticMoment [MeV/T] : 0.000000
 Quark contents     (d,u,s,c,b,t) : 4, 5, 0, 0, 0, 0
 AntiQuark contents               : 0, 0, 0, 0, 0, 0
 Lepton number : 0 Baryon number : 3
 Particle type : nucleus [static]
 Atomic Number : 1  Atomic Mass : 3
 Stable : stable

--- G4ParticleDefinition ---
 Particle Name : He3
 PDG particle code : 1000020030 [PDG anti-particle code: -1000020030]
 Mass [GeV/c2] : 2.808391     Width : 0.000000
 Lifetime [nsec] : -1.000000
 Charge [e]: 2.000000
 Spin : 1/2
 Parity : 1
 Charge conjugation : 0
 Isospin : (I,Iz): (0/2 , 0/2 ) 
 GParity : 0
 MagneticMoment [MeV/T] : -0.000000
 Quark contents     (d,u,s,c,b,t) : 5, 4, 0, 0, 0, 0
 AntiQuark contents               : 0, 0, 0, 0, 0, 0
 Lepton number : 0 Baryon number : 3
 Particle type : nucleus [static]
 Atomic Number : 2  Atomic Mass : 3
 Stable : stable

--- G4ParticleDefinition ---
 Particle Name : alpha
 PDG particle code : 1000020040 [PDG anti-particle code: -1000020040]
 Mass [GeV/c2] : 3.727379     Width : 0.000000
 Lifetime [nsec] : -1.000000
 Charge [e]: 2.000000
 Spin : 0/2
 Parity : 1
 Charge conjugation : 0
 Isospin : (I,Iz): (0/2 , 0/2 ) 
 GParity : 0
 Quark contents     (d,u,s,c,b,t) : 6, 6, 0, 0, 0, 0
 AntiQuark contents               : 0, 0, 0, 0, 0, 0
 Lepton number : 0 Baryon number : 4
 Particle type : nucleus [static]
 Atomic Number : 2  Atomic Mass : 4
 Stable : stable

--- G4ParticleDefinition ---
 Particle Name : Be9
 PDG particle code : 1000040090 [PDG anti-particle code: 0]
 Mass [GeV/c2] : 8.392751     Width : 0.000000
 Lifetime [nsec] : -1.000000
 Charge [e]: 4.000000
 Spin : 3/2
 Parity : 1
 Charge conjugation : 0
 Isospin : (I,Iz): (0/2 , 0/2 ) 
 GParity : 0
 MagneticMoment [MeV/T] : -0.000000
 Quark contents     (d,u,s,c,b,t) : 13, 14, 0, 0, 0, 0
 AntiQuark contents               : 0, 0, 0, 0, 0, 0
 Lepton number : 0 Baryon number : 9
 Particle type : nucleus [generic]
 Atomic Number : 4  Atomic Mass : 9
 Stable : stable

--- G4ParticleDefinition ---
 Particle Name : B11
 PDG particle code : 1000050110 [PDG anti-particle code: 0]
 Mass [GeV/c2] : 10.252548     Width : 0.000000
 Lifetime [nsec] : -1.000000
 Charge [e]: 5.000000
 Spin : 3/2
 Parity : 1
 Charge conjugation : 0
 Isospin : (I,Iz): (0/2 , 0/2 ) 
 GParity : 0
 MagneticMoment [MeV/T] : 0.000000
 Quark contents     (d,u,s,c,b,t) : 16, 17, 0, 0, 0, 0
 AntiQuark contents               : 0, 0, 0, 0, 0, 0
 Lepton number : 0 Baryon number : 11
 Particle type : nucleus [generic]
 Atomic Number : 5  Atomic Mass : 11
 Stable : stable

--- G4ParticleDefinition ---
 Particle Name : Zr80
 PDG particle code : 1000400800 [PDG anti-particle code: 0]
 Mass [GeV/c2] : 74.443663     Width : 0.000000
 Lifetime [nsec] : 6636397000.000000
 Charge [e]: 40.000000
 Spin : 0/2
 Parity : 1
 Charge conjugation : 0
 Isospin : (I,Iz): (0/2 , 0/2 ) 
 GParity : 0
 Quark contents     (d,u,s,c,b,t) : 120, 120, 0, 0, 0, 0
 AntiQuark contents               : 0, 0, 0, 0, 0, 0
 Lepton number : 0 Baryon number : 80
 Particle type : nucleus [generic]
 Atomic Number : 40  Atomic Mass : 80
 Stable : unstable -- lifetime = 6.636397 s 
  Decay table should be consulted to G4RadioactiveDecayProcess.

--- G4ParticleDefinition ---
 Particle Name : Zr80[289.000]
 PDG particle code : 1000400809 [PDG anti-particle code: 0]
 Mass [GeV/c2] : 74.443952     Width : 0.000000
 Lifetime [nsec] : 0.146159
 Charge [e]: 40.000000
 Spin : 0/2
 Parity : 1
 Charge conjugation : 0
 Isospin : (I,Iz): (0/2 , 0/2 ) 
 GParity : 0
 Quark contents     (d,u,s,c,b,t) : 120, 120, 0, 0, 0, 0
 AntiQuark contents               : 0, 0, 0, 0, 0, 0
 Lepton number : 0 Baryon number : 80
 Particle type : nucleus [generic]
 Atomic Number : 40  Atomic Mass : 80
 Stable : unstable -- lifetime = 146.159435 ps
  Decay table should be consulted to G4RadioactiveDecayProcess.

--- G4ParticleDefinition ---
 Particle Name : Zr80[770.000]
 PDG particle code : 1000400809 [PDG anti-particle code: 0]
 Mass [GeV/c2] : 74.444433     Width : 0.000000
 Lifetime [nsec] : 2.917995
 Charge [e]: 40.000000
 Spin : 0/2
 Parity : 1
 Charge conjugation : 0
 Isospin : (I,Iz): (0/2 , 0/2 ) 
 GParity : 0
 Quark contents     (d,u,s,c,b,t) : 120, 120, 0, 0, 0, 0
 AntiQuark contents               : 0, 0, 0, 0, 0, 0
 Lepton number : 0 Baryon number : 80
 Particle type : nucleus [generic]
 Atomic Number : 40  Atomic Mass : 80
 Stable : unstable -- lifetime = 2.917995 ns
  Decay table should be consulted to G4RadioactiveDecayProcess.

--- G4ParticleDefinition ---
 Particle Name : Zr80[826.000]
 PDG particle code : 1000400809 [PDG anti-particle code: 0]
 Mass [GeV/c2] : 74.444489     Width : 0.000000
 Lifetime [nsec] : 0.012580
 Charge [e]: 40.000000
 Spin : 0/2
 Parity : 1
 Charge conjugation : 0
 Isospin : (I,Iz): (0/2 , 0/2 ) 
 GParity : 0
 Quark contents     (d,u,s,c,b,t) : 120, 120, 0, 0, 0, 0
 AntiQuark contents               : 0, 0, 0, 0, 0, 0
 Lepton number : 0 Baryon number : 80
 Particle type : nucleus [generic]
 Atomic Number : 40  Atomic Mass : 80
 Stable : unstable -- lifetime = 12.580301 ps
  Decay table should be consulted to G4RadioactiveDecayProcess.

--- G4ParticleDefinition ---
 Particle Name : Zr80[1100.000]
 PDG particle code : 1000400809 [PDG anti-particle code: 0]
 Mass [GeV/c2] : 74.444763     Width : 0.000000
 Lifetime [nsec] : 0.032230
 Charge [e]: 40.000000
 Spin : 0/2
 Parity : 1
 Charge conjugation : 0
 Isospin : (I,Iz): (0/2 , 0/2 ) 
 GParity : 0
 Quark contents     (d,u,s,c,b,t) : 120, 120, 0, 0, 0, 0
 AntiQuark contents               : 0, 0, 0, 0, 0, 0
 Lepton number : 0 Baryon number : 80
 Particle type : nucleus [generic]
 Atomic Number : 40  Atomic Mass : 80
 Stable : unstable -- lifetime = 32.229807 ps
  Decay table should be consulted to G4RadioactiveDecayProcess.

--- G4ParticleDefinition ---
 Particle Name : Zr80[1300.000]
 PDG particle code : 1000400809 [PDG anti-particle code: 0]
 Mass [GeV/c2] : 74.444963     Width : 0.000000
 Lifetime [nsec] : 0.011340
 Charge [e]: 40.000000
 Spin : 0/2
 Parity : 1
 Charge conjugation : 0
 Isospin : (I,Iz): (0/2 , 0/2 ) 
 GParity : 0
 Quark contents     (d,u,s,c,b,t) : 120, 120, 0, 0, 0, 0
 AntiQuark contents               : 0, 0, 0, 0, 0, 0
 Lepton number : 0 Baryon number : 80
 Particle type : nucleus [generic]
 Atomic Number : 40  Atomic Mass : 80
 Stable : unstable -- lifetime = 11.339583 ps
  Decay table should be consulted to G4RadioactiveDecayProcess.

--- G4ParticleDefinition ---
 Particle Name : Zr80[1400.000]
 PDG particle code : 1000400809 [PDG anti-particle code: 0]
 Mass [GeV/c2] : 74.445063     Width : 0.000000
 Lifetime [nsec] : 6.587346
 Charge [e]: 40.000000
 Spin : 0/2
 Parity : 1
 Charge conjugation : 0
 Isospin : (I,Iz): (0/2 , 0/2 ) 
 GParity : 0
 Quark contents     (d,u,s,c,b,t) : 120, 120, 0, 0, 0, 0
 AntiQuark contents               : 0, 0, 0, 0, 0, 0
 Lepton number : 0 Baryon number : 80
 Particle type : nucleus [generic]
 Atomic Number : 40  Atomic Mass : 80
 Stable : unstable -- lifetime = 6.587346 ns
  Decay table should be consulted to G4RadioactiveDecayProcess.

--- G4ParticleDefinition ---
 Particle Name : Zr80[1650.000]
 PDG particle code : 1000400809 [PDG anti-particle code: 0]
 Mass [GeV/c2] : 74.445313     Width : 0.000000
 Lifetime [nsec] : 0.197649
 Charge [e]: 40.000000
 Spin : 0/2
 Parity : 1
 Charge conjugation : 0
 Isospin : (I,Iz): (0/2 , 0/2 ) 
 GParity : 0
 Quark contents     (d,u,s,c,b,t) : 120, 120, 0, 0, 0, 0
 AntiQuark contents               : 0, 0, 0, 0, 0, 0
 Lepton number : 0 Baryon number : 80
 Particle type : nucleus [generic]
 Atomic Number : 40  Atomic Mass : 80
 Stable : unstable -- lifetime = 197.649221 ps
  Decay table should be consulted to G4RadioactiveDecayProcess.

--- G4ParticleDefinition ---
 Particle Name : Zr80[1680.000]
 PDG particle code : 1000400809 [PDG anti-particle code: 0]
 Mass [GeV/c2] : 74.445343     Width : 0.000000
 Lifetime [nsec] : 0.150040
 Charge [e]: 40.000000
 Spin : 0/2
 Parity : 1
 Charge conjugation : 0
 Isospin : (I,Iz): (0/2 , 0/2 ) 
 GParity : 0
 Quark contents     (d,u,s,c,b,t) : 120, 120, 0, 0, 0, 0
 AntiQuark contents               : 0, 0, 0, 0, 0, 0
 Lepton number : 0 Baryon number : 80
 Particle type : nucleus [generic]
 Atomic Number : 40  Atomic Mass : 80
 Stable : unstable -- lifetime = 150.040284 ps
  Decay table should be consulted to G4RadioactiveDecayProcess.

--- G4ParticleDefinition ---
 Particle Name : Zr80[1720.000]
 PDG particle code : 1000400809 [PDG anti-particle code: 0]
 Mass [GeV/c2] : 74.445383     Width : 0.000000
 Lifetime [nsec] : 0.010474
 Charge [e]: 40.000000
 Spin : 0/2
 Parity : 1
 Charge conjugation : 0
 Isospin : (I,Iz): (0/2 , 0/2 ) 
 GParity : 0
 Quark contents     (d,u,s,c,b,t) : 120, 120, 0, 0, 0, 0
 AntiQuark contents               : 0, 0, 0, 0, 0, 0
 Lepton number : 0 Baryon number : 80
 Particle type : nucleus [generic]
 Atomic Number : 40  Atomic Mass : 80
 Stable : unstable -- lifetime = 10.473966 ps
  Decay table should be consulted to G4RadioactiveDecayProcess.

--- G4ParticleDefinition ---
 Particle Name : Zr80[2080.000]
 PDG particle code : 1000400809 [PDG anti-particle code: 0]
 Mass [GeV/c2] : 74.445743     Width : 0.000000
 Lifetime [nsec] : 0.012191
 Charge [e]: 40.000000
 Spin : 0/2
 Parity : 1
 Charge conjugation : 0
 Isospin : (I,Iz): (0/2 , 0/2 ) 
 GParity : 0
 Quark contents     (d,u,s,c,b,t) : 120, 120, 0, 0, 0, 0
 AntiQuark contents               : 0, 0, 0, 0, 0, 0
 Lepton number : 0 Baryon number : 80
 Particle type : nucleus [generic]
 Atomic Number : 40  Atomic Mass : 80
 Stable : unstable -- lifetime = 12.190773 ps
  Decay table should be consulted to G4RadioactiveDecayProcess.

--- G4ParticleDefinition ---
 Particle Name : Zr80[2220.000]
 PDG particle code : 1000400809 [PDG anti-particle code: 0]
 Mass [GeV/c2] : 74.445883     Width : 0.000000
 Lifetime [nsec] : 0.017312
 Charge [e]: 40.000000
 Spin : 0/2
 Parity : 1
 Charge conjugation : 0
 Isospin : (I,Iz): (0/2 , 0/2 ) 
 GParity : 0
 Quark contents     (d,u,s,c,b,t) : 120, 120, 0, 0, 0, 0
 AntiQuark contents               : 0, 0, 0, 0, 0, 0
 Lepton number : 0 Baryon number : 80
 Particle type : nucleus [generic]
 Atomic Number : 40  Atomic Mass : 80
 Stable : unstable -- lifetime = 17.312340 ps
  Decay table should be consulted to G4RadioactiveDecayProcess.

--- G4ParticleDefinition ---
 Particle Name : Nb82
 PDG particle code : 1000410820 [PDG anti-particle code: 0]
 Mass [GeV/c2] : 76.309462     Width : 0.000000
 Lifetime [nsec] : 72134750.000000
 Charge [e]: 41.000000
 Spin : 0/2
 Parity : 1
 Charge conjugation : 0
 Isospin : (I,Iz): (0/2 , 0/2 ) 
 GParity : 0
 Quark contents     (d,u,s,c,b,t) : 123, 123, 0, 0, 0, 0
 AntiQuark contents               : 0, 0, 0, 0, 0, 0
 Lepton number : 0 Baryon number : 82
 Particle type : nucleus [generic]
 Atomic Number : 41  Atomic Mass : 82
 Stable : unstable -- lifetime = 72.134750 ms
  Decay table should be consulted to G4RadioactiveDecayProcess.
----> Target material set to  Be
----> Target density:         1.840000 g/cm3
----> Target side X is set to 5.000000 cm 
----> Target side Y is set to 5.000000 cm 
----> Target thickness is set to 2.706000 mm 
----> Number of simulation steps in the target is set to 20
----> Exp. Hall material set to     G4_Galactic
----> Exp. Hall X length is set to 8.000000 m  
----> Exp. Hall Y length is set to 8.000000 m  
----> Exp. Hall Z length is set to 8.000000 m  

Opened mode 2 Output file: data/zr80_2080keV_1800evt_lowlevel.dat

### ===  Deexcitation model UAtomDeexcitation is activated for 1 region:
          DefaultRegionForTheWorld  1  1  0
### ===  Auger cascade flag: 1
### ===  Ignore cuts flag:   0

phot:   for  gamma    SubType= 12  BuildTable= 0
      LambdaPrime table from 200.000000 keV to 10.000000 TeV in 154 bins 
      ===== EM models for the G4Region  DefaultRegionForTheWorld ======
 LivermorePhElectric :  Emin= 0.000000 eV    Emax= 10.000000 TeV   AngularGenSauterGavrila  FluoActive

compt:   for  gamma    SubType= 13  BuildTable= 1
      Lambda table from 100.000000 eV  to 1.000000 MeV, 20 bins per decade, spline: 1
      LambdaPrime table from 1.000000 MeV to 10.000000 TeV in 140 bins 
      ===== EM models for the G4Region  DefaultRegionForTheWorld ======
   LowEPComptonModel :  Emin= 0.000000 eV    Emax= 20.000000 MeV  FluoActive
        KleinNishina :  Emin= 20.000000 MeV   Emax= 10.000000 TeV  FluoActive

conv:   for  gamma    SubType= 14  BuildTable= 1
      Lambda table from 1.021998 MeV to 10.000000 TeV, 20 bins per decade, spline: 1
      ===== EM models for the G4Region  DefaultRegionForTheWorld ======
       PenConversion :  Emin= 0.000000 eV    Emax= 80.000000 GeV
     BetheHeitlerLPM :  Emin= 80.000000 GeV   Emax= 10.000000 TeV

Rayl:   for  gamma    SubType= 11  BuildTable= 1
      Lambda table from 100.000000 eV  to 100.000000 keV, 20 bins per decade, spline: 0
      LambdaPrime table from 100.000000 keV to 10.000000 TeV in 160 bins 
      ===== EM models for the G4Region  DefaultRegionForTheWorld ======
   LivermoreRayleigh :  Emin= 0.000000 eV    Emax= 10.000000 TeV   CullenGenerator

msc:   for e-    SubType= 10
      RangeFactor= 0.200000, stepLimitType: 2, latDisplacement: 1
      ===== EM models for the G4Region  DefaultRegionForTheWorld ======
  GoudsmitSaunderson :  Emin= 0.000000 eV    Emax= 100.000000 MeV  Table with 120 bins Emin= 100.000000 eV    Emax= 100.000000 MeV
        WentzelVIUni :  Emin= 100.000000 MeV   Emax= 10.000000 TeV  Table with 100 bins Emin= 100.000000 MeV   Emax= 10.000000 TeV

eIoni:   for  e-    SubType= 2
      dE/dx and range tables from 100.000000 eV  to 10.000000 TeV in 220 bins
      Lambda tables from threshold to 10.000000 TeV, 20 bins per decade, spline: 1
      finalRange(mm)= 0.010000, dRoverRange= 0.200000, integral: 1, fluct: 1, linLossLimit= 0.010000
      ===== EM models for the G4Region  DefaultRegionForTheWorld ======
             PenIoni :  Emin= 0.000000 eV    Emax= 1.000000 MeV
        MollerBhabha :  Emin= 1.000000 MeV   Emax= 10.000000 TeV   deltaVI
      ===== Limit on energy threshold has been applied 

eBrem:   for  e-    SubType= 3
      dE/dx and range tables from 100.000000 eV  to 10.000000 TeV in 220 bins
      Lambda tables from threshold to 10.000000 TeV, 20 bins per decade, spline: 1
      LPM flag: 1 for E > 1.000000 GeV,  VertexHighEnergyTh(GeV)= 100000.000000
      ===== EM models for the G4Region  DefaultRegionForTheWorld ======
             eBremSB :  Emin= 0.000000 eV    Emax= 1.000000 GeV   AngularGen2BS
            eBremLPM :  Emin= 1.000000 GeV   Emax= 10.000000 TeV   AngularGen2BS

ePairProd:   for  e-    SubType= 4
      dE/dx and range tables from 100.000000 eV  to 10.000000 TeV in 220 bins
      Lambda tables from threshold to 10.000000 TeV, 20 bins per decade, spline: 1
      Sampling table 21x1001; from 0.100000 GeV to 10.000000 TeV 
      ===== EM models for the G4Region  DefaultRegionForTheWorld ======
          muPairProd :  Emin= 0.000000 eV    Emax= 10.000000 TeV

CoulombScat:   for  e-, integral: 1     SubType= 1  BuildTable= 1
      Lambda table from 100.000000 MeV to 10.000000 TeV, 20 bins per decade, spline: 1
      ThetaMin(p) < Theta(degree) < 180; pLimit(GeV^1)= 0.139531
      ===== EM models for the G4Region  DefaultRegionForTheWorld ======
  eCoulombScattering :  Emin= 100.000000 MeV   Emax= 10.000000 TeV

msc:   for e+    SubType= 10
      RangeFactor= 0.200000, stepLimitType: 2, latDisplacement: 1
      ===== EM models for the G4Region  DefaultRegionForTheWorld ======
  GoudsmitSaunderson :  Emin= 0.000000 eV    Emax= 100.000000 MeV  Table with 120 bins Emin= 100.000000 eV    Emax= 100.000000 MeV
        WentzelVIUni :  Emin= 100.000000 MeV   Emax= 10.000000 TeV  Table with 100 bins Emin= 100.000000 MeV   Emax= 10.000000 TeV

eIoni:   for  e+    SubType= 2
      dE/dx and range tables from 100.000000 eV  to 10.000000 TeV in 220 bins
      Lambda tables from threshold to 10.000000 TeV, 20 bins per decade, spline: 1
      finalRange(mm)= 0.010000, dRoverRange= 0.200000, integral: 1, fluct: 1, linLossLimit= 0.010000
      ===== EM models for the G4Region  DefaultRegionForTheWorld ======
             PenIoni :  Emin= 0.000000 eV    Emax= 1.000000 MeV
        MollerBhabha :  Emin= 1.000000 MeV   Emax= 10.000000 TeV   deltaVI
      ===== Limit on energy threshold has been applied 

eBrem:   for  e+    SubType= 3
      dE/dx and range tables from 100.000000 eV  to 10.000000 TeV in 220 bins
      Lambda tables from threshold to 10.000000 TeV, 20 bins per decade, spline: 1
      LPM flag: 1 for E > 1.000000 GeV,  VertexHighEnergyTh(GeV)= 100000.000000
      ===== EM models for the G4Region  DefaultRegionForTheWorld ======
             eBremSB :  Emin= 0.000000 eV    Emax= 1.000000 GeV   AngularGen2BS
            eBremLPM :  Emin= 1.000000 GeV   Emax= 10.000000 TeV   AngularGen2BS

ePairProd:   for  e+    SubType= 4
      dE/dx and range tables from 100.000000 eV  to 10.000000 TeV in 220 bins
      Lambda tables from threshold to 10.000000 TeV, 20 bins per decade, spline: 1
      Sampling table 21x1001; from 0.100000 GeV to 10.000000 TeV 
      ===== EM models for the G4Region  DefaultRegionForTheWorld ======
          muPairProd :  Emin= 0.000000 eV    Emax= 10.000000 TeV

annihil:   for  e+, integral: 1     SubType= 5  BuildTable= 0
      ===== EM models for the G4Region  DefaultRegionForTheWorld ======
            eplus2gg :  Emin= 0.000000 eV    Emax= 10.000000 TeV

CoulombScat:   for  e+, integral: 1     SubType= 1  BuildTable= 1
      Lambda table from 100.000000 MeV to 10.000000 TeV, 20 bins per decade, spline: 1
      ThetaMin(p) < Theta(degree) < 180; pLimit(GeV^1)= 0.139531
      ===== EM models for the G4Region  DefaultRegionForTheWorld ======
  eCoulombScattering :  Emin= 100.000000 MeV   Emax= 10.000000 TeV

msc:   for proton    SubType= 10
      RangeFactor= 0.200000, stepLimitType: 0, latDisplacement: 1
      ===== EM models for the G4Region  DefaultRegionForTheWorld ======
        WentzelVIUni :  Emin= 0.000000 eV    Emax= 10.000000 TeV  Table with 220 bins Emin= 100.000000 eV    Emax= 10.000000 TeV

hIoni:   for  proton    SubType= 2
      dE/dx and range tables from 100.000000 eV  to 10.000000 TeV in 220 bins
      Lambda tables from threshold to 10.000000 TeV, 20 bins per decade, spline: 1
      finalRange(mm)= 0.010000, dRoverRange= 0.100000, integral: 1, fluct: 1, linLossLimit= 0.010000
      ===== EM models for the G4Region  DefaultRegionForTheWorld ======
               Bragg :  Emin= 0.000000 eV    Emax= 2.000000 MeV   deltaVI
          BetheBloch :  Emin= 2.000000 MeV   Emax= 10.000000 TeV   deltaVI
      ===== Limit on energy threshold has been applied 

hBrems:   for  proton    SubType= 3
      dE/dx and range tables from 100.000000 eV  to 10.000000 TeV in 220 bins
      Lambda tables from threshold to 10.000000 TeV, 20 bins per decade, spline: 1
      ===== EM models for the G4Region  DefaultRegionForTheWorld ======
               hBrem :  Emin= 0.000000 eV    Emax= 10.000000 TeV
      ===== Limit on energy threshold has been applied 

hPairProd:   for  proton    SubType= 4
      dE/dx and range tables from 100.000000 eV  to 10.000000 TeV in 220 bins
      Lambda tables from threshold to 10.000000 TeV, 20 bins per decade, spline: 1
      Sampling table 13x1001; from 7.506176 GeV to 10.000000 TeV 
      ===== EM models for the G4Region  DefaultRegionForTheWorld ======
           hPairProd :  Emin= 0.000000 eV    Emax= 10.000000 TeV

CoulombScat:   for  proton, integral: 1     SubType= 1  BuildTable= 1
      Lambda table from threshold  to 10.000000 TeV, 20 bins per decade, spline: 1
      ThetaMin(p) < Theta(degree) < 180; pLimit(GeV^1)= 0.139531
      ===== EM models for the G4Region  DefaultRegionForTheWorld ======
  eCoulombScattering :  Emin= 0.000000 eV    Emax= 10.000000 TeV

nuclearStopping:   for  proton    SubType= 8  BuildTable= 0
      ===== EM models for the G4Region  DefaultRegionForTheWorld ======
   ICRU49NucStopping :  Emin= 0.000000 eV    Emax= 1.000000 MeV

msc:   for GenericIon    SubType= 10
      RangeFactor= 0.200000, stepLimitType: 0, latDisplacement: 0
      ===== EM models for the G4Region  DefaultRegionForTheWorld ======
            UrbanMsc :  Emin= 0.000000 eV    Emax= 10.000000 TeV

ionIoni:   for  GenericIon    SubType= 2
      dE/dx and range tables from 100.000000 eV  to 10.000000 TeV in 220 bins
      Lambda tables from threshold to 10.000000 TeV, 20 bins per decade, spline: 1
      finalRange(mm)= 0.001000, dRoverRange= 0.100000, integral: 1, fluct: 1, linLossLimit= 0.020000
      ===== EM models for the G4Region  DefaultRegionForTheWorld ======
         ParamICRU73 :  Emin= 0.000000 eV    Emax= 10.000000 TeV   deltaVI
      ===== Limit on energy threshold has been applied 

nuclearStopping:   for  GenericIon    SubType= 8  BuildTable= 0
      ===== EM models for the G4Region  DefaultRegionForTheWorld ======
   ICRU49NucStopping :  Emin= 0.000000 eV    Emax= 1.000000 MeV
=======================================================================
======       Radioactive Decay Physics Parameters              ========
=======================================================================
Max life time                                     1000000000000000.00000 ps
Internal e- conversion flag                       1
Stored internal conversion coefficients           0
Enable correlated gamma emission                  0
Max 2J for sampling of angular correlations       10
Atomic de-excitation enabled                      1
Auger electron emission enabled                   1
Auger cascade enabled                             1
Check EM cuts disabled for atomic de-excitation   0
Use Bearden atomic level energies                 0
=======================================================================

msc:   for alpha    SubType= 10
      RangeFactor= 0.200000, stepLimitType: 0, latDisplacement: 1
      ===== EM models for the G4Region  DefaultRegionForTheWorld ======
            UrbanMsc :  Emin= 0.000000 eV    Emax= 10.000000 TeV  Table with 220 bins Emin= 100.000000 eV    Emax= 10.000000 TeV

ionIoni:   for  alpha    SubType= 2
      dE/dx and range tables from 100.000000 eV  to 10.000000 TeV in 220 bins
      Lambda tables from threshold to 10.000000 TeV, 20 bins per decade, spline: 1
      finalRange(mm)= 0.010000, dRoverRange= 0.100000, integral: 1, fluct: 1, linLossLimit= 0.020000
      ===== EM models for the G4Region  DefaultRegionForTheWorld ======
            BraggIon :  Emin= 0.000000 eV    Emax= 7.945199 MeV   deltaVI
          BetheBloch :  Emin= 7.945199 MeV   Emax= 10.000000 TeV   deltaVI
      ===== Limit on energy threshold has been applied 

nuclearStopping:   for  alpha    SubType= 8  BuildTable= 0
      ===== EM models for the G4Region  DefaultRegionForTheWorld ======
   ICRU49NucStopping :  Emin= 0.000000 eV    Emax= 1.000000 MeV

msc:   for anti_proton    SubType= 10
      RangeFactor= 0.200000, stepLimitType: 0, latDisplacement: 1
      ===== EM models for the G4Region  DefaultRegionForTheWorld ======
        WentzelVIUni :  Emin= 0.000000 eV    Emax= 10.000000 TeV  Table with 220 bins Emin= 100.000000 eV    Emax= 10.000000 TeV

hIoni:   for  anti_proton    SubType= 2
      dE/dx and range tables from 100.000000 eV  to 10.000000 TeV in 220 bins
      Lambda tables from threshold to 10.000000 TeV, 20 bins per decade, spline: 1
      finalRange(mm)= 0.010000, dRoverRange= 0.100000, integral: 1, fluct: 1, linLossLimit= 0.010000
      ===== EM models for the G4Region  DefaultRegionForTheWorld ======
            ICRU73QO :  Emin= 0.000000 eV    Emax= 2.000000 MeV   deltaVI
          BetheBloch :  Emin= 2.000000 MeV   Emax= 10.000000 TeV   deltaVI
      ===== Limit on energy threshold has been applied 

hBrems:   for  anti_proton    SubType= 3
      dE/dx and range tables from 100.000000 eV  to 10.000000 TeV in 220 bins
      Lambda tables from threshold to 10.000000 TeV, 20 bins per decade, spline: 1
      ===== EM models for the G4Region  DefaultRegionForTheWorld ======
               hBrem :  Emin= 0.000000 eV    Emax= 10.000000 TeV
      ===== Limit on energy threshold has been applied 

hPairProd:   for  anti_proton    SubType= 4
      dE/dx and range tables from 100.000000 eV  to 10.000000 TeV in 220 bins
      Lambda tables from threshold to 10.000000 TeV, 20 bins per decade, spline: 1
      Sampling table 13x1001; from 7.506176 GeV to 10.000000 TeV 
      ===== EM models for the G4Region  DefaultRegionForTheWorld ======
           hPairProd :  Emin= 0.000000 eV    Emax= 10.000000 TeV

CoulombScat:   for  anti_proton, integral: 1     SubType= 1  BuildTable= 1
      Lambda table from threshold  to 10.000000 TeV, 20 bins per decade, spline: 1
      ThetaMin(p) < Theta(degree) < 180; pLimit(GeV^1)= 0.139531
      ===== EM models for the G4Region  DefaultRegionForTheWorld ======
  eCoulombScattering :  Emin= 0.000000 eV    Emax= 10.000000 TeV

nuclearStopping:   for  anti_proton    SubType= 8  BuildTable= 0
      ===== EM models for the G4Region  DefaultRegionForTheWorld ======
   ICRU49NucStopping :  Emin= 0.000000 eV    Emax= 1.000000 MeV

msc:   for kaon+    SubType= 10
      RangeFactor= 0.200000, stepLimitType: 0, latDisplacement: 1
      ===== EM models for the G4Region  DefaultRegionForTheWorld ======
        WentzelVIUni :  Emin= 0.000000 eV    Emax= 10.000000 TeV  Table with 220 bins Emin= 100.000000 eV    Emax= 10.000000 TeV

hIoni:   for  kaon+    SubType= 2
      dE/dx and range tables from 100.000000 eV  to 10.000000 TeV in 220 bins
      Lambda tables from threshold to 10.000000 TeV, 20 bins per decade, spline: 1
      finalRange(mm)= 0.010000, dRoverRange= 0.200000, integral: 1, fluct: 1, linLossLimit= 0.010000
      ===== EM models for the G4Region  DefaultRegionForTheWorld ======
               Bragg :  Emin= 0.000000 eV    Emax= 1.052311 MeV   deltaVI
          BetheBloch :  Emin= 1.052311 MeV   Emax= 10.000000 TeV   deltaVI
      ===== Limit on energy threshold has been applied 

hBrems:   for  kaon+    SubType= 3
      dE/dx and range tables from 100.000000 eV  to 10.000000 TeV in 220 bins
      Lambda tables from threshold to 10.000000 TeV, 20 bins per decade, spline: 1
      ===== EM models for the G4Region  DefaultRegionForTheWorld ======
               hBrem :  Emin= 0.000000 eV    Emax= 10.000000 TeV
      ===== Limit on energy threshold has been applied 

hPairProd:   for  kaon+    SubType= 4
      dE/dx and range tables from 100.000000 eV  to 10.000000 TeV in 220 bins
      Lambda tables from threshold to 10.000000 TeV, 20 bins per decade, spline: 1
      Sampling table 14x1001; from 3.949416 GeV to 10.000000 TeV 
      ===== EM models for the G4Region  DefaultRegionForTheWorld ======
           hPairProd :  Emin= 0.000000 eV    Emax= 10.000000 TeV

CoulombScat:   for  kaon+, integral: 1     SubType= 1  BuildTable= 1
      Lambda table from threshold  to 10.000000 TeV, 20 bins per decade, spline: 1
      ThetaMin(p) < Theta(degree) < 180; pLimit(GeV^1)= 0.139531
      ===== EM models for the G4Region  DefaultRegionForTheWorld ======
  eCoulombScattering :  Emin= 0.000000 eV    Emax= 10.000000 TeV

msc:   for kaon-    SubType= 10
      RangeFactor= 0.200000, stepLimitType: 0, latDisplacement: 1
      ===== EM models for the G4Region  DefaultRegionForTheWorld ======
        WentzelVIUni :  Emin= 0.000000 eV    Emax= 10.000000 TeV  Table with 220 bins Emin= 100.000000 eV    Emax= 10.000000 TeV

hIoni:   for  kaon-    SubType= 2
      dE/dx and range tables from 100.000000 eV  to 10.000000 TeV in 220 bins
      Lambda tables from threshold to 10.000000 TeV, 20 bins per decade, spline: 1
      finalRange(mm)= 0.010000, dRoverRange= 0.200000, integral: 1, fluct: 1, linLossLimit= 0.010000
      ===== EM models for the G4Region  DefaultRegionForTheWorld ======
            ICRU73QO :  Emin= 0.000000 eV    Emax= 1.052311 MeV   deltaVI
          BetheBloch :  Emin= 1.052311 MeV   Emax= 10.000000 TeV   deltaVI
      ===== Limit on energy threshold has been applied 

hBrems:   for  kaon-    SubType= 3
      dE/dx and range tables from 100.000000 eV  to 10.000000 TeV in 220 bins
      Lambda tables from threshold to 10.000000 TeV, 20 bins per decade, spline: 1
      ===== EM models for the G4Region  DefaultRegionForTheWorld ======
               hBrem :  Emin= 0.000000 eV    Emax= 10.000000 TeV
      ===== Limit on energy threshold has been applied 

hPairProd:   for  kaon-    SubType= 4
      dE/dx and range tables from 100.000000 eV  to 10.000000 TeV in 220 bins
      Lambda tables from threshold to 10.000000 TeV, 20 bins per decade, spline: 1
      Sampling table 14x1001; from 3.949416 GeV to 10.000000 TeV 
      ===== EM models for the G4Region  DefaultRegionForTheWorld ======
           hPairProd :  Emin= 0.000000 eV    Emax= 10.000000 TeV

CoulombScat:   for  kaon-, integral: 1     SubType= 1  BuildTable= 1
      Used Lambda table of kaon+
      ThetaMin(p) < Theta(degree) < 180; pLimit(GeV^1)= 0.139531
      ===== EM models for the G4Region  DefaultRegionForTheWorld ======
  eCoulombScattering :  Emin= 0.000000 eV    Emax= 10.000000 TeV

msc:   for mu+    SubType= 10
      RangeFactor= 0.200000, step limit type: 0, lateralDisplacement: 1, polarAngleLimit(deg)= 180.000000
      ===== EM models for the G4Region  DefaultRegionForTheWorld ======
        WentzelVIUni :  Emin= 0.000000 eV    Emax= 10.000000 TeV  Table with 220 bins Emin= 100.000000 eV    Emax= 10.000000 TeV

muIoni:   for  mu+    SubType= 2
      dE/dx and range tables from 100.000000 eV  to 10.000000 TeV in 220 bins
      Lambda tables from threshold to 10.000000 TeV, 20 bins per decade, spline: 1
      finalRange(mm)= 0.010000, dRoverRange= 0.200000, integral: 1, fluct: 1, linLossLimit= 0.010000
      ===== EM models for the G4Region  DefaultRegionForTheWorld ======
               Bragg :  Emin= 0.000000 eV    Emax= 200.000000 keV   deltaVI
          BetheBloch :  Emin= 200.000000 keV   Emax= 1.000000 GeV   deltaVI
        MuBetheBloch :  Emin= 1.000000 GeV   Emax= 10.000000 TeV
      ===== Limit on energy threshold has been applied 

muBrems:   for  mu+    SubType= 3
      dE/dx and range tables from 100.000000 eV  to 10.000000 TeV in 220 bins
      Lambda tables from threshold to 10.000000 TeV, 20 bins per decade, spline: 1
      ===== EM models for the G4Region  DefaultRegionForTheWorld ======
              MuBrem :  Emin= 0.000000 eV    Emax= 10.000000 TeV
      ===== Limit on energy threshold has been applied 

muPairProd:   for  mu+    SubType= 4
      dE/dx and range tables from 100.000000 eV  to 10.000000 TeV in 220 bins
      Lambda tables from threshold to 10.000000 TeV, 20 bins per decade, spline: 1
      Sampling table 17x1001; from 1.000000 GeV to 10.000000 TeV 
      ===== EM models for the G4Region  DefaultRegionForTheWorld ======
          muPairProd :  Emin= 0.000000 eV    Emax= 10.000000 TeV

CoulombScat:   for  mu+, integral: 1     SubType= 1  BuildTable= 1
      Lambda table from threshold  to 10.000000 TeV, 20 bins per decade, spline: 1
      ThetaMin(p) < Theta(degree) < 180; pLimit(GeV^1)= 0.139531
      ===== EM models for the G4Region  DefaultRegionForTheWorld ======
  eCoulombScattering :  Emin= 0.000000 eV    Emax= 10.000000 TeV

msc:   for mu-    SubType= 10
      RangeFactor= 0.200000, step limit type: 0, lateralDisplacement: 1, polarAngleLimit(deg)= 180.000000
      ===== EM models for the G4Region  DefaultRegionForTheWorld ======
        WentzelVIUni :  Emin= 0.000000 eV    Emax= 10.000000 TeV  Table with 220 bins Emin= 100.000000 eV    Emax= 10.000000 TeV

muIoni:   for  mu-    SubType= 2
      dE/dx and range tables from 100.000000 eV  to 10.000000 TeV in 220 bins
      Lambda tables from threshold to 10.000000 TeV, 20 bins per decade, spline: 1
      finalRange(mm)= 0.010000, dRoverRange= 0.200000, integral: 1, fluct: 1, linLossLimit= 0.010000
      ===== EM models for the G4Region  DefaultRegionForTheWorld ======
            ICRU73QO :  Emin= 0.000000 eV    Emax= 200.000000 keV   deltaVI
          BetheBloch :  Emin= 200.000000 keV   Emax= 1.000000 GeV   deltaVI
        MuBetheBloch :  Emin= 1.000000 GeV   Emax= 10.000000 TeV
      ===== Limit on energy threshold has been applied 

muBrems:   for  mu-    SubType= 3
      dE/dx and range tables from 100.000000 eV  to 10.000000 TeV in 220 bins
      Lambda tables from threshold to 10.000000 TeV, 20 bins per decade, spline: 1
      ===== EM models for the G4Region  DefaultRegionForTheWorld ======
              MuBrem :  Emin= 0.000000 eV    Emax= 10.000000 TeV
      ===== Limit on energy threshold has been applied 

muPairProd:   for  mu-    SubType= 4
      dE/dx and range tables from 100.000000 eV  to 10.000000 TeV in 220 bins
      Lambda tables from threshold to 10.000000 TeV, 20 bins per decade, spline: 1
      Sampling table 17x1001; from 1.000000 GeV to 10.000000 TeV 
      ===== EM models for the G4Region  DefaultRegionForTheWorld ======
          muPairProd :  Emin= 0.000000 eV    Emax= 10.000000 TeV

CoulombScat:   for  mu-, integral: 1     SubType= 1  BuildTable= 1
      Used Lambda table of mu+
      ThetaMin(p) < Theta(degree) < 180; pLimit(GeV^1)= 0.139531
      ===== EM models for the G4Region  DefaultRegionForTheWorld ======
  eCoulombScattering :  Emin= 0.000000 eV    Emax= 10.000000 TeV

msc:   for pi+    SubType= 10
      RangeFactor= 0.200000, stepLimitType: 0, latDisplacement: 1
      ===== EM models for the G4Region  DefaultRegionForTheWorld ======
        WentzelVIUni :  Emin= 0.000000 eV    Emax= 10.000000 TeV  Table with 220 bins Emin= 100.000000 eV    Emax= 10.000000 TeV

hIoni:   for  pi+    SubType= 2
      dE/dx and range tables from 100.000000 eV  to 10.000000 TeV in 220 bins
      Lambda tables from threshold to 10.000000 TeV, 20 bins per decade, spline: 1
      finalRange(mm)= 0.010000, dRoverRange= 0.200000, integral: 1, fluct: 1, linLossLimit= 0.010000
      ===== EM models for the G4Region  DefaultRegionForTheWorld ======
               Bragg :  Emin= 0.000000 eV    Emax= 297.504557 keV   deltaVI
          BetheBloch :  Emin= 297.504557 keV   Emax= 10.000000 TeV   deltaVI
      ===== Limit on energy threshold has been applied 

hBrems:   for  pi+    SubType= 3
      dE/dx and range tables from 100.000000 eV  to 10.000000 TeV in 220 bins
      Lambda tables from threshold to 10.000000 TeV, 20 bins per decade, spline: 1
      ===== EM models for the G4Region  DefaultRegionForTheWorld ======
               hBrem :  Emin= 0.000000 eV    Emax= 10.000000 TeV
      ===== Limit on energy threshold has been applied 

hPairProd:   for  pi+    SubType= 4
      dE/dx and range tables from 100.000000 eV  to 10.000000 TeV in 220 bins
      Lambda tables from threshold to 10.000000 TeV, 20 bins per decade, spline: 1
      Sampling table 16x1001; from 1.116561 GeV to 10.000000 TeV 
      ===== EM models for the G4Region  DefaultRegionForTheWorld ======
           hPairProd :  Emin= 0.000000 eV    Emax= 10.000000 TeV

CoulombScat:   for  pi+, integral: 1     SubType= 1  BuildTable= 1
      Lambda table from threshold  to 10.000000 TeV, 20 bins per decade, spline: 1
      ThetaMin(p) < Theta(degree) < 180; pLimit(GeV^1)= 0.139531
      ===== EM models for the G4Region  DefaultRegionForTheWorld ======
  eCoulombScattering :  Emin= 0.000000 eV    Emax= 10.000000 TeV

msc:   for pi-    SubType= 10
      RangeFactor= 0.200000, stepLimitType: 0, latDisplacement: 1
      ===== EM models for the G4Region  DefaultRegionForTheWorld ======
        WentzelVIUni :  Emin= 0.000000 eV    Emax= 10.000000 TeV  Table with 220 bins Emin= 100.000000 eV    Emax= 10.000000 TeV

hIoni:   for  pi-    SubType= 2
      dE/dx and range tables from 100.000000 eV  to 10.000000 TeV in 220 bins
      Lambda tables from threshold to 10.000000 TeV, 20 bins per decade, spline: 1
      finalRange(mm)= 0.010000, dRoverRange= 0.200000, integral: 1, fluct: 1, linLossLimit= 0.010000
      ===== EM models for the G4Region  DefaultRegionForTheWorld ======
            ICRU73QO :  Emin= 0.000000 eV    Emax= 297.504557 keV   deltaVI
          BetheBloch :  Emin= 297.504557 keV   Emax= 10.000000 TeV   deltaVI
      ===== Limit on energy threshold has been applied 

hBrems:   for  pi-    SubType= 3
      dE/dx and range tables from 100.000000 eV  to 10.000000 TeV in 220 bins
      Lambda tables from threshold to 10.000000 TeV, 20 bins per decade, spline: 1
      ===== EM models for the G4Region  DefaultRegionForTheWorld ======
               hBrem :  Emin= 0.000000 eV    Emax= 10.000000 TeV
      ===== Limit on energy threshold has been applied 

hPairProd:   for  pi-    SubType= 4
      dE/dx and range tables from 100.000000 eV  to 10.000000 TeV in 220 bins
      Lambda tables from threshold to 10.000000 TeV, 20 bins per decade, spline: 1
      Sampling table 16x1001; from 1.116561 GeV to 10.000000 TeV 
      ===== EM models for the G4Region  DefaultRegionForTheWorld ======
           hPairProd :  Emin= 0.000000 eV    Emax= 10.000000 TeV

CoulombScat:   for  pi-, integral: 1     SubType= 1  BuildTable= 1
      Used Lambda table of pi+
      ThetaMin(p) < Theta(degree) < 180; pLimit(GeV^1)= 0.139531
      ===== EM models for the G4Region  DefaultRegionForTheWorld ======
  eCoulombScattering :  Emin= 0.000000 eV    Emax= 10.000000 TeV
 Beginning of run 
 Simulating 1800 beam ions
 Writing Mode 2 output to data/zr80_2080keV_1800evt_lowlevel.dat
 56 %   223 events/s  4 remaining                                                            
Real time:  1.07   System time:  0.02   User time:  1.05   1682.24 events/s

#average beta at reaction (ctr=1800):
Target.Beta:	0.488525
#average beta at emission (ctr=7150):
Target.Beta:	0.455163
#average beta after the target (ctr=1800):
Average.Beta.After:	0.453357
input file: data/zr80_2080keV_1800evt_lowlevel.dat
writing to output file: root/zr80_2080keV_1800evt_lowlevel.root
------------------------------------
generated 1 permutations for N = 0
generated 1 permutations for N = 1
generated 2 permutations for N = 2
generated 6 permutations for N = 3
generated 24 permutations for N = 4
generated 120 permutations for N = 5
generated 720 permutations for N = 6
generated 5040 permutations for N = 7
generated 40320 permutations for N = 8
setting up calibrated tree 
setting up simulation tree 
cannot read data/zr80_2080keV_1800evt_lowlevel.dat (anymore)
Total of 4799 data buffers (0 MB) and
Total of 1108 cal events (0 MB) written.
Total of 23661 sim events (0 MB) written.
Program Run time 0.169877 s.
Unpacked 28249.8 buffers/s.

 CPU time: 0.15	Real time: 0.169889
input file(s):
root/zr80_2080keV_1800evt_lowlevel.root
output file: hist/zr80_2080keV_1800evt_lowlevel.root
creating outputfile 
1800 entries in sim tree 
1108 entries in cal tree 
New 1-d histogram: egam_emitted
New 1-d histogram: posx_emitted
New 1-d histogram: posy_emitted
New 2-d histogram: posxy_emitted
New 1-d histogram: posz_emitted
New 1-d histogram: phi_emitted
New 1-d histogram: theta_emitted
New 2-d histogram: phi_theta_emitted
New 1-d histogram: mult_emitted
  0.0 % done	0.0 events/s infs to go New 2-d histogram: mult_emitted_detected
New 2-d histogram: GRmult_emitted_detected
New 1-d histogram: ata
New 1-d histogram: yta
New 1-d histogram: bta
New 2-d histogram: ata_vs_bta
New 1-d histogram: betata
New 1-d histogram: azita
New 1-d histogram: scatter
New 1-d histogram: ptot
New 1-d histogram: ppar
New 1-d histogram: ptra
New 1-d histogram: etot
New 1-d histogram: egam
New 1-d histogram: egamdc
New 2-d histogram: egam_mult
New 2-d histogram: egamdc_mult
New 1-d histogram: egam_emitted_diff
New 2-d histogram: egam_emitted_detected
New 2-d histogram: egam_dettheta
New 2-d histogram: egamdc_dettheta
New 1-d histogram: GRegam
New 1-d histogram: GRegamdc
New 2-d histogram: GRegam_mult
New 2-d histogram: GRegamdc_mult
New 1-d histogram: GRegam_emitted_diff
New 2-d histogram: GRegam_emitted_detected
New 2-d histogram: GRegam_dettheta
New 2-d histogram: GRegamdc_dettheta
New 1-d histogram: egamAB
New 1-d histogram: egamABdc
New 2-d histogram: egamAB_mult
New 2-d histogram: egamABdc_mult
New 1-d histogram: egamAB_emitted_diff
New 2-d histogram: egamAB_emitted_detected
New 2-d histogram: egamAB_dettheta
New 2-d histogram: egamABdc_dettheta
New 1-d histogram: GRegamAB
New 1-d histogram: GRegamABdc
New 2-d histogram: GRegamAB_mult
New 2-d histogram: GRegamABdc_mult
New 1-d histogram: GRegamAB_emitted_diff
New 2-d histogram: GRegamAB_emitted_detected
New 2-d histogram: GRegamAB_dettheta
New 2-d histogram: GRegamABdc_dettheta
New 1-d histogram: mult
New 1-d histogram: mult_ab
New 1-d histogram: GRmult
New 1-d histogram: GRmult_ab
New 2-d histogram: posxy
New 2-d histogram: posxz
New 2-d histogram: posyz
New 1-d histogram: pos_phi
New 1-d histogram: pos_theta
New 2-d histogram: pos_phi_theta
New 2-d histogram: GRposxy
New 2-d histogram: GRposxz
New 2-d histogram: GRposyz
New 1-d histogram: GRpos_phi
New 1-d histogram: GRpos_theta
New 2-d histogram: GRpos_phi_theta
New 2-d histogram: MBmult_emitted_detected
New 1-d histogram: MBegam
New 1-d histogram: MBegamdc
New 2-d histogram: MBegam_mult
New 2-d histogram: MBegamdc_mult
New 1-d histogram: MBegam_emitted_diff
New 2-d histogram: MBegam_emitted_detected
New 2-d histogram: MBegam_dettheta
New 2-d histogram: MBegamdc_dettheta
New 1-d histogram: MBegamAB
New 1-d histogram: MBegamABdc
New 2-d histogram: MBegamAB_mult
New 2-d histogram: MBegamABdc_mult
New 1-d histogram: MBegamAB_emitted_diff
New 2-d histogram: MBegamAB_emitted_detected
New 2-d histogram: MBegamAB_dettheta
New 2-d histogram: MBegamABdc_dettheta
New 1-d histogram: MBmult
New 1-d histogram: MBmult_ab
New 2-d histogram: MBposxy
New 2-d histogram: MBposxz
New 2-d histogram: MBposyz
New 1-d histogram: MBpos_phi
New 1-d histogram: MBpos_theta
New 2-d histogram: MBpos_phi_theta
New 2-d histogram: egamegam_all
New 2-d histogram: MBegamegam_all
New 2-d histogram: egamegamdc_all
New 2-d histogram: MBegamegamdc_all
New 2-d histogram: egamegamAB_all
New 2-d histogram: MBegamegamAB_all
New 2-d histogram: egamegamdcAB_all
New 2-d histogram: MBegamegamdcAB_all
New 2-d histogram: GRegamegam_all
New 2-d histogram: GRegamegamdc_all
New 2-d histogram: GRegamegamAB_all
New 2-d histogram: GRegamegamdcAB_all

writing histograms to file
Run time 1.1 s.
input file(s):
root/zr80_2080keV_1800evt_lowlevel.root
output file: coin/zr80_2080keV_1800evt_lowlevel.root
creating outputfile 
DCenergy : 300.554
DCenergy : 785.784
DCenergy : 319.584
DCenergy : 781.239
DCenergy : 522.768
DCenergy : 224.67
DCenergy : 97.9729
DCenergy : 732.697
DCenergy : 83.8974
DCenergy : 486.976
DCenergy : 0
DCenergy : 479.962
DCenergy : 0
DCenergy : 264.446
DCenergy : 273.344
DCenergy : 337.397
DCenergy : 319.028
DCenergy : 91.7755
DCenergy : 110.74
DCenergy : 237.806
DCenergy : 279.194
DCenergy : 474.628
DCenergy : 198.05
DCenergy : 243.753
DCenergy : 99.8047
DCenergy : 182.609
DCenergy : 469.688
DCenergy : 0
DCenergy : 382.228
DCenergy : 519.386
DCenergy : 514.289
DCenergy : 169.911
DCenergy : 0
DCenergy : 532.357
DCenergy : 540.987
DCenergy : 534.043
DCenergy : 366.834
DCenergy : 777.091
DCenergy : 499.269
DCenergy : 768.848
DCenergy : 390.008
DCenergy : 575.034
DCenergy : 525.985
DCenergy : 388.028
DCenergy : 525.842
DCenergy : 253.019
DCenergy : 0
DCenergy : 0
DCenergy : 595.467
DCenergy : 188.443
DCenergy : 382.579
DCenergy : 0
DCenergy : 773.5
DCenergy : 337.057
DCenergy : 506.215
DCenergy : 143.933
DCenergy : 94.6988
DCenergy : 756.456
DCenergy : 268.336
DCenergy : 552.912
DCenergy : 775.064
DCenergy : 683.144
DCenergy : 414.876
DCenergy : 447.604
DCenergy : 0
DCenergy : 249.96
DCenergy : 521.947
DCenergy : 512.019
DCenergy : 153.211
DCenergy : 0
DCenergy : 0
DCenergy : 102.933
DCenergy : 530.694
DCenergy : 773.127
DCenergy : 624.484
DCenergy : 774.975
DCenergy : 272.559
DCenergy : 780.8
DCenergy : 310.293
DCenergy : 184.011
DCenergy : 714.692
DCenergy : 516.896
DCenergy : 278.475
DCenergy : 304.404
DCenergy : 761.819
DCenergy : 559.115
DCenergy : 172.922
DCenergy : 779.633
DCenergy : 184.301
DCenergy : 706.051
DCenergy : 258.429
DCenergy : 347.187
DCenergy : 220.361
DCenergy : 232.733
DCenergy : 170.13
DCenergy : 770.067
DCenergy : 775.133
DCenergy : 528.731
DCenergy : 850.103
DCenergy : 274.298
DCenergy : 244.053
DCenergy : 384.461
DCenergy : 138.075
DCenergy : 799.925
DCenergy : 409.585
DCenergy : 502.078
DCenergy : 531.936
DCenergy : 583.683
DCenergy : 123.159
DCenergy : 155.882
DCenergy : 525.794
DCenergy : 783.796
DCenergy : 344.947
DCenergy : 307.003
DCenergy : 508.256
DCenergy : 777.187
DCenergy : 799.411
DCenergy : 517.692
DCenergy : 127.54
DCenergy : 98.6722
DCenergy : 413.467
DCenergy : 293.203
DCenergy : 69.2329
DCenergy : 428.64
DCenergy : 197.506
DCenergy : 525.772
DCenergy : 466.037
DCenergy : 193.104
DCenergy : 171.123
DCenergy : 524.81
DCenergy : 246.36
DCenergy : 527.331
DCenergy : 0
DCenergy : 407.699
DCenergy : 307.249
DCenergy : 513.291
DCenergy : 0
DCenergy : 521.281
DCenergy : 0
DCenergy : 530.622
DCenergy : 0
DCenergy : 110.015
DCenergy : 171.516
DCenergy : 306.049
DCenergy : 518.384
DCenergy : 366.983
DCenergy : 0
DCenergy : 523.611
DCenergy : 326.366
DCenergy : 209.863
DCenergy : 349.032
DCenergy : 777.426
DCenergy : 239.073
DCenergy : 776.541
DCenergy : 528.074
DCenergy : 514.989
DCenergy : 786.894
DCenergy : 752.031
DCenergy : 532.86
DCenergy : 363.329
DCenergy : 190.253
DCenergy : 137.773
DCenergy : 754.961
DCenergy : 224.364
DCenergy : 765.404
DCenergy : 218.407
DCenergy : 272.496
DCenergy : 508.204
DCenergy : 0
DCenergy : 113.011
DCenergy : 183.777
DCenergy : 453.901
DCenergy : 728.374
DCenergy : 143.741
DCenergy : 663.646
DCenergy : 779.594
DCenergy : 395.012
DCenergy : 164.648
DCenergy : 138.183
DCenergy : 487.69
DCenergy : 482.548
DCenergy : 105.082
DCenergy : 65.4566
DCenergy : 1119.34
DCenergy : 374.287
DCenergy : 0
DCenergy : 361.844
DCenergy : 759.342
DCenergy : 496.512
DCenergy : 522.512
DCenergy : 541.789
DCenergy : 171.95
DCenergy : 0
DCenergy : 553.846
DCenergy : 114.005
DCenergy : 694.825
DCenergy : 0
DCenergy : 1284.4
DCenergy : 531.197
DCenergy : 156.393
DCenergy : 567.286
DCenergy : 230.962
DCenergy : 775.614
DCenergy : 524.602
DCenergy : 783.689
DCenergy : 194.982
DCenergy : 531.85
DCenergy : 517.039
DCenergy : 138.187
DCenergy : 525.527
DCenergy : 0
DCenergy : 94.0908
DCenergy : 0
DCenergy : 777.025
DCenergy : 757.603
DCenergy : 565.513
DCenergy : 197.523
DCenergy : 108.766
DCenergy : 236.044
DCenergy : 316.724
DCenergy : 197.257
DCenergy : 208.535
DCenergy : 101.477
DCenergy : 0
DCenergy : 173.362
DCenergy : 294.012
DCenergy : 773.738
DCenergy : 521.585
DCenergy : 531.169
DCenergy : 526.636
DCenergy : 475.847
DCenergy : 225.085
DCenergy : 776.521
DCenergy : 450.977
DCenergy : 88.6012
DCenergy : 776.819
DCenergy : 215.172
DCenergy : 284.987
DCenergy : 472.159
DCenergy : 231.154
DCenergy : 776.655
DCenergy : 197.965
DCenergy : 622.087
DCenergy : 404.801
DCenergy : 444.31
DCenergy : 771.346
DCenergy : 195.165
DCenergy : 180.158
DCenergy : 0
DCenergy : 530.9
DCenergy : 185.211
DCenergy : 197.12
DCenergy : 167.914
DCenergy : 439.574
DCenergy : 523.269
DCenergy : 322.272
DCenergy : 428.278
DCenergy : 331.968
DCenergy : 88.6058
DCenergy : 526.187
DCenergy : 784.458
DCenergy : 0
DCenergy : 514.104
DCenergy : 217.483
DCenergy : 203.902
DCenergy : 198.65
DCenergy : 212.642
DCenergy : 205.033
DCenergy : 207.051
DCenergy : 524.925
DCenergy : 562.805
DCenergy : 421.513
DCenergy : 707.538
DCenergy : 368.179
DCenergy : 137.881
DCenergy : 0
DCenergy : 306.942
DCenergy : 206.578
DCenergy : 524.442
DCenergy : 96.931
DCenergy : 0
DCenergy : 226.647
DCenergy : 781.328
DCenergy : 330.861
DCenergy : 600.19
DCenergy : 532.827
DCenergy : 771.655
DCenergy : 775.902
DCenergy : 524.157
DCenergy : 197.001
DCenergy : 256.827
DCenergy : 228.051
DCenergy : 775.147
DCenergy : 537.563
DCenergy : 511.167
DCenergy : 145.178
DCenergy : 0
DCenergy : 290.889
DCenergy : 763.64
DCenergy : 206.748
DCenergy : 528.087
DCenergy : 0
DCenergy : 404.018
DCenergy : 191.818
DCenergy : 0
DCenergy : 475.221
DCenergy : 0
DCenergy : 442.835
DCenergy : 527.401
DCenergy : 750.153
DCenergy : 0
DCenergy : 123.775
DCenergy : 777.462
DCenergy : 176.247
DCenergy : 977.881
DCenergy : 686.382
DCenergy : 159.513
DCenergy : 0
DCenergy : 607.573
DCenergy : 90.0215
DCenergy : 210.108
DCenergy : 217.433
DCenergy : 173.344
DCenergy : 456.389
DCenergy : 224.026
DCenergy : 769.21
DCenergy : 527.095
DCenergy : 106.831
DCenergy : 441.639
DCenergy : 0
DCenergy : 727.504
DCenergy : 167.496
DCenergy : 155.926
DCenergy : 183.041
DCenergy : 499.49
DCenergy : 178.114
DCenergy : 81.9074
DCenergy : 378.511
DCenergy : 781.844
DCenergy : 527.784
DCenergy : 782.663
DCenergy : 154.367
DCenergy : 227.104
DCenergy : 528.831
DCenergy : 764.796
DCenergy : 593.703
DCenergy : 181.207
DCenergy : 724.966
DCenergy : 774.297
DCenergy : 317.603
DCenergy : 257.935
DCenergy : 631.32
DCenergy : 570.065
DCenergy : 227.199
DCenergy : 522.517
DCenergy : 672.598
DCenergy : 158.865
DCenergy : 425.672
DCenergy : 483.936
DCenergy : 0
DCenergy : 573.145
DCenergy : 934.219
DCenergy : 520.023
DCenergy : 0
DCenergy : 282.391
DCenergy : 201.185
DCenergy : 532.549
DCenergy : 528.188
DCenergy : 442.173
DCenergy : 218.799
DCenergy : 193.442
DCenergy : 318.584
DCenergy : 654.113
DCenergy : 0
DCenergy : 623.558
DCenergy : 780.129
DCenergy : 414.053
DCenergy : 287.886
DCenergy : 0
DCenergy : 198.611
DCenergy : 731.924
DCenergy : 544.954
DCenergy : 0
DCenergy : 520.686
DCenergy : 643.475
DCenergy : 347.298
DCenergy : 0
DCenergy : 784.219
DCenergy : 170.103
DCenergy : 160.71
DCenergy : 531.121
DCenergy : 431.797
DCenergy : 404.432
DCenergy : 516.454
DCenergy : 590.977
DCenergy : 999.148
DCenergy : 399.868
DCenergy : 0
DCenergy : 182.953
DCenergy : 505.349
DCenergy : 773.842
DCenergy : 773.049
DCenergy : 189.912
DCenergy : 210.347
DCenergy : 219.068
DCenergy : 0
DCenergy : 130.148
DCenergy : 778.271
DCenergy : 533.052
DCenergy : 750.104
DCenergy : 323.586
DCenergy : 210.637
DCenergy : 394.448
DCenergy : 795.416
DCenergy : 172.278
DCenergy : 524.338
DCenergy : 586.237
DCenergy : 195.215
DCenergy : 255.01
DCenergy : 459.335
DCenergy : 530.499
DCenergy : 88.3248
DCenergy : 420.734
DCenergy : 134.776
DCenergy : 271.353
DCenergy : 388.12
DCenergy : 407.297
DCenergy : 379.942
DCenergy : 522.449
DCenergy : 434.284
DCenergy : 526.157
DCenergy : 747.83
DCenergy : 110.157
DCenergy : 524.72
DCenergy : 0
DCenergy : 260.27
DCenergy : 777.178
DCenergy : 180.859
DCenergy : 533.482
DCenergy : 156.464
DCenergy : 80.6
DCenergy : 173.386
DCenergy : 652.195
DCenergy : 774.376
DCenergy : 383.793
DCenergy : 538.767
DCenergy : 781.34
DCenergy : 1368.92
DCenergy : 656.358
DCenergy : 774.395
DCenergy : 0
DCenergy : 165.329
DCenergy : 124.993
DCenergy : 444.625
DCenergy : 230.061
DCenergy : 498.91
DCenergy : 450.436
DCenergy : 257.5
DCenergy : 879.287
DCenergy : 365.716
DCenergy : 516.969
DCenergy : 210.343
DCenergy : 274.897
DCenergy : 138.495
DCenergy : 339.315
DCenergy : 351.123
DCenergy : 539.699
DCenergy : 332.266
DCenergy : 521.249
DCenergy : 550.089
DCenergy : 246.252
DCenergy : 1039.12
DCenergy : 780.63
DCenergy : 335.937
DCenergy : 233.738
DCenergy : 163.526
DCenergy : 356.434
DCenergy : 161.392
DCenergy : 237.834
DCenergy : 516.412
DCenergy : 187.69
DCenergy : 0
DCenergy : 297.038
DCenergy : 198.395
DCenergy : 227.714
DCenergy : 419.077
DCenergy : 0
DCenergy : 767.649
DCenergy : 411.022
DCenergy : 0
DCenergy : 233.344
DCenergy : 523.952
DCenergy : 482.841
DCenergy : 141.875
DCenergy : 526.037
DCenergy : 259.311
DCenergy : 777.58
DCenergy : 768.19
DCenergy : 506.557
DCenergy : 216.016
DCenergy : 250.145
DCenergy : 73.752
DCenergy : 831.802
DCenergy : 125.82
DCenergy : 440.878
DCenergy : 257.389
DCenergy : 768.777
DCenergy : 1026.94
DCenergy : 175.243
DCenergy : 552.554
DCenergy : 280.367
DCenergy : 446.414
DCenergy : 551.515
DCenergy : 777.117
DCenergy : 530.445
DCenergy : 414.645
DCenergy : 0
DCenergy : 755.111
DCenergy : 74.7113
DCenergy : 527.096
DCenergy : 638.646
DCenergy : 520.751
DCenergy : 156.664
DCenergy : 772.399
DCenergy : 381.585
DCenergy : 796.788
DCenergy : 639.028
DCenergy : 105.745
DCenergy : 170.484
DCenergy : 183.311
DCenergy : 0
DCenergy : 407.776
DCenergy : 189.918
DCenergy : 168.276
DCenergy : 360.901
DCenergy : 210.226
DCenergy : 787.912
DCenergy : 136.087
DCenergy : 239.221
DCenergy : 489.1
DCenergy : 0
DCenergy : 332.674
DCenergy : 321.392
DCenergy : 92.9099
DCenergy : 275.701
DCenergy : 158.895
DCenergy : 532.106
DCenergy : 448.19
DCenergy : 122.191
DCenergy : 575.881
DCenergy : 134.467
DCenergy : 255.991
DCenergy : 97.8014
DCenergy : 0
DCenergy : 109.761
DCenergy : 793.225
DCenergy : 0
DCenergy : 443.645
DCenergy : 779.468
DCenergy : 256.976
DCenergy : 572.026
DCenergy : 727.527
DCenergy : 189.876
DCenergy : 767.528
DCenergy : 655.714
DCenergy : 774.449
DCenergy : 0
DCenergy : 181.713
DCenergy : 224.584
DCenergy : 507.344
DCenergy : 151.996
DCenergy : 116.294
DCenergy : 750.258
DCenergy : 183.333
DCenergy : 106.087
DCenergy : 772.3
DCenergy : 109.803
DCenergy : 187.463
DCenergy : 306.21
DCenergy : 104.58
DCenergy : 587.279
writing coincidence tree to file
